<?xml version="1.0" encoding="UTF-8"?>
<testsuite name="AllTestParallel" tests="1" skipped="0" failures="0" errors="0" timestamp="2023-07-02T16:39:10" hostname="LAPTOP-0SSAMPSI" time="13.189">
  <properties/>
  <testcase name="testParallel()" classname="AllTestParallel" time="13.189"/>
  <system-out><![CDATA[11:39:11.187 [Test worker] INFO com.intuit.karate.Suite - backed up existing 'build\karate-reports' dir to: build\karate-reports_1688315951183
11:39:11.208 [Test worker] DEBUG com.intuit.karate.Suite - waiting for 5 features to complete
11:39:12.686 [pool-1-thread-1] INFO com.intuit.karate.core.FeatureRuntime - classpath:meterManagerTest/meterDelete/../meterPost/utils-post.feature - call by tag at line 5: Createmeter
11:39:12.782 [pool-1-thread-1] DEBUG com.jayway.jsonpath.internal.path.CompiledPath - Evaluating path: $
11:39:12.844 [pool-1-thread-1] DEBUG karate.io.netty.util.internal.logging.InternalLoggerFactory - Using SLF4J as the default logging framework
11:39:12.848 [pool-1-thread-1] DEBUG karate.io.netty.util.internal.PlatformDependent0 - -Dio.netty.noUnsafe: false
11:39:12.848 [pool-1-thread-1] DEBUG karate.io.netty.util.internal.PlatformDependent0 - Java version: 8
11:39:12.852 [pool-1-thread-1] DEBUG karate.io.netty.util.internal.PlatformDependent0 - sun.misc.Unsafe.theUnsafe: available
11:39:12.853 [pool-1-thread-1] DEBUG karate.io.netty.util.internal.PlatformDependent0 - sun.misc.Unsafe.copyMemory: available
11:39:12.855 [pool-1-thread-1] DEBUG karate.io.netty.util.internal.PlatformDependent0 - java.nio.Buffer.address: available
11:39:12.856 [pool-1-thread-1] DEBUG karate.io.netty.util.internal.PlatformDependent0 - direct buffer constructor: available
11:39:12.858 [pool-1-thread-1] DEBUG karate.io.netty.util.internal.PlatformDependent0 - java.nio.Bits.unaligned: available, true
11:39:12.858 [pool-1-thread-1] DEBUG karate.io.netty.util.internal.PlatformDependent0 - jdk.internal.misc.Unsafe.allocateUninitializedArray(int): unavailable prior to Java9
11:39:12.859 [pool-1-thread-1] DEBUG karate.io.netty.util.internal.PlatformDependent0 - java.nio.DirectByteBuffer.<init>(long, int): available
11:39:12.859 [pool-1-thread-1] DEBUG karate.io.netty.util.internal.PlatformDependent - sun.misc.Unsafe: available
11:39:12.860 [pool-1-thread-1] DEBUG karate.io.netty.util.internal.PlatformDependent - -Dio.netty.tmpdir: C:\Users\admin\AppData\Local\Temp (java.io.tmpdir)
11:39:12.861 [pool-1-thread-1] DEBUG karate.io.netty.util.internal.PlatformDependent - -Dio.netty.bitMode: 64 (sun.arch.data.model)
11:39:12.861 [pool-1-thread-1] DEBUG karate.io.netty.util.internal.PlatformDependent - Platform: Windows
11:39:12.863 [pool-1-thread-1] DEBUG karate.io.netty.util.internal.PlatformDependent - -Dio.netty.maxDirectMemory: 477626368 bytes
11:39:12.863 [pool-1-thread-1] DEBUG karate.io.netty.util.internal.PlatformDependent - -Dio.netty.uninitializedArrayAllocationThreshold: -1
11:39:12.867 [pool-1-thread-1] DEBUG karate.io.netty.util.internal.CleanerJava6 - java.nio.ByteBuffer.cleaner(): available
11:39:12.868 [pool-1-thread-1] DEBUG karate.io.netty.util.internal.PlatformDependent - -Dio.netty.noPreferDirect: false
11:39:13.543 [pool-1-thread-1] DEBUG karate.org.apache.http.client.protocol.RequestAddCookies - CookieSpec selected: karate
11:39:13.543 [pool-1-thread-2] DEBUG karate.org.apache.http.client.protocol.RequestAddCookies - CookieSpec selected: karate
11:39:13.556 [pool-1-thread-2] DEBUG karate.org.apache.http.client.protocol.RequestAuthCache - Auth cache not set in the context
11:39:13.556 [pool-1-thread-1] DEBUG karate.org.apache.http.client.protocol.RequestAuthCache - Auth cache not set in the context
11:39:13.557 [pool-1-thread-2] DEBUG com.intuit.karate - request:
1 > DELETE https://ops.enerbit.dev/learning/api/v1/meters/-5
1 > Host: ops.enerbit.dev
1 > Connection: Keep-Alive
1 > User-Agent: Apache-HttpClient/4.5.13 (Java/1.8.0_202)
1 > Accept-Encoding: gzip,deflate


11:39:13.559 [pool-1-thread-1] DEBUG com.intuit.karate - request:
1 > POST https://ops.enerbit.dev/learning/api/v1/meters
1 > Content-Type: application/json; charset=UTF-8
1 > Content-Length: 251
1 > Host: ops.enerbit.dev
1 > Connection: Keep-Alive
1 > User-Agent: Apache-HttpClient/4.5.13 (Java/1.8.0_202)
1 > Accept-Encoding: gzip,deflate
{"serial":"3424234233kj","connection_type":"directa","storage_system":"interno","condition":"nuevo","owner":"RF","location":"Almacen ","manufacturer":"yes","purchase":"2022-07-28 03:08:49.340514","i_max":6345.654,"i_b":21.5,"i_n":876.5,"seals":545.65}

11:39:13.560 [pool-1-thread-2] DEBUG karate.org.apache.http.impl.conn.PoolingHttpClientConnectionManager - Connection request: [route: {s}->https://ops.enerbit.dev:443][total available: 0; route allocated: 0 of 5; total allocated: 0 of 10]
11:39:13.560 [pool-1-thread-1] DEBUG karate.org.apache.http.impl.conn.PoolingHttpClientConnectionManager - Connection request: [route: {s}->https://ops.enerbit.dev:443][total available: 0; route allocated: 0 of 5; total allocated: 0 of 10]
11:39:13.588 [pool-1-thread-2] DEBUG karate.org.apache.http.impl.conn.PoolingHttpClientConnectionManager - Connection leased: [id: 0][route: {s}->https://ops.enerbit.dev:443][total available: 0; route allocated: 1 of 5; total allocated: 1 of 10]
11:39:13.588 [pool-1-thread-1] DEBUG karate.org.apache.http.impl.conn.PoolingHttpClientConnectionManager - Connection leased: [id: 1][route: {s}->https://ops.enerbit.dev:443][total available: 0; route allocated: 1 of 5; total allocated: 1 of 10]
11:39:13.591 [pool-1-thread-2] DEBUG karate.org.apache.http.impl.execchain.MainClientExec - Opening connection {s}->https://ops.enerbit.dev:443
11:39:13.591 [pool-1-thread-1] DEBUG karate.org.apache.http.impl.execchain.MainClientExec - Opening connection {s}->https://ops.enerbit.dev:443
11:39:13.732 [pool-1-thread-1] DEBUG karate.org.apache.http.impl.conn.DefaultHttpClientConnectionOperator - Connecting to ops.enerbit.dev/20.65.19.185:443
11:39:13.732 [pool-1-thread-2] DEBUG karate.org.apache.http.impl.conn.DefaultHttpClientConnectionOperator - Connecting to ops.enerbit.dev/20.65.19.185:443
11:39:13.732 [pool-1-thread-1] DEBUG karate.org.apache.http.conn.ssl.SSLConnectionSocketFactory - Connecting socket to ops.enerbit.dev/20.65.19.185:443 with timeout 30000
11:39:13.732 [pool-1-thread-2] DEBUG karate.org.apache.http.conn.ssl.SSLConnectionSocketFactory - Connecting socket to ops.enerbit.dev/20.65.19.185:443 with timeout 30000
11:39:14.007 [pool-1-thread-2] DEBUG karate.org.apache.http.conn.ssl.SSLConnectionSocketFactory - Enabled protocols: [TLSv1, TLSv1.1, TLSv1.2]
11:39:14.007 [pool-1-thread-1] DEBUG karate.org.apache.http.conn.ssl.SSLConnectionSocketFactory - Enabled protocols: [TLSv1, TLSv1.1, TLSv1.2]
11:39:14.008 [pool-1-thread-2] DEBUG karate.org.apache.http.conn.ssl.SSLConnectionSocketFactory - Enabled cipher suites:[TLS_ECDHE_ECDSA_WITH_AES_256_CBC_SHA384, TLS_ECDHE_RSA_WITH_AES_256_CBC_SHA384, TLS_RSA_WITH_AES_256_CBC_SHA256, TLS_ECDH_ECDSA_WITH_AES_256_CBC_SHA384, TLS_ECDH_RSA_WITH_AES_256_CBC_SHA384, TLS_DHE_RSA_WITH_AES_256_CBC_SHA256, TLS_DHE_DSS_WITH_AES_256_CBC_SHA256, TLS_ECDHE_ECDSA_WITH_AES_256_CBC_SHA, TLS_ECDHE_RSA_WITH_AES_256_CBC_SHA, TLS_RSA_WITH_AES_256_CBC_SHA, TLS_ECDH_ECDSA_WITH_AES_256_CBC_SHA, TLS_ECDH_RSA_WITH_AES_256_CBC_SHA, TLS_DHE_RSA_WITH_AES_256_CBC_SHA, TLS_DHE_DSS_WITH_AES_256_CBC_SHA, TLS_ECDHE_ECDSA_WITH_AES_128_CBC_SHA256, TLS_ECDHE_RSA_WITH_AES_128_CBC_SHA256, TLS_RSA_WITH_AES_128_CBC_SHA256, TLS_ECDH_ECDSA_WITH_AES_128_CBC_SHA256, TLS_ECDH_RSA_WITH_AES_128_CBC_SHA256, TLS_DHE_RSA_WITH_AES_128_CBC_SHA256, TLS_DHE_DSS_WITH_AES_128_CBC_SHA256, TLS_ECDHE_ECDSA_WITH_AES_128_CBC_SHA, TLS_ECDHE_RSA_WITH_AES_128_CBC_SHA, TLS_RSA_WITH_AES_128_CBC_SHA, TLS_ECDH_ECDSA_WITH_AES_128_CBC_SHA, TLS_ECDH_RSA_WITH_AES_128_CBC_SHA, TLS_DHE_RSA_WITH_AES_128_CBC_SHA, TLS_DHE_DSS_WITH_AES_128_CBC_SHA, TLS_ECDHE_ECDSA_WITH_AES_256_GCM_SHA384, TLS_ECDHE_ECDSA_WITH_AES_128_GCM_SHA256, TLS_ECDHE_RSA_WITH_AES_256_GCM_SHA384, TLS_RSA_WITH_AES_256_GCM_SHA384, TLS_ECDH_ECDSA_WITH_AES_256_GCM_SHA384, TLS_ECDH_RSA_WITH_AES_256_GCM_SHA384, TLS_DHE_RSA_WITH_AES_256_GCM_SHA384, TLS_DHE_DSS_WITH_AES_256_GCM_SHA384, TLS_ECDHE_RSA_WITH_AES_128_GCM_SHA256, TLS_RSA_WITH_AES_128_GCM_SHA256, TLS_ECDH_ECDSA_WITH_AES_128_GCM_SHA256, TLS_ECDH_RSA_WITH_AES_128_GCM_SHA256, TLS_DHE_RSA_WITH_AES_128_GCM_SHA256, TLS_DHE_DSS_WITH_AES_128_GCM_SHA256]
11:39:14.008 [pool-1-thread-1] DEBUG karate.org.apache.http.conn.ssl.SSLConnectionSocketFactory - Enabled cipher suites:[TLS_ECDHE_ECDSA_WITH_AES_256_CBC_SHA384, TLS_ECDHE_RSA_WITH_AES_256_CBC_SHA384, TLS_RSA_WITH_AES_256_CBC_SHA256, TLS_ECDH_ECDSA_WITH_AES_256_CBC_SHA384, TLS_ECDH_RSA_WITH_AES_256_CBC_SHA384, TLS_DHE_RSA_WITH_AES_256_CBC_SHA256, TLS_DHE_DSS_WITH_AES_256_CBC_SHA256, TLS_ECDHE_ECDSA_WITH_AES_256_CBC_SHA, TLS_ECDHE_RSA_WITH_AES_256_CBC_SHA, TLS_RSA_WITH_AES_256_CBC_SHA, TLS_ECDH_ECDSA_WITH_AES_256_CBC_SHA, TLS_ECDH_RSA_WITH_AES_256_CBC_SHA, TLS_DHE_RSA_WITH_AES_256_CBC_SHA, TLS_DHE_DSS_WITH_AES_256_CBC_SHA, TLS_ECDHE_ECDSA_WITH_AES_128_CBC_SHA256, TLS_ECDHE_RSA_WITH_AES_128_CBC_SHA256, TLS_RSA_WITH_AES_128_CBC_SHA256, TLS_ECDH_ECDSA_WITH_AES_128_CBC_SHA256, TLS_ECDH_RSA_WITH_AES_128_CBC_SHA256, TLS_DHE_RSA_WITH_AES_128_CBC_SHA256, TLS_DHE_DSS_WITH_AES_128_CBC_SHA256, TLS_ECDHE_ECDSA_WITH_AES_128_CBC_SHA, TLS_ECDHE_RSA_WITH_AES_128_CBC_SHA, TLS_RSA_WITH_AES_128_CBC_SHA, TLS_ECDH_ECDSA_WITH_AES_128_CBC_SHA, TLS_ECDH_RSA_WITH_AES_128_CBC_SHA, TLS_DHE_RSA_WITH_AES_128_CBC_SHA, TLS_DHE_DSS_WITH_AES_128_CBC_SHA, TLS_ECDHE_ECDSA_WITH_AES_256_GCM_SHA384, TLS_ECDHE_ECDSA_WITH_AES_128_GCM_SHA256, TLS_ECDHE_RSA_WITH_AES_256_GCM_SHA384, TLS_RSA_WITH_AES_256_GCM_SHA384, TLS_ECDH_ECDSA_WITH_AES_256_GCM_SHA384, TLS_ECDH_RSA_WITH_AES_256_GCM_SHA384, TLS_DHE_RSA_WITH_AES_256_GCM_SHA384, TLS_DHE_DSS_WITH_AES_256_GCM_SHA384, TLS_ECDHE_RSA_WITH_AES_128_GCM_SHA256, TLS_RSA_WITH_AES_128_GCM_SHA256, TLS_ECDH_ECDSA_WITH_AES_128_GCM_SHA256, TLS_ECDH_RSA_WITH_AES_128_GCM_SHA256, TLS_DHE_RSA_WITH_AES_128_GCM_SHA256, TLS_DHE_DSS_WITH_AES_128_GCM_SHA256]
11:39:14.008 [pool-1-thread-2] DEBUG karate.org.apache.http.conn.ssl.SSLConnectionSocketFactory - Starting handshake
11:39:14.009 [pool-1-thread-1] DEBUG karate.org.apache.http.conn.ssl.SSLConnectionSocketFactory - Starting handshake
11:39:14.279 [pool-1-thread-2] DEBUG karate.org.apache.http.conn.ssl.SSLConnectionSocketFactory - Secure session established
11:39:14.279 [pool-1-thread-1] DEBUG karate.org.apache.http.conn.ssl.SSLConnectionSocketFactory - Secure session established
11:39:14.280 [pool-1-thread-1] DEBUG karate.org.apache.http.conn.ssl.SSLConnectionSocketFactory -  negotiated protocol: TLSv1.2
11:39:14.280 [pool-1-thread-2] DEBUG karate.org.apache.http.conn.ssl.SSLConnectionSocketFactory -  negotiated protocol: TLSv1.2
11:39:14.280 [pool-1-thread-1] DEBUG karate.org.apache.http.conn.ssl.SSLConnectionSocketFactory -  negotiated cipher suite: TLS_ECDHE_RSA_WITH_AES_128_GCM_SHA256
11:39:14.280 [pool-1-thread-2] DEBUG karate.org.apache.http.conn.ssl.SSLConnectionSocketFactory -  negotiated cipher suite: TLS_ECDHE_RSA_WITH_AES_128_GCM_SHA256
11:39:14.280 [pool-1-thread-2] DEBUG karate.org.apache.http.conn.ssl.SSLConnectionSocketFactory -  peer principal: CN=ops.enerbit.dev
11:39:14.280 [pool-1-thread-1] DEBUG karate.org.apache.http.conn.ssl.SSLConnectionSocketFactory -  peer principal: CN=ops.enerbit.dev
11:39:14.280 [pool-1-thread-2] DEBUG karate.org.apache.http.conn.ssl.SSLConnectionSocketFactory -  peer alternative names: [ops.enerbit.dev]
11:39:14.280 [pool-1-thread-1] DEBUG karate.org.apache.http.conn.ssl.SSLConnectionSocketFactory -  peer alternative names: [ops.enerbit.dev]
11:39:14.280 [pool-1-thread-2] DEBUG karate.org.apache.http.conn.ssl.SSLConnectionSocketFactory -  issuer principal: CN=R3, O=Let's Encrypt, C=US
11:39:14.280 [pool-1-thread-1] DEBUG karate.org.apache.http.conn.ssl.SSLConnectionSocketFactory -  issuer principal: CN=R3, O=Let's Encrypt, C=US
11:39:14.284 [pool-1-thread-2] DEBUG karate.org.apache.http.impl.conn.DefaultHttpClientConnectionOperator - Connection established 192.168.1.4:58226<->20.65.19.185:443
11:39:14.284 [pool-1-thread-1] DEBUG karate.org.apache.http.impl.conn.DefaultHttpClientConnectionOperator - Connection established 192.168.1.4:58225<->20.65.19.185:443
11:39:14.284 [pool-1-thread-2] DEBUG karate.org.apache.http.impl.conn.DefaultManagedHttpClientConnection - http-outgoing-0: set socket timeout to 30000
11:39:14.285 [pool-1-thread-1] DEBUG karate.org.apache.http.impl.conn.DefaultManagedHttpClientConnection - http-outgoing-1: set socket timeout to 30000
11:39:14.285 [pool-1-thread-1] DEBUG karate.org.apache.http.impl.execchain.MainClientExec - Executing request POST /learning/api/v1/meters HTTP/1.1
11:39:14.286 [pool-1-thread-1] DEBUG karate.org.apache.http.impl.execchain.MainClientExec - Target auth state: UNCHALLENGED
11:39:14.285 [pool-1-thread-2] DEBUG karate.org.apache.http.impl.execchain.MainClientExec - Executing request DELETE /learning/api/v1/meters/-5 HTTP/1.1
11:39:14.286 [pool-1-thread-2] DEBUG karate.org.apache.http.impl.execchain.MainClientExec - Target auth state: UNCHALLENGED
11:39:14.287 [pool-1-thread-1] DEBUG karate.org.apache.http.impl.execchain.MainClientExec - Proxy auth state: UNCHALLENGED
11:39:14.287 [pool-1-thread-2] DEBUG karate.org.apache.http.impl.execchain.MainClientExec - Proxy auth state: UNCHALLENGED
11:39:14.289 [pool-1-thread-1] DEBUG karate.org.apache.http.headers - http-outgoing-1 >> POST /learning/api/v1/meters HTTP/1.1
11:39:14.289 [pool-1-thread-2] DEBUG karate.org.apache.http.headers - http-outgoing-0 >> DELETE /learning/api/v1/meters/-5 HTTP/1.1
11:39:14.289 [pool-1-thread-2] DEBUG karate.org.apache.http.headers - http-outgoing-0 >> Host: ops.enerbit.dev
11:39:14.289 [pool-1-thread-1] DEBUG karate.org.apache.http.headers - http-outgoing-1 >> Content-Type: application/json; charset=UTF-8
11:39:14.289 [pool-1-thread-2] DEBUG karate.org.apache.http.headers - http-outgoing-0 >> Connection: Keep-Alive
11:39:14.289 [pool-1-thread-2] DEBUG karate.org.apache.http.headers - http-outgoing-0 >> User-Agent: Apache-HttpClient/4.5.13 (Java/1.8.0_202)
11:39:14.289 [pool-1-thread-1] DEBUG karate.org.apache.http.headers - http-outgoing-1 >> Content-Length: 251
11:39:14.289 [pool-1-thread-2] DEBUG karate.org.apache.http.headers - http-outgoing-0 >> Accept-Encoding: gzip,deflate
11:39:14.289 [pool-1-thread-1] DEBUG karate.org.apache.http.headers - http-outgoing-1 >> Host: ops.enerbit.dev
11:39:14.289 [pool-1-thread-1] DEBUG karate.org.apache.http.headers - http-outgoing-1 >> Connection: Keep-Alive
11:39:14.290 [pool-1-thread-1] DEBUG karate.org.apache.http.headers - http-outgoing-1 >> User-Agent: Apache-HttpClient/4.5.13 (Java/1.8.0_202)
11:39:14.290 [pool-1-thread-1] DEBUG karate.org.apache.http.headers - http-outgoing-1 >> Accept-Encoding: gzip,deflate
11:39:14.290 [pool-1-thread-1] DEBUG karate.org.apache.http.wire - http-outgoing-1 >> "POST /learning/api/v1/meters HTTP/1.1[\r][\n]"
11:39:14.290 [pool-1-thread-1] DEBUG karate.org.apache.http.wire - http-outgoing-1 >> "Content-Type: application/json; charset=UTF-8[\r][\n]"
11:39:14.290 [pool-1-thread-1] DEBUG karate.org.apache.http.wire - http-outgoing-1 >> "Content-Length: 251[\r][\n]"
11:39:14.290 [pool-1-thread-1] DEBUG karate.org.apache.http.wire - http-outgoing-1 >> "Host: ops.enerbit.dev[\r][\n]"
11:39:14.290 [pool-1-thread-1] DEBUG karate.org.apache.http.wire - http-outgoing-1 >> "Connection: Keep-Alive[\r][\n]"
11:39:14.290 [pool-1-thread-1] DEBUG karate.org.apache.http.wire - http-outgoing-1 >> "User-Agent: Apache-HttpClient/4.5.13 (Java/1.8.0_202)[\r][\n]"
11:39:14.290 [pool-1-thread-1] DEBUG karate.org.apache.http.wire - http-outgoing-1 >> "Accept-Encoding: gzip,deflate[\r][\n]"
11:39:14.290 [pool-1-thread-1] DEBUG karate.org.apache.http.wire - http-outgoing-1 >> "[\r][\n]"
11:39:14.290 [pool-1-thread-1] DEBUG karate.org.apache.http.wire - http-outgoing-1 >> "{"serial":"3424234233kj","connection_type":"directa","storage_system":"interno","condition":"nuevo","owner":"RF","location":"Almacen ","manufacturer":"yes","purchase":"2022-07-28 03:08:49.340514","i_max":6345.654,"i_b":21.5,"i_n":876.5,"seals":545.65}"
11:39:14.290 [pool-1-thread-2] DEBUG karate.org.apache.http.wire - http-outgoing-0 >> "DELETE /learning/api/v1/meters/-5 HTTP/1.1[\r][\n]"
11:39:14.290 [pool-1-thread-2] DEBUG karate.org.apache.http.wire - http-outgoing-0 >> "Host: ops.enerbit.dev[\r][\n]"
11:39:14.290 [pool-1-thread-2] DEBUG karate.org.apache.http.wire - http-outgoing-0 >> "Connection: Keep-Alive[\r][\n]"
11:39:14.291 [pool-1-thread-2] DEBUG karate.org.apache.http.wire - http-outgoing-0 >> "User-Agent: Apache-HttpClient/4.5.13 (Java/1.8.0_202)[\r][\n]"
11:39:14.291 [pool-1-thread-2] DEBUG karate.org.apache.http.wire - http-outgoing-0 >> "Accept-Encoding: gzip,deflate[\r][\n]"
11:39:14.291 [pool-1-thread-2] DEBUG karate.org.apache.http.wire - http-outgoing-0 >> "[\r][\n]"
11:39:14.582 [pool-1-thread-2] DEBUG karate.org.apache.http.wire - http-outgoing-0 << "HTTP/1.1 404 Not Found[\r][\n]"
11:39:14.582 [pool-1-thread-2] DEBUG karate.org.apache.http.wire - http-outgoing-0 << "Date: Sun, 02 Jul 2023 16:39:15 GMT[\r][\n]"
11:39:14.583 [pool-1-thread-2] DEBUG karate.org.apache.http.wire - http-outgoing-0 << "Content-Type: application/json[\r][\n]"
11:39:14.583 [pool-1-thread-2] DEBUG karate.org.apache.http.wire - http-outgoing-0 << "Content-Length: 28[\r][\n]"
11:39:14.583 [pool-1-thread-2] DEBUG karate.org.apache.http.wire - http-outgoing-0 << "Connection: keep-alive[\r][\n]"
11:39:14.583 [pool-1-thread-2] DEBUG karate.org.apache.http.wire - http-outgoing-0 << "Strict-Transport-Security: max-age=15724800; includeSubDomains[\r][\n]"
11:39:14.583 [pool-1-thread-2] DEBUG karate.org.apache.http.wire - http-outgoing-0 << "Access-Control-Allow-Origin: *[\r][\n]"
11:39:14.583 [pool-1-thread-2] DEBUG karate.org.apache.http.wire - http-outgoing-0 << "Access-Control-Allow-Credentials: true[\r][\n]"
11:39:14.583 [pool-1-thread-2] DEBUG karate.org.apache.http.wire - http-outgoing-0 << "Access-Control-Allow-Methods: GET, PUT, POST, DELETE, PATCH, OPTIONS[\r][\n]"
11:39:14.583 [pool-1-thread-2] DEBUG karate.org.apache.http.wire - http-outgoing-0 << "Access-Control-Allow-Headers: DNT,Keep-Alive,User-Agent,X-Requested-With,If-Modified-Since,Cache-Control,Content-Type,Range,Authorization[\r][\n]"
11:39:14.583 [pool-1-thread-2] DEBUG karate.org.apache.http.wire - http-outgoing-0 << "Access-Control-Max-Age: 1728000[\r][\n]"
11:39:14.583 [pool-1-thread-2] DEBUG karate.org.apache.http.wire - http-outgoing-0 << "[\r][\n]"
11:39:14.583 [pool-1-thread-2] DEBUG karate.org.apache.http.wire - http-outgoing-0 << "{"detail":"meter not found"}"
11:39:14.592 [pool-1-thread-2] DEBUG karate.org.apache.http.headers - http-outgoing-0 << HTTP/1.1 404 Not Found
11:39:14.592 [pool-1-thread-2] DEBUG karate.org.apache.http.headers - http-outgoing-0 << Date: Sun, 02 Jul 2023 16:39:15 GMT
11:39:14.592 [pool-1-thread-2] DEBUG karate.org.apache.http.headers - http-outgoing-0 << Content-Type: application/json
11:39:14.593 [pool-1-thread-2] DEBUG karate.org.apache.http.headers - http-outgoing-0 << Content-Length: 28
11:39:14.593 [pool-1-thread-2] DEBUG karate.org.apache.http.headers - http-outgoing-0 << Connection: keep-alive
11:39:14.593 [pool-1-thread-2] DEBUG karate.org.apache.http.headers - http-outgoing-0 << Strict-Transport-Security: max-age=15724800; includeSubDomains
11:39:14.593 [pool-1-thread-2] DEBUG karate.org.apache.http.headers - http-outgoing-0 << Access-Control-Allow-Origin: *
11:39:14.593 [pool-1-thread-2] DEBUG karate.org.apache.http.headers - http-outgoing-0 << Access-Control-Allow-Credentials: true
11:39:14.593 [pool-1-thread-2] DEBUG karate.org.apache.http.headers - http-outgoing-0 << Access-Control-Allow-Methods: GET, PUT, POST, DELETE, PATCH, OPTIONS
11:39:14.593 [pool-1-thread-2] DEBUG karate.org.apache.http.headers - http-outgoing-0 << Access-Control-Allow-Headers: DNT,Keep-Alive,User-Agent,X-Requested-With,If-Modified-Since,Cache-Control,Content-Type,Range,Authorization
11:39:14.593 [pool-1-thread-2] DEBUG karate.org.apache.http.headers - http-outgoing-0 << Access-Control-Max-Age: 1728000
11:39:14.602 [pool-1-thread-2] DEBUG karate.org.apache.http.impl.execchain.MainClientExec - Connection can be kept alive indefinitely
11:39:14.607 [pool-1-thread-2] DEBUG karate.org.apache.http.impl.conn.PoolingHttpClientConnectionManager - Connection [id: 0][route: {s}->https://ops.enerbit.dev:443] can be kept alive indefinitely
11:39:14.607 [pool-1-thread-2] DEBUG karate.org.apache.http.impl.conn.DefaultManagedHttpClientConnection - http-outgoing-0: set socket timeout to 0
11:39:14.607 [pool-1-thread-2] DEBUG karate.org.apache.http.impl.conn.PoolingHttpClientConnectionManager - Connection released: [id: 0][route: {s}->https://ops.enerbit.dev:443][total available: 1; route allocated: 1 of 5; total allocated: 1 of 10]
11:39:14.611 [pool-1-thread-2] DEBUG com.intuit.karate - response time in milliseconds: 1048
1 < 404
1 < Date: Sun, 02 Jul 2023 16:39:15 GMT
1 < Content-Type: application/json
1 < Content-Length: 28
1 < Connection: keep-alive
1 < Strict-Transport-Security: max-age=15724800; includeSubDomains
1 < Access-Control-Allow-Origin: *
1 < Access-Control-Allow-Credentials: true
1 < Access-Control-Allow-Methods: GET, PUT, POST, DELETE, PATCH, OPTIONS
1 < Access-Control-Allow-Headers: DNT,Keep-Alive,User-Agent,X-Requested-With,If-Modified-Since,Cache-Control,Content-Type,Range,Authorization
1 < Access-Control-Max-Age: 1728000
{"detail":"meter not found"}

11:39:14.655 [pool-1-thread-2] DEBUG com.jayway.jsonpath.internal.path.CompiledPath - Evaluating path: $['detail']
11:39:14.679 [pool-1-thread-2] DEBUG karate.org.apache.http.client.protocol.RequestAddCookies - CookieSpec selected: karate
11:39:14.679 [pool-1-thread-2] DEBUG karate.org.apache.http.client.protocol.RequestAuthCache - Auth cache not set in the context
11:39:14.679 [pool-1-thread-2] DEBUG com.intuit.karate - request:
1 > DELETE https://ops.enerbit.dev/learning/api/v1/meters
1 > Host: ops.enerbit.dev
1 > Connection: Keep-Alive
1 > User-Agent: Apache-HttpClient/4.5.13 (Java/1.8.0_202)
1 > Accept-Encoding: gzip,deflate


11:39:14.680 [pool-1-thread-2] DEBUG karate.org.apache.http.impl.conn.PoolingHttpClientConnectionManager - Connection request: [route: {s}->https://ops.enerbit.dev:443][total available: 0; route allocated: 0 of 5; total allocated: 0 of 10]
11:39:14.680 [pool-1-thread-2] DEBUG karate.org.apache.http.impl.conn.PoolingHttpClientConnectionManager - Connection leased: [id: 2][route: {s}->https://ops.enerbit.dev:443][total available: 0; route allocated: 1 of 5; total allocated: 1 of 10]
11:39:14.680 [pool-1-thread-2] DEBUG karate.org.apache.http.impl.execchain.MainClientExec - Opening connection {s}->https://ops.enerbit.dev:443
11:39:14.681 [pool-1-thread-2] DEBUG karate.org.apache.http.impl.conn.DefaultHttpClientConnectionOperator - Connecting to ops.enerbit.dev/20.65.19.185:443
11:39:14.681 [pool-1-thread-2] DEBUG karate.org.apache.http.conn.ssl.SSLConnectionSocketFactory - Connecting socket to ops.enerbit.dev/20.65.19.185:443 with timeout 30000
11:39:14.723 [pool-1-thread-1] DEBUG karate.org.apache.http.wire - http-outgoing-1 << "HTTP/1.1 201 Created[\r][\n]"
11:39:14.724 [pool-1-thread-1] DEBUG karate.org.apache.http.wire - http-outgoing-1 << "Date: Sun, 02 Jul 2023 16:39:15 GMT[\r][\n]"
11:39:14.724 [pool-1-thread-1] DEBUG karate.org.apache.http.wire - http-outgoing-1 << "Content-Type: application/json[\r][\n]"
11:39:14.724 [pool-1-thread-1] DEBUG karate.org.apache.http.wire - http-outgoing-1 << "Content-Length: 320[\r][\n]"
11:39:14.724 [pool-1-thread-1] DEBUG karate.org.apache.http.wire - http-outgoing-1 << "Connection: keep-alive[\r][\n]"
11:39:14.724 [pool-1-thread-1] DEBUG karate.org.apache.http.wire - http-outgoing-1 << "Strict-Transport-Security: max-age=15724800; includeSubDomains[\r][\n]"
11:39:14.724 [pool-1-thread-1] DEBUG karate.org.apache.http.wire - http-outgoing-1 << "Access-Control-Allow-Origin: *[\r][\n]"
11:39:14.724 [pool-1-thread-1] DEBUG karate.org.apache.http.wire - http-outgoing-1 << "Access-Control-Allow-Credentials: true[\r][\n]"
11:39:14.724 [pool-1-thread-1] DEBUG karate.org.apache.http.wire - http-outgoing-1 << "Access-Control-Allow-Methods: GET, PUT, POST, DELETE, PATCH, OPTIONS[\r][\n]"
11:39:14.724 [pool-1-thread-1] DEBUG karate.org.apache.http.wire - http-outgoing-1 << "Access-Control-Allow-Headers: DNT,Keep-Alive,User-Agent,X-Requested-With,If-Modified-Since,Cache-Control,Content-Type,Range,Authorization[\r][\n]"
11:39:14.725 [pool-1-thread-1] DEBUG karate.org.apache.http.wire - http-outgoing-1 << "Access-Control-Max-Age: 1728000[\r][\n]"
11:39:14.725 [pool-1-thread-1] DEBUG karate.org.apache.http.wire - http-outgoing-1 << "[\r][\n]"
11:39:14.725 [pool-1-thread-1] DEBUG karate.org.apache.http.wire - http-outgoing-1 << "{"serial":"3424234233kj","connection_type":"directa","storage_system":"interno","condition":"nuevo","owner":"RF","location":"Almacen ","manufacturer":"yes","purchase":"2022-07-28 03:08:49.340514","i_max":6345.654,"i_b":21.5,"i_n":876.5,"seals":545.65,"id":414,"created_at":"2023-07-02T16:39:15.021402","updated_at":null}"
11:39:14.725 [pool-1-thread-1] DEBUG karate.org.apache.http.headers - http-outgoing-1 << HTTP/1.1 201 Created
11:39:14.725 [pool-1-thread-1] DEBUG karate.org.apache.http.headers - http-outgoing-1 << Date: Sun, 02 Jul 2023 16:39:15 GMT
11:39:14.725 [pool-1-thread-1] DEBUG karate.org.apache.http.headers - http-outgoing-1 << Content-Type: application/json
11:39:14.725 [pool-1-thread-1] DEBUG karate.org.apache.http.headers - http-outgoing-1 << Content-Length: 320
11:39:14.726 [pool-1-thread-1] DEBUG karate.org.apache.http.headers - http-outgoing-1 << Connection: keep-alive
11:39:14.726 [pool-1-thread-1] DEBUG karate.org.apache.http.headers - http-outgoing-1 << Strict-Transport-Security: max-age=15724800; includeSubDomains
11:39:14.726 [pool-1-thread-1] DEBUG karate.org.apache.http.headers - http-outgoing-1 << Access-Control-Allow-Origin: *
11:39:14.726 [pool-1-thread-1] DEBUG karate.org.apache.http.headers - http-outgoing-1 << Access-Control-Allow-Credentials: true
11:39:14.726 [pool-1-thread-1] DEBUG karate.org.apache.http.headers - http-outgoing-1 << Access-Control-Allow-Methods: GET, PUT, POST, DELETE, PATCH, OPTIONS
11:39:14.726 [pool-1-thread-1] DEBUG karate.org.apache.http.headers - http-outgoing-1 << Access-Control-Allow-Headers: DNT,Keep-Alive,User-Agent,X-Requested-With,If-Modified-Since,Cache-Control,Content-Type,Range,Authorization
11:39:14.726 [pool-1-thread-1] DEBUG karate.org.apache.http.headers - http-outgoing-1 << Access-Control-Max-Age: 1728000
11:39:14.726 [pool-1-thread-1] DEBUG karate.org.apache.http.impl.execchain.MainClientExec - Connection can be kept alive indefinitely
11:39:14.726 [pool-1-thread-1] DEBUG karate.org.apache.http.impl.conn.PoolingHttpClientConnectionManager - Connection [id: 1][route: {s}->https://ops.enerbit.dev:443] can be kept alive indefinitely
11:39:14.726 [pool-1-thread-1] DEBUG karate.org.apache.http.impl.conn.DefaultManagedHttpClientConnection - http-outgoing-1: set socket timeout to 0
11:39:14.727 [pool-1-thread-1] DEBUG karate.org.apache.http.impl.conn.PoolingHttpClientConnectionManager - Connection released: [id: 1][route: {s}->https://ops.enerbit.dev:443][total available: 1; route allocated: 1 of 5; total allocated: 1 of 10]
11:39:14.727 [pool-1-thread-1] DEBUG com.intuit.karate - response time in milliseconds: 1168
1 < 201
1 < Date: Sun, 02 Jul 2023 16:39:15 GMT
1 < Content-Type: application/json
1 < Content-Length: 320
1 < Connection: keep-alive
1 < Strict-Transport-Security: max-age=15724800; includeSubDomains
1 < Access-Control-Allow-Origin: *
1 < Access-Control-Allow-Credentials: true
1 < Access-Control-Allow-Methods: GET, PUT, POST, DELETE, PATCH, OPTIONS
1 < Access-Control-Allow-Headers: DNT,Keep-Alive,User-Agent,X-Requested-With,If-Modified-Since,Cache-Control,Content-Type,Range,Authorization
1 < Access-Control-Max-Age: 1728000
{"serial":"3424234233kj","connection_type":"directa","storage_system":"interno","condition":"nuevo","owner":"RF","location":"Almacen ","manufacturer":"yes","purchase":"2022-07-28 03:08:49.340514","i_max":6345.654,"i_b":21.5,"i_n":876.5,"seals":545.65,"id":414,"created_at":"2023-07-02T16:39:15.021402","updated_at":null}

11:39:14.734 [pool-1-thread-1] DEBUG com.jayway.jsonpath.internal.path.CompiledPath - Evaluating path: $['id']
11:39:14.760 [pool-1-thread-1] DEBUG karate.org.apache.http.client.protocol.RequestAddCookies - CookieSpec selected: karate
11:39:14.761 [pool-1-thread-1] DEBUG karate.org.apache.http.client.protocol.RequestAuthCache - Auth cache not set in the context
11:39:14.761 [pool-1-thread-1] DEBUG com.intuit.karate - request:
2 > DELETE https://ops.enerbit.dev/learning/api/v1/meters/414
2 > Host: ops.enerbit.dev
2 > Connection: Keep-Alive
2 > User-Agent: Apache-HttpClient/4.5.13 (Java/1.8.0_202)
2 > Accept-Encoding: gzip,deflate


11:39:14.761 [pool-1-thread-1] DEBUG karate.org.apache.http.impl.conn.PoolingHttpClientConnectionManager - Connection request: [route: {s}->https://ops.enerbit.dev:443][total available: 0; route allocated: 0 of 5; total allocated: 0 of 10]
11:39:14.761 [pool-1-thread-1] DEBUG karate.org.apache.http.impl.conn.PoolingHttpClientConnectionManager - Connection leased: [id: 3][route: {s}->https://ops.enerbit.dev:443][total available: 0; route allocated: 1 of 5; total allocated: 1 of 10]
11:39:14.762 [pool-1-thread-1] DEBUG karate.org.apache.http.impl.execchain.MainClientExec - Opening connection {s}->https://ops.enerbit.dev:443
11:39:14.762 [pool-1-thread-1] DEBUG karate.org.apache.http.impl.conn.DefaultHttpClientConnectionOperator - Connecting to ops.enerbit.dev/20.65.19.185:443
11:39:14.765 [pool-1-thread-2] DEBUG karate.org.apache.http.conn.ssl.SSLConnectionSocketFactory - Enabled protocols: [TLSv1, TLSv1.1, TLSv1.2]
11:39:14.765 [pool-1-thread-2] DEBUG karate.org.apache.http.conn.ssl.SSLConnectionSocketFactory - Enabled cipher suites:[TLS_ECDHE_ECDSA_WITH_AES_256_CBC_SHA384, TLS_ECDHE_RSA_WITH_AES_256_CBC_SHA384, TLS_RSA_WITH_AES_256_CBC_SHA256, TLS_ECDH_ECDSA_WITH_AES_256_CBC_SHA384, TLS_ECDH_RSA_WITH_AES_256_CBC_SHA384, TLS_DHE_RSA_WITH_AES_256_CBC_SHA256, TLS_DHE_DSS_WITH_AES_256_CBC_SHA256, TLS_ECDHE_ECDSA_WITH_AES_256_CBC_SHA, TLS_ECDHE_RSA_WITH_AES_256_CBC_SHA, TLS_RSA_WITH_AES_256_CBC_SHA, TLS_ECDH_ECDSA_WITH_AES_256_CBC_SHA, TLS_ECDH_RSA_WITH_AES_256_CBC_SHA, TLS_DHE_RSA_WITH_AES_256_CBC_SHA, TLS_DHE_DSS_WITH_AES_256_CBC_SHA, TLS_ECDHE_ECDSA_WITH_AES_128_CBC_SHA256, TLS_ECDHE_RSA_WITH_AES_128_CBC_SHA256, TLS_RSA_WITH_AES_128_CBC_SHA256, TLS_ECDH_ECDSA_WITH_AES_128_CBC_SHA256, TLS_ECDH_RSA_WITH_AES_128_CBC_SHA256, TLS_DHE_RSA_WITH_AES_128_CBC_SHA256, TLS_DHE_DSS_WITH_AES_128_CBC_SHA256, TLS_ECDHE_ECDSA_WITH_AES_128_CBC_SHA, TLS_ECDHE_RSA_WITH_AES_128_CBC_SHA, TLS_RSA_WITH_AES_128_CBC_SHA, TLS_ECDH_ECDSA_WITH_AES_128_CBC_SHA, TLS_ECDH_RSA_WITH_AES_128_CBC_SHA, TLS_DHE_RSA_WITH_AES_128_CBC_SHA, TLS_DHE_DSS_WITH_AES_128_CBC_SHA, TLS_ECDHE_ECDSA_WITH_AES_256_GCM_SHA384, TLS_ECDHE_ECDSA_WITH_AES_128_GCM_SHA256, TLS_ECDHE_RSA_WITH_AES_256_GCM_SHA384, TLS_RSA_WITH_AES_256_GCM_SHA384, TLS_ECDH_ECDSA_WITH_AES_256_GCM_SHA384, TLS_ECDH_RSA_WITH_AES_256_GCM_SHA384, TLS_DHE_RSA_WITH_AES_256_GCM_SHA384, TLS_DHE_DSS_WITH_AES_256_GCM_SHA384, TLS_ECDHE_RSA_WITH_AES_128_GCM_SHA256, TLS_RSA_WITH_AES_128_GCM_SHA256, TLS_ECDH_ECDSA_WITH_AES_128_GCM_SHA256, TLS_ECDH_RSA_WITH_AES_128_GCM_SHA256, TLS_DHE_RSA_WITH_AES_128_GCM_SHA256, TLS_DHE_DSS_WITH_AES_128_GCM_SHA256]
11:39:14.765 [pool-1-thread-2] DEBUG karate.org.apache.http.conn.ssl.SSLConnectionSocketFactory - Starting handshake
11:39:14.765 [pool-1-thread-1] DEBUG karate.org.apache.http.conn.ssl.SSLConnectionSocketFactory - Connecting socket to ops.enerbit.dev/20.65.19.185:443 with timeout 30000
11:39:14.850 [pool-1-thread-1] DEBUG karate.org.apache.http.conn.ssl.SSLConnectionSocketFactory - Enabled protocols: [TLSv1, TLSv1.1, TLSv1.2]
11:39:14.850 [pool-1-thread-1] DEBUG karate.org.apache.http.conn.ssl.SSLConnectionSocketFactory - Enabled cipher suites:[TLS_ECDHE_ECDSA_WITH_AES_256_CBC_SHA384, TLS_ECDHE_RSA_WITH_AES_256_CBC_SHA384, TLS_RSA_WITH_AES_256_CBC_SHA256, TLS_ECDH_ECDSA_WITH_AES_256_CBC_SHA384, TLS_ECDH_RSA_WITH_AES_256_CBC_SHA384, TLS_DHE_RSA_WITH_AES_256_CBC_SHA256, TLS_DHE_DSS_WITH_AES_256_CBC_SHA256, TLS_ECDHE_ECDSA_WITH_AES_256_CBC_SHA, TLS_ECDHE_RSA_WITH_AES_256_CBC_SHA, TLS_RSA_WITH_AES_256_CBC_SHA, TLS_ECDH_ECDSA_WITH_AES_256_CBC_SHA, TLS_ECDH_RSA_WITH_AES_256_CBC_SHA, TLS_DHE_RSA_WITH_AES_256_CBC_SHA, TLS_DHE_DSS_WITH_AES_256_CBC_SHA, TLS_ECDHE_ECDSA_WITH_AES_128_CBC_SHA256, TLS_ECDHE_RSA_WITH_AES_128_CBC_SHA256, TLS_RSA_WITH_AES_128_CBC_SHA256, TLS_ECDH_ECDSA_WITH_AES_128_CBC_SHA256, TLS_ECDH_RSA_WITH_AES_128_CBC_SHA256, TLS_DHE_RSA_WITH_AES_128_CBC_SHA256, TLS_DHE_DSS_WITH_AES_128_CBC_SHA256, TLS_ECDHE_ECDSA_WITH_AES_128_CBC_SHA, TLS_ECDHE_RSA_WITH_AES_128_CBC_SHA, TLS_RSA_WITH_AES_128_CBC_SHA, TLS_ECDH_ECDSA_WITH_AES_128_CBC_SHA, TLS_ECDH_RSA_WITH_AES_128_CBC_SHA, TLS_DHE_RSA_WITH_AES_128_CBC_SHA, TLS_DHE_DSS_WITH_AES_128_CBC_SHA, TLS_ECDHE_ECDSA_WITH_AES_256_GCM_SHA384, TLS_ECDHE_ECDSA_WITH_AES_128_GCM_SHA256, TLS_ECDHE_RSA_WITH_AES_256_GCM_SHA384, TLS_RSA_WITH_AES_256_GCM_SHA384, TLS_ECDH_ECDSA_WITH_AES_256_GCM_SHA384, TLS_ECDH_RSA_WITH_AES_256_GCM_SHA384, TLS_DHE_RSA_WITH_AES_256_GCM_SHA384, TLS_DHE_DSS_WITH_AES_256_GCM_SHA384, TLS_ECDHE_RSA_WITH_AES_128_GCM_SHA256, TLS_RSA_WITH_AES_128_GCM_SHA256, TLS_ECDH_ECDSA_WITH_AES_128_GCM_SHA256, TLS_ECDH_RSA_WITH_AES_128_GCM_SHA256, TLS_DHE_RSA_WITH_AES_128_GCM_SHA256, TLS_DHE_DSS_WITH_AES_128_GCM_SHA256]
11:39:14.850 [pool-1-thread-1] DEBUG karate.org.apache.http.conn.ssl.SSLConnectionSocketFactory - Starting handshake
11:39:14.933 [pool-1-thread-2] DEBUG karate.org.apache.http.conn.ssl.SSLConnectionSocketFactory - Secure session established
11:39:14.933 [pool-1-thread-2] DEBUG karate.org.apache.http.conn.ssl.SSLConnectionSocketFactory -  negotiated protocol: TLSv1.2
11:39:14.933 [pool-1-thread-2] DEBUG karate.org.apache.http.conn.ssl.SSLConnectionSocketFactory -  negotiated cipher suite: TLS_ECDHE_RSA_WITH_AES_128_GCM_SHA256
11:39:14.933 [pool-1-thread-2] DEBUG karate.org.apache.http.conn.ssl.SSLConnectionSocketFactory -  peer principal: CN=ops.enerbit.dev
11:39:14.933 [pool-1-thread-2] DEBUG karate.org.apache.http.conn.ssl.SSLConnectionSocketFactory -  peer alternative names: [ops.enerbit.dev]
11:39:14.933 [pool-1-thread-2] DEBUG karate.org.apache.http.conn.ssl.SSLConnectionSocketFactory -  issuer principal: CN=R3, O=Let's Encrypt, C=US
11:39:14.934 [pool-1-thread-2] DEBUG karate.org.apache.http.impl.conn.DefaultHttpClientConnectionOperator - Connection established 192.168.1.4:58227<->20.65.19.185:443
11:39:14.934 [pool-1-thread-2] DEBUG karate.org.apache.http.impl.conn.DefaultManagedHttpClientConnection - http-outgoing-2: set socket timeout to 30000
11:39:14.934 [pool-1-thread-2] DEBUG karate.org.apache.http.impl.execchain.MainClientExec - Executing request DELETE /learning/api/v1/meters HTTP/1.1
11:39:14.934 [pool-1-thread-2] DEBUG karate.org.apache.http.impl.execchain.MainClientExec - Target auth state: UNCHALLENGED
11:39:14.934 [pool-1-thread-2] DEBUG karate.org.apache.http.impl.execchain.MainClientExec - Proxy auth state: UNCHALLENGED
11:39:14.935 [pool-1-thread-2] DEBUG karate.org.apache.http.headers - http-outgoing-2 >> DELETE /learning/api/v1/meters HTTP/1.1
11:39:14.935 [pool-1-thread-2] DEBUG karate.org.apache.http.headers - http-outgoing-2 >> Host: ops.enerbit.dev
11:39:14.935 [pool-1-thread-2] DEBUG karate.org.apache.http.headers - http-outgoing-2 >> Connection: Keep-Alive
11:39:14.935 [pool-1-thread-2] DEBUG karate.org.apache.http.headers - http-outgoing-2 >> User-Agent: Apache-HttpClient/4.5.13 (Java/1.8.0_202)
11:39:14.935 [pool-1-thread-2] DEBUG karate.org.apache.http.headers - http-outgoing-2 >> Accept-Encoding: gzip,deflate
11:39:14.935 [pool-1-thread-2] DEBUG karate.org.apache.http.wire - http-outgoing-2 >> "DELETE /learning/api/v1/meters HTTP/1.1[\r][\n]"
11:39:14.935 [pool-1-thread-2] DEBUG karate.org.apache.http.wire - http-outgoing-2 >> "Host: ops.enerbit.dev[\r][\n]"
11:39:14.935 [pool-1-thread-2] DEBUG karate.org.apache.http.wire - http-outgoing-2 >> "Connection: Keep-Alive[\r][\n]"
11:39:14.935 [pool-1-thread-2] DEBUG karate.org.apache.http.wire - http-outgoing-2 >> "User-Agent: Apache-HttpClient/4.5.13 (Java/1.8.0_202)[\r][\n]"
11:39:14.935 [pool-1-thread-2] DEBUG karate.org.apache.http.wire - http-outgoing-2 >> "Accept-Encoding: gzip,deflate[\r][\n]"
11:39:14.935 [pool-1-thread-2] DEBUG karate.org.apache.http.wire - http-outgoing-2 >> "[\r][\n]"
11:39:14.958 [pool-1-thread-1] DEBUG karate.org.apache.http.conn.ssl.SSLConnectionSocketFactory - Secure session established
11:39:14.958 [pool-1-thread-1] DEBUG karate.org.apache.http.conn.ssl.SSLConnectionSocketFactory -  negotiated protocol: TLSv1.2
11:39:14.958 [pool-1-thread-1] DEBUG karate.org.apache.http.conn.ssl.SSLConnectionSocketFactory -  negotiated cipher suite: TLS_ECDHE_RSA_WITH_AES_128_GCM_SHA256
11:39:14.958 [pool-1-thread-1] DEBUG karate.org.apache.http.conn.ssl.SSLConnectionSocketFactory -  peer principal: CN=ops.enerbit.dev
11:39:14.958 [pool-1-thread-1] DEBUG karate.org.apache.http.conn.ssl.SSLConnectionSocketFactory -  peer alternative names: [ops.enerbit.dev]
11:39:14.959 [pool-1-thread-1] DEBUG karate.org.apache.http.conn.ssl.SSLConnectionSocketFactory -  issuer principal: CN=R3, O=Let's Encrypt, C=US
11:39:14.959 [pool-1-thread-1] DEBUG karate.org.apache.http.impl.conn.DefaultHttpClientConnectionOperator - Connection established 192.168.1.4:58228<->20.65.19.185:443
11:39:14.959 [pool-1-thread-1] DEBUG karate.org.apache.http.impl.conn.DefaultManagedHttpClientConnection - http-outgoing-3: set socket timeout to 30000
11:39:14.959 [pool-1-thread-1] DEBUG karate.org.apache.http.impl.execchain.MainClientExec - Executing request DELETE /learning/api/v1/meters/414 HTTP/1.1
11:39:14.959 [pool-1-thread-1] DEBUG karate.org.apache.http.impl.execchain.MainClientExec - Target auth state: UNCHALLENGED
11:39:14.959 [pool-1-thread-1] DEBUG karate.org.apache.http.impl.execchain.MainClientExec - Proxy auth state: UNCHALLENGED
11:39:14.959 [pool-1-thread-1] DEBUG karate.org.apache.http.headers - http-outgoing-3 >> DELETE /learning/api/v1/meters/414 HTTP/1.1
11:39:14.959 [pool-1-thread-1] DEBUG karate.org.apache.http.headers - http-outgoing-3 >> Host: ops.enerbit.dev
11:39:14.959 [pool-1-thread-1] DEBUG karate.org.apache.http.headers - http-outgoing-3 >> Connection: Keep-Alive
11:39:14.959 [pool-1-thread-1] DEBUG karate.org.apache.http.headers - http-outgoing-3 >> User-Agent: Apache-HttpClient/4.5.13 (Java/1.8.0_202)
11:39:14.959 [pool-1-thread-1] DEBUG karate.org.apache.http.headers - http-outgoing-3 >> Accept-Encoding: gzip,deflate
11:39:14.959 [pool-1-thread-1] DEBUG karate.org.apache.http.wire - http-outgoing-3 >> "DELETE /learning/api/v1/meters/414 HTTP/1.1[\r][\n]"
11:39:14.959 [pool-1-thread-1] DEBUG karate.org.apache.http.wire - http-outgoing-3 >> "Host: ops.enerbit.dev[\r][\n]"
11:39:14.960 [pool-1-thread-1] DEBUG karate.org.apache.http.wire - http-outgoing-3 >> "Connection: Keep-Alive[\r][\n]"
11:39:14.960 [pool-1-thread-1] DEBUG karate.org.apache.http.wire - http-outgoing-3 >> "User-Agent: Apache-HttpClient/4.5.13 (Java/1.8.0_202)[\r][\n]"
11:39:14.960 [pool-1-thread-1] DEBUG karate.org.apache.http.wire - http-outgoing-3 >> "Accept-Encoding: gzip,deflate[\r][\n]"
11:39:14.960 [pool-1-thread-1] DEBUG karate.org.apache.http.wire - http-outgoing-3 >> "[\r][\n]"
11:39:15.020 [pool-1-thread-2] DEBUG karate.org.apache.http.wire - http-outgoing-2 << "HTTP/1.1 405 Method Not Allowed[\r][\n]"
11:39:15.020 [pool-1-thread-2] DEBUG karate.org.apache.http.wire - http-outgoing-2 << "Date: Sun, 02 Jul 2023 16:39:15 GMT[\r][\n]"
11:39:15.020 [pool-1-thread-2] DEBUG karate.org.apache.http.wire - http-outgoing-2 << "Content-Type: application/json[\r][\n]"
11:39:15.020 [pool-1-thread-2] DEBUG karate.org.apache.http.wire - http-outgoing-2 << "Content-Length: 31[\r][\n]"
11:39:15.020 [pool-1-thread-2] DEBUG karate.org.apache.http.wire - http-outgoing-2 << "Connection: keep-alive[\r][\n]"
11:39:15.020 [pool-1-thread-2] DEBUG karate.org.apache.http.wire - http-outgoing-2 << "Strict-Transport-Security: max-age=15724800; includeSubDomains[\r][\n]"
11:39:15.020 [pool-1-thread-2] DEBUG karate.org.apache.http.wire - http-outgoing-2 << "Access-Control-Allow-Origin: *[\r][\n]"
11:39:15.020 [pool-1-thread-2] DEBUG karate.org.apache.http.wire - http-outgoing-2 << "Access-Control-Allow-Credentials: true[\r][\n]"
11:39:15.020 [pool-1-thread-2] DEBUG karate.org.apache.http.wire - http-outgoing-2 << "Access-Control-Allow-Methods: GET, PUT, POST, DELETE, PATCH, OPTIONS[\r][\n]"
11:39:15.020 [pool-1-thread-2] DEBUG karate.org.apache.http.wire - http-outgoing-2 << "Access-Control-Allow-Headers: DNT,Keep-Alive,User-Agent,X-Requested-With,If-Modified-Since,Cache-Control,Content-Type,Range,Authorization[\r][\n]"
11:39:15.020 [pool-1-thread-2] DEBUG karate.org.apache.http.wire - http-outgoing-2 << "Access-Control-Max-Age: 1728000[\r][\n]"
11:39:15.020 [pool-1-thread-2] DEBUG karate.org.apache.http.wire - http-outgoing-2 << "[\r][\n]"
11:39:15.020 [pool-1-thread-2] DEBUG karate.org.apache.http.wire - http-outgoing-2 << "{"detail":"Method Not Allowed"}"
11:39:15.021 [pool-1-thread-2] DEBUG karate.org.apache.http.headers - http-outgoing-2 << HTTP/1.1 405 Method Not Allowed
11:39:15.021 [pool-1-thread-2] DEBUG karate.org.apache.http.headers - http-outgoing-2 << Date: Sun, 02 Jul 2023 16:39:15 GMT
11:39:15.022 [pool-1-thread-2] DEBUG karate.org.apache.http.headers - http-outgoing-2 << Content-Type: application/json
11:39:15.022 [pool-1-thread-2] DEBUG karate.org.apache.http.headers - http-outgoing-2 << Content-Length: 31
11:39:15.022 [pool-1-thread-2] DEBUG karate.org.apache.http.headers - http-outgoing-2 << Connection: keep-alive
11:39:15.022 [pool-1-thread-2] DEBUG karate.org.apache.http.headers - http-outgoing-2 << Strict-Transport-Security: max-age=15724800; includeSubDomains
11:39:15.022 [pool-1-thread-2] DEBUG karate.org.apache.http.headers - http-outgoing-2 << Access-Control-Allow-Origin: *
11:39:15.022 [pool-1-thread-2] DEBUG karate.org.apache.http.headers - http-outgoing-2 << Access-Control-Allow-Credentials: true
11:39:15.022 [pool-1-thread-2] DEBUG karate.org.apache.http.headers - http-outgoing-2 << Access-Control-Allow-Methods: GET, PUT, POST, DELETE, PATCH, OPTIONS
11:39:15.022 [pool-1-thread-2] DEBUG karate.org.apache.http.headers - http-outgoing-2 << Access-Control-Allow-Headers: DNT,Keep-Alive,User-Agent,X-Requested-With,If-Modified-Since,Cache-Control,Content-Type,Range,Authorization
11:39:15.022 [pool-1-thread-2] DEBUG karate.org.apache.http.headers - http-outgoing-2 << Access-Control-Max-Age: 1728000
11:39:15.022 [pool-1-thread-2] DEBUG karate.org.apache.http.impl.execchain.MainClientExec - Connection can be kept alive indefinitely
11:39:15.022 [pool-1-thread-2] DEBUG karate.org.apache.http.impl.conn.PoolingHttpClientConnectionManager - Connection [id: 2][route: {s}->https://ops.enerbit.dev:443] can be kept alive indefinitely
11:39:15.022 [pool-1-thread-2] DEBUG karate.org.apache.http.impl.conn.DefaultManagedHttpClientConnection - http-outgoing-2: set socket timeout to 0
11:39:15.022 [pool-1-thread-2] DEBUG karate.org.apache.http.impl.conn.PoolingHttpClientConnectionManager - Connection released: [id: 2][route: {s}->https://ops.enerbit.dev:443][total available: 1; route allocated: 1 of 5; total allocated: 1 of 10]
11:39:15.023 [pool-1-thread-2] DEBUG com.intuit.karate - response time in milliseconds: 343
1 < 405
1 < Date: Sun, 02 Jul 2023 16:39:15 GMT
1 < Content-Type: application/json
1 < Content-Length: 31
1 < Connection: keep-alive
1 < Strict-Transport-Security: max-age=15724800; includeSubDomains
1 < Access-Control-Allow-Origin: *
1 < Access-Control-Allow-Credentials: true
1 < Access-Control-Allow-Methods: GET, PUT, POST, DELETE, PATCH, OPTIONS
1 < Access-Control-Allow-Headers: DNT,Keep-Alive,User-Agent,X-Requested-With,If-Modified-Since,Cache-Control,Content-Type,Range,Authorization
1 < Access-Control-Max-Age: 1728000
{"detail":"Method Not Allowed"}

11:39:15.025 [pool-1-thread-2] DEBUG com.jayway.jsonpath.internal.path.CompiledPath - Evaluating path: $['detail']
11:39:15.048 [pool-1-thread-2] DEBUG com.jayway.jsonpath.internal.path.CompiledPath - Evaluating path: $
11:39:15.051 [pool-1-thread-2] DEBUG karate.org.apache.http.client.protocol.RequestAddCookies - CookieSpec selected: karate
11:39:15.051 [pool-1-thread-2] DEBUG karate.org.apache.http.client.protocol.RequestAuthCache - Auth cache not set in the context
11:39:15.051 [pool-1-thread-2] DEBUG com.intuit.karate - request:
1 > DELETE https://ops.enerbit.dev/learning/api/v1/meters/invalid%20data
1 > Host: ops.enerbit.dev
1 > Connection: Keep-Alive
1 > User-Agent: Apache-HttpClient/4.5.13 (Java/1.8.0_202)
1 > Accept-Encoding: gzip,deflate


11:39:15.052 [pool-1-thread-2] DEBUG karate.org.apache.http.impl.conn.PoolingHttpClientConnectionManager - Connection request: [route: {s}->https://ops.enerbit.dev:443][total available: 0; route allocated: 0 of 5; total allocated: 0 of 10]
11:39:15.053 [pool-1-thread-2] DEBUG karate.org.apache.http.impl.conn.PoolingHttpClientConnectionManager - Connection leased: [id: 4][route: {s}->https://ops.enerbit.dev:443][total available: 0; route allocated: 1 of 5; total allocated: 1 of 10]
11:39:15.053 [pool-1-thread-2] DEBUG karate.org.apache.http.impl.execchain.MainClientExec - Opening connection {s}->https://ops.enerbit.dev:443
11:39:15.054 [pool-1-thread-2] DEBUG karate.org.apache.http.impl.conn.DefaultHttpClientConnectionOperator - Connecting to ops.enerbit.dev/20.65.19.185:443
11:39:15.054 [pool-1-thread-2] DEBUG karate.org.apache.http.conn.ssl.SSLConnectionSocketFactory - Connecting socket to ops.enerbit.dev/20.65.19.185:443 with timeout 30000
11:39:15.061 [pool-1-thread-1] DEBUG karate.org.apache.http.wire - http-outgoing-3 << "HTTP/1.1 202 Accepted[\r][\n]"
11:39:15.061 [pool-1-thread-1] DEBUG karate.org.apache.http.wire - http-outgoing-3 << "Date: Sun, 02 Jul 2023 16:39:15 GMT[\r][\n]"
11:39:15.061 [pool-1-thread-1] DEBUG karate.org.apache.http.wire - http-outgoing-3 << "Content-Type: application/json[\r][\n]"
11:39:15.061 [pool-1-thread-1] DEBUG karate.org.apache.http.wire - http-outgoing-3 << "Content-Length: 320[\r][\n]"
11:39:15.061 [pool-1-thread-1] DEBUG karate.org.apache.http.wire - http-outgoing-3 << "Connection: keep-alive[\r][\n]"
11:39:15.061 [pool-1-thread-1] DEBUG karate.org.apache.http.wire - http-outgoing-3 << "Strict-Transport-Security: max-age=15724800; includeSubDomains[\r][\n]"
11:39:15.061 [pool-1-thread-1] DEBUG karate.org.apache.http.wire - http-outgoing-3 << "Access-Control-Allow-Origin: *[\r][\n]"
11:39:15.061 [pool-1-thread-1] DEBUG karate.org.apache.http.wire - http-outgoing-3 << "Access-Control-Allow-Credentials: true[\r][\n]"
11:39:15.061 [pool-1-thread-1] DEBUG karate.org.apache.http.wire - http-outgoing-3 << "Access-Control-Allow-Methods: GET, PUT, POST, DELETE, PATCH, OPTIONS[\r][\n]"
11:39:15.061 [pool-1-thread-1] DEBUG karate.org.apache.http.wire - http-outgoing-3 << "Access-Control-Allow-Headers: DNT,Keep-Alive,User-Agent,X-Requested-With,If-Modified-Since,Cache-Control,Content-Type,Range,Authorization[\r][\n]"
11:39:15.061 [pool-1-thread-1] DEBUG karate.org.apache.http.wire - http-outgoing-3 << "Access-Control-Max-Age: 1728000[\r][\n]"
11:39:15.061 [pool-1-thread-1] DEBUG karate.org.apache.http.wire - http-outgoing-3 << "[\r][\n]"
11:39:15.061 [pool-1-thread-1] DEBUG karate.org.apache.http.wire - http-outgoing-3 << "{"serial":"3424234233kj","connection_type":"directa","storage_system":"interno","condition":"nuevo","owner":"RF","location":"Almacen ","manufacturer":"yes","purchase":"2022-07-28 03:08:49.340514","i_max":6345.654,"i_b":21.5,"i_n":876.5,"seals":545.65,"id":414,"created_at":"2023-07-02T16:39:15.021402","updated_at":null}"
11:39:15.062 [pool-1-thread-1] DEBUG karate.org.apache.http.headers - http-outgoing-3 << HTTP/1.1 202 Accepted
11:39:15.062 [pool-1-thread-1] DEBUG karate.org.apache.http.headers - http-outgoing-3 << Date: Sun, 02 Jul 2023 16:39:15 GMT
11:39:15.062 [pool-1-thread-1] DEBUG karate.org.apache.http.headers - http-outgoing-3 << Content-Type: application/json
11:39:15.062 [pool-1-thread-1] DEBUG karate.org.apache.http.headers - http-outgoing-3 << Content-Length: 320
11:39:15.062 [pool-1-thread-1] DEBUG karate.org.apache.http.headers - http-outgoing-3 << Connection: keep-alive
11:39:15.062 [pool-1-thread-1] DEBUG karate.org.apache.http.headers - http-outgoing-3 << Strict-Transport-Security: max-age=15724800; includeSubDomains
11:39:15.062 [pool-1-thread-1] DEBUG karate.org.apache.http.headers - http-outgoing-3 << Access-Control-Allow-Origin: *
11:39:15.062 [pool-1-thread-1] DEBUG karate.org.apache.http.headers - http-outgoing-3 << Access-Control-Allow-Credentials: true
11:39:15.062 [pool-1-thread-1] DEBUG karate.org.apache.http.headers - http-outgoing-3 << Access-Control-Allow-Methods: GET, PUT, POST, DELETE, PATCH, OPTIONS
11:39:15.062 [pool-1-thread-1] DEBUG karate.org.apache.http.headers - http-outgoing-3 << Access-Control-Allow-Headers: DNT,Keep-Alive,User-Agent,X-Requested-With,If-Modified-Since,Cache-Control,Content-Type,Range,Authorization
11:39:15.062 [pool-1-thread-1] DEBUG karate.org.apache.http.headers - http-outgoing-3 << Access-Control-Max-Age: 1728000
11:39:15.062 [pool-1-thread-1] DEBUG karate.org.apache.http.impl.execchain.MainClientExec - Connection can be kept alive indefinitely
11:39:15.062 [pool-1-thread-1] DEBUG karate.org.apache.http.impl.conn.PoolingHttpClientConnectionManager - Connection [id: 3][route: {s}->https://ops.enerbit.dev:443] can be kept alive indefinitely
11:39:15.063 [pool-1-thread-1] DEBUG karate.org.apache.http.impl.conn.DefaultManagedHttpClientConnection - http-outgoing-3: set socket timeout to 0
11:39:15.063 [pool-1-thread-1] DEBUG karate.org.apache.http.impl.conn.PoolingHttpClientConnectionManager - Connection released: [id: 3][route: {s}->https://ops.enerbit.dev:443][total available: 1; route allocated: 1 of 5; total allocated: 1 of 10]
11:39:15.064 [pool-1-thread-1] DEBUG com.intuit.karate - response time in milliseconds: 302
2 < 202
2 < Date: Sun, 02 Jul 2023 16:39:15 GMT
2 < Content-Type: application/json
2 < Content-Length: 320
2 < Connection: keep-alive
2 < Strict-Transport-Security: max-age=15724800; includeSubDomains
2 < Access-Control-Allow-Origin: *
2 < Access-Control-Allow-Credentials: true
2 < Access-Control-Allow-Methods: GET, PUT, POST, DELETE, PATCH, OPTIONS
2 < Access-Control-Allow-Headers: DNT,Keep-Alive,User-Agent,X-Requested-With,If-Modified-Since,Cache-Control,Content-Type,Range,Authorization
2 < Access-Control-Max-Age: 1728000
{"serial":"3424234233kj","connection_type":"directa","storage_system":"interno","condition":"nuevo","owner":"RF","location":"Almacen ","manufacturer":"yes","purchase":"2022-07-28 03:08:49.340514","i_max":6345.654,"i_b":21.5,"i_n":876.5,"seals":545.65,"id":414,"created_at":"2023-07-02T16:39:15.021402","updated_at":null}

11:39:15.079 [pool-1-thread-1] INFO com.intuit.karate.core.FeatureRuntime - classpath:meterManagerTest/meterGet/../meterPost/utils-post.feature - call by tag at line 5: Createmeter
11:39:15.087 [pool-1-thread-1] DEBUG com.jayway.jsonpath.internal.path.CompiledPath - Evaluating path: $
11:39:15.089 [pool-1-thread-1] DEBUG karate.org.apache.http.client.protocol.RequestAddCookies - CookieSpec selected: karate
11:39:15.090 [pool-1-thread-1] DEBUG karate.org.apache.http.client.protocol.RequestAuthCache - Auth cache not set in the context
11:39:15.090 [pool-1-thread-1] DEBUG com.intuit.karate - request:
1 > POST https://ops.enerbit.dev/learning/api/v1/meters
1 > Content-Type: application/json; charset=UTF-8
1 > Content-Length: 251
1 > Host: ops.enerbit.dev
1 > Connection: Keep-Alive
1 > User-Agent: Apache-HttpClient/4.5.13 (Java/1.8.0_202)
1 > Accept-Encoding: gzip,deflate
{"serial":"3424234233kj","connection_type":"directa","storage_system":"interno","condition":"nuevo","owner":"RF","location":"Almacen ","manufacturer":"yes","purchase":"2022-07-28 03:08:49.340514","i_max":6345.654,"i_b":21.5,"i_n":876.5,"seals":545.65}

11:39:15.090 [pool-1-thread-1] DEBUG karate.org.apache.http.impl.conn.PoolingHttpClientConnectionManager - Connection request: [route: {s}->https://ops.enerbit.dev:443][total available: 0; route allocated: 0 of 5; total allocated: 0 of 10]
11:39:15.090 [pool-1-thread-1] DEBUG karate.org.apache.http.impl.conn.PoolingHttpClientConnectionManager - Connection leased: [id: 5][route: {s}->https://ops.enerbit.dev:443][total available: 0; route allocated: 1 of 5; total allocated: 1 of 10]
11:39:15.090 [pool-1-thread-1] DEBUG karate.org.apache.http.impl.execchain.MainClientExec - Opening connection {s}->https://ops.enerbit.dev:443
11:39:15.091 [pool-1-thread-1] DEBUG karate.org.apache.http.impl.conn.DefaultHttpClientConnectionOperator - Connecting to ops.enerbit.dev/20.65.19.185:443
11:39:15.091 [pool-1-thread-1] DEBUG karate.org.apache.http.conn.ssl.SSLConnectionSocketFactory - Connecting socket to ops.enerbit.dev/20.65.19.185:443 with timeout 30000
11:39:15.135 [pool-1-thread-2] DEBUG karate.org.apache.http.conn.ssl.SSLConnectionSocketFactory - Enabled protocols: [TLSv1, TLSv1.1, TLSv1.2]
11:39:15.135 [pool-1-thread-2] DEBUG karate.org.apache.http.conn.ssl.SSLConnectionSocketFactory - Enabled cipher suites:[TLS_ECDHE_ECDSA_WITH_AES_256_CBC_SHA384, TLS_ECDHE_RSA_WITH_AES_256_CBC_SHA384, TLS_RSA_WITH_AES_256_CBC_SHA256, TLS_ECDH_ECDSA_WITH_AES_256_CBC_SHA384, TLS_ECDH_RSA_WITH_AES_256_CBC_SHA384, TLS_DHE_RSA_WITH_AES_256_CBC_SHA256, TLS_DHE_DSS_WITH_AES_256_CBC_SHA256, TLS_ECDHE_ECDSA_WITH_AES_256_CBC_SHA, TLS_ECDHE_RSA_WITH_AES_256_CBC_SHA, TLS_RSA_WITH_AES_256_CBC_SHA, TLS_ECDH_ECDSA_WITH_AES_256_CBC_SHA, TLS_ECDH_RSA_WITH_AES_256_CBC_SHA, TLS_DHE_RSA_WITH_AES_256_CBC_SHA, TLS_DHE_DSS_WITH_AES_256_CBC_SHA, TLS_ECDHE_ECDSA_WITH_AES_128_CBC_SHA256, TLS_ECDHE_RSA_WITH_AES_128_CBC_SHA256, TLS_RSA_WITH_AES_128_CBC_SHA256, TLS_ECDH_ECDSA_WITH_AES_128_CBC_SHA256, TLS_ECDH_RSA_WITH_AES_128_CBC_SHA256, TLS_DHE_RSA_WITH_AES_128_CBC_SHA256, TLS_DHE_DSS_WITH_AES_128_CBC_SHA256, TLS_ECDHE_ECDSA_WITH_AES_128_CBC_SHA, TLS_ECDHE_RSA_WITH_AES_128_CBC_SHA, TLS_RSA_WITH_AES_128_CBC_SHA, TLS_ECDH_ECDSA_WITH_AES_128_CBC_SHA, TLS_ECDH_RSA_WITH_AES_128_CBC_SHA, TLS_DHE_RSA_WITH_AES_128_CBC_SHA, TLS_DHE_DSS_WITH_AES_128_CBC_SHA, TLS_ECDHE_ECDSA_WITH_AES_256_GCM_SHA384, TLS_ECDHE_ECDSA_WITH_AES_128_GCM_SHA256, TLS_ECDHE_RSA_WITH_AES_256_GCM_SHA384, TLS_RSA_WITH_AES_256_GCM_SHA384, TLS_ECDH_ECDSA_WITH_AES_256_GCM_SHA384, TLS_ECDH_RSA_WITH_AES_256_GCM_SHA384, TLS_DHE_RSA_WITH_AES_256_GCM_SHA384, TLS_DHE_DSS_WITH_AES_256_GCM_SHA384, TLS_ECDHE_RSA_WITH_AES_128_GCM_SHA256, TLS_RSA_WITH_AES_128_GCM_SHA256, TLS_ECDH_ECDSA_WITH_AES_128_GCM_SHA256, TLS_ECDH_RSA_WITH_AES_128_GCM_SHA256, TLS_DHE_RSA_WITH_AES_128_GCM_SHA256, TLS_DHE_DSS_WITH_AES_128_GCM_SHA256]
11:39:15.135 [pool-1-thread-2] DEBUG karate.org.apache.http.conn.ssl.SSLConnectionSocketFactory - Starting handshake
11:39:15.173 [pool-1-thread-1] DEBUG karate.org.apache.http.conn.ssl.SSLConnectionSocketFactory - Enabled protocols: [TLSv1, TLSv1.1, TLSv1.2]
11:39:15.173 [pool-1-thread-1] DEBUG karate.org.apache.http.conn.ssl.SSLConnectionSocketFactory - Enabled cipher suites:[TLS_ECDHE_ECDSA_WITH_AES_256_CBC_SHA384, TLS_ECDHE_RSA_WITH_AES_256_CBC_SHA384, TLS_RSA_WITH_AES_256_CBC_SHA256, TLS_ECDH_ECDSA_WITH_AES_256_CBC_SHA384, TLS_ECDH_RSA_WITH_AES_256_CBC_SHA384, TLS_DHE_RSA_WITH_AES_256_CBC_SHA256, TLS_DHE_DSS_WITH_AES_256_CBC_SHA256, TLS_ECDHE_ECDSA_WITH_AES_256_CBC_SHA, TLS_ECDHE_RSA_WITH_AES_256_CBC_SHA, TLS_RSA_WITH_AES_256_CBC_SHA, TLS_ECDH_ECDSA_WITH_AES_256_CBC_SHA, TLS_ECDH_RSA_WITH_AES_256_CBC_SHA, TLS_DHE_RSA_WITH_AES_256_CBC_SHA, TLS_DHE_DSS_WITH_AES_256_CBC_SHA, TLS_ECDHE_ECDSA_WITH_AES_128_CBC_SHA256, TLS_ECDHE_RSA_WITH_AES_128_CBC_SHA256, TLS_RSA_WITH_AES_128_CBC_SHA256, TLS_ECDH_ECDSA_WITH_AES_128_CBC_SHA256, TLS_ECDH_RSA_WITH_AES_128_CBC_SHA256, TLS_DHE_RSA_WITH_AES_128_CBC_SHA256, TLS_DHE_DSS_WITH_AES_128_CBC_SHA256, TLS_ECDHE_ECDSA_WITH_AES_128_CBC_SHA, TLS_ECDHE_RSA_WITH_AES_128_CBC_SHA, TLS_RSA_WITH_AES_128_CBC_SHA, TLS_ECDH_ECDSA_WITH_AES_128_CBC_SHA, TLS_ECDH_RSA_WITH_AES_128_CBC_SHA, TLS_DHE_RSA_WITH_AES_128_CBC_SHA, TLS_DHE_DSS_WITH_AES_128_CBC_SHA, TLS_ECDHE_ECDSA_WITH_AES_256_GCM_SHA384, TLS_ECDHE_ECDSA_WITH_AES_128_GCM_SHA256, TLS_ECDHE_RSA_WITH_AES_256_GCM_SHA384, TLS_RSA_WITH_AES_256_GCM_SHA384, TLS_ECDH_ECDSA_WITH_AES_256_GCM_SHA384, TLS_ECDH_RSA_WITH_AES_256_GCM_SHA384, TLS_DHE_RSA_WITH_AES_256_GCM_SHA384, TLS_DHE_DSS_WITH_AES_256_GCM_SHA384, TLS_ECDHE_RSA_WITH_AES_128_GCM_SHA256, TLS_RSA_WITH_AES_128_GCM_SHA256, TLS_ECDH_ECDSA_WITH_AES_128_GCM_SHA256, TLS_ECDH_RSA_WITH_AES_128_GCM_SHA256, TLS_DHE_RSA_WITH_AES_128_GCM_SHA256, TLS_DHE_DSS_WITH_AES_128_GCM_SHA256]
11:39:15.173 [pool-1-thread-1] DEBUG karate.org.apache.http.conn.ssl.SSLConnectionSocketFactory - Starting handshake
11:39:15.247 [pool-1-thread-2] DEBUG karate.org.apache.http.conn.ssl.SSLConnectionSocketFactory - Secure session established
11:39:15.247 [pool-1-thread-2] DEBUG karate.org.apache.http.conn.ssl.SSLConnectionSocketFactory -  negotiated protocol: TLSv1.2
11:39:15.247 [pool-1-thread-2] DEBUG karate.org.apache.http.conn.ssl.SSLConnectionSocketFactory -  negotiated cipher suite: TLS_ECDHE_RSA_WITH_AES_128_GCM_SHA256
11:39:15.247 [pool-1-thread-2] DEBUG karate.org.apache.http.conn.ssl.SSLConnectionSocketFactory -  peer principal: CN=ops.enerbit.dev
11:39:15.247 [pool-1-thread-2] DEBUG karate.org.apache.http.conn.ssl.SSLConnectionSocketFactory -  peer alternative names: [ops.enerbit.dev]
11:39:15.247 [pool-1-thread-2] DEBUG karate.org.apache.http.conn.ssl.SSLConnectionSocketFactory -  issuer principal: CN=R3, O=Let's Encrypt, C=US
11:39:15.247 [pool-1-thread-2] DEBUG karate.org.apache.http.impl.conn.DefaultHttpClientConnectionOperator - Connection established 192.168.1.4:56905<->20.65.19.185:443
11:39:15.247 [pool-1-thread-2] DEBUG karate.org.apache.http.impl.conn.DefaultManagedHttpClientConnection - http-outgoing-4: set socket timeout to 30000
11:39:15.248 [pool-1-thread-2] DEBUG karate.org.apache.http.impl.execchain.MainClientExec - Executing request DELETE /learning/api/v1/meters/invalid%20data HTTP/1.1
11:39:15.248 [pool-1-thread-2] DEBUG karate.org.apache.http.impl.execchain.MainClientExec - Target auth state: UNCHALLENGED
11:39:15.248 [pool-1-thread-2] DEBUG karate.org.apache.http.impl.execchain.MainClientExec - Proxy auth state: UNCHALLENGED
11:39:15.248 [pool-1-thread-2] DEBUG karate.org.apache.http.headers - http-outgoing-4 >> DELETE /learning/api/v1/meters/invalid%20data HTTP/1.1
11:39:15.248 [pool-1-thread-2] DEBUG karate.org.apache.http.headers - http-outgoing-4 >> Host: ops.enerbit.dev
11:39:15.248 [pool-1-thread-2] DEBUG karate.org.apache.http.headers - http-outgoing-4 >> Connection: Keep-Alive
11:39:15.248 [pool-1-thread-2] DEBUG karate.org.apache.http.headers - http-outgoing-4 >> User-Agent: Apache-HttpClient/4.5.13 (Java/1.8.0_202)
11:39:15.248 [pool-1-thread-2] DEBUG karate.org.apache.http.headers - http-outgoing-4 >> Accept-Encoding: gzip,deflate
11:39:15.248 [pool-1-thread-2] DEBUG karate.org.apache.http.wire - http-outgoing-4 >> "DELETE /learning/api/v1/meters/invalid%20data HTTP/1.1[\r][\n]"
11:39:15.248 [pool-1-thread-2] DEBUG karate.org.apache.http.wire - http-outgoing-4 >> "Host: ops.enerbit.dev[\r][\n]"
11:39:15.248 [pool-1-thread-2] DEBUG karate.org.apache.http.wire - http-outgoing-4 >> "Connection: Keep-Alive[\r][\n]"
11:39:15.248 [pool-1-thread-2] DEBUG karate.org.apache.http.wire - http-outgoing-4 >> "User-Agent: Apache-HttpClient/4.5.13 (Java/1.8.0_202)[\r][\n]"
11:39:15.248 [pool-1-thread-2] DEBUG karate.org.apache.http.wire - http-outgoing-4 >> "Accept-Encoding: gzip,deflate[\r][\n]"
11:39:15.248 [pool-1-thread-2] DEBUG karate.org.apache.http.wire - http-outgoing-4 >> "[\r][\n]"
11:39:15.275 [pool-1-thread-1] DEBUG karate.org.apache.http.conn.ssl.SSLConnectionSocketFactory - Secure session established
11:39:15.276 [pool-1-thread-1] DEBUG karate.org.apache.http.conn.ssl.SSLConnectionSocketFactory -  negotiated protocol: TLSv1.2
11:39:15.276 [pool-1-thread-1] DEBUG karate.org.apache.http.conn.ssl.SSLConnectionSocketFactory -  negotiated cipher suite: TLS_ECDHE_RSA_WITH_AES_128_GCM_SHA256
11:39:15.276 [pool-1-thread-1] DEBUG karate.org.apache.http.conn.ssl.SSLConnectionSocketFactory -  peer principal: CN=ops.enerbit.dev
11:39:15.276 [pool-1-thread-1] DEBUG karate.org.apache.http.conn.ssl.SSLConnectionSocketFactory -  peer alternative names: [ops.enerbit.dev]
11:39:15.276 [pool-1-thread-1] DEBUG karate.org.apache.http.conn.ssl.SSLConnectionSocketFactory -  issuer principal: CN=R3, O=Let's Encrypt, C=US
11:39:15.276 [pool-1-thread-1] DEBUG karate.org.apache.http.impl.conn.DefaultHttpClientConnectionOperator - Connection established 192.168.1.4:56906<->20.65.19.185:443
11:39:15.276 [pool-1-thread-1] DEBUG karate.org.apache.http.impl.conn.DefaultManagedHttpClientConnection - http-outgoing-5: set socket timeout to 30000
11:39:15.276 [pool-1-thread-1] DEBUG karate.org.apache.http.impl.execchain.MainClientExec - Executing request POST /learning/api/v1/meters HTTP/1.1
11:39:15.276 [pool-1-thread-1] DEBUG karate.org.apache.http.impl.execchain.MainClientExec - Target auth state: UNCHALLENGED
11:39:15.276 [pool-1-thread-1] DEBUG karate.org.apache.http.impl.execchain.MainClientExec - Proxy auth state: UNCHALLENGED
11:39:15.276 [pool-1-thread-1] DEBUG karate.org.apache.http.headers - http-outgoing-5 >> POST /learning/api/v1/meters HTTP/1.1
11:39:15.277 [pool-1-thread-1] DEBUG karate.org.apache.http.headers - http-outgoing-5 >> Content-Type: application/json; charset=UTF-8
11:39:15.277 [pool-1-thread-1] DEBUG karate.org.apache.http.headers - http-outgoing-5 >> Content-Length: 251
11:39:15.277 [pool-1-thread-1] DEBUG karate.org.apache.http.headers - http-outgoing-5 >> Host: ops.enerbit.dev
11:39:15.277 [pool-1-thread-1] DEBUG karate.org.apache.http.headers - http-outgoing-5 >> Connection: Keep-Alive
11:39:15.277 [pool-1-thread-1] DEBUG karate.org.apache.http.headers - http-outgoing-5 >> User-Agent: Apache-HttpClient/4.5.13 (Java/1.8.0_202)
11:39:15.277 [pool-1-thread-1] DEBUG karate.org.apache.http.headers - http-outgoing-5 >> Accept-Encoding: gzip,deflate
11:39:15.277 [pool-1-thread-1] DEBUG karate.org.apache.http.wire - http-outgoing-5 >> "POST /learning/api/v1/meters HTTP/1.1[\r][\n]"
11:39:15.277 [pool-1-thread-1] DEBUG karate.org.apache.http.wire - http-outgoing-5 >> "Content-Type: application/json; charset=UTF-8[\r][\n]"
11:39:15.277 [pool-1-thread-1] DEBUG karate.org.apache.http.wire - http-outgoing-5 >> "Content-Length: 251[\r][\n]"
11:39:15.277 [pool-1-thread-1] DEBUG karate.org.apache.http.wire - http-outgoing-5 >> "Host: ops.enerbit.dev[\r][\n]"
11:39:15.277 [pool-1-thread-1] DEBUG karate.org.apache.http.wire - http-outgoing-5 >> "Connection: Keep-Alive[\r][\n]"
11:39:15.277 [pool-1-thread-1] DEBUG karate.org.apache.http.wire - http-outgoing-5 >> "User-Agent: Apache-HttpClient/4.5.13 (Java/1.8.0_202)[\r][\n]"
11:39:15.277 [pool-1-thread-1] DEBUG karate.org.apache.http.wire - http-outgoing-5 >> "Accept-Encoding: gzip,deflate[\r][\n]"
11:39:15.277 [pool-1-thread-1] DEBUG karate.org.apache.http.wire - http-outgoing-5 >> "[\r][\n]"
11:39:15.277 [pool-1-thread-1] DEBUG karate.org.apache.http.wire - http-outgoing-5 >> "{"serial":"3424234233kj","connection_type":"directa","storage_system":"interno","condition":"nuevo","owner":"RF","location":"Almacen ","manufacturer":"yes","purchase":"2022-07-28 03:08:49.340514","i_max":6345.654,"i_b":21.5,"i_n":876.5,"seals":545.65}"
11:39:15.336 [pool-1-thread-2] DEBUG karate.org.apache.http.wire - http-outgoing-4 << "HTTP/1.1 422 Unprocessable Entity[\r][\n]"
11:39:15.336 [pool-1-thread-2] DEBUG karate.org.apache.http.wire - http-outgoing-4 << "Date: Sun, 02 Jul 2023 16:39:15 GMT[\r][\n]"
11:39:15.336 [pool-1-thread-2] DEBUG karate.org.apache.http.wire - http-outgoing-4 << "Content-Type: application/json[\r][\n]"
11:39:15.336 [pool-1-thread-2] DEBUG karate.org.apache.http.wire - http-outgoing-4 << "Content-Length: 99[\r][\n]"
11:39:15.336 [pool-1-thread-2] DEBUG karate.org.apache.http.wire - http-outgoing-4 << "Connection: keep-alive[\r][\n]"
11:39:15.336 [pool-1-thread-2] DEBUG karate.org.apache.http.wire - http-outgoing-4 << "Strict-Transport-Security: max-age=15724800; includeSubDomains[\r][\n]"
11:39:15.336 [pool-1-thread-2] DEBUG karate.org.apache.http.wire - http-outgoing-4 << "Access-Control-Allow-Origin: *[\r][\n]"
11:39:15.336 [pool-1-thread-2] DEBUG karate.org.apache.http.wire - http-outgoing-4 << "Access-Control-Allow-Credentials: true[\r][\n]"
11:39:15.336 [pool-1-thread-2] DEBUG karate.org.apache.http.wire - http-outgoing-4 << "Access-Control-Allow-Methods: GET, PUT, POST, DELETE, PATCH, OPTIONS[\r][\n]"
11:39:15.336 [pool-1-thread-2] DEBUG karate.org.apache.http.wire - http-outgoing-4 << "Access-Control-Allow-Headers: DNT,Keep-Alive,User-Agent,X-Requested-With,If-Modified-Since,Cache-Control,Content-Type,Range,Authorization[\r][\n]"
11:39:15.336 [pool-1-thread-2] DEBUG karate.org.apache.http.wire - http-outgoing-4 << "Access-Control-Max-Age: 1728000[\r][\n]"
11:39:15.336 [pool-1-thread-2] DEBUG karate.org.apache.http.wire - http-outgoing-4 << "[\r][\n]"
11:39:15.336 [pool-1-thread-2] DEBUG karate.org.apache.http.wire - http-outgoing-4 << "{"detail":[{"loc":["path","id"],"msg":"value is not a valid integer","type":"type_error.integer"}]}"
11:39:15.337 [pool-1-thread-2] DEBUG karate.org.apache.http.headers - http-outgoing-4 << HTTP/1.1 422 Unprocessable Entity
11:39:15.337 [pool-1-thread-2] DEBUG karate.org.apache.http.headers - http-outgoing-4 << Date: Sun, 02 Jul 2023 16:39:15 GMT
11:39:15.337 [pool-1-thread-2] DEBUG karate.org.apache.http.headers - http-outgoing-4 << Content-Type: application/json
11:39:15.337 [pool-1-thread-2] DEBUG karate.org.apache.http.headers - http-outgoing-4 << Content-Length: 99
11:39:15.337 [pool-1-thread-2] DEBUG karate.org.apache.http.headers - http-outgoing-4 << Connection: keep-alive
11:39:15.337 [pool-1-thread-2] DEBUG karate.org.apache.http.headers - http-outgoing-4 << Strict-Transport-Security: max-age=15724800; includeSubDomains
11:39:15.337 [pool-1-thread-2] DEBUG karate.org.apache.http.headers - http-outgoing-4 << Access-Control-Allow-Origin: *
11:39:15.337 [pool-1-thread-2] DEBUG karate.org.apache.http.headers - http-outgoing-4 << Access-Control-Allow-Credentials: true
11:39:15.337 [pool-1-thread-2] DEBUG karate.org.apache.http.headers - http-outgoing-4 << Access-Control-Allow-Methods: GET, PUT, POST, DELETE, PATCH, OPTIONS
11:39:15.337 [pool-1-thread-2] DEBUG karate.org.apache.http.headers - http-outgoing-4 << Access-Control-Allow-Headers: DNT,Keep-Alive,User-Agent,X-Requested-With,If-Modified-Since,Cache-Control,Content-Type,Range,Authorization
11:39:15.337 [pool-1-thread-2] DEBUG karate.org.apache.http.headers - http-outgoing-4 << Access-Control-Max-Age: 1728000
11:39:15.337 [pool-1-thread-2] DEBUG karate.org.apache.http.impl.execchain.MainClientExec - Connection can be kept alive indefinitely
11:39:15.337 [pool-1-thread-2] DEBUG karate.org.apache.http.impl.conn.PoolingHttpClientConnectionManager - Connection [id: 4][route: {s}->https://ops.enerbit.dev:443] can be kept alive indefinitely
11:39:15.338 [pool-1-thread-2] DEBUG karate.org.apache.http.impl.conn.DefaultManagedHttpClientConnection - http-outgoing-4: set socket timeout to 0
11:39:15.338 [pool-1-thread-2] DEBUG karate.org.apache.http.impl.conn.PoolingHttpClientConnectionManager - Connection released: [id: 4][route: {s}->https://ops.enerbit.dev:443][total available: 1; route allocated: 1 of 5; total allocated: 1 of 10]
11:39:15.338 [pool-1-thread-2] DEBUG com.intuit.karate - response time in milliseconds: 286
1 < 422
1 < Date: Sun, 02 Jul 2023 16:39:15 GMT
1 < Content-Type: application/json
1 < Content-Length: 99
1 < Connection: keep-alive
1 < Strict-Transport-Security: max-age=15724800; includeSubDomains
1 < Access-Control-Allow-Origin: *
1 < Access-Control-Allow-Credentials: true
1 < Access-Control-Allow-Methods: GET, PUT, POST, DELETE, PATCH, OPTIONS
1 < Access-Control-Allow-Headers: DNT,Keep-Alive,User-Agent,X-Requested-With,If-Modified-Since,Cache-Control,Content-Type,Range,Authorization
1 < Access-Control-Max-Age: 1728000
{"detail":[{"loc":["path","id"],"msg":"value is not a valid integer","type":"type_error.integer"}]}

11:39:15.343 [pool-2-thread-1] DEBUG com.jayway.jsonpath.internal.path.CompiledPath - Evaluating path: $
11:39:15.346 [pool-1-thread-2] DEBUG karate.org.apache.http.client.protocol.RequestAddCookies - CookieSpec selected: karate
11:39:15.347 [pool-1-thread-2] DEBUG karate.org.apache.http.client.protocol.RequestAuthCache - Auth cache not set in the context
11:39:15.347 [pool-1-thread-2] DEBUG com.intuit.karate - request:
1 > GET https://ops.enerbit.dev/learning/api/v1/meters/-4
1 > Host: ops.enerbit.dev
1 > Connection: Keep-Alive
1 > User-Agent: Apache-HttpClient/4.5.13 (Java/1.8.0_202)
1 > Accept-Encoding: gzip,deflate


11:39:15.347 [pool-1-thread-2] DEBUG karate.org.apache.http.impl.conn.PoolingHttpClientConnectionManager - Connection request: [route: {s}->https://ops.enerbit.dev:443][total available: 0; route allocated: 0 of 5; total allocated: 0 of 10]
11:39:15.348 [pool-1-thread-2] DEBUG karate.org.apache.http.impl.conn.PoolingHttpClientConnectionManager - Connection leased: [id: 6][route: {s}->https://ops.enerbit.dev:443][total available: 0; route allocated: 1 of 5; total allocated: 1 of 10]
11:39:15.348 [pool-1-thread-2] DEBUG karate.org.apache.http.impl.execchain.MainClientExec - Opening connection {s}->https://ops.enerbit.dev:443
11:39:15.348 [pool-1-thread-2] DEBUG karate.org.apache.http.impl.conn.DefaultHttpClientConnectionOperator - Connecting to ops.enerbit.dev/20.65.19.185:443
11:39:15.348 [pool-1-thread-2] DEBUG karate.org.apache.http.conn.ssl.SSLConnectionSocketFactory - Connecting socket to ops.enerbit.dev/20.65.19.185:443 with timeout 30000
11:39:15.356 [pool-2-thread-1] DEBUG com.jayway.jsonpath.internal.path.CompiledPath - Evaluating path: $
11:39:15.408 [pool-2-thread-1] DEBUG karate.org.thymeleaf.TemplateEngine - [THYMELEAF] INITIALIZING TEMPLATE ENGINE
11:39:15.423 [pool-1-thread-1] DEBUG karate.org.apache.http.wire - http-outgoing-5 << "HTTP/1.1 201 Created[\r][\n]"
11:39:15.423 [pool-1-thread-1] DEBUG karate.org.apache.http.wire - http-outgoing-5 << "Date: Sun, 02 Jul 2023 16:39:15 GMT[\r][\n]"
11:39:15.423 [pool-1-thread-1] DEBUG karate.org.apache.http.wire - http-outgoing-5 << "Content-Type: application/json[\r][\n]"
11:39:15.423 [pool-1-thread-1] DEBUG karate.org.apache.http.wire - http-outgoing-5 << "Content-Length: 320[\r][\n]"
11:39:15.423 [pool-1-thread-1] DEBUG karate.org.apache.http.wire - http-outgoing-5 << "Connection: keep-alive[\r][\n]"
11:39:15.423 [pool-1-thread-1] DEBUG karate.org.apache.http.wire - http-outgoing-5 << "Strict-Transport-Security: max-age=15724800; includeSubDomains[\r][\n]"
11:39:15.423 [pool-1-thread-1] DEBUG karate.org.apache.http.wire - http-outgoing-5 << "Access-Control-Allow-Origin: *[\r][\n]"
11:39:15.423 [pool-1-thread-1] DEBUG karate.org.apache.http.wire - http-outgoing-5 << "Access-Control-Allow-Credentials: true[\r][\n]"
11:39:15.423 [pool-1-thread-1] DEBUG karate.org.apache.http.wire - http-outgoing-5 << "Access-Control-Allow-Methods: GET, PUT, POST, DELETE, PATCH, OPTIONS[\r][\n]"
11:39:15.424 [pool-1-thread-1] DEBUG karate.org.apache.http.wire - http-outgoing-5 << "Access-Control-Allow-Headers: DNT,Keep-Alive,User-Agent,X-Requested-With,If-Modified-Since,Cache-Control,Content-Type,Range,Authorization[\r][\n]"
11:39:15.424 [pool-1-thread-1] DEBUG karate.org.apache.http.wire - http-outgoing-5 << "Access-Control-Max-Age: 1728000[\r][\n]"
11:39:15.424 [pool-1-thread-1] DEBUG karate.org.apache.http.wire - http-outgoing-5 << "[\r][\n]"
11:39:15.424 [pool-1-thread-1] DEBUG karate.org.apache.http.wire - http-outgoing-5 << "{"serial":"3424234233kj","connection_type":"directa","storage_system":"interno","condition":"nuevo","owner":"RF","location":"Almacen ","manufacturer":"yes","purchase":"2022-07-28 03:08:49.340514","i_max":6345.654,"i_b":21.5,"i_n":876.5,"seals":545.65,"id":414,"created_at":"2023-07-02T16:39:15.907217","updated_at":null}"
11:39:15.424 [pool-1-thread-1] DEBUG karate.org.apache.http.headers - http-outgoing-5 << HTTP/1.1 201 Created
11:39:15.424 [pool-1-thread-1] DEBUG karate.org.apache.http.headers - http-outgoing-5 << Date: Sun, 02 Jul 2023 16:39:15 GMT
11:39:15.424 [pool-1-thread-1] DEBUG karate.org.apache.http.headers - http-outgoing-5 << Content-Type: application/json
11:39:15.424 [pool-1-thread-1] DEBUG karate.org.apache.http.headers - http-outgoing-5 << Content-Length: 320
11:39:15.424 [pool-1-thread-1] DEBUG karate.org.apache.http.headers - http-outgoing-5 << Connection: keep-alive
11:39:15.424 [pool-1-thread-1] DEBUG karate.org.apache.http.headers - http-outgoing-5 << Strict-Transport-Security: max-age=15724800; includeSubDomains
11:39:15.424 [pool-1-thread-1] DEBUG karate.org.apache.http.headers - http-outgoing-5 << Access-Control-Allow-Origin: *
11:39:15.424 [pool-1-thread-1] DEBUG karate.org.apache.http.headers - http-outgoing-5 << Access-Control-Allow-Credentials: true
11:39:15.424 [pool-1-thread-1] DEBUG karate.org.apache.http.headers - http-outgoing-5 << Access-Control-Allow-Methods: GET, PUT, POST, DELETE, PATCH, OPTIONS
11:39:15.424 [pool-1-thread-1] DEBUG karate.org.apache.http.headers - http-outgoing-5 << Access-Control-Allow-Headers: DNT,Keep-Alive,User-Agent,X-Requested-With,If-Modified-Since,Cache-Control,Content-Type,Range,Authorization
11:39:15.424 [pool-1-thread-1] DEBUG karate.org.apache.http.headers - http-outgoing-5 << Access-Control-Max-Age: 1728000
11:39:15.424 [pool-1-thread-1] DEBUG karate.org.apache.http.impl.execchain.MainClientExec - Connection can be kept alive indefinitely
11:39:15.425 [pool-1-thread-1] DEBUG karate.org.apache.http.impl.conn.PoolingHttpClientConnectionManager - Connection [id: 5][route: {s}->https://ops.enerbit.dev:443] can be kept alive indefinitely
11:39:15.425 [pool-1-thread-1] DEBUG karate.org.apache.http.impl.conn.DefaultManagedHttpClientConnection - http-outgoing-5: set socket timeout to 0
11:39:15.425 [pool-1-thread-1] DEBUG karate.org.apache.http.impl.conn.PoolingHttpClientConnectionManager - Connection released: [id: 5][route: {s}->https://ops.enerbit.dev:443][total available: 1; route allocated: 1 of 5; total allocated: 1 of 10]
11:39:15.425 [pool-1-thread-1] DEBUG com.intuit.karate - response time in milliseconds: 335
1 < 201
1 < Date: Sun, 02 Jul 2023 16:39:15 GMT
1 < Content-Type: application/json
1 < Content-Length: 320
1 < Connection: keep-alive
1 < Strict-Transport-Security: max-age=15724800; includeSubDomains
1 < Access-Control-Allow-Origin: *
1 < Access-Control-Allow-Credentials: true
1 < Access-Control-Allow-Methods: GET, PUT, POST, DELETE, PATCH, OPTIONS
1 < Access-Control-Allow-Headers: DNT,Keep-Alive,User-Agent,X-Requested-With,If-Modified-Since,Cache-Control,Content-Type,Range,Authorization
1 < Access-Control-Max-Age: 1728000
{"serial":"3424234233kj","connection_type":"directa","storage_system":"interno","condition":"nuevo","owner":"RF","location":"Almacen ","manufacturer":"yes","purchase":"2022-07-28 03:08:49.340514","i_max":6345.654,"i_b":21.5,"i_n":876.5,"seals":545.65,"id":414,"created_at":"2023-07-02T16:39:15.907217","updated_at":null}

11:39:15.427 [pool-1-thread-1] DEBUG com.jayway.jsonpath.internal.path.CompiledPath - Evaluating path: $['id']
11:39:15.430 [pool-1-thread-2] DEBUG karate.org.apache.http.conn.ssl.SSLConnectionSocketFactory - Enabled protocols: [TLSv1, TLSv1.1, TLSv1.2]
11:39:15.430 [pool-1-thread-2] DEBUG karate.org.apache.http.conn.ssl.SSLConnectionSocketFactory - Enabled cipher suites:[TLS_ECDHE_ECDSA_WITH_AES_256_CBC_SHA384, TLS_ECDHE_RSA_WITH_AES_256_CBC_SHA384, TLS_RSA_WITH_AES_256_CBC_SHA256, TLS_ECDH_ECDSA_WITH_AES_256_CBC_SHA384, TLS_ECDH_RSA_WITH_AES_256_CBC_SHA384, TLS_DHE_RSA_WITH_AES_256_CBC_SHA256, TLS_DHE_DSS_WITH_AES_256_CBC_SHA256, TLS_ECDHE_ECDSA_WITH_AES_256_CBC_SHA, TLS_ECDHE_RSA_WITH_AES_256_CBC_SHA, TLS_RSA_WITH_AES_256_CBC_SHA, TLS_ECDH_ECDSA_WITH_AES_256_CBC_SHA, TLS_ECDH_RSA_WITH_AES_256_CBC_SHA, TLS_DHE_RSA_WITH_AES_256_CBC_SHA, TLS_DHE_DSS_WITH_AES_256_CBC_SHA, TLS_ECDHE_ECDSA_WITH_AES_128_CBC_SHA256, TLS_ECDHE_RSA_WITH_AES_128_CBC_SHA256, TLS_RSA_WITH_AES_128_CBC_SHA256, TLS_ECDH_ECDSA_WITH_AES_128_CBC_SHA256, TLS_ECDH_RSA_WITH_AES_128_CBC_SHA256, TLS_DHE_RSA_WITH_AES_128_CBC_SHA256, TLS_DHE_DSS_WITH_AES_128_CBC_SHA256, TLS_ECDHE_ECDSA_WITH_AES_128_CBC_SHA, TLS_ECDHE_RSA_WITH_AES_128_CBC_SHA, TLS_RSA_WITH_AES_128_CBC_SHA, TLS_ECDH_ECDSA_WITH_AES_128_CBC_SHA, TLS_ECDH_RSA_WITH_AES_128_CBC_SHA, TLS_DHE_RSA_WITH_AES_128_CBC_SHA, TLS_DHE_DSS_WITH_AES_128_CBC_SHA, TLS_ECDHE_ECDSA_WITH_AES_256_GCM_SHA384, TLS_ECDHE_ECDSA_WITH_AES_128_GCM_SHA256, TLS_ECDHE_RSA_WITH_AES_256_GCM_SHA384, TLS_RSA_WITH_AES_256_GCM_SHA384, TLS_ECDH_ECDSA_WITH_AES_256_GCM_SHA384, TLS_ECDH_RSA_WITH_AES_256_GCM_SHA384, TLS_DHE_RSA_WITH_AES_256_GCM_SHA384, TLS_DHE_DSS_WITH_AES_256_GCM_SHA384, TLS_ECDHE_RSA_WITH_AES_128_GCM_SHA256, TLS_RSA_WITH_AES_128_GCM_SHA256, TLS_ECDH_ECDSA_WITH_AES_128_GCM_SHA256, TLS_ECDH_RSA_WITH_AES_128_GCM_SHA256, TLS_DHE_RSA_WITH_AES_128_GCM_SHA256, TLS_DHE_DSS_WITH_AES_128_GCM_SHA256]
11:39:15.430 [pool-1-thread-2] DEBUG karate.org.apache.http.conn.ssl.SSLConnectionSocketFactory - Starting handshake
11:39:15.432 [pool-1-thread-1] DEBUG karate.org.apache.http.client.protocol.RequestAddCookies - CookieSpec selected: karate
11:39:15.433 [pool-1-thread-1] DEBUG karate.org.apache.http.client.protocol.RequestAuthCache - Auth cache not set in the context
11:39:15.433 [pool-1-thread-1] DEBUG com.intuit.karate - request:
2 > GET https://ops.enerbit.dev/learning/api/v1/meters/414
2 > Host: ops.enerbit.dev
2 > Connection: Keep-Alive
2 > User-Agent: Apache-HttpClient/4.5.13 (Java/1.8.0_202)
2 > Accept-Encoding: gzip,deflate


11:39:15.433 [pool-1-thread-1] DEBUG karate.org.apache.http.impl.conn.PoolingHttpClientConnectionManager - Connection request: [route: {s}->https://ops.enerbit.dev:443][total available: 0; route allocated: 0 of 5; total allocated: 0 of 10]
11:39:15.433 [pool-1-thread-1] DEBUG karate.org.apache.http.impl.conn.PoolingHttpClientConnectionManager - Connection leased: [id: 7][route: {s}->https://ops.enerbit.dev:443][total available: 0; route allocated: 1 of 5; total allocated: 1 of 10]
11:39:15.433 [pool-1-thread-1] DEBUG karate.org.apache.http.impl.execchain.MainClientExec - Opening connection {s}->https://ops.enerbit.dev:443
11:39:15.434 [pool-1-thread-1] DEBUG karate.org.apache.http.impl.conn.DefaultHttpClientConnectionOperator - Connecting to ops.enerbit.dev/20.65.19.185:443
11:39:15.434 [pool-1-thread-1] DEBUG karate.org.apache.http.conn.ssl.SSLConnectionSocketFactory - Connecting socket to ops.enerbit.dev/20.65.19.185:443 with timeout 30000
11:39:15.514 [pool-1-thread-1] DEBUG karate.org.apache.http.conn.ssl.SSLConnectionSocketFactory - Enabled protocols: [TLSv1, TLSv1.1, TLSv1.2]
11:39:15.514 [pool-1-thread-1] DEBUG karate.org.apache.http.conn.ssl.SSLConnectionSocketFactory - Enabled cipher suites:[TLS_ECDHE_ECDSA_WITH_AES_256_CBC_SHA384, TLS_ECDHE_RSA_WITH_AES_256_CBC_SHA384, TLS_RSA_WITH_AES_256_CBC_SHA256, TLS_ECDH_ECDSA_WITH_AES_256_CBC_SHA384, TLS_ECDH_RSA_WITH_AES_256_CBC_SHA384, TLS_DHE_RSA_WITH_AES_256_CBC_SHA256, TLS_DHE_DSS_WITH_AES_256_CBC_SHA256, TLS_ECDHE_ECDSA_WITH_AES_256_CBC_SHA, TLS_ECDHE_RSA_WITH_AES_256_CBC_SHA, TLS_RSA_WITH_AES_256_CBC_SHA, TLS_ECDH_ECDSA_WITH_AES_256_CBC_SHA, TLS_ECDH_RSA_WITH_AES_256_CBC_SHA, TLS_DHE_RSA_WITH_AES_256_CBC_SHA, TLS_DHE_DSS_WITH_AES_256_CBC_SHA, TLS_ECDHE_ECDSA_WITH_AES_128_CBC_SHA256, TLS_ECDHE_RSA_WITH_AES_128_CBC_SHA256, TLS_RSA_WITH_AES_128_CBC_SHA256, TLS_ECDH_ECDSA_WITH_AES_128_CBC_SHA256, TLS_ECDH_RSA_WITH_AES_128_CBC_SHA256, TLS_DHE_RSA_WITH_AES_128_CBC_SHA256, TLS_DHE_DSS_WITH_AES_128_CBC_SHA256, TLS_ECDHE_ECDSA_WITH_AES_128_CBC_SHA, TLS_ECDHE_RSA_WITH_AES_128_CBC_SHA, TLS_RSA_WITH_AES_128_CBC_SHA, TLS_ECDH_ECDSA_WITH_AES_128_CBC_SHA, TLS_ECDH_RSA_WITH_AES_128_CBC_SHA, TLS_DHE_RSA_WITH_AES_128_CBC_SHA, TLS_DHE_DSS_WITH_AES_128_CBC_SHA, TLS_ECDHE_ECDSA_WITH_AES_256_GCM_SHA384, TLS_ECDHE_ECDSA_WITH_AES_128_GCM_SHA256, TLS_ECDHE_RSA_WITH_AES_256_GCM_SHA384, TLS_RSA_WITH_AES_256_GCM_SHA384, TLS_ECDH_ECDSA_WITH_AES_256_GCM_SHA384, TLS_ECDH_RSA_WITH_AES_256_GCM_SHA384, TLS_DHE_RSA_WITH_AES_256_GCM_SHA384, TLS_DHE_DSS_WITH_AES_256_GCM_SHA384, TLS_ECDHE_RSA_WITH_AES_128_GCM_SHA256, TLS_RSA_WITH_AES_128_GCM_SHA256, TLS_ECDH_ECDSA_WITH_AES_128_GCM_SHA256, TLS_ECDH_RSA_WITH_AES_128_GCM_SHA256, TLS_DHE_RSA_WITH_AES_128_GCM_SHA256, TLS_DHE_DSS_WITH_AES_128_GCM_SHA256]
11:39:15.514 [pool-1-thread-1] DEBUG karate.org.apache.http.conn.ssl.SSLConnectionSocketFactory - Starting handshake
11:39:15.577 [pool-1-thread-2] DEBUG karate.org.apache.http.conn.ssl.SSLConnectionSocketFactory - Secure session established
11:39:15.577 [pool-1-thread-2] DEBUG karate.org.apache.http.conn.ssl.SSLConnectionSocketFactory -  negotiated protocol: TLSv1.2
11:39:15.577 [pool-1-thread-2] DEBUG karate.org.apache.http.conn.ssl.SSLConnectionSocketFactory -  negotiated cipher suite: TLS_ECDHE_RSA_WITH_AES_128_GCM_SHA256
11:39:15.577 [pool-1-thread-2] DEBUG karate.org.apache.http.conn.ssl.SSLConnectionSocketFactory -  peer principal: CN=ops.enerbit.dev
11:39:15.577 [pool-1-thread-2] DEBUG karate.org.apache.http.conn.ssl.SSLConnectionSocketFactory -  peer alternative names: [ops.enerbit.dev]
11:39:15.577 [pool-1-thread-2] DEBUG karate.org.apache.http.conn.ssl.SSLConnectionSocketFactory -  issuer principal: CN=R3, O=Let's Encrypt, C=US
11:39:15.577 [pool-1-thread-2] DEBUG karate.org.apache.http.impl.conn.DefaultHttpClientConnectionOperator - Connection established 192.168.1.4:56907<->20.65.19.185:443
11:39:15.577 [pool-1-thread-2] DEBUG karate.org.apache.http.impl.conn.DefaultManagedHttpClientConnection - http-outgoing-6: set socket timeout to 30000
11:39:15.577 [pool-1-thread-2] DEBUG karate.org.apache.http.impl.execchain.MainClientExec - Executing request GET /learning/api/v1/meters/-4 HTTP/1.1
11:39:15.577 [pool-1-thread-2] DEBUG karate.org.apache.http.impl.execchain.MainClientExec - Target auth state: UNCHALLENGED
11:39:15.577 [pool-1-thread-2] DEBUG karate.org.apache.http.impl.execchain.MainClientExec - Proxy auth state: UNCHALLENGED
11:39:15.577 [pool-1-thread-2] DEBUG karate.org.apache.http.headers - http-outgoing-6 >> GET /learning/api/v1/meters/-4 HTTP/1.1
11:39:15.577 [pool-1-thread-2] DEBUG karate.org.apache.http.headers - http-outgoing-6 >> Host: ops.enerbit.dev
11:39:15.578 [pool-1-thread-2] DEBUG karate.org.apache.http.headers - http-outgoing-6 >> Connection: Keep-Alive
11:39:15.578 [pool-1-thread-2] DEBUG karate.org.apache.http.headers - http-outgoing-6 >> User-Agent: Apache-HttpClient/4.5.13 (Java/1.8.0_202)
11:39:15.578 [pool-1-thread-2] DEBUG karate.org.apache.http.headers - http-outgoing-6 >> Accept-Encoding: gzip,deflate
11:39:15.578 [pool-1-thread-2] DEBUG karate.org.apache.http.wire - http-outgoing-6 >> "GET /learning/api/v1/meters/-4 HTTP/1.1[\r][\n]"
11:39:15.578 [pool-1-thread-2] DEBUG karate.org.apache.http.wire - http-outgoing-6 >> "Host: ops.enerbit.dev[\r][\n]"
11:39:15.578 [pool-1-thread-2] DEBUG karate.org.apache.http.wire - http-outgoing-6 >> "Connection: Keep-Alive[\r][\n]"
11:39:15.578 [pool-1-thread-2] DEBUG karate.org.apache.http.wire - http-outgoing-6 >> "User-Agent: Apache-HttpClient/4.5.13 (Java/1.8.0_202)[\r][\n]"
11:39:15.578 [pool-1-thread-2] DEBUG karate.org.apache.http.wire - http-outgoing-6 >> "Accept-Encoding: gzip,deflate[\r][\n]"
11:39:15.578 [pool-1-thread-2] DEBUG karate.org.apache.http.wire - http-outgoing-6 >> "[\r][\n]"
11:39:15.623 [pool-1-thread-1] DEBUG karate.org.apache.http.conn.ssl.SSLConnectionSocketFactory - Secure session established
11:39:15.623 [pool-1-thread-1] DEBUG karate.org.apache.http.conn.ssl.SSLConnectionSocketFactory -  negotiated protocol: TLSv1.2
11:39:15.623 [pool-1-thread-1] DEBUG karate.org.apache.http.conn.ssl.SSLConnectionSocketFactory -  negotiated cipher suite: TLS_ECDHE_RSA_WITH_AES_128_GCM_SHA256
11:39:15.623 [pool-1-thread-1] DEBUG karate.org.apache.http.conn.ssl.SSLConnectionSocketFactory -  peer principal: CN=ops.enerbit.dev
11:39:15.623 [pool-1-thread-1] DEBUG karate.org.apache.http.conn.ssl.SSLConnectionSocketFactory -  peer alternative names: [ops.enerbit.dev]
11:39:15.623 [pool-1-thread-1] DEBUG karate.org.apache.http.conn.ssl.SSLConnectionSocketFactory -  issuer principal: CN=R3, O=Let's Encrypt, C=US
11:39:15.623 [pool-1-thread-1] DEBUG karate.org.apache.http.impl.conn.DefaultHttpClientConnectionOperator - Connection established 192.168.1.4:56908<->20.65.19.185:443
11:39:15.623 [pool-1-thread-1] DEBUG karate.org.apache.http.impl.conn.DefaultManagedHttpClientConnection - http-outgoing-7: set socket timeout to 30000
11:39:15.623 [pool-1-thread-1] DEBUG karate.org.apache.http.impl.execchain.MainClientExec - Executing request GET /learning/api/v1/meters/414 HTTP/1.1
11:39:15.623 [pool-1-thread-1] DEBUG karate.org.apache.http.impl.execchain.MainClientExec - Target auth state: UNCHALLENGED
11:39:15.623 [pool-1-thread-1] DEBUG karate.org.apache.http.impl.execchain.MainClientExec - Proxy auth state: UNCHALLENGED
11:39:15.623 [pool-1-thread-1] DEBUG karate.org.apache.http.headers - http-outgoing-7 >> GET /learning/api/v1/meters/414 HTTP/1.1
11:39:15.623 [pool-1-thread-1] DEBUG karate.org.apache.http.headers - http-outgoing-7 >> Host: ops.enerbit.dev
11:39:15.623 [pool-1-thread-1] DEBUG karate.org.apache.http.headers - http-outgoing-7 >> Connection: Keep-Alive
11:39:15.623 [pool-1-thread-1] DEBUG karate.org.apache.http.headers - http-outgoing-7 >> User-Agent: Apache-HttpClient/4.5.13 (Java/1.8.0_202)
11:39:15.623 [pool-1-thread-1] DEBUG karate.org.apache.http.headers - http-outgoing-7 >> Accept-Encoding: gzip,deflate
11:39:15.624 [pool-1-thread-1] DEBUG karate.org.apache.http.wire - http-outgoing-7 >> "GET /learning/api/v1/meters/414 HTTP/1.1[\r][\n]"
11:39:15.624 [pool-1-thread-1] DEBUG karate.org.apache.http.wire - http-outgoing-7 >> "Host: ops.enerbit.dev[\r][\n]"
11:39:15.624 [pool-1-thread-1] DEBUG karate.org.apache.http.wire - http-outgoing-7 >> "Connection: Keep-Alive[\r][\n]"
11:39:15.624 [pool-1-thread-1] DEBUG karate.org.apache.http.wire - http-outgoing-7 >> "User-Agent: Apache-HttpClient/4.5.13 (Java/1.8.0_202)[\r][\n]"
11:39:15.624 [pool-1-thread-1] DEBUG karate.org.apache.http.wire - http-outgoing-7 >> "Accept-Encoding: gzip,deflate[\r][\n]"
11:39:15.624 [pool-1-thread-1] DEBUG karate.org.apache.http.wire - http-outgoing-7 >> "[\r][\n]"
11:39:15.662 [pool-1-thread-2] DEBUG karate.org.apache.http.wire - http-outgoing-6 << "HTTP/1.1 404 Not Found[\r][\n]"
11:39:15.662 [pool-1-thread-2] DEBUG karate.org.apache.http.wire - http-outgoing-6 << "Date: Sun, 02 Jul 2023 16:39:16 GMT[\r][\n]"
11:39:15.663 [pool-1-thread-2] DEBUG karate.org.apache.http.wire - http-outgoing-6 << "Content-Type: application/json[\r][\n]"
11:39:15.663 [pool-1-thread-2] DEBUG karate.org.apache.http.wire - http-outgoing-6 << "Content-Length: 28[\r][\n]"
11:39:15.663 [pool-1-thread-2] DEBUG karate.org.apache.http.wire - http-outgoing-6 << "Connection: keep-alive[\r][\n]"
11:39:15.663 [pool-1-thread-2] DEBUG karate.org.apache.http.wire - http-outgoing-6 << "Strict-Transport-Security: max-age=15724800; includeSubDomains[\r][\n]"
11:39:15.663 [pool-1-thread-2] DEBUG karate.org.apache.http.wire - http-outgoing-6 << "Access-Control-Allow-Origin: *[\r][\n]"
11:39:15.663 [pool-1-thread-2] DEBUG karate.org.apache.http.wire - http-outgoing-6 << "Access-Control-Allow-Credentials: true[\r][\n]"
11:39:15.663 [pool-1-thread-2] DEBUG karate.org.apache.http.wire - http-outgoing-6 << "Access-Control-Allow-Methods: GET, PUT, POST, DELETE, PATCH, OPTIONS[\r][\n]"
11:39:15.663 [pool-1-thread-2] DEBUG karate.org.apache.http.wire - http-outgoing-6 << "Access-Control-Allow-Headers: DNT,Keep-Alive,User-Agent,X-Requested-With,If-Modified-Since,Cache-Control,Content-Type,Range,Authorization[\r][\n]"
11:39:15.663 [pool-1-thread-2] DEBUG karate.org.apache.http.wire - http-outgoing-6 << "Access-Control-Max-Age: 1728000[\r][\n]"
11:39:15.663 [pool-1-thread-2] DEBUG karate.org.apache.http.wire - http-outgoing-6 << "[\r][\n]"
11:39:15.663 [pool-1-thread-2] DEBUG karate.org.apache.http.wire - http-outgoing-6 << "{"detail":"meter not found"}"
11:39:15.663 [pool-1-thread-2] DEBUG karate.org.apache.http.headers - http-outgoing-6 << HTTP/1.1 404 Not Found
11:39:15.663 [pool-1-thread-2] DEBUG karate.org.apache.http.headers - http-outgoing-6 << Date: Sun, 02 Jul 2023 16:39:16 GMT
11:39:15.663 [pool-1-thread-2] DEBUG karate.org.apache.http.headers - http-outgoing-6 << Content-Type: application/json
11:39:15.663 [pool-1-thread-2] DEBUG karate.org.apache.http.headers - http-outgoing-6 << Content-Length: 28
11:39:15.663 [pool-1-thread-2] DEBUG karate.org.apache.http.headers - http-outgoing-6 << Connection: keep-alive
11:39:15.663 [pool-1-thread-2] DEBUG karate.org.apache.http.headers - http-outgoing-6 << Strict-Transport-Security: max-age=15724800; includeSubDomains
11:39:15.663 [pool-1-thread-2] DEBUG karate.org.apache.http.headers - http-outgoing-6 << Access-Control-Allow-Origin: *
11:39:15.663 [pool-1-thread-2] DEBUG karate.org.apache.http.headers - http-outgoing-6 << Access-Control-Allow-Credentials: true
11:39:15.663 [pool-1-thread-2] DEBUG karate.org.apache.http.headers - http-outgoing-6 << Access-Control-Allow-Methods: GET, PUT, POST, DELETE, PATCH, OPTIONS
11:39:15.663 [pool-1-thread-2] DEBUG karate.org.apache.http.headers - http-outgoing-6 << Access-Control-Allow-Headers: DNT,Keep-Alive,User-Agent,X-Requested-With,If-Modified-Since,Cache-Control,Content-Type,Range,Authorization
11:39:15.663 [pool-1-thread-2] DEBUG karate.org.apache.http.headers - http-outgoing-6 << Access-Control-Max-Age: 1728000
11:39:15.663 [pool-1-thread-2] DEBUG karate.org.apache.http.impl.execchain.MainClientExec - Connection can be kept alive indefinitely
11:39:15.663 [pool-1-thread-2] DEBUG karate.org.apache.http.impl.conn.PoolingHttpClientConnectionManager - Connection [id: 6][route: {s}->https://ops.enerbit.dev:443] can be kept alive indefinitely
11:39:15.663 [pool-1-thread-2] DEBUG karate.org.apache.http.impl.conn.DefaultManagedHttpClientConnection - http-outgoing-6: set socket timeout to 0
11:39:15.663 [pool-1-thread-2] DEBUG karate.org.apache.http.impl.conn.PoolingHttpClientConnectionManager - Connection released: [id: 6][route: {s}->https://ops.enerbit.dev:443][total available: 1; route allocated: 1 of 5; total allocated: 1 of 10]
11:39:15.664 [pool-1-thread-2] DEBUG com.intuit.karate - response time in milliseconds: 316
1 < 404
1 < Date: Sun, 02 Jul 2023 16:39:16 GMT
1 < Content-Type: application/json
1 < Content-Length: 28
1 < Connection: keep-alive
1 < Strict-Transport-Security: max-age=15724800; includeSubDomains
1 < Access-Control-Allow-Origin: *
1 < Access-Control-Allow-Credentials: true
1 < Access-Control-Allow-Methods: GET, PUT, POST, DELETE, PATCH, OPTIONS
1 < Access-Control-Allow-Headers: DNT,Keep-Alive,User-Agent,X-Requested-With,If-Modified-Since,Cache-Control,Content-Type,Range,Authorization
1 < Access-Control-Max-Age: 1728000
{"detail":"meter not found"}

11:39:15.666 [pool-1-thread-2] DEBUG com.jayway.jsonpath.internal.path.CompiledPath - Evaluating path: $['detail']
11:39:15.674 [pool-1-thread-2] DEBUG karate.org.apache.http.client.protocol.RequestAddCookies - CookieSpec selected: karate
11:39:15.674 [pool-1-thread-2] DEBUG karate.org.apache.http.client.protocol.RequestAuthCache - Auth cache not set in the context
11:39:15.674 [pool-1-thread-2] DEBUG com.intuit.karate - request:
1 > GET https://ops.enerbit.dev/learning/api/v1/meters/tx
1 > Host: ops.enerbit.dev
1 > Connection: Keep-Alive
1 > User-Agent: Apache-HttpClient/4.5.13 (Java/1.8.0_202)
1 > Accept-Encoding: gzip,deflate


11:39:15.674 [pool-1-thread-2] DEBUG karate.org.apache.http.impl.conn.PoolingHttpClientConnectionManager - Connection request: [route: {s}->https://ops.enerbit.dev:443][total available: 0; route allocated: 0 of 5; total allocated: 0 of 10]
11:39:15.674 [pool-1-thread-2] DEBUG karate.org.apache.http.impl.conn.PoolingHttpClientConnectionManager - Connection leased: [id: 8][route: {s}->https://ops.enerbit.dev:443][total available: 0; route allocated: 1 of 5; total allocated: 1 of 10]
11:39:15.674 [pool-1-thread-2] DEBUG karate.org.apache.http.impl.execchain.MainClientExec - Opening connection {s}->https://ops.enerbit.dev:443
11:39:15.675 [pool-1-thread-2] DEBUG karate.org.apache.http.impl.conn.DefaultHttpClientConnectionOperator - Connecting to ops.enerbit.dev/20.65.19.185:443
11:39:15.675 [pool-1-thread-2] DEBUG karate.org.apache.http.conn.ssl.SSLConnectionSocketFactory - Connecting socket to ops.enerbit.dev/20.65.19.185:443 with timeout 30000
11:39:15.712 [pool-1-thread-1] DEBUG karate.org.apache.http.wire - http-outgoing-7 << "HTTP/1.1 200 OK[\r][\n]"
11:39:15.712 [pool-1-thread-1] DEBUG karate.org.apache.http.wire - http-outgoing-7 << "Date: Sun, 02 Jul 2023 16:39:16 GMT[\r][\n]"
11:39:15.712 [pool-1-thread-1] DEBUG karate.org.apache.http.wire - http-outgoing-7 << "Content-Type: application/json[\r][\n]"
11:39:15.712 [pool-1-thread-1] DEBUG karate.org.apache.http.wire - http-outgoing-7 << "Content-Length: 320[\r][\n]"
11:39:15.712 [pool-1-thread-1] DEBUG karate.org.apache.http.wire - http-outgoing-7 << "Connection: keep-alive[\r][\n]"
11:39:15.712 [pool-1-thread-1] DEBUG karate.org.apache.http.wire - http-outgoing-7 << "Strict-Transport-Security: max-age=15724800; includeSubDomains[\r][\n]"
11:39:15.712 [pool-1-thread-1] DEBUG karate.org.apache.http.wire - http-outgoing-7 << "Access-Control-Allow-Origin: *[\r][\n]"
11:39:15.712 [pool-1-thread-1] DEBUG karate.org.apache.http.wire - http-outgoing-7 << "Access-Control-Allow-Credentials: true[\r][\n]"
11:39:15.712 [pool-1-thread-1] DEBUG karate.org.apache.http.wire - http-outgoing-7 << "Access-Control-Allow-Methods: GET, PUT, POST, DELETE, PATCH, OPTIONS[\r][\n]"
11:39:15.712 [pool-1-thread-1] DEBUG karate.org.apache.http.wire - http-outgoing-7 << "Access-Control-Allow-Headers: DNT,Keep-Alive,User-Agent,X-Requested-With,If-Modified-Since,Cache-Control,Content-Type,Range,Authorization[\r][\n]"
11:39:15.712 [pool-1-thread-1] DEBUG karate.org.apache.http.wire - http-outgoing-7 << "Access-Control-Max-Age: 1728000[\r][\n]"
11:39:15.712 [pool-1-thread-1] DEBUG karate.org.apache.http.wire - http-outgoing-7 << "[\r][\n]"
11:39:15.712 [pool-1-thread-1] DEBUG karate.org.apache.http.wire - http-outgoing-7 << "{"serial":"3424234233kj","connection_type":"directa","storage_system":"interno","condition":"nuevo","owner":"RF","location":"Almacen ","manufacturer":"yes","purchase":"2022-07-28 03:08:49.340514","i_max":6345.654,"i_b":21.5,"i_n":876.5,"seals":545.65,"id":414,"created_at":"2023-07-02T16:39:15.907217","updated_at":null}"
11:39:15.712 [pool-1-thread-1] DEBUG karate.org.apache.http.headers - http-outgoing-7 << HTTP/1.1 200 OK
11:39:15.713 [pool-1-thread-1] DEBUG karate.org.apache.http.headers - http-outgoing-7 << Date: Sun, 02 Jul 2023 16:39:16 GMT
11:39:15.713 [pool-1-thread-1] DEBUG karate.org.apache.http.headers - http-outgoing-7 << Content-Type: application/json
11:39:15.713 [pool-1-thread-1] DEBUG karate.org.apache.http.headers - http-outgoing-7 << Content-Length: 320
11:39:15.713 [pool-1-thread-1] DEBUG karate.org.apache.http.headers - http-outgoing-7 << Connection: keep-alive
11:39:15.713 [pool-1-thread-1] DEBUG karate.org.apache.http.headers - http-outgoing-7 << Strict-Transport-Security: max-age=15724800; includeSubDomains
11:39:15.713 [pool-1-thread-1] DEBUG karate.org.apache.http.headers - http-outgoing-7 << Access-Control-Allow-Origin: *
11:39:15.713 [pool-1-thread-1] DEBUG karate.org.apache.http.headers - http-outgoing-7 << Access-Control-Allow-Credentials: true
11:39:15.713 [pool-1-thread-1] DEBUG karate.org.apache.http.headers - http-outgoing-7 << Access-Control-Allow-Methods: GET, PUT, POST, DELETE, PATCH, OPTIONS
11:39:15.713 [pool-1-thread-1] DEBUG karate.org.apache.http.headers - http-outgoing-7 << Access-Control-Allow-Headers: DNT,Keep-Alive,User-Agent,X-Requested-With,If-Modified-Since,Cache-Control,Content-Type,Range,Authorization
11:39:15.713 [pool-1-thread-1] DEBUG karate.org.apache.http.headers - http-outgoing-7 << Access-Control-Max-Age: 1728000
11:39:15.713 [pool-1-thread-1] DEBUG karate.org.apache.http.impl.execchain.MainClientExec - Connection can be kept alive indefinitely
11:39:15.713 [pool-1-thread-1] DEBUG karate.org.apache.http.impl.conn.PoolingHttpClientConnectionManager - Connection [id: 7][route: {s}->https://ops.enerbit.dev:443] can be kept alive indefinitely
11:39:15.713 [pool-1-thread-1] DEBUG karate.org.apache.http.impl.conn.DefaultManagedHttpClientConnection - http-outgoing-7: set socket timeout to 0
11:39:15.713 [pool-1-thread-1] DEBUG karate.org.apache.http.impl.conn.PoolingHttpClientConnectionManager - Connection released: [id: 7][route: {s}->https://ops.enerbit.dev:443][total available: 1; route allocated: 1 of 5; total allocated: 1 of 10]
11:39:15.714 [pool-1-thread-1] DEBUG com.intuit.karate - response time in milliseconds: 280
2 < 200
2 < Date: Sun, 02 Jul 2023 16:39:16 GMT
2 < Content-Type: application/json
2 < Content-Length: 320
2 < Connection: keep-alive
2 < Strict-Transport-Security: max-age=15724800; includeSubDomains
2 < Access-Control-Allow-Origin: *
2 < Access-Control-Allow-Credentials: true
2 < Access-Control-Allow-Methods: GET, PUT, POST, DELETE, PATCH, OPTIONS
2 < Access-Control-Allow-Headers: DNT,Keep-Alive,User-Agent,X-Requested-With,If-Modified-Since,Cache-Control,Content-Type,Range,Authorization
2 < Access-Control-Max-Age: 1728000
{"serial":"3424234233kj","connection_type":"directa","storage_system":"interno","condition":"nuevo","owner":"RF","location":"Almacen ","manufacturer":"yes","purchase":"2022-07-28 03:08:49.340514","i_max":6345.654,"i_b":21.5,"i_n":876.5,"seals":545.65,"id":414,"created_at":"2023-07-02T16:39:15.907217","updated_at":null}

11:39:15.727 [pool-1-thread-1] INFO com.intuit.karate.core.FeatureRuntime - classpath:meterManagerTest/meterPatch/../meterPost/utils-post.feature - call by tag at line 5: Createmeter
11:39:15.736 [pool-1-thread-1] DEBUG com.jayway.jsonpath.internal.path.CompiledPath - Evaluating path: $
11:39:15.741 [pool-1-thread-1] DEBUG karate.org.apache.http.client.protocol.RequestAddCookies - CookieSpec selected: karate
11:39:15.741 [pool-1-thread-1] DEBUG karate.org.apache.http.client.protocol.RequestAuthCache - Auth cache not set in the context
11:39:15.741 [pool-1-thread-1] DEBUG com.intuit.karate - request:
1 > POST https://ops.enerbit.dev/learning/api/v1/meters
1 > Content-Type: application/json; charset=UTF-8
1 > Content-Length: 251
1 > Host: ops.enerbit.dev
1 > Connection: Keep-Alive
1 > User-Agent: Apache-HttpClient/4.5.13 (Java/1.8.0_202)
1 > Accept-Encoding: gzip,deflate
{"serial":"3424234233kj","connection_type":"directa","storage_system":"interno","condition":"nuevo","owner":"RF","location":"Almacen ","manufacturer":"yes","purchase":"2022-07-28 03:08:49.340514","i_max":6345.654,"i_b":21.5,"i_n":876.5,"seals":545.65}

11:39:15.742 [pool-1-thread-1] DEBUG karate.org.apache.http.impl.conn.PoolingHttpClientConnectionManager - Connection request: [route: {s}->https://ops.enerbit.dev:443][total available: 0; route allocated: 0 of 5; total allocated: 0 of 10]
11:39:15.742 [pool-1-thread-1] DEBUG karate.org.apache.http.impl.conn.PoolingHttpClientConnectionManager - Connection leased: [id: 9][route: {s}->https://ops.enerbit.dev:443][total available: 0; route allocated: 1 of 5; total allocated: 1 of 10]
11:39:15.742 [pool-1-thread-1] DEBUG karate.org.apache.http.impl.execchain.MainClientExec - Opening connection {s}->https://ops.enerbit.dev:443
11:39:15.742 [pool-1-thread-1] DEBUG karate.org.apache.http.impl.conn.DefaultHttpClientConnectionOperator - Connecting to ops.enerbit.dev/20.65.19.185:443
11:39:15.742 [pool-1-thread-1] DEBUG karate.org.apache.http.conn.ssl.SSLConnectionSocketFactory - Connecting socket to ops.enerbit.dev/20.65.19.185:443 with timeout 30000
11:39:15.760 [pool-1-thread-2] DEBUG karate.org.apache.http.conn.ssl.SSLConnectionSocketFactory - Enabled protocols: [TLSv1, TLSv1.1, TLSv1.2]
11:39:15.760 [pool-1-thread-2] DEBUG karate.org.apache.http.conn.ssl.SSLConnectionSocketFactory - Enabled cipher suites:[TLS_ECDHE_ECDSA_WITH_AES_256_CBC_SHA384, TLS_ECDHE_RSA_WITH_AES_256_CBC_SHA384, TLS_RSA_WITH_AES_256_CBC_SHA256, TLS_ECDH_ECDSA_WITH_AES_256_CBC_SHA384, TLS_ECDH_RSA_WITH_AES_256_CBC_SHA384, TLS_DHE_RSA_WITH_AES_256_CBC_SHA256, TLS_DHE_DSS_WITH_AES_256_CBC_SHA256, TLS_ECDHE_ECDSA_WITH_AES_256_CBC_SHA, TLS_ECDHE_RSA_WITH_AES_256_CBC_SHA, TLS_RSA_WITH_AES_256_CBC_SHA, TLS_ECDH_ECDSA_WITH_AES_256_CBC_SHA, TLS_ECDH_RSA_WITH_AES_256_CBC_SHA, TLS_DHE_RSA_WITH_AES_256_CBC_SHA, TLS_DHE_DSS_WITH_AES_256_CBC_SHA, TLS_ECDHE_ECDSA_WITH_AES_128_CBC_SHA256, TLS_ECDHE_RSA_WITH_AES_128_CBC_SHA256, TLS_RSA_WITH_AES_128_CBC_SHA256, TLS_ECDH_ECDSA_WITH_AES_128_CBC_SHA256, TLS_ECDH_RSA_WITH_AES_128_CBC_SHA256, TLS_DHE_RSA_WITH_AES_128_CBC_SHA256, TLS_DHE_DSS_WITH_AES_128_CBC_SHA256, TLS_ECDHE_ECDSA_WITH_AES_128_CBC_SHA, TLS_ECDHE_RSA_WITH_AES_128_CBC_SHA, TLS_RSA_WITH_AES_128_CBC_SHA, TLS_ECDH_ECDSA_WITH_AES_128_CBC_SHA, TLS_ECDH_RSA_WITH_AES_128_CBC_SHA, TLS_DHE_RSA_WITH_AES_128_CBC_SHA, TLS_DHE_DSS_WITH_AES_128_CBC_SHA, TLS_ECDHE_ECDSA_WITH_AES_256_GCM_SHA384, TLS_ECDHE_ECDSA_WITH_AES_128_GCM_SHA256, TLS_ECDHE_RSA_WITH_AES_256_GCM_SHA384, TLS_RSA_WITH_AES_256_GCM_SHA384, TLS_ECDH_ECDSA_WITH_AES_256_GCM_SHA384, TLS_ECDH_RSA_WITH_AES_256_GCM_SHA384, TLS_DHE_RSA_WITH_AES_256_GCM_SHA384, TLS_DHE_DSS_WITH_AES_256_GCM_SHA384, TLS_ECDHE_RSA_WITH_AES_128_GCM_SHA256, TLS_RSA_WITH_AES_128_GCM_SHA256, TLS_ECDH_ECDSA_WITH_AES_128_GCM_SHA256, TLS_ECDH_RSA_WITH_AES_128_GCM_SHA256, TLS_DHE_RSA_WITH_AES_128_GCM_SHA256, TLS_DHE_DSS_WITH_AES_128_GCM_SHA256]
11:39:15.760 [pool-1-thread-2] DEBUG karate.org.apache.http.conn.ssl.SSLConnectionSocketFactory - Starting handshake
11:39:15.824 [pool-1-thread-1] DEBUG karate.org.apache.http.conn.ssl.SSLConnectionSocketFactory - Enabled protocols: [TLSv1, TLSv1.1, TLSv1.2]
11:39:15.824 [pool-1-thread-1] DEBUG karate.org.apache.http.conn.ssl.SSLConnectionSocketFactory - Enabled cipher suites:[TLS_ECDHE_ECDSA_WITH_AES_256_CBC_SHA384, TLS_ECDHE_RSA_WITH_AES_256_CBC_SHA384, TLS_RSA_WITH_AES_256_CBC_SHA256, TLS_ECDH_ECDSA_WITH_AES_256_CBC_SHA384, TLS_ECDH_RSA_WITH_AES_256_CBC_SHA384, TLS_DHE_RSA_WITH_AES_256_CBC_SHA256, TLS_DHE_DSS_WITH_AES_256_CBC_SHA256, TLS_ECDHE_ECDSA_WITH_AES_256_CBC_SHA, TLS_ECDHE_RSA_WITH_AES_256_CBC_SHA, TLS_RSA_WITH_AES_256_CBC_SHA, TLS_ECDH_ECDSA_WITH_AES_256_CBC_SHA, TLS_ECDH_RSA_WITH_AES_256_CBC_SHA, TLS_DHE_RSA_WITH_AES_256_CBC_SHA, TLS_DHE_DSS_WITH_AES_256_CBC_SHA, TLS_ECDHE_ECDSA_WITH_AES_128_CBC_SHA256, TLS_ECDHE_RSA_WITH_AES_128_CBC_SHA256, TLS_RSA_WITH_AES_128_CBC_SHA256, TLS_ECDH_ECDSA_WITH_AES_128_CBC_SHA256, TLS_ECDH_RSA_WITH_AES_128_CBC_SHA256, TLS_DHE_RSA_WITH_AES_128_CBC_SHA256, TLS_DHE_DSS_WITH_AES_128_CBC_SHA256, TLS_ECDHE_ECDSA_WITH_AES_128_CBC_SHA, TLS_ECDHE_RSA_WITH_AES_128_CBC_SHA, TLS_RSA_WITH_AES_128_CBC_SHA, TLS_ECDH_ECDSA_WITH_AES_128_CBC_SHA, TLS_ECDH_RSA_WITH_AES_128_CBC_SHA, TLS_DHE_RSA_WITH_AES_128_CBC_SHA, TLS_DHE_DSS_WITH_AES_128_CBC_SHA, TLS_ECDHE_ECDSA_WITH_AES_256_GCM_SHA384, TLS_ECDHE_ECDSA_WITH_AES_128_GCM_SHA256, TLS_ECDHE_RSA_WITH_AES_256_GCM_SHA384, TLS_RSA_WITH_AES_256_GCM_SHA384, TLS_ECDH_ECDSA_WITH_AES_256_GCM_SHA384, TLS_ECDH_RSA_WITH_AES_256_GCM_SHA384, TLS_DHE_RSA_WITH_AES_256_GCM_SHA384, TLS_DHE_DSS_WITH_AES_256_GCM_SHA384, TLS_ECDHE_RSA_WITH_AES_128_GCM_SHA256, TLS_RSA_WITH_AES_128_GCM_SHA256, TLS_ECDH_ECDSA_WITH_AES_128_GCM_SHA256, TLS_ECDH_RSA_WITH_AES_128_GCM_SHA256, TLS_DHE_RSA_WITH_AES_128_GCM_SHA256, TLS_DHE_DSS_WITH_AES_128_GCM_SHA256]
11:39:15.824 [pool-1-thread-1] DEBUG karate.org.apache.http.conn.ssl.SSLConnectionSocketFactory - Starting handshake
11:39:15.870 [pool-1-thread-2] DEBUG karate.org.apache.http.conn.ssl.SSLConnectionSocketFactory - Secure session established
11:39:15.870 [pool-1-thread-2] DEBUG karate.org.apache.http.conn.ssl.SSLConnectionSocketFactory -  negotiated protocol: TLSv1.2
11:39:15.870 [pool-1-thread-2] DEBUG karate.org.apache.http.conn.ssl.SSLConnectionSocketFactory -  negotiated cipher suite: TLS_ECDHE_RSA_WITH_AES_128_GCM_SHA256
11:39:15.870 [pool-1-thread-2] DEBUG karate.org.apache.http.conn.ssl.SSLConnectionSocketFactory -  peer principal: CN=ops.enerbit.dev
11:39:15.870 [pool-1-thread-2] DEBUG karate.org.apache.http.conn.ssl.SSLConnectionSocketFactory -  peer alternative names: [ops.enerbit.dev]
11:39:15.870 [pool-1-thread-2] DEBUG karate.org.apache.http.conn.ssl.SSLConnectionSocketFactory -  issuer principal: CN=R3, O=Let's Encrypt, C=US
11:39:15.870 [pool-1-thread-2] DEBUG karate.org.apache.http.impl.conn.DefaultHttpClientConnectionOperator - Connection established 192.168.1.4:56909<->20.65.19.185:443
11:39:15.870 [pool-1-thread-2] DEBUG karate.org.apache.http.impl.conn.DefaultManagedHttpClientConnection - http-outgoing-8: set socket timeout to 30000
11:39:15.870 [pool-1-thread-2] DEBUG karate.org.apache.http.impl.execchain.MainClientExec - Executing request GET /learning/api/v1/meters/tx HTTP/1.1
11:39:15.870 [pool-1-thread-2] DEBUG karate.org.apache.http.impl.execchain.MainClientExec - Target auth state: UNCHALLENGED
11:39:15.870 [pool-1-thread-2] DEBUG karate.org.apache.http.impl.execchain.MainClientExec - Proxy auth state: UNCHALLENGED
11:39:15.870 [pool-1-thread-2] DEBUG karate.org.apache.http.headers - http-outgoing-8 >> GET /learning/api/v1/meters/tx HTTP/1.1
11:39:15.870 [pool-1-thread-2] DEBUG karate.org.apache.http.headers - http-outgoing-8 >> Host: ops.enerbit.dev
11:39:15.870 [pool-1-thread-2] DEBUG karate.org.apache.http.headers - http-outgoing-8 >> Connection: Keep-Alive
11:39:15.870 [pool-1-thread-2] DEBUG karate.org.apache.http.headers - http-outgoing-8 >> User-Agent: Apache-HttpClient/4.5.13 (Java/1.8.0_202)
11:39:15.870 [pool-1-thread-2] DEBUG karate.org.apache.http.headers - http-outgoing-8 >> Accept-Encoding: gzip,deflate
11:39:15.871 [pool-1-thread-2] DEBUG karate.org.apache.http.wire - http-outgoing-8 >> "GET /learning/api/v1/meters/tx HTTP/1.1[\r][\n]"
11:39:15.871 [pool-1-thread-2] DEBUG karate.org.apache.http.wire - http-outgoing-8 >> "Host: ops.enerbit.dev[\r][\n]"
11:39:15.871 [pool-1-thread-2] DEBUG karate.org.apache.http.wire - http-outgoing-8 >> "Connection: Keep-Alive[\r][\n]"
11:39:15.871 [pool-1-thread-2] DEBUG karate.org.apache.http.wire - http-outgoing-8 >> "User-Agent: Apache-HttpClient/4.5.13 (Java/1.8.0_202)[\r][\n]"
11:39:15.871 [pool-1-thread-2] DEBUG karate.org.apache.http.wire - http-outgoing-8 >> "Accept-Encoding: gzip,deflate[\r][\n]"
11:39:15.871 [pool-1-thread-2] DEBUG karate.org.apache.http.wire - http-outgoing-8 >> "[\r][\n]"
11:39:15.925 [pool-1-thread-1] DEBUG karate.org.apache.http.conn.ssl.SSLConnectionSocketFactory - Secure session established
11:39:15.925 [pool-1-thread-1] DEBUG karate.org.apache.http.conn.ssl.SSLConnectionSocketFactory -  negotiated protocol: TLSv1.2
11:39:15.925 [pool-1-thread-1] DEBUG karate.org.apache.http.conn.ssl.SSLConnectionSocketFactory -  negotiated cipher suite: TLS_ECDHE_RSA_WITH_AES_128_GCM_SHA256
11:39:15.925 [pool-1-thread-1] DEBUG karate.org.apache.http.conn.ssl.SSLConnectionSocketFactory -  peer principal: CN=ops.enerbit.dev
11:39:15.925 [pool-1-thread-1] DEBUG karate.org.apache.http.conn.ssl.SSLConnectionSocketFactory -  peer alternative names: [ops.enerbit.dev]
11:39:15.925 [pool-1-thread-1] DEBUG karate.org.apache.http.conn.ssl.SSLConnectionSocketFactory -  issuer principal: CN=R3, O=Let's Encrypt, C=US
11:39:15.925 [pool-1-thread-1] DEBUG karate.org.apache.http.impl.conn.DefaultHttpClientConnectionOperator - Connection established 192.168.1.4:56910<->20.65.19.185:443
11:39:15.925 [pool-1-thread-1] DEBUG karate.org.apache.http.impl.conn.DefaultManagedHttpClientConnection - http-outgoing-9: set socket timeout to 30000
11:39:15.926 [pool-1-thread-1] DEBUG karate.org.apache.http.impl.execchain.MainClientExec - Executing request POST /learning/api/v1/meters HTTP/1.1
11:39:15.926 [pool-1-thread-1] DEBUG karate.org.apache.http.impl.execchain.MainClientExec - Target auth state: UNCHALLENGED
11:39:15.926 [pool-1-thread-1] DEBUG karate.org.apache.http.impl.execchain.MainClientExec - Proxy auth state: UNCHALLENGED
11:39:15.926 [pool-1-thread-1] DEBUG karate.org.apache.http.headers - http-outgoing-9 >> POST /learning/api/v1/meters HTTP/1.1
11:39:15.926 [pool-1-thread-1] DEBUG karate.org.apache.http.headers - http-outgoing-9 >> Content-Type: application/json; charset=UTF-8
11:39:15.926 [pool-1-thread-1] DEBUG karate.org.apache.http.headers - http-outgoing-9 >> Content-Length: 251
11:39:15.926 [pool-1-thread-1] DEBUG karate.org.apache.http.headers - http-outgoing-9 >> Host: ops.enerbit.dev
11:39:15.926 [pool-1-thread-1] DEBUG karate.org.apache.http.headers - http-outgoing-9 >> Connection: Keep-Alive
11:39:15.926 [pool-1-thread-1] DEBUG karate.org.apache.http.headers - http-outgoing-9 >> User-Agent: Apache-HttpClient/4.5.13 (Java/1.8.0_202)
11:39:15.926 [pool-1-thread-1] DEBUG karate.org.apache.http.headers - http-outgoing-9 >> Accept-Encoding: gzip,deflate
11:39:15.926 [pool-1-thread-1] DEBUG karate.org.apache.http.wire - http-outgoing-9 >> "POST /learning/api/v1/meters HTTP/1.1[\r][\n]"
11:39:15.926 [pool-1-thread-1] DEBUG karate.org.apache.http.wire - http-outgoing-9 >> "Content-Type: application/json; charset=UTF-8[\r][\n]"
11:39:15.926 [pool-1-thread-1] DEBUG karate.org.apache.http.wire - http-outgoing-9 >> "Content-Length: 251[\r][\n]"
11:39:15.926 [pool-1-thread-1] DEBUG karate.org.apache.http.wire - http-outgoing-9 >> "Host: ops.enerbit.dev[\r][\n]"
11:39:15.926 [pool-1-thread-1] DEBUG karate.org.apache.http.wire - http-outgoing-9 >> "Connection: Keep-Alive[\r][\n]"
11:39:15.926 [pool-1-thread-1] DEBUG karate.org.apache.http.wire - http-outgoing-9 >> "User-Agent: Apache-HttpClient/4.5.13 (Java/1.8.0_202)[\r][\n]"
11:39:15.926 [pool-1-thread-1] DEBUG karate.org.apache.http.wire - http-outgoing-9 >> "Accept-Encoding: gzip,deflate[\r][\n]"
11:39:15.926 [pool-1-thread-1] DEBUG karate.org.apache.http.wire - http-outgoing-9 >> "[\r][\n]"
11:39:15.926 [pool-1-thread-1] DEBUG karate.org.apache.http.wire - http-outgoing-9 >> "{"serial":"3424234233kj","connection_type":"directa","storage_system":"interno","condition":"nuevo","owner":"RF","location":"Almacen ","manufacturer":"yes","purchase":"2022-07-28 03:08:49.340514","i_max":6345.654,"i_b":21.5,"i_n":876.5,"seals":545.65}"
11:39:15.957 [pool-1-thread-2] DEBUG karate.org.apache.http.wire - http-outgoing-8 << "HTTP/1.1 422 Unprocessable Entity[\r][\n]"
11:39:15.958 [pool-1-thread-2] DEBUG karate.org.apache.http.wire - http-outgoing-8 << "Date: Sun, 02 Jul 2023 16:39:16 GMT[\r][\n]"
11:39:15.958 [pool-1-thread-2] DEBUG karate.org.apache.http.wire - http-outgoing-8 << "Content-Type: application/json[\r][\n]"
11:39:15.958 [pool-1-thread-2] DEBUG karate.org.apache.http.wire - http-outgoing-8 << "Content-Length: 99[\r][\n]"
11:39:15.958 [pool-1-thread-2] DEBUG karate.org.apache.http.wire - http-outgoing-8 << "Connection: keep-alive[\r][\n]"
11:39:15.958 [pool-1-thread-2] DEBUG karate.org.apache.http.wire - http-outgoing-8 << "Strict-Transport-Security: max-age=15724800; includeSubDomains[\r][\n]"
11:39:15.958 [pool-1-thread-2] DEBUG karate.org.apache.http.wire - http-outgoing-8 << "Access-Control-Allow-Origin: *[\r][\n]"
11:39:15.958 [pool-1-thread-2] DEBUG karate.org.apache.http.wire - http-outgoing-8 << "Access-Control-Allow-Credentials: true[\r][\n]"
11:39:15.958 [pool-1-thread-2] DEBUG karate.org.apache.http.wire - http-outgoing-8 << "Access-Control-Allow-Methods: GET, PUT, POST, DELETE, PATCH, OPTIONS[\r][\n]"
11:39:15.958 [pool-1-thread-2] DEBUG karate.org.apache.http.wire - http-outgoing-8 << "Access-Control-Allow-Headers: DNT,Keep-Alive,User-Agent,X-Requested-With,If-Modified-Since,Cache-Control,Content-Type,Range,Authorization[\r][\n]"
11:39:15.958 [pool-1-thread-2] DEBUG karate.org.apache.http.wire - http-outgoing-8 << "Access-Control-Max-Age: 1728000[\r][\n]"
11:39:15.958 [pool-1-thread-2] DEBUG karate.org.apache.http.wire - http-outgoing-8 << "[\r][\n]"
11:39:15.958 [pool-1-thread-2] DEBUG karate.org.apache.http.wire - http-outgoing-8 << "{"detail":[{"loc":["path","id"],"msg":"value is not a valid integer","type":"type_error.integer"}]}"
11:39:15.958 [pool-1-thread-2] DEBUG karate.org.apache.http.headers - http-outgoing-8 << HTTP/1.1 422 Unprocessable Entity
11:39:15.958 [pool-1-thread-2] DEBUG karate.org.apache.http.headers - http-outgoing-8 << Date: Sun, 02 Jul 2023 16:39:16 GMT
11:39:15.958 [pool-1-thread-2] DEBUG karate.org.apache.http.headers - http-outgoing-8 << Content-Type: application/json
11:39:15.958 [pool-1-thread-2] DEBUG karate.org.apache.http.headers - http-outgoing-8 << Content-Length: 99
11:39:15.958 [pool-1-thread-2] DEBUG karate.org.apache.http.headers - http-outgoing-8 << Connection: keep-alive
11:39:15.958 [pool-1-thread-2] DEBUG karate.org.apache.http.headers - http-outgoing-8 << Strict-Transport-Security: max-age=15724800; includeSubDomains
11:39:15.958 [pool-1-thread-2] DEBUG karate.org.apache.http.headers - http-outgoing-8 << Access-Control-Allow-Origin: *
11:39:15.958 [pool-1-thread-2] DEBUG karate.org.apache.http.headers - http-outgoing-8 << Access-Control-Allow-Credentials: true
11:39:15.958 [pool-1-thread-2] DEBUG karate.org.apache.http.headers - http-outgoing-8 << Access-Control-Allow-Methods: GET, PUT, POST, DELETE, PATCH, OPTIONS
11:39:15.958 [pool-1-thread-2] DEBUG karate.org.apache.http.headers - http-outgoing-8 << Access-Control-Allow-Headers: DNT,Keep-Alive,User-Agent,X-Requested-With,If-Modified-Since,Cache-Control,Content-Type,Range,Authorization
11:39:15.958 [pool-1-thread-2] DEBUG karate.org.apache.http.headers - http-outgoing-8 << Access-Control-Max-Age: 1728000
11:39:15.958 [pool-1-thread-2] DEBUG karate.org.apache.http.impl.execchain.MainClientExec - Connection can be kept alive indefinitely
11:39:15.958 [pool-1-thread-2] DEBUG karate.org.apache.http.impl.conn.PoolingHttpClientConnectionManager - Connection [id: 8][route: {s}->https://ops.enerbit.dev:443] can be kept alive indefinitely
11:39:15.958 [pool-1-thread-2] DEBUG karate.org.apache.http.impl.conn.DefaultManagedHttpClientConnection - http-outgoing-8: set socket timeout to 0
11:39:15.958 [pool-1-thread-2] DEBUG karate.org.apache.http.impl.conn.PoolingHttpClientConnectionManager - Connection released: [id: 8][route: {s}->https://ops.enerbit.dev:443][total available: 1; route allocated: 1 of 5; total allocated: 1 of 10]
11:39:15.959 [pool-1-thread-2] DEBUG com.intuit.karate - response time in milliseconds: 285
1 < 422
1 < Date: Sun, 02 Jul 2023 16:39:16 GMT
1 < Content-Type: application/json
1 < Content-Length: 99
1 < Connection: keep-alive
1 < Strict-Transport-Security: max-age=15724800; includeSubDomains
1 < Access-Control-Allow-Origin: *
1 < Access-Control-Allow-Credentials: true
1 < Access-Control-Allow-Methods: GET, PUT, POST, DELETE, PATCH, OPTIONS
1 < Access-Control-Allow-Headers: DNT,Keep-Alive,User-Agent,X-Requested-With,If-Modified-Since,Cache-Control,Content-Type,Range,Authorization
1 < Access-Control-Max-Age: 1728000
{"detail":[{"loc":["path","id"],"msg":"value is not a valid integer","type":"type_error.integer"}]}

11:39:15.962 [pool-1-thread-2] DEBUG com.jayway.jsonpath.internal.path.CompiledPath - Evaluating path: $['detail'][:2]['msg']
11:39:15.963 [pool-1-thread-2] DEBUG com.jayway.jsonpath.internal.path.ArraySliceToken - Slice to index on array with length: 1. From index: 0 to: 1. Input: [:2]['msg']
11:39:15.973 [pool-1-thread-2] INFO com.intuit.karate.core.FeatureRuntime - classpath:meterManagerTest/meterPatch/../meterPost/utils-post.feature - call by tag at line 5: Createmeter
11:39:15.977 [pool-1-thread-2] DEBUG com.jayway.jsonpath.internal.path.CompiledPath - Evaluating path: $
11:39:15.979 [pool-1-thread-2] DEBUG karate.org.apache.http.client.protocol.RequestAddCookies - CookieSpec selected: karate
11:39:15.979 [pool-1-thread-2] DEBUG karate.org.apache.http.client.protocol.RequestAuthCache - Auth cache not set in the context
11:39:15.979 [pool-1-thread-2] DEBUG com.intuit.karate - request:
1 > POST https://ops.enerbit.dev/learning/api/v1/meters
1 > Content-Type: application/json; charset=UTF-8
1 > Content-Length: 251
1 > Host: ops.enerbit.dev
1 > Connection: Keep-Alive
1 > User-Agent: Apache-HttpClient/4.5.13 (Java/1.8.0_202)
1 > Accept-Encoding: gzip,deflate
{"serial":"3424234233kj","connection_type":"directa","storage_system":"interno","condition":"nuevo","owner":"RF","location":"Almacen ","manufacturer":"yes","purchase":"2022-07-28 03:08:49.340514","i_max":6345.654,"i_b":21.5,"i_n":876.5,"seals":545.65}

11:39:15.979 [pool-1-thread-2] DEBUG karate.org.apache.http.impl.conn.PoolingHttpClientConnectionManager - Connection request: [route: {s}->https://ops.enerbit.dev:443][total available: 0; route allocated: 0 of 5; total allocated: 0 of 10]
11:39:15.979 [pool-1-thread-2] DEBUG karate.org.apache.http.impl.conn.PoolingHttpClientConnectionManager - Connection leased: [id: 10][route: {s}->https://ops.enerbit.dev:443][total available: 0; route allocated: 1 of 5; total allocated: 1 of 10]
11:39:15.979 [pool-1-thread-2] DEBUG karate.org.apache.http.impl.execchain.MainClientExec - Opening connection {s}->https://ops.enerbit.dev:443
11:39:15.979 [pool-2-thread-1] DEBUG karate.org.thymeleaf.TemplateEngine.CONFIG - Initializing Thymeleaf Template engine configuration...
[THYMELEAF] TEMPLATE ENGINE CONFIGURATION:
[THYMELEAF] * Thymeleaf version: 3.0.14.RELEASE (built 2021-12-08T00:45:29+0000)
[THYMELEAF] * Cache Manager implementation: karate.org.thymeleaf.cache.StandardCacheManager
[THYMELEAF] * Template resolvers:
[THYMELEAF]     * [1] com.intuit.karate.template.ResourceHtmlTemplateResolver
[THYMELEAF] * Message resolvers:
[THYMELEAF]     * karate.org.thymeleaf.messageresolver.StandardMessageResolver
[THYMELEAF] * Link builders:
[THYMELEAF]     * karate.org.thymeleaf.linkbuilder.StandardLinkBuilder
[THYMELEAF] * Dialect [1 of 2]: Standard (com.intuit.karate.template.KarateStandardDialect)
[THYMELEAF]     * Prefix: "th"
[THYMELEAF]     * Processors for Template Mode: HTML
[THYMELEAF]         * Element Tag Processors by [matching element and attribute name] [precedence]:
[THYMELEAF]             * [* {th:include,data-th-include}] [100]: karate.org.thymeleaf.standard.processor.StandardIncludeTagProcessor
[THYMELEAF]             * [* {th:insert,data-th-insert}] [100]: karate.org.thymeleaf.standard.processor.StandardInsertTagProcessor
[THYMELEAF]             * [* {th:replace,data-th-replace}] [100]: karate.org.thymeleaf.standard.processor.StandardReplaceTagProcessor
[THYMELEAF]             * [* {th:substituteby,data-th-substituteby}] [100]: karate.org.thymeleaf.standard.processor.StandardSubstituteByTagProcessor
[THYMELEAF]             * [* {th:each,data-th-each}] [200]: com.intuit.karate.template.KarateEachTagProcessor
[THYMELEAF]             * [* {th:switch,data-th-switch}] [250]: karate.org.thymeleaf.standard.processor.StandardSwitchTagProcessor
[THYMELEAF]             * [* {th:case,data-th-case}] [275]: karate.org.thymeleaf.standard.processor.StandardCaseTagProcessor
[THYMELEAF]             * [* {th:if,data-th-if}] [300]: karate.org.thymeleaf.standard.processor.StandardIfTagProcessor
[THYMELEAF]             * [* {th:unless,data-th-unless}] [400]: karate.org.thymeleaf.standard.processor.StandardUnlessTagProcessor
[THYMELEAF]             * [* {th:object,data-th-object}] [500]: karate.org.thymeleaf.standard.processor.StandardObjectTagProcessor
[THYMELEAF]             * [* {th:with,data-th-with}] [600]: com.intuit.karate.template.KarateWithTagProcessor
[THYMELEAF]             * [* {th:attr,data-th-attr}] [700]: com.intuit.karate.template.KarateAttributeTagProcessor.KarateAttrTagProcessor
[THYMELEAF]             * [* {th:attrappend,data-th-attrappend}] [900]: com.intuit.karate.template.KarateAttributeTagProcessor.KarateAttrappendTagProcessor
[THYMELEAF]             * [* {th:attrprepend,data-th-attrprepend}] [900]: com.intuit.karate.template.KarateAttributeTagProcessor.KarateAttrprependTagProcessor
[THYMELEAF]             * [* {th:alt-title,data-th-alt-title}] [990]: karate.org.thymeleaf.standard.processor.StandardAltTitleTagProcessor
[THYMELEAF]             * [* {th:lang-xmllang,data-th-lang-xmllang}] [990]: karate.org.thymeleaf.standard.processor.StandardLangXmlLangTagProcessor
[THYMELEAF]             * [* {th:action,data-th-action}] [1000]: karate.org.thymeleaf.standard.processor.StandardActionTagProcessor
[THYMELEAF]             * [* {th:nowrap,data-th-nowrap}] [1000]: karate.org.thymeleaf.standard.processor.StandardConditionalFixedValueTagProcessor
[THYMELEAF]             * [* {th:loop,data-th-loop}] [1000]: karate.org.thymeleaf.standard.processor.StandardConditionalFixedValueTagProcessor
[THYMELEAF]             * [* {th:novalidate,data-th-novalidate}] [1000]: karate.org.thymeleaf.standard.processor.StandardConditionalFixedValueTagProcessor
[THYMELEAF]             * [* {th:selected,data-th-selected}] [1000]: karate.org.thymeleaf.standard.processor.StandardConditionalFixedValueTagProcessor
[THYMELEAF]             * [* {th:open,data-th-open}] [1000]: karate.org.thymeleaf.standard.processor.StandardConditionalFixedValueTagProcessor
[THYMELEAF]             * [* {th:async,data-th-async}] [1000]: karate.org.thymeleaf.standard.processor.StandardConditionalFixedValueTagProcessor
[THYMELEAF]             * [* {th:multiple,data-th-multiple}] [1000]: karate.org.thymeleaf.standard.processor.StandardConditionalFixedValueTagProcessor
[THYMELEAF]             * [* {th:defer,data-th-defer}] [1000]: karate.org.thymeleaf.standard.processor.StandardConditionalFixedValueTagProcessor
[THYMELEAF]             * [* {th:autofocus,data-th-autofocus}] [1000]: karate.org.thymeleaf.standard.processor.StandardConditionalFixedValueTagProcessor
[THYMELEAF]             * [* {th:required,data-th-required}] [1000]: karate.org.thymeleaf.standard.processor.StandardConditionalFixedValueTagProcessor
[THYMELEAF]             * [* {th:readonly,data-th-readonly}] [1000]: karate.org.thymeleaf.standard.processor.StandardConditionalFixedValueTagProcessor
[THYMELEAF]             * [* {th:formnovalidate,data-th-formnovalidate}] [1000]: karate.org.thymeleaf.standard.processor.StandardConditionalFixedValueTagProcessor
[THYMELEAF]             * [* {th:autoplay,data-th-autoplay}] [1000]: karate.org.thymeleaf.standard.processor.StandardConditionalFixedValueTagProcessor
[THYMELEAF]             * [* {th:reversed,data-th-reversed}] [1000]: karate.org.thymeleaf.standard.processor.StandardConditionalFixedValueTagProcessor
[THYMELEAF]             * [* {th:hidden,data-th-hidden}] [1000]: karate.org.thymeleaf.standard.processor.StandardConditionalFixedValueTagProcessor
[THYMELEAF]             * [* {th:disabled,data-th-disabled}] [1000]: karate.org.thymeleaf.standard.processor.StandardConditionalFixedValueTagProcessor
[THYMELEAF]             * [* {th:controls,data-th-controls}] [1000]: karate.org.thymeleaf.standard.processor.StandardConditionalFixedValueTagProcessor
[THYMELEAF]             * [* {th:checked,data-th-checked}] [1000]: karate.org.thymeleaf.standard.processor.StandardConditionalFixedValueTagProcessor
[THYMELEAF]             * [* {th:pubdate,data-th-pubdate}] [1000]: karate.org.thymeleaf.standard.processor.StandardConditionalFixedValueTagProcessor
[THYMELEAF]             * [* {th:scoped,data-th-scoped}] [1000]: karate.org.thymeleaf.standard.processor.StandardConditionalFixedValueTagProcessor
[THYMELEAF]             * [* {th:default,data-th-default}] [1000]: karate.org.thymeleaf.standard.processor.StandardConditionalFixedValueTagProcessor
[THYMELEAF]             * [* {th:declare,data-th-declare}] [1000]: karate.org.thymeleaf.standard.processor.StandardConditionalFixedValueTagProcessor
[THYMELEAF]             * [* {th:seamless,data-th-seamless}] [1000]: karate.org.thymeleaf.standard.processor.StandardConditionalFixedValueTagProcessor
[THYMELEAF]             * [* {th:ismap,data-th-ismap}] [1000]: karate.org.thymeleaf.standard.processor.StandardConditionalFixedValueTagProcessor
[THYMELEAF]             * [* {th:onshow,data-th-onshow}] [1000]: karate.org.thymeleaf.standard.processor.StandardDOMEventAttributeTagProcessor
[THYMELEAF]             * [* {th:onvolumechange,data-th-onvolumechange}] [1000]: karate.org.thymeleaf.standard.processor.StandardDOMEventAttributeTagProcessor
[THYMELEAF]             * [* {th:ondblclick,data-th-ondblclick}] [1000]: karate.org.thymeleaf.standard.processor.StandardDOMEventAttributeTagProcessor
[THYMELEAF]             * [* {th:onblur,data-th-onblur}] [1000]: karate.org.thymeleaf.standard.processor.StandardDOMEventAttributeTagProcessor
[THYMELEAF]             * [* {th:onundo,data-th-onundo}] [1000]: karate.org.thymeleaf.standard.processor.StandardDOMEventAttributeTagProcessor
[THYMELEAF]             * [* {th:onsubmit,data-th-onsubmit}] [1000]: karate.org.thymeleaf.standard.processor.StandardDOMEventAttributeTagProcessor
[THYMELEAF]             * [* {th:onabort,data-th-onabort}] [1000]: karate.org.thymeleaf.standard.processor.StandardDOMEventAttributeTagProcessor
[THYMELEAF]             * [* {th:onbeforeunload,data-th-onbeforeunload}] [1000]: karate.org.thymeleaf.standard.processor.StandardDOMEventAttributeTagProcessor
[THYMELEAF]             * [* {th:onmousemove,data-th-onmousemove}] [1000]: karate.org.thymeleaf.standard.processor.StandardDOMEventAttributeTagProcessor
[THYMELEAF]             * [* {th:ondurationchange,data-th-ondurationchange}] [1000]: karate.org.thymeleaf.standard.processor.StandardDOMEventAttributeTagProcessor
[THYMELEAF]             * [* {th:onloadedmetadata,data-th-onloadedmetadata}] [1000]: karate.org.thymeleaf.standard.processor.StandardDOMEventAttributeTagProcessor
[THYMELEAF]             * [* {th:onclick,data-th-onclick}] [1000]: karate.org.thymeleaf.standard.processor.StandardDOMEventAttributeTagProcessor
[THYMELEAF]             * [* {th:onunload,data-th-onunload}] [1000]: karate.org.thymeleaf.standard.processor.StandardDOMEventAttributeTagProcessor
[THYMELEAF]             * [* {th:onscroll,data-th-onscroll}] [1000]: karate.org.thymeleaf.standard.processor.StandardDOMEventAttributeTagProcessor
[THYMELEAF]             * [* {th:onmouseover,data-th-onmouseover}] [1000]: karate.org.thymeleaf.standard.processor.StandardDOMEventAttributeTagProcessor
[THYMELEAF]             * [* {th:onoffline,data-th-onoffline}] [1000]: karate.org.thymeleaf.standard.processor.StandardDOMEventAttributeTagProcessor
[THYMELEAF]             * [* {th:ondragend,data-th-ondragend}] [1000]: karate.org.thymeleaf.standard.processor.StandardDOMEventAttributeTagProcessor
[THYMELEAF]             * [* {th:onhashchange,data-th-onhashchange}] [1000]: karate.org.thymeleaf.standard.processor.StandardDOMEventAttributeTagProcessor
[THYMELEAF]             * [* {th:onloadeddata,data-th-onloadeddata}] [1000]: karate.org.thymeleaf.standard.processor.StandardDOMEventAttributeTagProcessor
[THYMELEAF]             * [* {th:onbeforeprint,data-th-onbeforeprint}] [1000]: karate.org.thymeleaf.standard.processor.StandardDOMEventAttributeTagProcessor
[THYMELEAF]             * [* {th:oninput,data-th-oninput}] [1000]: karate.org.thymeleaf.standard.processor.StandardDOMEventAttributeTagProcessor
[THYMELEAF]             * [* {th:onafterprint,data-th-onafterprint}] [1000]: karate.org.thymeleaf.standard.processor.StandardDOMEventAttributeTagProcessor
[THYMELEAF]             * [* {th:ondrop,data-th-ondrop}] [1000]: karate.org.thymeleaf.standard.processor.StandardDOMEventAttributeTagProcessor
[THYMELEAF]             * [* {th:onmouseup,data-th-onmouseup}] [1000]: karate.org.thymeleaf.standard.processor.StandardDOMEventAttributeTagProcessor
[THYMELEAF]             * [* {th:onended,data-th-onended}] [1000]: karate.org.thymeleaf.standard.processor.StandardDOMEventAttributeTagProcessor
[THYMELEAF]             * [* {th:oncontextmenu,data-th-oncontextmenu}] [1000]: karate.org.thymeleaf.standard.processor.StandardDOMEventAttributeTagProcessor
[THYMELEAF]             * [* {th:ondragover,data-th-ondragover}] [1000]: karate.org.thymeleaf.standard.processor.StandardDOMEventAttributeTagProcessor
[THYMELEAF]             * [* {th:ondragstart,data-th-ondragstart}] [1000]: karate.org.thymeleaf.standard.processor.StandardDOMEventAttributeTagProcessor
[THYMELEAF]             * [* {th:onloadstart,data-th-onloadstart}] [1000]: karate.org.thymeleaf.standard.processor.StandardDOMEventAttributeTagProcessor
[THYMELEAF]             * [* {th:onratechange,data-th-onratechange}] [1000]: karate.org.thymeleaf.standard.processor.StandardDOMEventAttributeTagProcessor
[THYMELEAF]             * [* {th:onkeydown,data-th-onkeydown}] [1000]: karate.org.thymeleaf.standard.processor.StandardDOMEventAttributeTagProcessor
[THYMELEAF]             * [* {th:onstorage,data-th-onstorage}] [1000]: karate.org.thymeleaf.standard.processor.StandardDOMEventAttributeTagProcessor
[THYMELEAF]             * [* {th:onkeyup,data-th-onkeyup}] [1000]: karate.org.thymeleaf.standard.processor.StandardDOMEventAttributeTagProcessor
[THYMELEAF]             * [* {th:onpause,data-th-onpause}] [1000]: karate.org.thymeleaf.standard.processor.StandardDOMEventAttributeTagProcessor
[THYMELEAF]             * [* {th:onemptied,data-th-onemptied}] [1000]: karate.org.thymeleaf.standard.processor.StandardDOMEventAttributeTagProcessor
[THYMELEAF]             * [* {th:onchange,data-th-onchange}] [1000]: karate.org.thymeleaf.standard.processor.StandardDOMEventAttributeTagProcessor
[THYMELEAF]             * [* {th:onseeking,data-th-onseeking}] [1000]: karate.org.thymeleaf.standard.processor.StandardDOMEventAttributeTagProcessor
[THYMELEAF]             * [* {th:onkeypress,data-th-onkeypress}] [1000]: karate.org.thymeleaf.standard.processor.StandardDOMEventAttributeTagProcessor
[THYMELEAF]             * [* {th:oncanplay,data-th-oncanplay}] [1000]: karate.org.thymeleaf.standard.processor.StandardDOMEventAttributeTagProcessor
[THYMELEAF]             * [* {th:onselect,data-th-onselect}] [1000]: karate.org.thymeleaf.standard.processor.StandardDOMEventAttributeTagProcessor
[THYMELEAF]             * [* {th:onplay,data-th-onplay}] [1000]: karate.org.thymeleaf.standard.processor.StandardDOMEventAttributeTagProcessor
[THYMELEAF]             * [* {th:onstalled,data-th-onstalled}] [1000]: karate.org.thymeleaf.standard.processor.StandardDOMEventAttributeTagProcessor
[THYMELEAF]             * [* {th:oninvalid,data-th-oninvalid}] [1000]: karate.org.thymeleaf.standard.processor.StandardDOMEventAttributeTagProcessor
[THYMELEAF]             * [* {th:onmousedown,data-th-onmousedown}] [1000]: karate.org.thymeleaf.standard.processor.StandardDOMEventAttributeTagProcessor
[THYMELEAF]             * [* {th:onpopstate,data-th-onpopstate}] [1000]: karate.org.thymeleaf.standard.processor.StandardDOMEventAttributeTagProcessor
[THYMELEAF]             * [* {th:onredo,data-th-onredo}] [1000]: karate.org.thymeleaf.standard.processor.StandardDOMEventAttributeTagProcessor
[THYMELEAF]             * [* {th:ontimeupdate,data-th-ontimeupdate}] [1000]: karate.org.thymeleaf.standard.processor.StandardDOMEventAttributeTagProcessor
[THYMELEAF]             * [* {th:onseeked,data-th-onseeked}] [1000]: karate.org.thymeleaf.standard.processor.StandardDOMEventAttributeTagProcessor
[THYMELEAF]             * [* {th:ondrag,data-th-ondrag}] [1000]: karate.org.thymeleaf.standard.processor.StandardDOMEventAttributeTagProcessor
[THYMELEAF]             * [* {th:onresize,data-th-onresize}] [1000]: karate.org.thymeleaf.standard.processor.StandardDOMEventAttributeTagProcessor
[THYMELEAF]             * [* {th:onwaiting,data-th-onwaiting}] [1000]: karate.org.thymeleaf.standard.processor.StandardDOMEventAttributeTagProcessor
[THYMELEAF]             * [* {th:onplaying,data-th-onplaying}] [1000]: karate.org.thymeleaf.standard.processor.StandardDOMEventAttributeTagProcessor
[THYMELEAF]             * [* {th:oncanplaythrough,data-th-oncanplaythrough}] [1000]: karate.org.thymeleaf.standard.processor.StandardDOMEventAttributeTagProcessor
[THYMELEAF]             * [* {th:ondragleave,data-th-ondragleave}] [1000]: karate.org.thymeleaf.standard.processor.StandardDOMEventAttributeTagProcessor
[THYMELEAF]             * [* {th:onfocus,data-th-onfocus}] [1000]: karate.org.thymeleaf.standard.processor.StandardDOMEventAttributeTagProcessor
[THYMELEAF]             * [* {th:onmousewheel,data-th-onmousewheel}] [1000]: karate.org.thymeleaf.standard.processor.StandardDOMEventAttributeTagProcessor
[THYMELEAF]             * [* {th:onreset,data-th-onreset}] [1000]: karate.org.thymeleaf.standard.processor.StandardDOMEventAttributeTagProcessor
[THYMELEAF]             * [* {th:onload,data-th-onload}] [1000]: karate.org.thymeleaf.standard.processor.StandardDOMEventAttributeTagProcessor
[THYMELEAF]             * [* {th:onmouseout,data-th-onmouseout}] [1000]: karate.org.thymeleaf.standard.processor.StandardDOMEventAttributeTagProcessor
[THYMELEAF]             * [* {th:onmessage,data-th-onmessage}] [1000]: karate.org.thymeleaf.standard.processor.StandardDOMEventAttributeTagProcessor
[THYMELEAF]             * [* {th:onreadystatechange,data-th-onreadystatechange}] [1000]: karate.org.thymeleaf.standard.processor.StandardDOMEventAttributeTagProcessor
[THYMELEAF]             * [* {th:onprogress,data-th-onprogress}] [1000]: karate.org.thymeleaf.standard.processor.StandardDOMEventAttributeTagProcessor
[THYMELEAF]             * [* {th:onsuspend,data-th-onsuspend}] [1000]: karate.org.thymeleaf.standard.processor.StandardDOMEventAttributeTagProcessor
[THYMELEAF]             * [* {th:onerror,data-th-onerror}] [1000]: karate.org.thymeleaf.standard.processor.StandardDOMEventAttributeTagProcessor
[THYMELEAF]             * [* {th:ononline,data-th-ononline}] [1000]: karate.org.thymeleaf.standard.processor.StandardDOMEventAttributeTagProcessor
[THYMELEAF]             * [* {th:onforminput,data-th-onforminput}] [1000]: karate.org.thymeleaf.standard.processor.StandardDOMEventAttributeTagProcessor
[THYMELEAF]             * [* {th:onformchange,data-th-onformchange}] [1000]: karate.org.thymeleaf.standard.processor.StandardDOMEventAttributeTagProcessor
[THYMELEAF]             * [* {th:ondragenter,data-th-ondragenter}] [1000]: karate.org.thymeleaf.standard.processor.StandardDOMEventAttributeTagProcessor
[THYMELEAF]             * [* {th:href,data-th-href}] [1000]: karate.org.thymeleaf.standard.processor.StandardHrefTagProcessor
[THYMELEAF]             * [* {th:inline,data-th-inline}] [1000]: karate.org.thymeleaf.standard.processor.StandardInlineHTMLTagProcessor
[THYMELEAF]             * [* {th:method,data-th-method}] [1000]: karate.org.thymeleaf.standard.processor.StandardMethodTagProcessor
[THYMELEAF]             * [* {th:type,data-th-type}] [1000]: karate.org.thymeleaf.standard.processor.StandardNonRemovableAttributeTagProcessor
[THYMELEAF]             * [* {th:name,data-th-name}] [1000]: karate.org.thymeleaf.standard.processor.StandardNonRemovableAttributeTagProcessor
[THYMELEAF]             * [* {th:class,data-th-class}] [1000]: karate.org.thymeleaf.standard.processor.StandardRemovableAttributeTagProcessor
[THYMELEAF]             * [* {th:audio,data-th-audio}] [1000]: karate.org.thymeleaf.standard.processor.StandardRemovableAttributeTagProcessor
[THYMELEAF]             * [* {th:frameborder,data-th-frameborder}] [1000]: karate.org.thymeleaf.standard.processor.StandardRemovableAttributeTagProcessor
[THYMELEAF]             * [* {th:start,data-th-start}] [1000]: karate.org.thymeleaf.standard.processor.StandardRemovableAttributeTagProcessor
[THYMELEAF]             * [* {th:draggable,data-th-draggable}] [1000]: karate.org.thymeleaf.standard.processor.StandardRemovableAttributeTagProcessor
[THYMELEAF]             * [* {th:size,data-th-size}] [1000]: karate.org.thymeleaf.standard.processor.StandardRemovableAttributeTagProcessor
[THYMELEAF]             * [* {th:for,data-th-for}] [1000]: karate.org.thymeleaf.standard.processor.StandardRemovableAttributeTagProcessor
[THYMELEAF]             * [* {th:marginwidth,data-th-marginwidth}] [1000]: karate.org.thymeleaf.standard.processor.StandardRemovableAttributeTagProcessor
[THYMELEAF]             * [* {th:alt,data-th-alt}] [1000]: karate.org.thymeleaf.standard.processor.StandardRemovableAttributeTagProcessor
[THYMELEAF]             * [* {th:vspace,data-th-vspace}] [1000]: karate.org.thymeleaf.standard.processor.StandardRemovableAttributeTagProcessor
[THYMELEAF]             * [* {th:marginheight,data-th-marginheight}] [1000]: karate.org.thymeleaf.standard.processor.StandardRemovableAttributeTagProcessor
[THYMELEAF]             * [* {th:classid,data-th-classid}] [1000]: karate.org.thymeleaf.standard.processor.StandardRemovableAttributeTagProcessor
[THYMELEAF]             * [* {th:background,data-th-background}] [1000]: karate.org.thymeleaf.standard.processor.StandardRemovableAttributeTagProcessor
[THYMELEAF]             * [* {th:autocomplete,data-th-autocomplete}] [1000]: karate.org.thymeleaf.standard.processor.StandardRemovableAttributeTagProcessor
[THYMELEAF]             * [* {th:wrap,data-th-wrap}] [1000]: karate.org.thymeleaf.standard.processor.StandardRemovableAttributeTagProcessor
[THYMELEAF]             * [* {th:list,data-th-list}] [1000]: karate.org.thymeleaf.standard.processor.StandardRemovableAttributeTagProcessor
[THYMELEAF]             * [* {th:formtarget,data-th-formtarget}] [1000]: karate.org.thymeleaf.standard.processor.StandardRemovableAttributeTagProcessor
[THYMELEAF]             * [* {th:challenge,data-th-challenge}] [1000]: karate.org.thymeleaf.standard.processor.StandardRemovableAttributeTagProcessor
[THYMELEAF]             * [* {th:bgcolor,data-th-bgcolor}] [1000]: karate.org.thymeleaf.standard.processor.StandardRemovableAttributeTagProcessor
[THYMELEAF]             * [* {th:id,data-th-id}] [1000]: karate.org.thymeleaf.standard.processor.StandardRemovableAttributeTagProcessor
[THYMELEAF]             * [* {th:title,data-th-title}] [1000]: karate.org.thymeleaf.standard.processor.StandardRemovableAttributeTagProcessor
[THYMELEAF]             * [* {th:compact,data-th-compact}] [1000]: karate.org.thymeleaf.standard.processor.StandardRemovableAttributeTagProcessor
[THYMELEAF]             * [* {th:cite,data-th-cite}] [1000]: karate.org.thymeleaf.standard.processor.StandardRemovableAttributeTagProcessor
[THYMELEAF]             * [* {th:hreflang,data-th-hreflang}] [1000]: karate.org.thymeleaf.standard.processor.StandardRemovableAttributeTagProcessor
[THYMELEAF]             * [* {th:dropzone,data-th-dropzone}] [1000]: karate.org.thymeleaf.standard.processor.StandardRemovableAttributeTagProcessor
[THYMELEAF]             * [* {th:style,data-th-style}] [1000]: karate.org.thymeleaf.standard.processor.StandardRemovableAttributeTagProcessor
[THYMELEAF]             * [* {th:formaction,data-th-formaction}] [1000]: karate.org.thymeleaf.standard.processor.StandardRemovableAttributeTagProcessor
[THYMELEAF]             * [* {th:align,data-th-align}] [1000]: karate.org.thymeleaf.standard.processor.StandardRemovableAttributeTagProcessor
[THYMELEAF]             * [* {th:min,data-th-min}] [1000]: karate.org.thymeleaf.standard.processor.StandardRemovableAttributeTagProcessor
[THYMELEAF]             * [* {th:scope,data-th-scope}] [1000]: karate.org.thymeleaf.standard.processor.StandardRemovableAttributeTagProcessor
[THYMELEAF]             * [* {th:high,data-th-high}] [1000]: karate.org.thymeleaf.standard.processor.StandardRemovableAttributeTagProcessor
[THYMELEAF]             * [* {th:accesskey,data-th-accesskey}] [1000]: karate.org.thymeleaf.standard.processor.StandardRemovableAttributeTagProcessor
[THYMELEAF]             * [* {th:headers,data-th-headers}] [1000]: karate.org.thymeleaf.standard.processor.StandardRemovableAttributeTagProcessor
[THYMELEAF]             * [* {th:charset,data-th-charset}] [1000]: karate.org.thymeleaf.standard.processor.StandardRemovableAttributeTagProcessor
[THYMELEAF]             * [* {th:abbr,data-th-abbr}] [1000]: karate.org.thymeleaf.standard.processor.StandardRemovableAttributeTagProcessor
[THYMELEAF]             * [* {th:contextmenu,data-th-contextmenu}] [1000]: karate.org.thymeleaf.standard.processor.StandardRemovableAttributeTagProcessor
[THYMELEAF]             * [* {th:sizes,data-th-sizes}] [1000]: karate.org.thymeleaf.standard.processor.StandardRemovableAttributeTagProcessor
[THYMELEAF]             * [* {th:rev,data-th-rev}] [1000]: karate.org.thymeleaf.standard.processor.StandardRemovableAttributeTagProcessor
[THYMELEAF]             * [* {th:tabindex,data-th-tabindex}] [1000]: karate.org.thymeleaf.standard.processor.StandardRemovableAttributeTagProcessor
[THYMELEAF]             * [* {th:target,data-th-target}] [1000]: karate.org.thymeleaf.standard.processor.StandardRemovableAttributeTagProcessor
[THYMELEAF]             * [* {th:standby,data-th-standby}] [1000]: karate.org.thymeleaf.standard.processor.StandardRemovableAttributeTagProcessor
[THYMELEAF]             * [* {th:poster,data-th-poster}] [1000]: karate.org.thymeleaf.standard.processor.StandardRemovableAttributeTagProcessor
[THYMELEAF]             * [* {th:accept-charset,data-th-accept-charset}] [1000]: karate.org.thymeleaf.standard.processor.StandardRemovableAttributeTagProcessor
[THYMELEAF]             * [* {th:valuetype,data-th-valuetype}] [1000]: karate.org.thymeleaf.standard.processor.StandardRemovableAttributeTagProcessor
[THYMELEAF]             * [* {th:spellcheck,data-th-spellcheck}] [1000]: karate.org.thymeleaf.standard.processor.StandardRemovableAttributeTagProcessor
[THYMELEAF]             * [* {th:max,data-th-max}] [1000]: karate.org.thymeleaf.standard.processor.StandardRemovableAttributeTagProcessor
[THYMELEAF]             * [* {th:frame,data-th-frame}] [1000]: karate.org.thymeleaf.standard.processor.StandardRemovableAttributeTagProcessor
[THYMELEAF]             * [* {th:codetype,data-th-codetype}] [1000]: karate.org.thymeleaf.standard.processor.StandardRemovableAttributeTagProcessor
[THYMELEAF]             * [* {th:axis,data-th-axis}] [1000]: karate.org.thymeleaf.standard.processor.StandardRemovableAttributeTagProcessor
[THYMELEAF]             * [* {th:enctype,data-th-enctype}] [1000]: karate.org.thymeleaf.standard.processor.StandardRemovableAttributeTagProcessor
[THYMELEAF]             * [* {th:height,data-th-height}] [1000]: karate.org.thymeleaf.standard.processor.StandardRemovableAttributeTagProcessor
[THYMELEAF]             * [* {th:label,data-th-label}] [1000]: karate.org.thymeleaf.standard.processor.StandardRemovableAttributeTagProcessor
[THYMELEAF]             * [* {th:srclang,data-th-srclang}] [1000]: karate.org.thymeleaf.standard.processor.StandardRemovableAttributeTagProcessor
[THYMELEAF]             * [* {th:http-equiv,data-th-http-equiv}] [1000]: karate.org.thymeleaf.standard.processor.StandardRemovableAttributeTagProcessor
[THYMELEAF]             * [* {th:radiogroup,data-th-radiogroup}] [1000]: karate.org.thymeleaf.standard.processor.StandardRemovableAttributeTagProcessor
[THYMELEAF]             * [* {th:maxlength,data-th-maxlength}] [1000]: karate.org.thymeleaf.standard.processor.StandardRemovableAttributeTagProcessor
[THYMELEAF]             * [* {th:pattern,data-th-pattern}] [1000]: karate.org.thymeleaf.standard.processor.StandardRemovableAttributeTagProcessor
[THYMELEAF]             * [* {th:cols,data-th-cols}] [1000]: karate.org.thymeleaf.standard.processor.StandardRemovableAttributeTagProcessor
[THYMELEAF]             * [* {th:codebase,data-th-codebase}] [1000]: karate.org.thymeleaf.standard.processor.StandardRemovableAttributeTagProcessor
[THYMELEAF]             * [* {th:formenctype,data-th-formenctype}] [1000]: karate.org.thymeleaf.standard.processor.StandardRemovableAttributeTagProcessor
[THYMELEAF]             * [* {th:icon,data-th-icon}] [1000]: karate.org.thymeleaf.standard.processor.StandardRemovableAttributeTagProcessor
[THYMELEAF]             * [* {th:rel,data-th-rel}] [1000]: karate.org.thymeleaf.standard.processor.StandardRemovableAttributeTagProcessor
[THYMELEAF]             * [* {th:placeholder,data-th-placeholder}] [1000]: karate.org.thymeleaf.standard.processor.StandardRemovableAttributeTagProcessor
[THYMELEAF]             * [* {th:sandbox,data-th-sandbox}] [1000]: karate.org.thymeleaf.standard.processor.StandardRemovableAttributeTagProcessor
[THYMELEAF]             * [* {th:kind,data-th-kind}] [1000]: karate.org.thymeleaf.standard.processor.StandardRemovableAttributeTagProcessor
[THYMELEAF]             * [* {th:archive,data-th-archive}] [1000]: karate.org.thymeleaf.standard.processor.StandardRemovableAttributeTagProcessor
[THYMELEAF]             * [* {th:manifest,data-th-manifest}] [1000]: karate.org.thymeleaf.standard.processor.StandardRemovableAttributeTagProcessor
[THYMELEAF]             * [* {th:hspace,data-th-hspace}] [1000]: karate.org.thymeleaf.standard.processor.StandardRemovableAttributeTagProcessor
[THYMELEAF]             * [* {th:optimum,data-th-optimum}] [1000]: karate.org.thymeleaf.standard.processor.StandardRemovableAttributeTagProcessor
[THYMELEAF]             * [* {th:data,data-th-data}] [1000]: karate.org.thymeleaf.standard.processor.StandardRemovableAttributeTagProcessor
[THYMELEAF]             * [* {th:datetime,data-th-datetime}] [1000]: karate.org.thymeleaf.standard.processor.StandardRemovableAttributeTagProcessor
[THYMELEAF]             * [* {th:border,data-th-border}] [1000]: karate.org.thymeleaf.standard.processor.StandardRemovableAttributeTagProcessor
[THYMELEAF]             * [* {th:width,data-th-width}] [1000]: karate.org.thymeleaf.standard.processor.StandardRemovableAttributeTagProcessor
[THYMELEAF]             * [* {th:lang,data-th-lang}] [1000]: karate.org.thymeleaf.standard.processor.StandardRemovableAttributeTagProcessor
[THYMELEAF]             * [* {th:step,data-th-step}] [1000]: karate.org.thymeleaf.standard.processor.StandardRemovableAttributeTagProcessor
[THYMELEAF]             * [* {th:colspan,data-th-colspan}] [1000]: karate.org.thymeleaf.standard.processor.StandardRemovableAttributeTagProcessor
[THYMELEAF]             * [* {th:cellpadding,data-th-cellpadding}] [1000]: karate.org.thymeleaf.standard.processor.StandardRemovableAttributeTagProcessor
[THYMELEAF]             * [* {th:rules,data-th-rules}] [1000]: karate.org.thymeleaf.standard.processor.StandardRemovableAttributeTagProcessor
[THYMELEAF]             * [* {th:preload,data-th-preload}] [1000]: karate.org.thymeleaf.standard.processor.StandardRemovableAttributeTagProcessor
[THYMELEAF]             * [* {th:content,data-th-content}] [1000]: karate.org.thymeleaf.standard.processor.StandardRemovableAttributeTagProcessor
[THYMELEAF]             * [* {th:contenteditable,data-th-contenteditable}] [1000]: karate.org.thymeleaf.standard.processor.StandardRemovableAttributeTagProcessor
[THYMELEAF]             * [* {th:formmethod,data-th-formmethod}] [1000]: karate.org.thymeleaf.standard.processor.StandardRemovableAttributeTagProcessor
[THYMELEAF]             * [* {th:summary,data-th-summary}] [1000]: karate.org.thymeleaf.standard.processor.StandardRemovableAttributeTagProcessor
[THYMELEAF]             * [* {th:longdesc,data-th-longdesc}] [1000]: karate.org.thymeleaf.standard.processor.StandardRemovableAttributeTagProcessor
[THYMELEAF]             * [* {th:low,data-th-low}] [1000]: karate.org.thymeleaf.standard.processor.StandardRemovableAttributeTagProcessor
[THYMELEAF]             * [* {th:accept,data-th-accept}] [1000]: karate.org.thymeleaf.standard.processor.StandardRemovableAttributeTagProcessor
[THYMELEAF]             * [* {th:usemap,data-th-usemap}] [1000]: karate.org.thymeleaf.standard.processor.StandardRemovableAttributeTagProcessor
[THYMELEAF]             * [* {th:rows,data-th-rows}] [1000]: karate.org.thymeleaf.standard.processor.StandardRemovableAttributeTagProcessor
[THYMELEAF]             * [* {th:rowspan,data-th-rowspan}] [1000]: karate.org.thymeleaf.standard.processor.StandardRemovableAttributeTagProcessor
[THYMELEAF]             * [* {th:span,data-th-span}] [1000]: karate.org.thymeleaf.standard.processor.StandardRemovableAttributeTagProcessor
[THYMELEAF]             * [* {th:media,data-th-media}] [1000]: karate.org.thymeleaf.standard.processor.StandardRemovableAttributeTagProcessor
[THYMELEAF]             * [* {th:cellspacing,data-th-cellspacing}] [1000]: karate.org.thymeleaf.standard.processor.StandardRemovableAttributeTagProcessor
[THYMELEAF]             * [* {th:dir,data-th-dir}] [1000]: karate.org.thymeleaf.standard.processor.StandardRemovableAttributeTagProcessor
[THYMELEAF]             * [* {th:form,data-th-form}] [1000]: karate.org.thymeleaf.standard.processor.StandardRemovableAttributeTagProcessor
[THYMELEAF]             * [* {th:scheme,data-th-scheme}] [1000]: karate.org.thymeleaf.standard.processor.StandardRemovableAttributeTagProcessor
[THYMELEAF]             * [* {th:scrolling,data-th-scrolling}] [1000]: karate.org.thymeleaf.standard.processor.StandardRemovableAttributeTagProcessor
[THYMELEAF]             * [* {th:keytype,data-th-keytype}] [1000]: karate.org.thymeleaf.standard.processor.StandardRemovableAttributeTagProcessor
[THYMELEAF]             * [* {th:src,data-th-src}] [1000]: karate.org.thymeleaf.standard.processor.StandardSrcTagProcessor
[THYMELEAF]             * [* {th:value,data-th-value}] [1000]: karate.org.thymeleaf.standard.processor.StandardValueTagProcessor
[THYMELEAF]             * [* {th:xmlbase,data-th-xmlbase}] [1000]: karate.org.thymeleaf.standard.processor.StandardXmlBaseTagProcessor
[THYMELEAF]             * [* {th:xmllang,data-th-xmllang}] [1000]: karate.org.thymeleaf.standard.processor.StandardXmlLangTagProcessor
[THYMELEAF]             * [* {xmlns:th}] [1000]: karate.org.thymeleaf.standard.processor.StandardXmlNsTagProcessor
[THYMELEAF]             * [* {th:xmlspace,data-th-xmlspace}] [1000]: karate.org.thymeleaf.standard.processor.StandardXmlSpaceTagProcessor
[THYMELEAF]             * [* {th:classappend,data-th-classappend}] [1100]: karate.org.thymeleaf.standard.processor.StandardClassappendTagProcessor
[THYMELEAF]             * [* {th:styleappend,data-th-styleappend}] [1100]: karate.org.thymeleaf.standard.processor.StandardStyleappendTagProcessor
[THYMELEAF]             * [* {th:text,data-th-text}] [1300]: karate.org.thymeleaf.standard.processor.StandardTextTagProcessor
[THYMELEAF]             * [* {th:utext,data-th-utext}] [1400]: karate.org.thymeleaf.standard.processor.StandardUtextTagProcessor
[THYMELEAF]             * [* {th:fragment,data-th-fragment}] [1500]: karate.org.thymeleaf.standard.processor.StandardFragmentTagProcessor
[THYMELEAF]             * [* {th:assert,data-th-assert}] [1550]: karate.org.thymeleaf.standard.processor.StandardAssertTagProcessor
[THYMELEAF]             * [* {th:remove,data-th-remove}] [1600]: karate.org.thymeleaf.standard.processor.StandardRemoveTagProcessor
[THYMELEAF]             * [* {th:ref,data-th-ref}] [10000]: karate.org.thymeleaf.standard.processor.StandardRefAttributeTagProcessor
[THYMELEAF]             * [{th:block,th-block} *] [100000]: karate.org.thymeleaf.standard.processor.StandardBlockTagProcessor
[THYMELEAF]             * [* th:*] [2147483647]: karate.org.thymeleaf.standard.processor.StandardDefaultAttributesTagProcessor
[THYMELEAF]         * Text Processors by [precedence]:
[THYMELEAF]             * [1000]: karate.org.thymeleaf.standard.processor.StandardInliningTextProcessor
[THYMELEAF]         * DOCTYPE Processors by [precedence]:
[THYMELEAF]             * [1000]: karate.org.thymeleaf.standard.processor.StandardTranslationDocTypeProcessor
[THYMELEAF]         * CDATA Section Processors by [precedence]:
[THYMELEAF]             * [1000]: karate.org.thymeleaf.standard.processor.StandardInliningCDATASectionProcessor
[THYMELEAF]         * Comment Processors by [precedence]:
[THYMELEAF]             * [1000]: karate.org.thymeleaf.standard.processor.StandardInliningCommentProcessor
[THYMELEAF]             * [1100]: karate.org.thymeleaf.standard.processor.StandardConditionalCommentProcessor
[THYMELEAF]     * Processors for Template Mode: XML
[THYMELEAF]         * Element Tag Processors by [matching element and attribute name] [precedence]:
[THYMELEAF]             * [* {th:include}] [100]: karate.org.thymeleaf.standard.processor.StandardIncludeTagProcessor
[THYMELEAF]             * [* {th:insert}] [100]: karate.org.thymeleaf.standard.processor.StandardInsertTagProcessor
[THYMELEAF]             * [* {th:replace}] [100]: karate.org.thymeleaf.standard.processor.StandardReplaceTagProcessor
[THYMELEAF]             * [* {th:substituteby}] [100]: karate.org.thymeleaf.standard.processor.StandardSubstituteByTagProcessor
[THYMELEAF]             * [* {th:each}] [200]: com.intuit.karate.template.KarateEachTagProcessor
[THYMELEAF]             * [* {th:switch}] [250]: karate.org.thymeleaf.standard.processor.StandardSwitchTagProcessor
[THYMELEAF]             * [* {th:case}] [275]: karate.org.thymeleaf.standard.processor.StandardCaseTagProcessor
[THYMELEAF]             * [* {th:if}] [300]: karate.org.thymeleaf.standard.processor.StandardIfTagProcessor
[THYMELEAF]             * [* {th:unless}] [400]: karate.org.thymeleaf.standard.processor.StandardUnlessTagProcessor
[THYMELEAF]             * [* {th:object}] [500]: karate.org.thymeleaf.standard.processor.StandardObjectTagProcessor
[THYMELEAF]             * [* {th:with}] [600]: com.intuit.karate.template.KarateWithTagProcessor
[THYMELEAF]             * [* {th:attr}] [700]: com.intuit.karate.template.KarateAttributeTagProcessor.KarateAttrTagProcessor
[THYMELEAF]             * [* {th:attrappend}] [900]: com.intuit.karate.template.KarateAttributeTagProcessor.KarateAttrappendTagProcessor
[THYMELEAF]             * [* {th:attrprepend}] [900]: com.intuit.karate.template.KarateAttributeTagProcessor.KarateAttrprependTagProcessor
[THYMELEAF]             * [* {th:inline}] [1000]: karate.org.thymeleaf.standard.processor.StandardInlineXMLTagProcessor
[THYMELEAF]             * [* {xmlns:th}] [1000]: karate.org.thymeleaf.standard.processor.StandardXmlNsTagProcessor
[THYMELEAF]             * [* {th:text}] [1300]: karate.org.thymeleaf.standard.processor.StandardTextTagProcessor
[THYMELEAF]             * [* {th:utext}] [1400]: karate.org.thymeleaf.standard.processor.StandardUtextTagProcessor
[THYMELEAF]             * [* {th:fragment}] [1500]: karate.org.thymeleaf.standard.processor.StandardFragmentTagProcessor
[THYMELEAF]             * [* {th:assert}] [1550]: karate.org.thymeleaf.standard.processor.StandardAssertTagProcessor
[THYMELEAF]             * [* {th:remove}] [1600]: karate.org.thymeleaf.standard.processor.StandardRemoveTagProcessor
[THYMELEAF]             * [* {th:ref}] [10000]: karate.org.thymeleaf.standard.processor.StandardRefAttributeTagProcessor
[THYMELEAF]             * [{th:block} *] [100000]: karate.org.thymeleaf.standard.processor.StandardBlockTagProcessor
[THYMELEAF]             * [* th:*] [2147483647]: karate.org.thymeleaf.standard.processor.StandardDefaultAttributesTagProcessor
[THYMELEAF]         * Text Processors by [precedence]:
[THYMELEAF]             * [1000]: karate.org.thymeleaf.standard.processor.StandardInliningTextProcessor
[THYMELEAF]         * CDATA Section Processors by [precedence]:
[THYMELEAF]             * [1000]: karate.org.thymeleaf.standard.processor.StandardInliningCDATASectionProcessor
[THYMELEAF]         * Comment Processors by [precedence]:
[THYMELEAF]             * [1000]: karate.org.thymeleaf.standard.processor.StandardInliningCommentProcessor
[THYMELEAF]     * Processors for Template Mode: TEXT
[THYMELEAF]         * Element Tag Processors by [matching element and attribute name] [precedence]:
[THYMELEAF]             * [* {th:insert}] [100]: karate.org.thymeleaf.standard.processor.StandardInsertTagProcessor
[THYMELEAF]             * [* {th:replace}] [100]: karate.org.thymeleaf.standard.processor.StandardReplaceTagProcessor
[THYMELEAF]             * [* {th:each}] [200]: com.intuit.karate.template.KarateEachTagProcessor
[THYMELEAF]             * [* {th:switch}] [250]: karate.org.thymeleaf.standard.processor.StandardSwitchTagProcessor
[THYMELEAF]             * [* {th:case}] [275]: karate.org.thymeleaf.standard.processor.StandardCaseTagProcessor
[THYMELEAF]             * [* {th:if}] [300]: karate.org.thymeleaf.standard.processor.StandardIfTagProcessor
[THYMELEAF]             * [* {th:unless}] [400]: karate.org.thymeleaf.standard.processor.StandardUnlessTagProcessor
[THYMELEAF]             * [* {th:object}] [500]: karate.org.thymeleaf.standard.processor.StandardObjectTagProcessor
[THYMELEAF]             * [* {th:with}] [600]: com.intuit.karate.template.KarateWithTagProcessor
[THYMELEAF]             * [* {th:inline}] [1000]: karate.org.thymeleaf.standard.processor.StandardInlineTextualTagProcessor
[THYMELEAF]             * [* {th:text}] [1300]: karate.org.thymeleaf.standard.processor.StandardTextTagProcessor
[THYMELEAF]             * [* {th:utext}] [1400]: karate.org.thymeleaf.standard.processor.StandardUtextTagProcessor
[THYMELEAF]             * [* {th:assert}] [1550]: karate.org.thymeleaf.standard.processor.StandardAssertTagProcessor
[THYMELEAF]             * [* {th:remove}] [1600]: karate.org.thymeleaf.standard.processor.StandardRemoveTagProcessor
[THYMELEAF]             * [* 100000] [karate.org.thymeleaf.standard.processor.StandardBlockTagProcessor]: {}
[THYMELEAF]             * [{th:block} *] [100000]: karate.org.thymeleaf.standard.processor.StandardBlockTagProcessor
[THYMELEAF]         * Text Processors by [precedence]:
[THYMELEAF]             * [1000]: karate.org.thymeleaf.standard.processor.StandardInliningTextProcessor
[THYMELEAF]     * Processors for Template Mode: JAVASCRIPT
[THYMELEAF]         * Element Tag Processors by [matching element and attribute name] [precedence]:
[THYMELEAF]             * [* {th:insert}] [100]: karate.org.thymeleaf.standard.processor.StandardInsertTagProcessor
[THYMELEAF]             * [* {th:replace}] [100]: karate.org.thymeleaf.standard.processor.StandardReplaceTagProcessor
[THYMELEAF]             * [* {th:each}] [200]: com.intuit.karate.template.KarateEachTagProcessor
[THYMELEAF]             * [* {th:switch}] [250]: karate.org.thymeleaf.standard.processor.StandardSwitchTagProcessor
[THYMELEAF]             * [* {th:case}] [275]: karate.org.thymeleaf.standard.processor.StandardCaseTagProcessor
[THYMELEAF]             * [* {th:if}] [300]: karate.org.thymeleaf.standard.processor.StandardIfTagProcessor
[THYMELEAF]             * [* {th:unless}] [400]: karate.org.thymeleaf.standard.processor.StandardUnlessTagProcessor
[THYMELEAF]             * [* {th:object}] [500]: karate.org.thymeleaf.standard.processor.StandardObjectTagProcessor
[THYMELEAF]             * [* {th:with}] [600]: com.intuit.karate.template.KarateWithTagProcessor
[THYMELEAF]             * [* {th:inline}] [1000]: karate.org.thymeleaf.standard.processor.StandardInlineTextualTagProcessor
[THYMELEAF]             * [* {th:text}] [1300]: karate.org.thymeleaf.standard.processor.StandardTextTagProcessor
[THYMELEAF]             * [* {th:utext}] [1400]: karate.org.thymeleaf.standard.processor.StandardUtextTagProcessor
[THYMELEAF]             * [* {th:assert}] [1550]: karate.org.thymeleaf.standard.processor.StandardAssertTagProcessor
[THYMELEAF]             * [* {th:remove}] [1600]: karate.org.thymeleaf.standard.processor.StandardRemoveTagProcessor
[THYMELEAF]             * [{th:block} *] [100000]: karate.org.thymeleaf.standard.processor.StandardBlockTagProcessor
[THYMELEAF]             * [* 100000] [karate.org.thymeleaf.standard.processor.StandardBlockTagProcessor]: {}
[THYMELEAF]         * Text Processors by [precedence]:
[THYMELEAF]             * [1000]: karate.org.thymeleaf.standard.processor.StandardInliningTextProcessor
[THYMELEAF]     * Processors for Template Mode: CSS
[THYMELEAF]         * Element Tag Processors by [matching element and attribute name] [precedence]:
[THYMELEAF]             * [* {th:insert}] [100]: karate.org.thymeleaf.standard.processor.StandardInsertTagProcessor
[THYMELEAF]             * [* {th:replace}] [100]: karate.org.thymeleaf.standard.processor.StandardReplaceTagProcessor
[THYMELEAF]             * [* {th:each}] [200]: com.intuit.karate.template.KarateEachTagProcessor
[THYMELEAF]             * [* {th:switch}] [250]: karate.org.thymeleaf.standard.processor.StandardSwitchTagProcessor
[THYMELEAF]             * [* {th:case}] [275]: karate.org.thymeleaf.standard.processor.StandardCaseTagProcessor
[THYMELEAF]             * [* {th:if}] [300]: karate.org.thymeleaf.standard.processor.StandardIfTagProcessor
[THYMELEAF]             * [* {th:unless}] [400]: karate.org.thymeleaf.standard.processor.StandardUnlessTagProcessor
[THYMELEAF]             * [* {th:object}] [500]: karate.org.thymeleaf.standard.processor.StandardObjectTagProcessor
[THYMELEAF]             * [* {th:with}] [600]: com.intuit.karate.template.KarateWithTagProcessor
[THYMELEAF]             * [* {th:inline}] [1000]: karate.org.thymeleaf.standard.processor.StandardInlineTextualTagProcessor
[THYMELEAF]             * [* {th:text}] [1300]: karate.org.thymeleaf.standard.processor.StandardTextTagProcessor
[THYMELEAF]             * [* {th:utext}] [1400]: karate.org.thymeleaf.standard.processor.StandardUtextTagProcessor
[THYMELEAF]             * [* {th:assert}] [1550]: karate.org.thymeleaf.standard.processor.StandardAssertTagProcessor
[THYMELEAF]             * [* {th:remove}] [1600]: karate.org.thymeleaf.standard.processor.StandardRemoveTagProcessor
[THYMELEAF]             * [* 100000] [karate.org.thymeleaf.standard.processor.StandardBlockTagProcessor]: {}
[THYMELEAF]             * [{th:block} *] [100000]: karate.org.thymeleaf.standard.processor.StandardBlockTagProcessor
[THYMELEAF]         * Text Processors by [precedence]:
[THYMELEAF]             * [1000]: karate.org.thymeleaf.standard.processor.StandardInliningTextProcessor
[THYMELEAF]     * Expression Objects:
[THYMELEAF]         * #ctx
[THYMELEAF]         * #root
[THYMELEAF]         * #vars
[THYMELEAF]         * #object
[THYMELEAF]         * #locale
[THYMELEAF]         * #request
[THYMELEAF]         * #response
[THYMELEAF]         * #session
[THYMELEAF]         * #servletContext
[THYMELEAF]         * #conversions
[THYMELEAF]         * #uris
[THYMELEAF]         * #calendars
[THYMELEAF]         * #dates
[THYMELEAF]         * #bools
[THYMELEAF]         * #numbers
[THYMELEAF]         * #objects
[THYMELEAF]         * #strings
[THYMELEAF]         * #arrays
[THYMELEAF]         * #lists
[THYMELEAF]         * #sets
[THYMELEAF]         * #maps
[THYMELEAF]         * #aggregates
[THYMELEAF]         * #messages
[THYMELEAF]         * #ids
[THYMELEAF]         * #execInfo
[THYMELEAF]         * #httpServletRequest
[THYMELEAF]         * #httpSession
[THYMELEAF]     * Execution Attributes:
[THYMELEAF]         * "StandardExpressionParser": com.intuit.karate.template.KarateStandardDialect@168f096f
[THYMELEAF]         * "StandardJavaScriptSerializer": karate.org.thymeleaf.standard.serializer.StandardJavaScriptSerializer@3d965379
[THYMELEAF]         * "StandardCSSSerializer": karate.org.thymeleaf.standard.serializer.StandardCSSSerializer@50489190
[THYMELEAF]         * "StandardVariableExpressionEvaluator": com.intuit.karate.template.KarateStandardDialect@168f096f
[THYMELEAF]         * "StandardConversionService": karate.org.thymeleaf.standard.expression.StandardConversionService@168bf3b1
[THYMELEAF] * Dialect [2 of 2]: karate (com.intuit.karate.template.KarateScriptDialect)
[THYMELEAF]     * Prefix: "ka"
[THYMELEAF]     * Processors for Template Mode: HTML
[THYMELEAF]         * Element Tag Processors by [matching element and attribute name] [precedence]:
[THYMELEAF]             * [* {src}] [1000]: com.intuit.karate.template.KaScriptAttrProcessor
[THYMELEAF]         * Element Model Processors by [matching element and attribute name] [precedence]:
[THYMELEAF]             * [{script} {ka:scope,data-ka-scope}] [1000]: com.intuit.karate.template.KaScriptElemProcessor
[THYMELEAF]             * [* {ka:set,data-ka-set}] [1000]: com.intuit.karate.template.KaSetElemProcessor
[THYMELEAF] TEMPLATE ENGINE CONFIGURED OK
11:39:15.980 [pool-1-thread-2] DEBUG karate.org.apache.http.impl.conn.DefaultHttpClientConnectionOperator - Connecting to ops.enerbit.dev/20.65.19.185:443
11:39:15.981 [pool-2-thread-1] DEBUG karate.org.thymeleaf.TemplateEngine - [THYMELEAF] TEMPLATE ENGINE INITIALIZED
11:39:15.981 [pool-1-thread-2] DEBUG karate.org.apache.http.conn.ssl.SSLConnectionSocketFactory - Connecting socket to ops.enerbit.dev/20.65.19.185:443 with timeout 30000
11:39:16.034 [pool-1-thread-1] DEBUG karate.org.apache.http.wire - http-outgoing-9 << "HTTP/1.1 201 Created[\r][\n]"
11:39:16.034 [pool-1-thread-1] DEBUG karate.org.apache.http.wire - http-outgoing-9 << "Date: Sun, 02 Jul 2023 16:39:16 GMT[\r][\n]"
11:39:16.034 [pool-1-thread-1] DEBUG karate.org.apache.http.wire - http-outgoing-9 << "Content-Type: application/json[\r][\n]"
11:39:16.034 [pool-1-thread-1] DEBUG karate.org.apache.http.wire - http-outgoing-9 << "Content-Length: 320[\r][\n]"
11:39:16.034 [pool-1-thread-1] DEBUG karate.org.apache.http.wire - http-outgoing-9 << "Connection: keep-alive[\r][\n]"
11:39:16.034 [pool-1-thread-1] DEBUG karate.org.apache.http.wire - http-outgoing-9 << "Strict-Transport-Security: max-age=15724800; includeSubDomains[\r][\n]"
11:39:16.034 [pool-1-thread-1] DEBUG karate.org.apache.http.wire - http-outgoing-9 << "Access-Control-Allow-Origin: *[\r][\n]"
11:39:16.034 [pool-1-thread-1] DEBUG karate.org.apache.http.wire - http-outgoing-9 << "Access-Control-Allow-Credentials: true[\r][\n]"
11:39:16.034 [pool-1-thread-1] DEBUG karate.org.apache.http.wire - http-outgoing-9 << "Access-Control-Allow-Methods: GET, PUT, POST, DELETE, PATCH, OPTIONS[\r][\n]"
11:39:16.034 [pool-1-thread-1] DEBUG karate.org.apache.http.wire - http-outgoing-9 << "Access-Control-Allow-Headers: DNT,Keep-Alive,User-Agent,X-Requested-With,If-Modified-Since,Cache-Control,Content-Type,Range,Authorization[\r][\n]"
11:39:16.034 [pool-1-thread-1] DEBUG karate.org.apache.http.wire - http-outgoing-9 << "Access-Control-Max-Age: 1728000[\r][\n]"
11:39:16.034 [pool-1-thread-1] DEBUG karate.org.apache.http.wire - http-outgoing-9 << "[\r][\n]"
11:39:16.034 [pool-1-thread-1] DEBUG karate.org.apache.http.wire - http-outgoing-9 << "{"serial":"3424234233kj","connection_type":"directa","storage_system":"interno","condition":"nuevo","owner":"RF","location":"Almacen ","manufacturer":"yes","purchase":"2022-07-28 03:08:49.340514","i_max":6345.654,"i_b":21.5,"i_n":876.5,"seals":545.65,"id":415,"created_at":"2023-07-02T16:39:16.542703","updated_at":null}"
11:39:16.034 [pool-1-thread-1] DEBUG karate.org.apache.http.headers - http-outgoing-9 << HTTP/1.1 201 Created
11:39:16.034 [pool-1-thread-1] DEBUG karate.org.apache.http.headers - http-outgoing-9 << Date: Sun, 02 Jul 2023 16:39:16 GMT
11:39:16.034 [pool-1-thread-1] DEBUG karate.org.apache.http.headers - http-outgoing-9 << Content-Type: application/json
11:39:16.034 [pool-1-thread-1] DEBUG karate.org.apache.http.headers - http-outgoing-9 << Content-Length: 320
11:39:16.034 [pool-1-thread-1] DEBUG karate.org.apache.http.headers - http-outgoing-9 << Connection: keep-alive
11:39:16.034 [pool-1-thread-1] DEBUG karate.org.apache.http.headers - http-outgoing-9 << Strict-Transport-Security: max-age=15724800; includeSubDomains
11:39:16.034 [pool-1-thread-1] DEBUG karate.org.apache.http.headers - http-outgoing-9 << Access-Control-Allow-Origin: *
11:39:16.034 [pool-1-thread-1] DEBUG karate.org.apache.http.headers - http-outgoing-9 << Access-Control-Allow-Credentials: true
11:39:16.034 [pool-1-thread-1] DEBUG karate.org.apache.http.headers - http-outgoing-9 << Access-Control-Allow-Methods: GET, PUT, POST, DELETE, PATCH, OPTIONS
11:39:16.034 [pool-1-thread-1] DEBUG karate.org.apache.http.headers - http-outgoing-9 << Access-Control-Allow-Headers: DNT,Keep-Alive,User-Agent,X-Requested-With,If-Modified-Since,Cache-Control,Content-Type,Range,Authorization
11:39:16.034 [pool-1-thread-1] DEBUG karate.org.apache.http.headers - http-outgoing-9 << Access-Control-Max-Age: 1728000
11:39:16.034 [pool-1-thread-1] DEBUG karate.org.apache.http.impl.execchain.MainClientExec - Connection can be kept alive indefinitely
11:39:16.035 [pool-1-thread-1] DEBUG karate.org.apache.http.impl.conn.PoolingHttpClientConnectionManager - Connection [id: 9][route: {s}->https://ops.enerbit.dev:443] can be kept alive indefinitely
11:39:16.035 [pool-1-thread-1] DEBUG karate.org.apache.http.impl.conn.DefaultManagedHttpClientConnection - http-outgoing-9: set socket timeout to 0
11:39:16.035 [pool-1-thread-1] DEBUG karate.org.apache.http.impl.conn.PoolingHttpClientConnectionManager - Connection released: [id: 9][route: {s}->https://ops.enerbit.dev:443][total available: 1; route allocated: 1 of 5; total allocated: 1 of 10]
11:39:16.035 [pool-1-thread-1] DEBUG com.intuit.karate - response time in milliseconds: 293
1 < 201
1 < Date: Sun, 02 Jul 2023 16:39:16 GMT
1 < Content-Type: application/json
1 < Content-Length: 320
1 < Connection: keep-alive
1 < Strict-Transport-Security: max-age=15724800; includeSubDomains
1 < Access-Control-Allow-Origin: *
1 < Access-Control-Allow-Credentials: true
1 < Access-Control-Allow-Methods: GET, PUT, POST, DELETE, PATCH, OPTIONS
1 < Access-Control-Allow-Headers: DNT,Keep-Alive,User-Agent,X-Requested-With,If-Modified-Since,Cache-Control,Content-Type,Range,Authorization
1 < Access-Control-Max-Age: 1728000
{"serial":"3424234233kj","connection_type":"directa","storage_system":"interno","condition":"nuevo","owner":"RF","location":"Almacen ","manufacturer":"yes","purchase":"2022-07-28 03:08:49.340514","i_max":6345.654,"i_b":21.5,"i_n":876.5,"seals":545.65,"id":415,"created_at":"2023-07-02T16:39:16.542703","updated_at":null}

11:39:16.037 [pool-1-thread-1] DEBUG com.jayway.jsonpath.internal.path.CompiledPath - Evaluating path: $['id']
11:39:16.040 [pool-1-thread-1] DEBUG com.jayway.jsonpath.internal.path.CompiledPath - Evaluating path: $
11:39:16.042 [pool-1-thread-1] DEBUG karate.org.apache.http.client.protocol.RequestAddCookies - CookieSpec selected: karate
11:39:16.043 [pool-1-thread-1] DEBUG karate.org.apache.http.client.protocol.RequestAuthCache - Auth cache not set in the context
11:39:16.043 [pool-1-thread-1] DEBUG com.intuit.karate - request:
2 > PATCH https://ops.enerbit.dev/learning/api/v1/meters/415/api/v1/meters
2 > Content-Type: application/json; charset=UTF-8
2 > Content-Length: 247
2 > Host: ops.enerbit.dev
2 > Connection: Keep-Alive
2 > User-Agent: Apache-HttpClient/4.5.13 (Java/1.8.0_202)
2 > Accept-Encoding: gzip,deflate
{"serial":"3424234233kj","connection_type":"direct","storage_system":"interno","condition":"nuevo","owner":"RF","location":"55865","manufacturer":"yes","purchase":"2022-07-28 03:08:49.340514","i_max":6345.654,"i_b":21.5,"i_n":876.5,"seals":545.65}

11:39:16.043 [pool-1-thread-1] DEBUG karate.org.apache.http.impl.conn.PoolingHttpClientConnectionManager - Connection request: [route: {s}->https://ops.enerbit.dev:443][total available: 0; route allocated: 0 of 5; total allocated: 0 of 10]
11:39:16.043 [pool-1-thread-1] DEBUG karate.org.apache.http.impl.conn.PoolingHttpClientConnectionManager - Connection leased: [id: 11][route: {s}->https://ops.enerbit.dev:443][total available: 0; route allocated: 1 of 5; total allocated: 1 of 10]
11:39:16.043 [pool-1-thread-1] DEBUG karate.org.apache.http.impl.execchain.MainClientExec - Opening connection {s}->https://ops.enerbit.dev:443
11:39:16.044 [pool-1-thread-1] DEBUG karate.org.apache.http.impl.conn.DefaultHttpClientConnectionOperator - Connecting to ops.enerbit.dev/20.65.19.185:443
11:39:16.044 [pool-1-thread-1] DEBUG karate.org.apache.http.conn.ssl.SSLConnectionSocketFactory - Connecting socket to ops.enerbit.dev/20.65.19.185:443 with timeout 30000
11:39:16.060 [pool-1-thread-2] DEBUG karate.org.apache.http.conn.ssl.SSLConnectionSocketFactory - Enabled protocols: [TLSv1, TLSv1.1, TLSv1.2]
11:39:16.060 [pool-1-thread-2] DEBUG karate.org.apache.http.conn.ssl.SSLConnectionSocketFactory - Enabled cipher suites:[TLS_ECDHE_ECDSA_WITH_AES_256_CBC_SHA384, TLS_ECDHE_RSA_WITH_AES_256_CBC_SHA384, TLS_RSA_WITH_AES_256_CBC_SHA256, TLS_ECDH_ECDSA_WITH_AES_256_CBC_SHA384, TLS_ECDH_RSA_WITH_AES_256_CBC_SHA384, TLS_DHE_RSA_WITH_AES_256_CBC_SHA256, TLS_DHE_DSS_WITH_AES_256_CBC_SHA256, TLS_ECDHE_ECDSA_WITH_AES_256_CBC_SHA, TLS_ECDHE_RSA_WITH_AES_256_CBC_SHA, TLS_RSA_WITH_AES_256_CBC_SHA, TLS_ECDH_ECDSA_WITH_AES_256_CBC_SHA, TLS_ECDH_RSA_WITH_AES_256_CBC_SHA, TLS_DHE_RSA_WITH_AES_256_CBC_SHA, TLS_DHE_DSS_WITH_AES_256_CBC_SHA, TLS_ECDHE_ECDSA_WITH_AES_128_CBC_SHA256, TLS_ECDHE_RSA_WITH_AES_128_CBC_SHA256, TLS_RSA_WITH_AES_128_CBC_SHA256, TLS_ECDH_ECDSA_WITH_AES_128_CBC_SHA256, TLS_ECDH_RSA_WITH_AES_128_CBC_SHA256, TLS_DHE_RSA_WITH_AES_128_CBC_SHA256, TLS_DHE_DSS_WITH_AES_128_CBC_SHA256, TLS_ECDHE_ECDSA_WITH_AES_128_CBC_SHA, TLS_ECDHE_RSA_WITH_AES_128_CBC_SHA, TLS_RSA_WITH_AES_128_CBC_SHA, TLS_ECDH_ECDSA_WITH_AES_128_CBC_SHA, TLS_ECDH_RSA_WITH_AES_128_CBC_SHA, TLS_DHE_RSA_WITH_AES_128_CBC_SHA, TLS_DHE_DSS_WITH_AES_128_CBC_SHA, TLS_ECDHE_ECDSA_WITH_AES_256_GCM_SHA384, TLS_ECDHE_ECDSA_WITH_AES_128_GCM_SHA256, TLS_ECDHE_RSA_WITH_AES_256_GCM_SHA384, TLS_RSA_WITH_AES_256_GCM_SHA384, TLS_ECDH_ECDSA_WITH_AES_256_GCM_SHA384, TLS_ECDH_RSA_WITH_AES_256_GCM_SHA384, TLS_DHE_RSA_WITH_AES_256_GCM_SHA384, TLS_DHE_DSS_WITH_AES_256_GCM_SHA384, TLS_ECDHE_RSA_WITH_AES_128_GCM_SHA256, TLS_RSA_WITH_AES_128_GCM_SHA256, TLS_ECDH_ECDSA_WITH_AES_128_GCM_SHA256, TLS_ECDH_RSA_WITH_AES_128_GCM_SHA256, TLS_DHE_RSA_WITH_AES_128_GCM_SHA256, TLS_DHE_DSS_WITH_AES_128_GCM_SHA256]
11:39:16.060 [pool-1-thread-2] DEBUG karate.org.apache.http.conn.ssl.SSLConnectionSocketFactory - Starting handshake
11:39:16.141 [pool-1-thread-1] DEBUG karate.org.apache.http.conn.ssl.SSLConnectionSocketFactory - Enabled protocols: [TLSv1, TLSv1.1, TLSv1.2]
11:39:16.142 [pool-1-thread-1] DEBUG karate.org.apache.http.conn.ssl.SSLConnectionSocketFactory - Enabled cipher suites:[TLS_ECDHE_ECDSA_WITH_AES_256_CBC_SHA384, TLS_ECDHE_RSA_WITH_AES_256_CBC_SHA384, TLS_RSA_WITH_AES_256_CBC_SHA256, TLS_ECDH_ECDSA_WITH_AES_256_CBC_SHA384, TLS_ECDH_RSA_WITH_AES_256_CBC_SHA384, TLS_DHE_RSA_WITH_AES_256_CBC_SHA256, TLS_DHE_DSS_WITH_AES_256_CBC_SHA256, TLS_ECDHE_ECDSA_WITH_AES_256_CBC_SHA, TLS_ECDHE_RSA_WITH_AES_256_CBC_SHA, TLS_RSA_WITH_AES_256_CBC_SHA, TLS_ECDH_ECDSA_WITH_AES_256_CBC_SHA, TLS_ECDH_RSA_WITH_AES_256_CBC_SHA, TLS_DHE_RSA_WITH_AES_256_CBC_SHA, TLS_DHE_DSS_WITH_AES_256_CBC_SHA, TLS_ECDHE_ECDSA_WITH_AES_128_CBC_SHA256, TLS_ECDHE_RSA_WITH_AES_128_CBC_SHA256, TLS_RSA_WITH_AES_128_CBC_SHA256, TLS_ECDH_ECDSA_WITH_AES_128_CBC_SHA256, TLS_ECDH_RSA_WITH_AES_128_CBC_SHA256, TLS_DHE_RSA_WITH_AES_128_CBC_SHA256, TLS_DHE_DSS_WITH_AES_128_CBC_SHA256, TLS_ECDHE_ECDSA_WITH_AES_128_CBC_SHA, TLS_ECDHE_RSA_WITH_AES_128_CBC_SHA, TLS_RSA_WITH_AES_128_CBC_SHA, TLS_ECDH_ECDSA_WITH_AES_128_CBC_SHA, TLS_ECDH_RSA_WITH_AES_128_CBC_SHA, TLS_DHE_RSA_WITH_AES_128_CBC_SHA, TLS_DHE_DSS_WITH_AES_128_CBC_SHA, TLS_ECDHE_ECDSA_WITH_AES_256_GCM_SHA384, TLS_ECDHE_ECDSA_WITH_AES_128_GCM_SHA256, TLS_ECDHE_RSA_WITH_AES_256_GCM_SHA384, TLS_RSA_WITH_AES_256_GCM_SHA384, TLS_ECDH_ECDSA_WITH_AES_256_GCM_SHA384, TLS_ECDH_RSA_WITH_AES_256_GCM_SHA384, TLS_DHE_RSA_WITH_AES_256_GCM_SHA384, TLS_DHE_DSS_WITH_AES_256_GCM_SHA384, TLS_ECDHE_RSA_WITH_AES_128_GCM_SHA256, TLS_RSA_WITH_AES_128_GCM_SHA256, TLS_ECDH_ECDSA_WITH_AES_128_GCM_SHA256, TLS_ECDH_RSA_WITH_AES_128_GCM_SHA256, TLS_DHE_RSA_WITH_AES_128_GCM_SHA256, TLS_DHE_DSS_WITH_AES_128_GCM_SHA256]
11:39:16.142 [pool-1-thread-1] DEBUG karate.org.apache.http.conn.ssl.SSLConnectionSocketFactory - Starting handshake
11:39:16.181 [pool-1-thread-2] DEBUG karate.org.apache.http.conn.ssl.SSLConnectionSocketFactory - Secure session established
11:39:16.182 [pool-1-thread-2] DEBUG karate.org.apache.http.conn.ssl.SSLConnectionSocketFactory -  negotiated protocol: TLSv1.2
11:39:16.182 [pool-1-thread-2] DEBUG karate.org.apache.http.conn.ssl.SSLConnectionSocketFactory -  negotiated cipher suite: TLS_ECDHE_RSA_WITH_AES_128_GCM_SHA256
11:39:16.182 [pool-1-thread-2] DEBUG karate.org.apache.http.conn.ssl.SSLConnectionSocketFactory -  peer principal: CN=ops.enerbit.dev
11:39:16.182 [pool-1-thread-2] DEBUG karate.org.apache.http.conn.ssl.SSLConnectionSocketFactory -  peer alternative names: [ops.enerbit.dev]
11:39:16.182 [pool-1-thread-2] DEBUG karate.org.apache.http.conn.ssl.SSLConnectionSocketFactory -  issuer principal: CN=R3, O=Let's Encrypt, C=US
11:39:16.182 [pool-1-thread-2] DEBUG karate.org.apache.http.impl.conn.DefaultHttpClientConnectionOperator - Connection established 192.168.1.4:56911<->20.65.19.185:443
11:39:16.182 [pool-1-thread-2] DEBUG karate.org.apache.http.impl.conn.DefaultManagedHttpClientConnection - http-outgoing-10: set socket timeout to 30000
11:39:16.182 [pool-1-thread-2] DEBUG karate.org.apache.http.impl.execchain.MainClientExec - Executing request POST /learning/api/v1/meters HTTP/1.1
11:39:16.182 [pool-1-thread-2] DEBUG karate.org.apache.http.impl.execchain.MainClientExec - Target auth state: UNCHALLENGED
11:39:16.182 [pool-1-thread-2] DEBUG karate.org.apache.http.impl.execchain.MainClientExec - Proxy auth state: UNCHALLENGED
11:39:16.182 [pool-1-thread-2] DEBUG karate.org.apache.http.headers - http-outgoing-10 >> POST /learning/api/v1/meters HTTP/1.1
11:39:16.182 [pool-1-thread-2] DEBUG karate.org.apache.http.headers - http-outgoing-10 >> Content-Type: application/json; charset=UTF-8
11:39:16.182 [pool-1-thread-2] DEBUG karate.org.apache.http.headers - http-outgoing-10 >> Content-Length: 251
11:39:16.182 [pool-1-thread-2] DEBUG karate.org.apache.http.headers - http-outgoing-10 >> Host: ops.enerbit.dev
11:39:16.182 [pool-1-thread-2] DEBUG karate.org.apache.http.headers - http-outgoing-10 >> Connection: Keep-Alive
11:39:16.182 [pool-1-thread-2] DEBUG karate.org.apache.http.headers - http-outgoing-10 >> User-Agent: Apache-HttpClient/4.5.13 (Java/1.8.0_202)
11:39:16.182 [pool-1-thread-2] DEBUG karate.org.apache.http.headers - http-outgoing-10 >> Accept-Encoding: gzip,deflate
11:39:16.183 [pool-1-thread-2] DEBUG karate.org.apache.http.wire - http-outgoing-10 >> "POST /learning/api/v1/meters HTTP/1.1[\r][\n]"
11:39:16.183 [pool-1-thread-2] DEBUG karate.org.apache.http.wire - http-outgoing-10 >> "Content-Type: application/json; charset=UTF-8[\r][\n]"
11:39:16.183 [pool-1-thread-2] DEBUG karate.org.apache.http.wire - http-outgoing-10 >> "Content-Length: 251[\r][\n]"
11:39:16.183 [pool-1-thread-2] DEBUG karate.org.apache.http.wire - http-outgoing-10 >> "Host: ops.enerbit.dev[\r][\n]"
11:39:16.183 [pool-1-thread-2] DEBUG karate.org.apache.http.wire - http-outgoing-10 >> "Connection: Keep-Alive[\r][\n]"
11:39:16.183 [pool-1-thread-2] DEBUG karate.org.apache.http.wire - http-outgoing-10 >> "User-Agent: Apache-HttpClient/4.5.13 (Java/1.8.0_202)[\r][\n]"
11:39:16.183 [pool-1-thread-2] DEBUG karate.org.apache.http.wire - http-outgoing-10 >> "Accept-Encoding: gzip,deflate[\r][\n]"
11:39:16.183 [pool-1-thread-2] DEBUG karate.org.apache.http.wire - http-outgoing-10 >> "[\r][\n]"
11:39:16.183 [pool-1-thread-2] DEBUG karate.org.apache.http.wire - http-outgoing-10 >> "{"serial":"3424234233kj","connection_type":"directa","storage_system":"interno","condition":"nuevo","owner":"RF","location":"Almacen ","manufacturer":"yes","purchase":"2022-07-28 03:08:49.340514","i_max":6345.654,"i_b":21.5,"i_n":876.5,"seals":545.65}"
11:39:16.263 [pool-1-thread-1] DEBUG karate.org.apache.http.conn.ssl.SSLConnectionSocketFactory - Secure session established
11:39:16.263 [pool-1-thread-1] DEBUG karate.org.apache.http.conn.ssl.SSLConnectionSocketFactory -  negotiated protocol: TLSv1.2
11:39:16.263 [pool-1-thread-1] DEBUG karate.org.apache.http.conn.ssl.SSLConnectionSocketFactory -  negotiated cipher suite: TLS_ECDHE_RSA_WITH_AES_128_GCM_SHA256
11:39:16.263 [pool-1-thread-1] DEBUG karate.org.apache.http.conn.ssl.SSLConnectionSocketFactory -  peer principal: CN=ops.enerbit.dev
11:39:16.263 [pool-1-thread-1] DEBUG karate.org.apache.http.conn.ssl.SSLConnectionSocketFactory -  peer alternative names: [ops.enerbit.dev]
11:39:16.263 [pool-1-thread-1] DEBUG karate.org.apache.http.conn.ssl.SSLConnectionSocketFactory -  issuer principal: CN=R3, O=Let's Encrypt, C=US
11:39:16.263 [pool-1-thread-1] DEBUG karate.org.apache.http.impl.conn.DefaultHttpClientConnectionOperator - Connection established 192.168.1.4:56913<->20.65.19.185:443
11:39:16.264 [pool-1-thread-1] DEBUG karate.org.apache.http.impl.conn.DefaultManagedHttpClientConnection - http-outgoing-11: set socket timeout to 30000
11:39:16.264 [pool-1-thread-1] DEBUG karate.org.apache.http.impl.execchain.MainClientExec - Executing request PATCH /learning/api/v1/meters/415/api/v1/meters HTTP/1.1
11:39:16.264 [pool-1-thread-1] DEBUG karate.org.apache.http.impl.execchain.MainClientExec - Target auth state: UNCHALLENGED
11:39:16.264 [pool-1-thread-1] DEBUG karate.org.apache.http.impl.execchain.MainClientExec - Proxy auth state: UNCHALLENGED
11:39:16.264 [pool-1-thread-1] DEBUG karate.org.apache.http.headers - http-outgoing-11 >> PATCH /learning/api/v1/meters/415/api/v1/meters HTTP/1.1
11:39:16.264 [pool-1-thread-1] DEBUG karate.org.apache.http.headers - http-outgoing-11 >> Content-Type: application/json; charset=UTF-8
11:39:16.264 [pool-1-thread-1] DEBUG karate.org.apache.http.headers - http-outgoing-11 >> Content-Length: 247
11:39:16.264 [pool-1-thread-1] DEBUG karate.org.apache.http.headers - http-outgoing-11 >> Host: ops.enerbit.dev
11:39:16.264 [pool-1-thread-1] DEBUG karate.org.apache.http.headers - http-outgoing-11 >> Connection: Keep-Alive
11:39:16.264 [pool-1-thread-1] DEBUG karate.org.apache.http.headers - http-outgoing-11 >> User-Agent: Apache-HttpClient/4.5.13 (Java/1.8.0_202)
11:39:16.264 [pool-1-thread-1] DEBUG karate.org.apache.http.headers - http-outgoing-11 >> Accept-Encoding: gzip,deflate
11:39:16.264 [pool-1-thread-1] DEBUG karate.org.apache.http.wire - http-outgoing-11 >> "PATCH /learning/api/v1/meters/415/api/v1/meters HTTP/1.1[\r][\n]"
11:39:16.264 [pool-1-thread-1] DEBUG karate.org.apache.http.wire - http-outgoing-11 >> "Content-Type: application/json; charset=UTF-8[\r][\n]"
11:39:16.264 [pool-1-thread-1] DEBUG karate.org.apache.http.wire - http-outgoing-11 >> "Content-Length: 247[\r][\n]"
11:39:16.265 [pool-1-thread-1] DEBUG karate.org.apache.http.wire - http-outgoing-11 >> "Host: ops.enerbit.dev[\r][\n]"
11:39:16.265 [pool-1-thread-1] DEBUG karate.org.apache.http.wire - http-outgoing-11 >> "Connection: Keep-Alive[\r][\n]"
11:39:16.265 [pool-1-thread-1] DEBUG karate.org.apache.http.wire - http-outgoing-11 >> "User-Agent: Apache-HttpClient/4.5.13 (Java/1.8.0_202)[\r][\n]"
11:39:16.265 [pool-1-thread-1] DEBUG karate.org.apache.http.wire - http-outgoing-11 >> "Accept-Encoding: gzip,deflate[\r][\n]"
11:39:16.265 [pool-1-thread-1] DEBUG karate.org.apache.http.wire - http-outgoing-11 >> "[\r][\n]"
11:39:16.265 [pool-1-thread-1] DEBUG karate.org.apache.http.wire - http-outgoing-11 >> "{"serial":"3424234233kj","connection_type":"direct","storage_system":"interno","condition":"nuevo","owner":"RF","location":"55865","manufacturer":"yes","purchase":"2022-07-28 03:08:49.340514","i_max":6345.654,"i_b":21.5,"i_n":876.5,"seals":545.65}"
11:39:16.391 [pool-1-thread-2] DEBUG karate.org.apache.http.wire - http-outgoing-10 << "HTTP/1.1 201 Created[\r][\n]"
11:39:16.391 [pool-1-thread-2] DEBUG karate.org.apache.http.wire - http-outgoing-10 << "Date: Sun, 02 Jul 2023 16:39:16 GMT[\r][\n]"
11:39:16.391 [pool-1-thread-2] DEBUG karate.org.apache.http.wire - http-outgoing-10 << "Content-Type: application/json[\r][\n]"
11:39:16.391 [pool-1-thread-2] DEBUG karate.org.apache.http.wire - http-outgoing-10 << "Content-Length: 320[\r][\n]"
11:39:16.391 [pool-1-thread-2] DEBUG karate.org.apache.http.wire - http-outgoing-10 << "Connection: keep-alive[\r][\n]"
11:39:16.391 [pool-1-thread-2] DEBUG karate.org.apache.http.wire - http-outgoing-10 << "Strict-Transport-Security: max-age=15724800; includeSubDomains[\r][\n]"
11:39:16.391 [pool-1-thread-2] DEBUG karate.org.apache.http.wire - http-outgoing-10 << "Access-Control-Allow-Origin: *[\r][\n]"
11:39:16.391 [pool-1-thread-2] DEBUG karate.org.apache.http.wire - http-outgoing-10 << "Access-Control-Allow-Credentials: true[\r][\n]"
11:39:16.391 [pool-1-thread-2] DEBUG karate.org.apache.http.wire - http-outgoing-10 << "Access-Control-Allow-Methods: GET, PUT, POST, DELETE, PATCH, OPTIONS[\r][\n]"
11:39:16.391 [pool-1-thread-2] DEBUG karate.org.apache.http.wire - http-outgoing-10 << "Access-Control-Allow-Headers: DNT,Keep-Alive,User-Agent,X-Requested-With,If-Modified-Since,Cache-Control,Content-Type,Range,Authorization[\r][\n]"
11:39:16.391 [pool-1-thread-2] DEBUG karate.org.apache.http.wire - http-outgoing-10 << "Access-Control-Max-Age: 1728000[\r][\n]"
11:39:16.391 [pool-1-thread-2] DEBUG karate.org.apache.http.wire - http-outgoing-10 << "[\r][\n]"
11:39:16.391 [pool-1-thread-2] DEBUG karate.org.apache.http.wire - http-outgoing-10 << "{"serial":"3424234233kj","connection_type":"directa","storage_system":"interno","condition":"nuevo","owner":"RF","location":"Almacen ","manufacturer":"yes","purchase":"2022-07-28 03:08:49.340514","i_max":6345.654,"i_b":21.5,"i_n":876.5,"seals":545.65,"id":416,"created_at":"2023-07-02T16:39:16.797695","updated_at":null}"
11:39:16.391 [pool-1-thread-2] DEBUG karate.org.apache.http.headers - http-outgoing-10 << HTTP/1.1 201 Created
11:39:16.391 [pool-1-thread-2] DEBUG karate.org.apache.http.headers - http-outgoing-10 << Date: Sun, 02 Jul 2023 16:39:16 GMT
11:39:16.391 [pool-1-thread-2] DEBUG karate.org.apache.http.headers - http-outgoing-10 << Content-Type: application/json
11:39:16.391 [pool-1-thread-2] DEBUG karate.org.apache.http.headers - http-outgoing-10 << Content-Length: 320
11:39:16.391 [pool-1-thread-2] DEBUG karate.org.apache.http.headers - http-outgoing-10 << Connection: keep-alive
11:39:16.391 [pool-1-thread-2] DEBUG karate.org.apache.http.headers - http-outgoing-10 << Strict-Transport-Security: max-age=15724800; includeSubDomains
11:39:16.391 [pool-1-thread-2] DEBUG karate.org.apache.http.headers - http-outgoing-10 << Access-Control-Allow-Origin: *
11:39:16.391 [pool-1-thread-2] DEBUG karate.org.apache.http.headers - http-outgoing-10 << Access-Control-Allow-Credentials: true
11:39:16.391 [pool-1-thread-2] DEBUG karate.org.apache.http.headers - http-outgoing-10 << Access-Control-Allow-Methods: GET, PUT, POST, DELETE, PATCH, OPTIONS
11:39:16.391 [pool-1-thread-2] DEBUG karate.org.apache.http.headers - http-outgoing-10 << Access-Control-Allow-Headers: DNT,Keep-Alive,User-Agent,X-Requested-With,If-Modified-Since,Cache-Control,Content-Type,Range,Authorization
11:39:16.391 [pool-1-thread-2] DEBUG karate.org.apache.http.headers - http-outgoing-10 << Access-Control-Max-Age: 1728000
11:39:16.392 [pool-1-thread-2] DEBUG karate.org.apache.http.impl.execchain.MainClientExec - Connection can be kept alive indefinitely
11:39:16.392 [pool-1-thread-2] DEBUG karate.org.apache.http.impl.conn.PoolingHttpClientConnectionManager - Connection [id: 10][route: {s}->https://ops.enerbit.dev:443] can be kept alive indefinitely
11:39:16.392 [pool-1-thread-2] DEBUG karate.org.apache.http.impl.conn.DefaultManagedHttpClientConnection - http-outgoing-10: set socket timeout to 0
11:39:16.392 [pool-1-thread-2] DEBUG karate.org.apache.http.impl.conn.PoolingHttpClientConnectionManager - Connection released: [id: 10][route: {s}->https://ops.enerbit.dev:443][total available: 1; route allocated: 1 of 5; total allocated: 1 of 10]
11:39:16.392 [pool-1-thread-2] DEBUG com.intuit.karate - response time in milliseconds: 413
1 < 201
1 < Date: Sun, 02 Jul 2023 16:39:16 GMT
1 < Content-Type: application/json
1 < Content-Length: 320
1 < Connection: keep-alive
1 < Strict-Transport-Security: max-age=15724800; includeSubDomains
1 < Access-Control-Allow-Origin: *
1 < Access-Control-Allow-Credentials: true
1 < Access-Control-Allow-Methods: GET, PUT, POST, DELETE, PATCH, OPTIONS
1 < Access-Control-Allow-Headers: DNT,Keep-Alive,User-Agent,X-Requested-With,If-Modified-Since,Cache-Control,Content-Type,Range,Authorization
1 < Access-Control-Max-Age: 1728000
{"serial":"3424234233kj","connection_type":"directa","storage_system":"interno","condition":"nuevo","owner":"RF","location":"Almacen ","manufacturer":"yes","purchase":"2022-07-28 03:08:49.340514","i_max":6345.654,"i_b":21.5,"i_n":876.5,"seals":545.65,"id":416,"created_at":"2023-07-02T16:39:16.797695","updated_at":null}

11:39:16.395 [pool-1-thread-2] DEBUG com.jayway.jsonpath.internal.path.CompiledPath - Evaluating path: $['id']
11:39:16.400 [pool-1-thread-2] DEBUG com.jayway.jsonpath.internal.path.CompiledPath - Evaluating path: $
11:39:16.404 [pool-1-thread-2] DEBUG karate.org.apache.http.client.protocol.RequestAddCookies - CookieSpec selected: karate
11:39:16.405 [pool-1-thread-2] DEBUG karate.org.apache.http.client.protocol.RequestAuthCache - Auth cache not set in the context
11:39:16.405 [pool-1-thread-2] DEBUG com.intuit.karate - request:
2 > PATCH https://ops.enerbit.dev/learning/api/v1/meters/416
2 > Content-Type: application/json; charset=UTF-8
2 > Content-Length: 251
2 > Host: ops.enerbit.dev
2 > Connection: Keep-Alive
2 > User-Agent: Apache-HttpClient/4.5.13 (Java/1.8.0_202)
2 > Accept-Encoding: gzip,deflate
{"serial":"3424234233kj","connection_type":"directa","storage_system":"interno","condition":"nuevo","owner":"RF","location":"Almacen ","manufacturer":"yes","purchase":"2022-07-28 03:08:49.340514","i_max":6345.654,"i_b":21.5,"i_n":876.5,"seals":545.65}

11:39:16.405 [pool-1-thread-2] DEBUG karate.org.apache.http.impl.conn.PoolingHttpClientConnectionManager - Connection request: [route: {s}->https://ops.enerbit.dev:443][total available: 0; route allocated: 0 of 5; total allocated: 0 of 10]
11:39:16.405 [pool-1-thread-2] DEBUG karate.org.apache.http.impl.conn.PoolingHttpClientConnectionManager - Connection leased: [id: 12][route: {s}->https://ops.enerbit.dev:443][total available: 0; route allocated: 1 of 5; total allocated: 1 of 10]
11:39:16.405 [pool-1-thread-2] DEBUG karate.org.apache.http.impl.execchain.MainClientExec - Opening connection {s}->https://ops.enerbit.dev:443
11:39:16.406 [pool-1-thread-2] DEBUG karate.org.apache.http.impl.conn.DefaultHttpClientConnectionOperator - Connecting to ops.enerbit.dev/20.65.19.185:443
11:39:16.406 [pool-1-thread-2] DEBUG karate.org.apache.http.conn.ssl.SSLConnectionSocketFactory - Connecting socket to ops.enerbit.dev/20.65.19.185:443 with timeout 30000
11:39:16.411 [pool-1-thread-1] DEBUG karate.org.apache.http.wire - http-outgoing-11 << "HTTP/1.1 404 Not Found[\r][\n]"
11:39:16.411 [pool-1-thread-1] DEBUG karate.org.apache.http.wire - http-outgoing-11 << "Date: Sun, 02 Jul 2023 16:39:16 GMT[\r][\n]"
11:39:16.411 [pool-1-thread-1] DEBUG karate.org.apache.http.wire - http-outgoing-11 << "Content-Type: application/json[\r][\n]"
11:39:16.411 [pool-1-thread-1] DEBUG karate.org.apache.http.wire - http-outgoing-11 << "Content-Length: 22[\r][\n]"
11:39:16.411 [pool-1-thread-1] DEBUG karate.org.apache.http.wire - http-outgoing-11 << "Connection: keep-alive[\r][\n]"
11:39:16.411 [pool-1-thread-1] DEBUG karate.org.apache.http.wire - http-outgoing-11 << "Strict-Transport-Security: max-age=15724800; includeSubDomains[\r][\n]"
11:39:16.411 [pool-1-thread-1] DEBUG karate.org.apache.http.wire - http-outgoing-11 << "Access-Control-Allow-Origin: *[\r][\n]"
11:39:16.411 [pool-1-thread-1] DEBUG karate.org.apache.http.wire - http-outgoing-11 << "Access-Control-Allow-Credentials: true[\r][\n]"
11:39:16.411 [pool-1-thread-1] DEBUG karate.org.apache.http.wire - http-outgoing-11 << "Access-Control-Allow-Methods: GET, PUT, POST, DELETE, PATCH, OPTIONS[\r][\n]"
11:39:16.411 [pool-1-thread-1] DEBUG karate.org.apache.http.wire - http-outgoing-11 << "Access-Control-Allow-Headers: DNT,Keep-Alive,User-Agent,X-Requested-With,If-Modified-Since,Cache-Control,Content-Type,Range,Authorization[\r][\n]"
11:39:16.411 [pool-1-thread-1] DEBUG karate.org.apache.http.wire - http-outgoing-11 << "Access-Control-Max-Age: 1728000[\r][\n]"
11:39:16.411 [pool-1-thread-1] DEBUG karate.org.apache.http.wire - http-outgoing-11 << "[\r][\n]"
11:39:16.411 [pool-1-thread-1] DEBUG karate.org.apache.http.wire - http-outgoing-11 << "{"detail":"Not Found"}"
11:39:16.412 [pool-1-thread-1] DEBUG karate.org.apache.http.headers - http-outgoing-11 << HTTP/1.1 404 Not Found
11:39:16.412 [pool-1-thread-1] DEBUG karate.org.apache.http.headers - http-outgoing-11 << Date: Sun, 02 Jul 2023 16:39:16 GMT
11:39:16.412 [pool-1-thread-1] DEBUG karate.org.apache.http.headers - http-outgoing-11 << Content-Type: application/json
11:39:16.412 [pool-1-thread-1] DEBUG karate.org.apache.http.headers - http-outgoing-11 << Content-Length: 22
11:39:16.412 [pool-1-thread-1] DEBUG karate.org.apache.http.headers - http-outgoing-11 << Connection: keep-alive
11:39:16.412 [pool-1-thread-1] DEBUG karate.org.apache.http.headers - http-outgoing-11 << Strict-Transport-Security: max-age=15724800; includeSubDomains
11:39:16.412 [pool-1-thread-1] DEBUG karate.org.apache.http.headers - http-outgoing-11 << Access-Control-Allow-Origin: *
11:39:16.412 [pool-1-thread-1] DEBUG karate.org.apache.http.headers - http-outgoing-11 << Access-Control-Allow-Credentials: true
11:39:16.412 [pool-1-thread-1] DEBUG karate.org.apache.http.headers - http-outgoing-11 << Access-Control-Allow-Methods: GET, PUT, POST, DELETE, PATCH, OPTIONS
11:39:16.412 [pool-1-thread-1] DEBUG karate.org.apache.http.headers - http-outgoing-11 << Access-Control-Allow-Headers: DNT,Keep-Alive,User-Agent,X-Requested-With,If-Modified-Since,Cache-Control,Content-Type,Range,Authorization
11:39:16.412 [pool-1-thread-1] DEBUG karate.org.apache.http.headers - http-outgoing-11 << Access-Control-Max-Age: 1728000
11:39:16.412 [pool-1-thread-1] DEBUG karate.org.apache.http.impl.execchain.MainClientExec - Connection can be kept alive indefinitely
11:39:16.412 [pool-1-thread-1] DEBUG karate.org.apache.http.impl.conn.PoolingHttpClientConnectionManager - Connection [id: 11][route: {s}->https://ops.enerbit.dev:443] can be kept alive indefinitely
11:39:16.412 [pool-1-thread-1] DEBUG karate.org.apache.http.impl.conn.DefaultManagedHttpClientConnection - http-outgoing-11: set socket timeout to 0
11:39:16.412 [pool-1-thread-1] DEBUG karate.org.apache.http.impl.conn.PoolingHttpClientConnectionManager - Connection released: [id: 11][route: {s}->https://ops.enerbit.dev:443][total available: 1; route allocated: 1 of 5; total allocated: 1 of 10]
11:39:16.412 [pool-1-thread-1] DEBUG com.intuit.karate - response time in milliseconds: 369
2 < 404
2 < Date: Sun, 02 Jul 2023 16:39:16 GMT
2 < Content-Type: application/json
2 < Content-Length: 22
2 < Connection: keep-alive
2 < Strict-Transport-Security: max-age=15724800; includeSubDomains
2 < Access-Control-Allow-Origin: *
2 < Access-Control-Allow-Credentials: true
2 < Access-Control-Allow-Methods: GET, PUT, POST, DELETE, PATCH, OPTIONS
2 < Access-Control-Allow-Headers: DNT,Keep-Alive,User-Agent,X-Requested-With,If-Modified-Since,Cache-Control,Content-Type,Range,Authorization
2 < Access-Control-Max-Age: 1728000
{"detail":"Not Found"}

11:39:16.424 [pool-1-thread-1] INFO com.intuit.karate.core.FeatureRuntime - classpath:meterManagerTest/meterPatch/../meterPost/utils-post.feature - call by tag at line 5: Createmeter
11:39:16.430 [pool-1-thread-1] DEBUG com.jayway.jsonpath.internal.path.CompiledPath - Evaluating path: $
11:39:16.432 [pool-1-thread-1] DEBUG karate.org.apache.http.client.protocol.RequestAddCookies - CookieSpec selected: karate
11:39:16.433 [pool-1-thread-1] DEBUG karate.org.apache.http.client.protocol.RequestAuthCache - Auth cache not set in the context
11:39:16.433 [pool-1-thread-1] DEBUG com.intuit.karate - request:
1 > POST https://ops.enerbit.dev/learning/api/v1/meters
1 > Content-Type: application/json; charset=UTF-8
1 > Content-Length: 251
1 > Host: ops.enerbit.dev
1 > Connection: Keep-Alive
1 > User-Agent: Apache-HttpClient/4.5.13 (Java/1.8.0_202)
1 > Accept-Encoding: gzip,deflate
{"serial":"3424234233kj","connection_type":"directa","storage_system":"interno","condition":"nuevo","owner":"RF","location":"Almacen ","manufacturer":"yes","purchase":"2022-07-28 03:08:49.340514","i_max":6345.654,"i_b":21.5,"i_n":876.5,"seals":545.65}

11:39:16.434 [pool-1-thread-1] DEBUG karate.org.apache.http.impl.conn.PoolingHttpClientConnectionManager - Connection request: [route: {s}->https://ops.enerbit.dev:443][total available: 0; route allocated: 0 of 5; total allocated: 0 of 10]
11:39:16.434 [pool-1-thread-1] DEBUG karate.org.apache.http.impl.conn.PoolingHttpClientConnectionManager - Connection leased: [id: 13][route: {s}->https://ops.enerbit.dev:443][total available: 0; route allocated: 1 of 5; total allocated: 1 of 10]
11:39:16.434 [pool-1-thread-1] DEBUG karate.org.apache.http.impl.execchain.MainClientExec - Opening connection {s}->https://ops.enerbit.dev:443
11:39:16.434 [pool-1-thread-1] DEBUG karate.org.apache.http.impl.conn.DefaultHttpClientConnectionOperator - Connecting to ops.enerbit.dev/20.65.19.185:443
11:39:16.434 [pool-1-thread-1] DEBUG karate.org.apache.http.conn.ssl.SSLConnectionSocketFactory - Connecting socket to ops.enerbit.dev/20.65.19.185:443 with timeout 30000
11:39:16.497 [pool-1-thread-2] DEBUG karate.org.apache.http.conn.ssl.SSLConnectionSocketFactory - Enabled protocols: [TLSv1, TLSv1.1, TLSv1.2]
11:39:16.497 [pool-1-thread-2] DEBUG karate.org.apache.http.conn.ssl.SSLConnectionSocketFactory - Enabled cipher suites:[TLS_ECDHE_ECDSA_WITH_AES_256_CBC_SHA384, TLS_ECDHE_RSA_WITH_AES_256_CBC_SHA384, TLS_RSA_WITH_AES_256_CBC_SHA256, TLS_ECDH_ECDSA_WITH_AES_256_CBC_SHA384, TLS_ECDH_RSA_WITH_AES_256_CBC_SHA384, TLS_DHE_RSA_WITH_AES_256_CBC_SHA256, TLS_DHE_DSS_WITH_AES_256_CBC_SHA256, TLS_ECDHE_ECDSA_WITH_AES_256_CBC_SHA, TLS_ECDHE_RSA_WITH_AES_256_CBC_SHA, TLS_RSA_WITH_AES_256_CBC_SHA, TLS_ECDH_ECDSA_WITH_AES_256_CBC_SHA, TLS_ECDH_RSA_WITH_AES_256_CBC_SHA, TLS_DHE_RSA_WITH_AES_256_CBC_SHA, TLS_DHE_DSS_WITH_AES_256_CBC_SHA, TLS_ECDHE_ECDSA_WITH_AES_128_CBC_SHA256, TLS_ECDHE_RSA_WITH_AES_128_CBC_SHA256, TLS_RSA_WITH_AES_128_CBC_SHA256, TLS_ECDH_ECDSA_WITH_AES_128_CBC_SHA256, TLS_ECDH_RSA_WITH_AES_128_CBC_SHA256, TLS_DHE_RSA_WITH_AES_128_CBC_SHA256, TLS_DHE_DSS_WITH_AES_128_CBC_SHA256, TLS_ECDHE_ECDSA_WITH_AES_128_CBC_SHA, TLS_ECDHE_RSA_WITH_AES_128_CBC_SHA, TLS_RSA_WITH_AES_128_CBC_SHA, TLS_ECDH_ECDSA_WITH_AES_128_CBC_SHA, TLS_ECDH_RSA_WITH_AES_128_CBC_SHA, TLS_DHE_RSA_WITH_AES_128_CBC_SHA, TLS_DHE_DSS_WITH_AES_128_CBC_SHA, TLS_ECDHE_ECDSA_WITH_AES_256_GCM_SHA384, TLS_ECDHE_ECDSA_WITH_AES_128_GCM_SHA256, TLS_ECDHE_RSA_WITH_AES_256_GCM_SHA384, TLS_RSA_WITH_AES_256_GCM_SHA384, TLS_ECDH_ECDSA_WITH_AES_256_GCM_SHA384, TLS_ECDH_RSA_WITH_AES_256_GCM_SHA384, TLS_DHE_RSA_WITH_AES_256_GCM_SHA384, TLS_DHE_DSS_WITH_AES_256_GCM_SHA384, TLS_ECDHE_RSA_WITH_AES_128_GCM_SHA256, TLS_RSA_WITH_AES_128_GCM_SHA256, TLS_ECDH_ECDSA_WITH_AES_128_GCM_SHA256, TLS_ECDH_RSA_WITH_AES_128_GCM_SHA256, TLS_DHE_RSA_WITH_AES_128_GCM_SHA256, TLS_DHE_DSS_WITH_AES_128_GCM_SHA256]
11:39:16.497 [pool-1-thread-2] DEBUG karate.org.apache.http.conn.ssl.SSLConnectionSocketFactory - Starting handshake
11:39:16.516 [pool-1-thread-1] DEBUG karate.org.apache.http.conn.ssl.SSLConnectionSocketFactory - Enabled protocols: [TLSv1, TLSv1.1, TLSv1.2]
11:39:16.516 [pool-1-thread-1] DEBUG karate.org.apache.http.conn.ssl.SSLConnectionSocketFactory - Enabled cipher suites:[TLS_ECDHE_ECDSA_WITH_AES_256_CBC_SHA384, TLS_ECDHE_RSA_WITH_AES_256_CBC_SHA384, TLS_RSA_WITH_AES_256_CBC_SHA256, TLS_ECDH_ECDSA_WITH_AES_256_CBC_SHA384, TLS_ECDH_RSA_WITH_AES_256_CBC_SHA384, TLS_DHE_RSA_WITH_AES_256_CBC_SHA256, TLS_DHE_DSS_WITH_AES_256_CBC_SHA256, TLS_ECDHE_ECDSA_WITH_AES_256_CBC_SHA, TLS_ECDHE_RSA_WITH_AES_256_CBC_SHA, TLS_RSA_WITH_AES_256_CBC_SHA, TLS_ECDH_ECDSA_WITH_AES_256_CBC_SHA, TLS_ECDH_RSA_WITH_AES_256_CBC_SHA, TLS_DHE_RSA_WITH_AES_256_CBC_SHA, TLS_DHE_DSS_WITH_AES_256_CBC_SHA, TLS_ECDHE_ECDSA_WITH_AES_128_CBC_SHA256, TLS_ECDHE_RSA_WITH_AES_128_CBC_SHA256, TLS_RSA_WITH_AES_128_CBC_SHA256, TLS_ECDH_ECDSA_WITH_AES_128_CBC_SHA256, TLS_ECDH_RSA_WITH_AES_128_CBC_SHA256, TLS_DHE_RSA_WITH_AES_128_CBC_SHA256, TLS_DHE_DSS_WITH_AES_128_CBC_SHA256, TLS_ECDHE_ECDSA_WITH_AES_128_CBC_SHA, TLS_ECDHE_RSA_WITH_AES_128_CBC_SHA, TLS_RSA_WITH_AES_128_CBC_SHA, TLS_ECDH_ECDSA_WITH_AES_128_CBC_SHA, TLS_ECDH_RSA_WITH_AES_128_CBC_SHA, TLS_DHE_RSA_WITH_AES_128_CBC_SHA, TLS_DHE_DSS_WITH_AES_128_CBC_SHA, TLS_ECDHE_ECDSA_WITH_AES_256_GCM_SHA384, TLS_ECDHE_ECDSA_WITH_AES_128_GCM_SHA256, TLS_ECDHE_RSA_WITH_AES_256_GCM_SHA384, TLS_RSA_WITH_AES_256_GCM_SHA384, TLS_ECDH_ECDSA_WITH_AES_256_GCM_SHA384, TLS_ECDH_RSA_WITH_AES_256_GCM_SHA384, TLS_DHE_RSA_WITH_AES_256_GCM_SHA384, TLS_DHE_DSS_WITH_AES_256_GCM_SHA384, TLS_ECDHE_RSA_WITH_AES_128_GCM_SHA256, TLS_RSA_WITH_AES_128_GCM_SHA256, TLS_ECDH_ECDSA_WITH_AES_128_GCM_SHA256, TLS_ECDH_RSA_WITH_AES_128_GCM_SHA256, TLS_DHE_RSA_WITH_AES_128_GCM_SHA256, TLS_DHE_DSS_WITH_AES_128_GCM_SHA256]
11:39:16.516 [pool-1-thread-1] DEBUG karate.org.apache.http.conn.ssl.SSLConnectionSocketFactory - Starting handshake
11:39:16.608 [pool-1-thread-2] DEBUG karate.org.apache.http.conn.ssl.SSLConnectionSocketFactory - Secure session established
11:39:16.608 [pool-1-thread-2] DEBUG karate.org.apache.http.conn.ssl.SSLConnectionSocketFactory -  negotiated protocol: TLSv1.2
11:39:16.608 [pool-1-thread-2] DEBUG karate.org.apache.http.conn.ssl.SSLConnectionSocketFactory -  negotiated cipher suite: TLS_ECDHE_RSA_WITH_AES_128_GCM_SHA256
11:39:16.608 [pool-1-thread-2] DEBUG karate.org.apache.http.conn.ssl.SSLConnectionSocketFactory -  peer principal: CN=ops.enerbit.dev
11:39:16.608 [pool-1-thread-2] DEBUG karate.org.apache.http.conn.ssl.SSLConnectionSocketFactory -  peer alternative names: [ops.enerbit.dev]
11:39:16.608 [pool-1-thread-2] DEBUG karate.org.apache.http.conn.ssl.SSLConnectionSocketFactory -  issuer principal: CN=R3, O=Let's Encrypt, C=US
11:39:16.608 [pool-1-thread-2] DEBUG karate.org.apache.http.impl.conn.DefaultHttpClientConnectionOperator - Connection established 192.168.1.4:56916<->20.65.19.185:443
11:39:16.608 [pool-1-thread-2] DEBUG karate.org.apache.http.impl.conn.DefaultManagedHttpClientConnection - http-outgoing-12: set socket timeout to 30000
11:39:16.608 [pool-1-thread-2] DEBUG karate.org.apache.http.impl.execchain.MainClientExec - Executing request PATCH /learning/api/v1/meters/416 HTTP/1.1
11:39:16.608 [pool-1-thread-2] DEBUG karate.org.apache.http.impl.execchain.MainClientExec - Target auth state: UNCHALLENGED
11:39:16.608 [pool-1-thread-2] DEBUG karate.org.apache.http.impl.execchain.MainClientExec - Proxy auth state: UNCHALLENGED
11:39:16.609 [pool-1-thread-2] DEBUG karate.org.apache.http.headers - http-outgoing-12 >> PATCH /learning/api/v1/meters/416 HTTP/1.1
11:39:16.609 [pool-1-thread-2] DEBUG karate.org.apache.http.headers - http-outgoing-12 >> Content-Type: application/json; charset=UTF-8
11:39:16.609 [pool-1-thread-2] DEBUG karate.org.apache.http.headers - http-outgoing-12 >> Content-Length: 251
11:39:16.609 [pool-1-thread-2] DEBUG karate.org.apache.http.headers - http-outgoing-12 >> Host: ops.enerbit.dev
11:39:16.609 [pool-1-thread-2] DEBUG karate.org.apache.http.headers - http-outgoing-12 >> Connection: Keep-Alive
11:39:16.609 [pool-1-thread-2] DEBUG karate.org.apache.http.headers - http-outgoing-12 >> User-Agent: Apache-HttpClient/4.5.13 (Java/1.8.0_202)
11:39:16.609 [pool-1-thread-2] DEBUG karate.org.apache.http.headers - http-outgoing-12 >> Accept-Encoding: gzip,deflate
11:39:16.609 [pool-1-thread-2] DEBUG karate.org.apache.http.wire - http-outgoing-12 >> "PATCH /learning/api/v1/meters/416 HTTP/1.1[\r][\n]"
11:39:16.609 [pool-1-thread-2] DEBUG karate.org.apache.http.wire - http-outgoing-12 >> "Content-Type: application/json; charset=UTF-8[\r][\n]"
11:39:16.609 [pool-1-thread-2] DEBUG karate.org.apache.http.wire - http-outgoing-12 >> "Content-Length: 251[\r][\n]"
11:39:16.609 [pool-1-thread-2] DEBUG karate.org.apache.http.wire - http-outgoing-12 >> "Host: ops.enerbit.dev[\r][\n]"
11:39:16.609 [pool-1-thread-2] DEBUG karate.org.apache.http.wire - http-outgoing-12 >> "Connection: Keep-Alive[\r][\n]"
11:39:16.609 [pool-1-thread-2] DEBUG karate.org.apache.http.wire - http-outgoing-12 >> "User-Agent: Apache-HttpClient/4.5.13 (Java/1.8.0_202)[\r][\n]"
11:39:16.609 [pool-1-thread-2] DEBUG karate.org.apache.http.wire - http-outgoing-12 >> "Accept-Encoding: gzip,deflate[\r][\n]"
11:39:16.609 [pool-1-thread-2] DEBUG karate.org.apache.http.wire - http-outgoing-12 >> "[\r][\n]"
11:39:16.609 [pool-1-thread-2] DEBUG karate.org.apache.http.wire - http-outgoing-12 >> "{"serial":"3424234233kj","connection_type":"directa","storage_system":"interno","condition":"nuevo","owner":"RF","location":"Almacen ","manufacturer":"yes","purchase":"2022-07-28 03:08:49.340514","i_max":6345.654,"i_b":21.5,"i_n":876.5,"seals":545.65}"
11:39:16.624 [pool-1-thread-1] DEBUG karate.org.apache.http.conn.ssl.SSLConnectionSocketFactory - Secure session established
11:39:16.624 [pool-1-thread-1] DEBUG karate.org.apache.http.conn.ssl.SSLConnectionSocketFactory -  negotiated protocol: TLSv1.2
11:39:16.624 [pool-1-thread-1] DEBUG karate.org.apache.http.conn.ssl.SSLConnectionSocketFactory -  negotiated cipher suite: TLS_ECDHE_RSA_WITH_AES_128_GCM_SHA256
11:39:16.624 [pool-1-thread-1] DEBUG karate.org.apache.http.conn.ssl.SSLConnectionSocketFactory -  peer principal: CN=ops.enerbit.dev
11:39:16.624 [pool-1-thread-1] DEBUG karate.org.apache.http.conn.ssl.SSLConnectionSocketFactory -  peer alternative names: [ops.enerbit.dev]
11:39:16.624 [pool-1-thread-1] DEBUG karate.org.apache.http.conn.ssl.SSLConnectionSocketFactory -  issuer principal: CN=R3, O=Let's Encrypt, C=US
11:39:16.624 [pool-1-thread-1] DEBUG karate.org.apache.http.impl.conn.DefaultHttpClientConnectionOperator - Connection established 192.168.1.4:56917<->20.65.19.185:443
11:39:16.624 [pool-1-thread-1] DEBUG karate.org.apache.http.impl.conn.DefaultManagedHttpClientConnection - http-outgoing-13: set socket timeout to 30000
11:39:16.624 [pool-1-thread-1] DEBUG karate.org.apache.http.impl.execchain.MainClientExec - Executing request POST /learning/api/v1/meters HTTP/1.1
11:39:16.624 [pool-1-thread-1] DEBUG karate.org.apache.http.impl.execchain.MainClientExec - Target auth state: UNCHALLENGED
11:39:16.624 [pool-1-thread-1] DEBUG karate.org.apache.http.impl.execchain.MainClientExec - Proxy auth state: UNCHALLENGED
11:39:16.625 [pool-1-thread-1] DEBUG karate.org.apache.http.headers - http-outgoing-13 >> POST /learning/api/v1/meters HTTP/1.1
11:39:16.625 [pool-1-thread-1] DEBUG karate.org.apache.http.headers - http-outgoing-13 >> Content-Type: application/json; charset=UTF-8
11:39:16.625 [pool-1-thread-1] DEBUG karate.org.apache.http.headers - http-outgoing-13 >> Content-Length: 251
11:39:16.625 [pool-1-thread-1] DEBUG karate.org.apache.http.headers - http-outgoing-13 >> Host: ops.enerbit.dev
11:39:16.625 [pool-1-thread-1] DEBUG karate.org.apache.http.headers - http-outgoing-13 >> Connection: Keep-Alive
11:39:16.625 [pool-1-thread-1] DEBUG karate.org.apache.http.headers - http-outgoing-13 >> User-Agent: Apache-HttpClient/4.5.13 (Java/1.8.0_202)
11:39:16.625 [pool-1-thread-1] DEBUG karate.org.apache.http.headers - http-outgoing-13 >> Accept-Encoding: gzip,deflate
11:39:16.625 [pool-1-thread-1] DEBUG karate.org.apache.http.wire - http-outgoing-13 >> "POST /learning/api/v1/meters HTTP/1.1[\r][\n]"
11:39:16.625 [pool-1-thread-1] DEBUG karate.org.apache.http.wire - http-outgoing-13 >> "Content-Type: application/json; charset=UTF-8[\r][\n]"
11:39:16.625 [pool-1-thread-1] DEBUG karate.org.apache.http.wire - http-outgoing-13 >> "Content-Length: 251[\r][\n]"
11:39:16.625 [pool-1-thread-1] DEBUG karate.org.apache.http.wire - http-outgoing-13 >> "Host: ops.enerbit.dev[\r][\n]"
11:39:16.625 [pool-1-thread-1] DEBUG karate.org.apache.http.wire - http-outgoing-13 >> "Connection: Keep-Alive[\r][\n]"
11:39:16.625 [pool-1-thread-1] DEBUG karate.org.apache.http.wire - http-outgoing-13 >> "User-Agent: Apache-HttpClient/4.5.13 (Java/1.8.0_202)[\r][\n]"
11:39:16.625 [pool-1-thread-1] DEBUG karate.org.apache.http.wire - http-outgoing-13 >> "Accept-Encoding: gzip,deflate[\r][\n]"
11:39:16.625 [pool-1-thread-1] DEBUG karate.org.apache.http.wire - http-outgoing-13 >> "[\r][\n]"
11:39:16.625 [pool-1-thread-1] DEBUG karate.org.apache.http.wire - http-outgoing-13 >> "{"serial":"3424234233kj","connection_type":"directa","storage_system":"interno","condition":"nuevo","owner":"RF","location":"Almacen ","manufacturer":"yes","purchase":"2022-07-28 03:08:49.340514","i_max":6345.654,"i_b":21.5,"i_n":876.5,"seals":545.65}"
11:39:16.911 [pool-1-thread-2] DEBUG karate.org.apache.http.wire - http-outgoing-12 << "HTTP/1.1 200 OK[\r][\n]"
11:39:16.911 [pool-1-thread-2] DEBUG karate.org.apache.http.wire - http-outgoing-12 << "Date: Sun, 02 Jul 2023 16:39:17 GMT[\r][\n]"
11:39:16.911 [pool-1-thread-2] DEBUG karate.org.apache.http.wire - http-outgoing-12 << "Content-Type: application/json[\r][\n]"
11:39:16.911 [pool-1-thread-2] DEBUG karate.org.apache.http.wire - http-outgoing-12 << "Content-Length: 320[\r][\n]"
11:39:16.911 [pool-1-thread-2] DEBUG karate.org.apache.http.wire - http-outgoing-12 << "Connection: keep-alive[\r][\n]"
11:39:16.911 [pool-1-thread-2] DEBUG karate.org.apache.http.wire - http-outgoing-12 << "Strict-Transport-Security: max-age=15724800; includeSubDomains[\r][\n]"
11:39:16.911 [pool-1-thread-2] DEBUG karate.org.apache.http.wire - http-outgoing-12 << "Access-Control-Allow-Origin: *[\r][\n]"
11:39:16.911 [pool-1-thread-2] DEBUG karate.org.apache.http.wire - http-outgoing-12 << "Access-Control-Allow-Credentials: true[\r][\n]"
11:39:16.911 [pool-1-thread-2] DEBUG karate.org.apache.http.wire - http-outgoing-12 << "Access-Control-Allow-Methods: GET, PUT, POST, DELETE, PATCH, OPTIONS[\r][\n]"
11:39:16.911 [pool-1-thread-2] DEBUG karate.org.apache.http.wire - http-outgoing-12 << "Access-Control-Allow-Headers: DNT,Keep-Alive,User-Agent,X-Requested-With,If-Modified-Since,Cache-Control,Content-Type,Range,Authorization[\r][\n]"
11:39:16.912 [pool-1-thread-2] DEBUG karate.org.apache.http.wire - http-outgoing-12 << "Access-Control-Max-Age: 1728000[\r][\n]"
11:39:16.912 [pool-1-thread-2] DEBUG karate.org.apache.http.wire - http-outgoing-12 << "[\r][\n]"
11:39:16.912 [pool-1-thread-2] DEBUG karate.org.apache.http.wire - http-outgoing-12 << "{"serial":"3424234233kj","connection_type":"directa","storage_system":"interno","condition":"nuevo","owner":"RF","location":"Almacen ","manufacturer":"yes","purchase":"2022-07-28 03:08:49.340514","i_max":6345.654,"i_b":21.5,"i_n":876.5,"seals":545.65,"id":416,"created_at":"2023-07-02T16:39:16.797695","updated_at":null}"
11:39:16.912 [pool-1-thread-2] DEBUG karate.org.apache.http.headers - http-outgoing-12 << HTTP/1.1 200 OK
11:39:16.912 [pool-1-thread-2] DEBUG karate.org.apache.http.headers - http-outgoing-12 << Date: Sun, 02 Jul 2023 16:39:17 GMT
11:39:16.912 [pool-1-thread-2] DEBUG karate.org.apache.http.headers - http-outgoing-12 << Content-Type: application/json
11:39:16.912 [pool-1-thread-2] DEBUG karate.org.apache.http.headers - http-outgoing-12 << Content-Length: 320
11:39:16.912 [pool-1-thread-2] DEBUG karate.org.apache.http.headers - http-outgoing-12 << Connection: keep-alive
11:39:16.912 [pool-1-thread-2] DEBUG karate.org.apache.http.headers - http-outgoing-12 << Strict-Transport-Security: max-age=15724800; includeSubDomains
11:39:16.912 [pool-1-thread-2] DEBUG karate.org.apache.http.headers - http-outgoing-12 << Access-Control-Allow-Origin: *
11:39:16.912 [pool-1-thread-2] DEBUG karate.org.apache.http.headers - http-outgoing-12 << Access-Control-Allow-Credentials: true
11:39:16.912 [pool-1-thread-2] DEBUG karate.org.apache.http.headers - http-outgoing-12 << Access-Control-Allow-Methods: GET, PUT, POST, DELETE, PATCH, OPTIONS
11:39:16.912 [pool-1-thread-2] DEBUG karate.org.apache.http.headers - http-outgoing-12 << Access-Control-Allow-Headers: DNT,Keep-Alive,User-Agent,X-Requested-With,If-Modified-Since,Cache-Control,Content-Type,Range,Authorization
11:39:16.912 [pool-1-thread-2] DEBUG karate.org.apache.http.headers - http-outgoing-12 << Access-Control-Max-Age: 1728000
11:39:16.913 [pool-1-thread-2] DEBUG karate.org.apache.http.impl.execchain.MainClientExec - Connection can be kept alive indefinitely
11:39:16.913 [pool-1-thread-2] DEBUG karate.org.apache.http.impl.conn.PoolingHttpClientConnectionManager - Connection [id: 12][route: {s}->https://ops.enerbit.dev:443] can be kept alive indefinitely
11:39:16.913 [pool-1-thread-2] DEBUG karate.org.apache.http.impl.conn.DefaultManagedHttpClientConnection - http-outgoing-12: set socket timeout to 0
11:39:16.913 [pool-1-thread-2] DEBUG karate.org.apache.http.impl.conn.PoolingHttpClientConnectionManager - Connection released: [id: 12][route: {s}->https://ops.enerbit.dev:443][total available: 1; route allocated: 1 of 5; total allocated: 1 of 10]
11:39:16.913 [pool-1-thread-2] DEBUG com.intuit.karate - response time in milliseconds: 508
2 < 200
2 < Date: Sun, 02 Jul 2023 16:39:17 GMT
2 < Content-Type: application/json
2 < Content-Length: 320
2 < Connection: keep-alive
2 < Strict-Transport-Security: max-age=15724800; includeSubDomains
2 < Access-Control-Allow-Origin: *
2 < Access-Control-Allow-Credentials: true
2 < Access-Control-Allow-Methods: GET, PUT, POST, DELETE, PATCH, OPTIONS
2 < Access-Control-Allow-Headers: DNT,Keep-Alive,User-Agent,X-Requested-With,If-Modified-Since,Cache-Control,Content-Type,Range,Authorization
2 < Access-Control-Max-Age: 1728000
{"serial":"3424234233kj","connection_type":"directa","storage_system":"interno","condition":"nuevo","owner":"RF","location":"Almacen ","manufacturer":"yes","purchase":"2022-07-28 03:08:49.340514","i_max":6345.654,"i_b":21.5,"i_n":876.5,"seals":545.65,"id":416,"created_at":"2023-07-02T16:39:16.797695","updated_at":null}

11:39:16.928 [pool-1-thread-2] INFO com.intuit.karate.core.FeatureRuntime - classpath:meterManagerTest/meterPatch/../meterPost/utils-post.feature - call by tag at line 5: Createmeter
11:39:16.935 [pool-1-thread-2] DEBUG com.jayway.jsonpath.internal.path.CompiledPath - Evaluating path: $
11:39:16.938 [pool-1-thread-2] DEBUG karate.org.apache.http.client.protocol.RequestAddCookies - CookieSpec selected: karate
11:39:16.938 [pool-1-thread-2] DEBUG karate.org.apache.http.client.protocol.RequestAuthCache - Auth cache not set in the context
11:39:16.938 [pool-1-thread-2] DEBUG com.intuit.karate - request:
1 > POST https://ops.enerbit.dev/learning/api/v1/meters
1 > Content-Type: application/json; charset=UTF-8
1 > Content-Length: 251
1 > Host: ops.enerbit.dev
1 > Connection: Keep-Alive
1 > User-Agent: Apache-HttpClient/4.5.13 (Java/1.8.0_202)
1 > Accept-Encoding: gzip,deflate
{"serial":"3424234233kj","connection_type":"directa","storage_system":"interno","condition":"nuevo","owner":"RF","location":"Almacen ","manufacturer":"yes","purchase":"2022-07-28 03:08:49.340514","i_max":6345.654,"i_b":21.5,"i_n":876.5,"seals":545.65}

11:39:16.938 [pool-1-thread-2] DEBUG karate.org.apache.http.impl.conn.PoolingHttpClientConnectionManager - Connection request: [route: {s}->https://ops.enerbit.dev:443][total available: 0; route allocated: 0 of 5; total allocated: 0 of 10]
11:39:16.938 [pool-1-thread-2] DEBUG karate.org.apache.http.impl.conn.PoolingHttpClientConnectionManager - Connection leased: [id: 14][route: {s}->https://ops.enerbit.dev:443][total available: 0; route allocated: 1 of 5; total allocated: 1 of 10]
11:39:16.938 [pool-1-thread-2] DEBUG karate.org.apache.http.impl.execchain.MainClientExec - Opening connection {s}->https://ops.enerbit.dev:443
11:39:16.939 [pool-1-thread-2] DEBUG karate.org.apache.http.impl.conn.DefaultHttpClientConnectionOperator - Connecting to ops.enerbit.dev/20.65.19.185:443
11:39:16.939 [pool-1-thread-2] DEBUG karate.org.apache.http.conn.ssl.SSLConnectionSocketFactory - Connecting socket to ops.enerbit.dev/20.65.19.185:443 with timeout 30000
---------------------------------------------------------
feature: classpath:meterManagerTest/meterDelete/meter-delete .feature
scenarios:  4 | passed:  4 | failed:  0 | time: 5,0433
---------------------------------------------------------

11:39:16.978 [pool-2-thread-1] INFO com.intuit.karate.Suite - <<pass>> feature 1 of 5 (4 remaining) classpath:meterManagerTest/meterDelete/meter-delete .feature
11:39:16.981 [pool-2-thread-1] DEBUG com.jayway.jsonpath.internal.path.CompiledPath - Evaluating path: $
11:39:16.983 [pool-1-thread-1] DEBUG karate.org.apache.http.wire - http-outgoing-13 << "HTTP/1.1 201 Created[\r][\n]"
11:39:16.984 [pool-1-thread-1] DEBUG karate.org.apache.http.wire - http-outgoing-13 << "Date: Sun, 02 Jul 2023 16:39:17 GMT[\r][\n]"
11:39:16.984 [pool-1-thread-1] DEBUG karate.org.apache.http.wire - http-outgoing-13 << "Content-Type: application/json[\r][\n]"
11:39:16.984 [pool-1-thread-1] DEBUG karate.org.apache.http.wire - http-outgoing-13 << "Content-Length: 320[\r][\n]"
11:39:16.984 [pool-1-thread-1] DEBUG karate.org.apache.http.wire - http-outgoing-13 << "Connection: keep-alive[\r][\n]"
11:39:16.984 [pool-1-thread-1] DEBUG karate.org.apache.http.wire - http-outgoing-13 << "Strict-Transport-Security: max-age=15724800; includeSubDomains[\r][\n]"
11:39:16.984 [pool-1-thread-1] DEBUG karate.org.apache.http.wire - http-outgoing-13 << "Access-Control-Allow-Origin: *[\r][\n]"
11:39:16.984 [pool-1-thread-1] DEBUG karate.org.apache.http.wire - http-outgoing-13 << "Access-Control-Allow-Credentials: true[\r][\n]"
11:39:16.984 [pool-1-thread-1] DEBUG karate.org.apache.http.wire - http-outgoing-13 << "Access-Control-Allow-Methods: GET, PUT, POST, DELETE, PATCH, OPTIONS[\r][\n]"
11:39:16.984 [pool-1-thread-1] DEBUG karate.org.apache.http.wire - http-outgoing-13 << "Access-Control-Allow-Headers: DNT,Keep-Alive,User-Agent,X-Requested-With,If-Modified-Since,Cache-Control,Content-Type,Range,Authorization[\r][\n]"
11:39:16.984 [pool-1-thread-1] DEBUG karate.org.apache.http.wire - http-outgoing-13 << "Access-Control-Max-Age: 1728000[\r][\n]"
11:39:16.984 [pool-1-thread-1] DEBUG karate.org.apache.http.wire - http-outgoing-13 << "[\r][\n]"
11:39:16.984 [pool-1-thread-1] DEBUG karate.org.apache.http.wire - http-outgoing-13 << "{"serial":"3424234233kj","connection_type":"directa","storage_system":"interno","condition":"nuevo","owner":"RF","location":"Almacen ","manufacturer":"yes","purchase":"2022-07-28 03:08:49.340514","i_max":6345.654,"i_b":21.5,"i_n":876.5,"seals":545.65,"id":417,"created_at":"2023-07-02T16:39:17.405530","updated_at":null}"
11:39:16.984 [pool-1-thread-1] DEBUG karate.org.apache.http.headers - http-outgoing-13 << HTTP/1.1 201 Created
11:39:16.984 [pool-1-thread-1] DEBUG karate.org.apache.http.headers - http-outgoing-13 << Date: Sun, 02 Jul 2023 16:39:17 GMT
11:39:16.984 [pool-1-thread-1] DEBUG karate.org.apache.http.headers - http-outgoing-13 << Content-Type: application/json
11:39:16.984 [pool-1-thread-1] DEBUG karate.org.apache.http.headers - http-outgoing-13 << Content-Length: 320
11:39:16.984 [pool-1-thread-1] DEBUG karate.org.apache.http.headers - http-outgoing-13 << Connection: keep-alive
11:39:16.984 [pool-1-thread-1] DEBUG karate.org.apache.http.headers - http-outgoing-13 << Strict-Transport-Security: max-age=15724800; includeSubDomains
11:39:16.984 [pool-1-thread-1] DEBUG karate.org.apache.http.headers - http-outgoing-13 << Access-Control-Allow-Origin: *
11:39:16.984 [pool-1-thread-1] DEBUG karate.org.apache.http.headers - http-outgoing-13 << Access-Control-Allow-Credentials: true
11:39:16.984 [pool-1-thread-1] DEBUG karate.org.apache.http.headers - http-outgoing-13 << Access-Control-Allow-Methods: GET, PUT, POST, DELETE, PATCH, OPTIONS
11:39:16.984 [pool-1-thread-1] DEBUG karate.org.apache.http.headers - http-outgoing-13 << Access-Control-Allow-Headers: DNT,Keep-Alive,User-Agent,X-Requested-With,If-Modified-Since,Cache-Control,Content-Type,Range,Authorization
11:39:16.984 [pool-1-thread-1] DEBUG karate.org.apache.http.headers - http-outgoing-13 << Access-Control-Max-Age: 1728000
11:39:16.984 [pool-1-thread-1] DEBUG karate.org.apache.http.impl.execchain.MainClientExec - Connection can be kept alive indefinitely
11:39:16.984 [pool-1-thread-1] DEBUG karate.org.apache.http.impl.conn.PoolingHttpClientConnectionManager - Connection [id: 13][route: {s}->https://ops.enerbit.dev:443] can be kept alive indefinitely
11:39:16.984 [pool-1-thread-1] DEBUG karate.org.apache.http.impl.conn.DefaultManagedHttpClientConnection - http-outgoing-13: set socket timeout to 0
11:39:16.984 [pool-1-thread-1] DEBUG karate.org.apache.http.impl.conn.PoolingHttpClientConnectionManager - Connection released: [id: 13][route: {s}->https://ops.enerbit.dev:443][total available: 1; route allocated: 1 of 5; total allocated: 1 of 10]
11:39:16.985 [pool-1-thread-1] DEBUG com.intuit.karate - response time in milliseconds: 550
1 < 201
1 < Date: Sun, 02 Jul 2023 16:39:17 GMT
1 < Content-Type: application/json
1 < Content-Length: 320
1 < Connection: keep-alive
1 < Strict-Transport-Security: max-age=15724800; includeSubDomains
1 < Access-Control-Allow-Origin: *
1 < Access-Control-Allow-Credentials: true
1 < Access-Control-Allow-Methods: GET, PUT, POST, DELETE, PATCH, OPTIONS
1 < Access-Control-Allow-Headers: DNT,Keep-Alive,User-Agent,X-Requested-With,If-Modified-Since,Cache-Control,Content-Type,Range,Authorization
1 < Access-Control-Max-Age: 1728000
{"serial":"3424234233kj","connection_type":"directa","storage_system":"interno","condition":"nuevo","owner":"RF","location":"Almacen ","manufacturer":"yes","purchase":"2022-07-28 03:08:49.340514","i_max":6345.654,"i_b":21.5,"i_n":876.5,"seals":545.65,"id":417,"created_at":"2023-07-02T16:39:17.405530","updated_at":null}

11:39:16.986 [pool-2-thread-1] DEBUG com.jayway.jsonpath.internal.path.CompiledPath - Evaluating path: $
11:39:16.987 [pool-1-thread-1] DEBUG com.jayway.jsonpath.internal.path.CompiledPath - Evaluating path: $['id']
11:39:16.989 [pool-1-thread-1] DEBUG com.jayway.jsonpath.internal.path.CompiledPath - Evaluating path: $
11:39:16.992 [pool-1-thread-1] DEBUG karate.org.apache.http.client.protocol.RequestAddCookies - CookieSpec selected: karate
11:39:16.992 [pool-1-thread-1] DEBUG karate.org.apache.http.client.protocol.RequestAuthCache - Auth cache not set in the context
11:39:16.992 [pool-1-thread-1] DEBUG com.intuit.karate - request:
2 > PATCH https://ops.enerbit.dev/learning/api/v1/meters/417
2 > Content-Type: application/json; charset=UTF-8
2 > Content-Length: 2
2 > Host: ops.enerbit.dev
2 > Connection: Keep-Alive
2 > User-Agent: Apache-HttpClient/4.5.13 (Java/1.8.0_202)
2 > Accept-Encoding: gzip,deflate
{}

11:39:16.993 [pool-1-thread-1] DEBUG karate.org.apache.http.impl.conn.PoolingHttpClientConnectionManager - Connection request: [route: {s}->https://ops.enerbit.dev:443][total available: 0; route allocated: 0 of 5; total allocated: 0 of 10]
11:39:16.993 [pool-1-thread-1] DEBUG karate.org.apache.http.impl.conn.PoolingHttpClientConnectionManager - Connection leased: [id: 15][route: {s}->https://ops.enerbit.dev:443][total available: 0; route allocated: 1 of 5; total allocated: 1 of 10]
11:39:16.993 [pool-1-thread-1] DEBUG karate.org.apache.http.impl.execchain.MainClientExec - Opening connection {s}->https://ops.enerbit.dev:443
11:39:16.993 [pool-1-thread-1] DEBUG karate.org.apache.http.impl.conn.DefaultHttpClientConnectionOperator - Connecting to ops.enerbit.dev/20.65.19.185:443
11:39:16.993 [pool-1-thread-1] DEBUG karate.org.apache.http.conn.ssl.SSLConnectionSocketFactory - Connecting socket to ops.enerbit.dev/20.65.19.185:443 with timeout 30000
11:39:17.003 [pool-2-thread-1] DEBUG karate.org.thymeleaf.TemplateEngine - [THYMELEAF] INITIALIZING TEMPLATE ENGINE
11:39:17.032 [pool-1-thread-2] DEBUG karate.org.apache.http.conn.ssl.SSLConnectionSocketFactory - Enabled protocols: [TLSv1, TLSv1.1, TLSv1.2]
11:39:17.032 [pool-1-thread-2] DEBUG karate.org.apache.http.conn.ssl.SSLConnectionSocketFactory - Enabled cipher suites:[TLS_ECDHE_ECDSA_WITH_AES_256_CBC_SHA384, TLS_ECDHE_RSA_WITH_AES_256_CBC_SHA384, TLS_RSA_WITH_AES_256_CBC_SHA256, TLS_ECDH_ECDSA_WITH_AES_256_CBC_SHA384, TLS_ECDH_RSA_WITH_AES_256_CBC_SHA384, TLS_DHE_RSA_WITH_AES_256_CBC_SHA256, TLS_DHE_DSS_WITH_AES_256_CBC_SHA256, TLS_ECDHE_ECDSA_WITH_AES_256_CBC_SHA, TLS_ECDHE_RSA_WITH_AES_256_CBC_SHA, TLS_RSA_WITH_AES_256_CBC_SHA, TLS_ECDH_ECDSA_WITH_AES_256_CBC_SHA, TLS_ECDH_RSA_WITH_AES_256_CBC_SHA, TLS_DHE_RSA_WITH_AES_256_CBC_SHA, TLS_DHE_DSS_WITH_AES_256_CBC_SHA, TLS_ECDHE_ECDSA_WITH_AES_128_CBC_SHA256, TLS_ECDHE_RSA_WITH_AES_128_CBC_SHA256, TLS_RSA_WITH_AES_128_CBC_SHA256, TLS_ECDH_ECDSA_WITH_AES_128_CBC_SHA256, TLS_ECDH_RSA_WITH_AES_128_CBC_SHA256, TLS_DHE_RSA_WITH_AES_128_CBC_SHA256, TLS_DHE_DSS_WITH_AES_128_CBC_SHA256, TLS_ECDHE_ECDSA_WITH_AES_128_CBC_SHA, TLS_ECDHE_RSA_WITH_AES_128_CBC_SHA, TLS_RSA_WITH_AES_128_CBC_SHA, TLS_ECDH_ECDSA_WITH_AES_128_CBC_SHA, TLS_ECDH_RSA_WITH_AES_128_CBC_SHA, TLS_DHE_RSA_WITH_AES_128_CBC_SHA, TLS_DHE_DSS_WITH_AES_128_CBC_SHA, TLS_ECDHE_ECDSA_WITH_AES_256_GCM_SHA384, TLS_ECDHE_ECDSA_WITH_AES_128_GCM_SHA256, TLS_ECDHE_RSA_WITH_AES_256_GCM_SHA384, TLS_RSA_WITH_AES_256_GCM_SHA384, TLS_ECDH_ECDSA_WITH_AES_256_GCM_SHA384, TLS_ECDH_RSA_WITH_AES_256_GCM_SHA384, TLS_DHE_RSA_WITH_AES_256_GCM_SHA384, TLS_DHE_DSS_WITH_AES_256_GCM_SHA384, TLS_ECDHE_RSA_WITH_AES_128_GCM_SHA256, TLS_RSA_WITH_AES_128_GCM_SHA256, TLS_ECDH_ECDSA_WITH_AES_128_GCM_SHA256, TLS_ECDH_RSA_WITH_AES_128_GCM_SHA256, TLS_DHE_RSA_WITH_AES_128_GCM_SHA256, TLS_DHE_DSS_WITH_AES_128_GCM_SHA256]
11:39:17.032 [pool-1-thread-2] DEBUG karate.org.apache.http.conn.ssl.SSLConnectionSocketFactory - Starting handshake
11:39:17.062 [pool-2-thread-1] DEBUG karate.org.thymeleaf.TemplateEngine.CONFIG - Initializing Thymeleaf Template engine configuration...
[THYMELEAF] TEMPLATE ENGINE CONFIGURATION:
[THYMELEAF] * Thymeleaf version: 3.0.14.RELEASE (built 2021-12-08T00:45:29+0000)
[THYMELEAF] * Cache Manager implementation: karate.org.thymeleaf.cache.StandardCacheManager
[THYMELEAF] * Template resolvers:
[THYMELEAF]     * [1] com.intuit.karate.template.ResourceHtmlTemplateResolver
[THYMELEAF] * Message resolvers:
[THYMELEAF]     * karate.org.thymeleaf.messageresolver.StandardMessageResolver
[THYMELEAF] * Link builders:
[THYMELEAF]     * karate.org.thymeleaf.linkbuilder.StandardLinkBuilder
[THYMELEAF] * Dialect [1 of 2]: Standard (com.intuit.karate.template.KarateStandardDialect)
[THYMELEAF]     * Prefix: "th"
[THYMELEAF]     * Processors for Template Mode: HTML
[THYMELEAF]         * Element Tag Processors by [matching element and attribute name] [precedence]:
[THYMELEAF]             * [* {th:include,data-th-include}] [100]: karate.org.thymeleaf.standard.processor.StandardIncludeTagProcessor
[THYMELEAF]             * [* {th:insert,data-th-insert}] [100]: karate.org.thymeleaf.standard.processor.StandardInsertTagProcessor
[THYMELEAF]             * [* {th:replace,data-th-replace}] [100]: karate.org.thymeleaf.standard.processor.StandardReplaceTagProcessor
[THYMELEAF]             * [* {th:substituteby,data-th-substituteby}] [100]: karate.org.thymeleaf.standard.processor.StandardSubstituteByTagProcessor
[THYMELEAF]             * [* {th:each,data-th-each}] [200]: com.intuit.karate.template.KarateEachTagProcessor
[THYMELEAF]             * [* {th:switch,data-th-switch}] [250]: karate.org.thymeleaf.standard.processor.StandardSwitchTagProcessor
[THYMELEAF]             * [* {th:case,data-th-case}] [275]: karate.org.thymeleaf.standard.processor.StandardCaseTagProcessor
[THYMELEAF]             * [* {th:if,data-th-if}] [300]: karate.org.thymeleaf.standard.processor.StandardIfTagProcessor
[THYMELEAF]             * [* {th:unless,data-th-unless}] [400]: karate.org.thymeleaf.standard.processor.StandardUnlessTagProcessor
[THYMELEAF]             * [* {th:object,data-th-object}] [500]: karate.org.thymeleaf.standard.processor.StandardObjectTagProcessor
[THYMELEAF]             * [* {th:with,data-th-with}] [600]: com.intuit.karate.template.KarateWithTagProcessor
[THYMELEAF]             * [* {th:attr,data-th-attr}] [700]: com.intuit.karate.template.KarateAttributeTagProcessor.KarateAttrTagProcessor
[THYMELEAF]             * [* {th:attrappend,data-th-attrappend}] [900]: com.intuit.karate.template.KarateAttributeTagProcessor.KarateAttrappendTagProcessor
[THYMELEAF]             * [* {th:attrprepend,data-th-attrprepend}] [900]: com.intuit.karate.template.KarateAttributeTagProcessor.KarateAttrprependTagProcessor
[THYMELEAF]             * [* {th:alt-title,data-th-alt-title}] [990]: karate.org.thymeleaf.standard.processor.StandardAltTitleTagProcessor
[THYMELEAF]             * [* {th:lang-xmllang,data-th-lang-xmllang}] [990]: karate.org.thymeleaf.standard.processor.StandardLangXmlLangTagProcessor
[THYMELEAF]             * [* {th:action,data-th-action}] [1000]: karate.org.thymeleaf.standard.processor.StandardActionTagProcessor
[THYMELEAF]             * [* {th:defer,data-th-defer}] [1000]: karate.org.thymeleaf.standard.processor.StandardConditionalFixedValueTagProcessor
[THYMELEAF]             * [* {th:default,data-th-default}] [1000]: karate.org.thymeleaf.standard.processor.StandardConditionalFixedValueTagProcessor
[THYMELEAF]             * [* {th:autoplay,data-th-autoplay}] [1000]: karate.org.thymeleaf.standard.processor.StandardConditionalFixedValueTagProcessor
[THYMELEAF]             * [* {th:pubdate,data-th-pubdate}] [1000]: karate.org.thymeleaf.standard.processor.StandardConditionalFixedValueTagProcessor
[THYMELEAF]             * [* {th:readonly,data-th-readonly}] [1000]: karate.org.thymeleaf.standard.processor.StandardConditionalFixedValueTagProcessor
[THYMELEAF]             * [* {th:seamless,data-th-seamless}] [1000]: karate.org.thymeleaf.standard.processor.StandardConditionalFixedValueTagProcessor
[THYMELEAF]             * [* {th:reversed,data-th-reversed}] [1000]: karate.org.thymeleaf.standard.processor.StandardConditionalFixedValueTagProcessor
[THYMELEAF]             * [* {th:nowrap,data-th-nowrap}] [1000]: karate.org.thymeleaf.standard.processor.StandardConditionalFixedValueTagProcessor
[THYMELEAF]             * [* {th:novalidate,data-th-novalidate}] [1000]: karate.org.thymeleaf.standard.processor.StandardConditionalFixedValueTagProcessor
[THYMELEAF]             * [* {th:hidden,data-th-hidden}] [1000]: karate.org.thymeleaf.standard.processor.StandardConditionalFixedValueTagProcessor
[THYMELEAF]             * [* {th:async,data-th-async}] [1000]: karate.org.thymeleaf.standard.processor.StandardConditionalFixedValueTagProcessor
[THYMELEAF]             * [* {th:controls,data-th-controls}] [1000]: karate.org.thymeleaf.standard.processor.StandardConditionalFixedValueTagProcessor
[THYMELEAF]             * [* {th:scoped,data-th-scoped}] [1000]: karate.org.thymeleaf.standard.processor.StandardConditionalFixedValueTagProcessor
[THYMELEAF]             * [* {th:loop,data-th-loop}] [1000]: karate.org.thymeleaf.standard.processor.StandardConditionalFixedValueTagProcessor
[THYMELEAF]             * [* {th:disabled,data-th-disabled}] [1000]: karate.org.thymeleaf.standard.processor.StandardConditionalFixedValueTagProcessor
[THYMELEAF]             * [* {th:required,data-th-required}] [1000]: karate.org.thymeleaf.standard.processor.StandardConditionalFixedValueTagProcessor
[THYMELEAF]             * [* {th:multiple,data-th-multiple}] [1000]: karate.org.thymeleaf.standard.processor.StandardConditionalFixedValueTagProcessor
[THYMELEAF]             * [* {th:autofocus,data-th-autofocus}] [1000]: karate.org.thymeleaf.standard.processor.StandardConditionalFixedValueTagProcessor
[THYMELEAF]             * [* {th:selected,data-th-selected}] [1000]: karate.org.thymeleaf.standard.processor.StandardConditionalFixedValueTagProcessor
[THYMELEAF]             * [* {th:ismap,data-th-ismap}] [1000]: karate.org.thymeleaf.standard.processor.StandardConditionalFixedValueTagProcessor
[THYMELEAF]             * [* {th:checked,data-th-checked}] [1000]: karate.org.thymeleaf.standard.processor.StandardConditionalFixedValueTagProcessor
[THYMELEAF]             * [* {th:open,data-th-open}] [1000]: karate.org.thymeleaf.standard.processor.StandardConditionalFixedValueTagProcessor
[THYMELEAF]             * [* {th:formnovalidate,data-th-formnovalidate}] [1000]: karate.org.thymeleaf.standard.processor.StandardConditionalFixedValueTagProcessor
[THYMELEAF]             * [* {th:declare,data-th-declare}] [1000]: karate.org.thymeleaf.standard.processor.StandardConditionalFixedValueTagProcessor
[THYMELEAF]             * [* {th:onafterprint,data-th-onafterprint}] [1000]: karate.org.thymeleaf.standard.processor.StandardDOMEventAttributeTagProcessor
[THYMELEAF]             * [* {th:onmousedown,data-th-onmousedown}] [1000]: karate.org.thymeleaf.standard.processor.StandardDOMEventAttributeTagProcessor
[THYMELEAF]             * [* {th:oninvalid,data-th-oninvalid}] [1000]: karate.org.thymeleaf.standard.processor.StandardDOMEventAttributeTagProcessor
[THYMELEAF]             * [* {th:onmessage,data-th-onmessage}] [1000]: karate.org.thymeleaf.standard.processor.StandardDOMEventAttributeTagProcessor
[THYMELEAF]             * [* {th:onmousemove,data-th-onmousemove}] [1000]: karate.org.thymeleaf.standard.processor.StandardDOMEventAttributeTagProcessor
[THYMELEAF]             * [* {th:onload,data-th-onload}] [1000]: karate.org.thymeleaf.standard.processor.StandardDOMEventAttributeTagProcessor
[THYMELEAF]             * [* {th:onoffline,data-th-onoffline}] [1000]: karate.org.thymeleaf.standard.processor.StandardDOMEventAttributeTagProcessor
[THYMELEAF]             * [* {th:onsuspend,data-th-onsuspend}] [1000]: karate.org.thymeleaf.standard.processor.StandardDOMEventAttributeTagProcessor
[THYMELEAF]             * [* {th:onforminput,data-th-onforminput}] [1000]: karate.org.thymeleaf.standard.processor.StandardDOMEventAttributeTagProcessor
[THYMELEAF]             * [* {th:ondragend,data-th-ondragend}] [1000]: karate.org.thymeleaf.standard.processor.StandardDOMEventAttributeTagProcessor
[THYMELEAF]             * [* {th:ondurationchange,data-th-ondurationchange}] [1000]: karate.org.thymeleaf.standard.processor.StandardDOMEventAttributeTagProcessor
[THYMELEAF]             * [* {th:onkeyup,data-th-onkeyup}] [1000]: karate.org.thymeleaf.standard.processor.StandardDOMEventAttributeTagProcessor
[THYMELEAF]             * [* {th:onerror,data-th-onerror}] [1000]: karate.org.thymeleaf.standard.processor.StandardDOMEventAttributeTagProcessor
[THYMELEAF]             * [* {th:onmousewheel,data-th-onmousewheel}] [1000]: karate.org.thymeleaf.standard.processor.StandardDOMEventAttributeTagProcessor
[THYMELEAF]             * [* {th:onwaiting,data-th-onwaiting}] [1000]: karate.org.thymeleaf.standard.processor.StandardDOMEventAttributeTagProcessor
[THYMELEAF]             * [* {th:onshow,data-th-onshow}] [1000]: karate.org.thymeleaf.standard.processor.StandardDOMEventAttributeTagProcessor
[THYMELEAF]             * [* {th:ondrop,data-th-ondrop}] [1000]: karate.org.thymeleaf.standard.processor.StandardDOMEventAttributeTagProcessor
[THYMELEAF]             * [* {th:oncanplaythrough,data-th-oncanplaythrough}] [1000]: karate.org.thymeleaf.standard.processor.StandardDOMEventAttributeTagProcessor
[THYMELEAF]             * [* {th:onended,data-th-onended}] [1000]: karate.org.thymeleaf.standard.processor.StandardDOMEventAttributeTagProcessor
[THYMELEAF]             * [* {th:onplay,data-th-onplay}] [1000]: karate.org.thymeleaf.standard.processor.StandardDOMEventAttributeTagProcessor
[THYMELEAF]             * [* {th:onscroll,data-th-onscroll}] [1000]: karate.org.thymeleaf.standard.processor.StandardDOMEventAttributeTagProcessor
[THYMELEAF]             * [* {th:onunload,data-th-onunload}] [1000]: karate.org.thymeleaf.standard.processor.StandardDOMEventAttributeTagProcessor
[THYMELEAF]             * [* {th:onbeforeprint,data-th-onbeforeprint}] [1000]: karate.org.thymeleaf.standard.processor.StandardDOMEventAttributeTagProcessor
[THYMELEAF]             * [* {th:onbeforeunload,data-th-onbeforeunload}] [1000]: karate.org.thymeleaf.standard.processor.StandardDOMEventAttributeTagProcessor
[THYMELEAF]             * [* {th:onresize,data-th-onresize}] [1000]: karate.org.thymeleaf.standard.processor.StandardDOMEventAttributeTagProcessor
[THYMELEAF]             * [* {th:ononline,data-th-ononline}] [1000]: karate.org.thymeleaf.standard.processor.StandardDOMEventAttributeTagProcessor
[THYMELEAF]             * [* {th:onplaying,data-th-onplaying}] [1000]: karate.org.thymeleaf.standard.processor.StandardDOMEventAttributeTagProcessor
[THYMELEAF]             * [* {th:onmouseup,data-th-onmouseup}] [1000]: karate.org.thymeleaf.standard.processor.StandardDOMEventAttributeTagProcessor
[THYMELEAF]             * [* {th:ontimeupdate,data-th-ontimeupdate}] [1000]: karate.org.thymeleaf.standard.processor.StandardDOMEventAttributeTagProcessor
[THYMELEAF]             * [* {th:onmouseover,data-th-onmouseover}] [1000]: karate.org.thymeleaf.standard.processor.StandardDOMEventAttributeTagProcessor
[THYMELEAF]             * [* {th:onredo,data-th-onredo}] [1000]: karate.org.thymeleaf.standard.processor.StandardDOMEventAttributeTagProcessor
[THYMELEAF]             * [* {th:onstorage,data-th-onstorage}] [1000]: karate.org.thymeleaf.standard.processor.StandardDOMEventAttributeTagProcessor
[THYMELEAF]             * [* {th:onprogress,data-th-onprogress}] [1000]: karate.org.thymeleaf.standard.processor.StandardDOMEventAttributeTagProcessor
[THYMELEAF]             * [* {th:onundo,data-th-onundo}] [1000]: karate.org.thymeleaf.standard.processor.StandardDOMEventAttributeTagProcessor
[THYMELEAF]             * [* {th:onseeking,data-th-onseeking}] [1000]: karate.org.thymeleaf.standard.processor.StandardDOMEventAttributeTagProcessor
[THYMELEAF]             * [* {th:onabort,data-th-onabort}] [1000]: karate.org.thymeleaf.standard.processor.StandardDOMEventAttributeTagProcessor
[THYMELEAF]             * [* {th:onreadystatechange,data-th-onreadystatechange}] [1000]: karate.org.thymeleaf.standard.processor.StandardDOMEventAttributeTagProcessor
[THYMELEAF]             * [* {th:onclick,data-th-onclick}] [1000]: karate.org.thymeleaf.standard.processor.StandardDOMEventAttributeTagProcessor
[THYMELEAF]             * [* {th:onvolumechange,data-th-onvolumechange}] [1000]: karate.org.thymeleaf.standard.processor.StandardDOMEventAttributeTagProcessor
[THYMELEAF]             * [* {th:ondragleave,data-th-ondragleave}] [1000]: karate.org.thymeleaf.standard.processor.StandardDOMEventAttributeTagProcessor
[THYMELEAF]             * [* {th:onloadstart,data-th-onloadstart}] [1000]: karate.org.thymeleaf.standard.processor.StandardDOMEventAttributeTagProcessor
[THYMELEAF]             * [* {th:onformchange,data-th-onformchange}] [1000]: karate.org.thymeleaf.standard.processor.StandardDOMEventAttributeTagProcessor
[THYMELEAF]             * [* {th:ondblclick,data-th-ondblclick}] [1000]: karate.org.thymeleaf.standard.processor.StandardDOMEventAttributeTagProcessor
[THYMELEAF]             * [* {th:onemptied,data-th-onemptied}] [1000]: karate.org.thymeleaf.standard.processor.StandardDOMEventAttributeTagProcessor
[THYMELEAF]             * [* {th:onblur,data-th-onblur}] [1000]: karate.org.thymeleaf.standard.processor.StandardDOMEventAttributeTagProcessor
[THYMELEAF]             * [* {th:oncontextmenu,data-th-oncontextmenu}] [1000]: karate.org.thymeleaf.standard.processor.StandardDOMEventAttributeTagProcessor
[THYMELEAF]             * [* {th:onloadeddata,data-th-onloadeddata}] [1000]: karate.org.thymeleaf.standard.processor.StandardDOMEventAttributeTagProcessor
[THYMELEAF]             * [* {th:onchange,data-th-onchange}] [1000]: karate.org.thymeleaf.standard.processor.StandardDOMEventAttributeTagProcessor
[THYMELEAF]             * [* {th:ondragenter,data-th-ondragenter}] [1000]: karate.org.thymeleaf.standard.processor.StandardDOMEventAttributeTagProcessor
[THYMELEAF]             * [* {th:onselect,data-th-onselect}] [1000]: karate.org.thymeleaf.standard.processor.StandardDOMEventAttributeTagProcessor
[THYMELEAF]             * [* {th:oninput,data-th-oninput}] [1000]: karate.org.thymeleaf.standard.processor.StandardDOMEventAttributeTagProcessor
[THYMELEAF]             * [* {th:onpause,data-th-onpause}] [1000]: karate.org.thymeleaf.standard.processor.StandardDOMEventAttributeTagProcessor
[THYMELEAF]             * [* {th:onloadedmetadata,data-th-onloadedmetadata}] [1000]: karate.org.thymeleaf.standard.processor.StandardDOMEventAttributeTagProcessor
[THYMELEAF]             * [* {th:onfocus,data-th-onfocus}] [1000]: karate.org.thymeleaf.standard.processor.StandardDOMEventAttributeTagProcessor
[THYMELEAF]             * [* {th:onseeked,data-th-onseeked}] [1000]: karate.org.thymeleaf.standard.processor.StandardDOMEventAttributeTagProcessor
[THYMELEAF]             * [* {th:onkeydown,data-th-onkeydown}] [1000]: karate.org.thymeleaf.standard.processor.StandardDOMEventAttributeTagProcessor
[THYMELEAF]             * [* {th:onmouseout,data-th-onmouseout}] [1000]: karate.org.thymeleaf.standard.processor.StandardDOMEventAttributeTagProcessor
[THYMELEAF]             * [* {th:ondragstart,data-th-ondragstart}] [1000]: karate.org.thymeleaf.standard.processor.StandardDOMEventAttributeTagProcessor
[THYMELEAF]             * [* {th:onhashchange,data-th-onhashchange}] [1000]: karate.org.thymeleaf.standard.processor.StandardDOMEventAttributeTagProcessor
[THYMELEAF]             * [* {th:ondrag,data-th-ondrag}] [1000]: karate.org.thymeleaf.standard.processor.StandardDOMEventAttributeTagProcessor
[THYMELEAF]             * [* {th:onpopstate,data-th-onpopstate}] [1000]: karate.org.thymeleaf.standard.processor.StandardDOMEventAttributeTagProcessor
[THYMELEAF]             * [* {th:onreset,data-th-onreset}] [1000]: karate.org.thymeleaf.standard.processor.StandardDOMEventAttributeTagProcessor
[THYMELEAF]             * [* {th:onstalled,data-th-onstalled}] [1000]: karate.org.thymeleaf.standard.processor.StandardDOMEventAttributeTagProcessor
[THYMELEAF]             * [* {th:onsubmit,data-th-onsubmit}] [1000]: karate.org.thymeleaf.standard.processor.StandardDOMEventAttributeTagProcessor
[THYMELEAF]             * [* {th:ondragover,data-th-ondragover}] [1000]: karate.org.thymeleaf.standard.processor.StandardDOMEventAttributeTagProcessor
[THYMELEAF]             * [* {th:onratechange,data-th-onratechange}] [1000]: karate.org.thymeleaf.standard.processor.StandardDOMEventAttributeTagProcessor
[THYMELEAF]             * [* {th:oncanplay,data-th-oncanplay}] [1000]: karate.org.thymeleaf.standard.processor.StandardDOMEventAttributeTagProcessor
[THYMELEAF]             * [* {th:onkeypress,data-th-onkeypress}] [1000]: karate.org.thymeleaf.standard.processor.StandardDOMEventAttributeTagProcessor
[THYMELEAF]             * [* {th:href,data-th-href}] [1000]: karate.org.thymeleaf.standard.processor.StandardHrefTagProcessor
[THYMELEAF]             * [* {th:inline,data-th-inline}] [1000]: karate.org.thymeleaf.standard.processor.StandardInlineHTMLTagProcessor
[THYMELEAF]             * [* {th:method,data-th-method}] [1000]: karate.org.thymeleaf.standard.processor.StandardMethodTagProcessor
[THYMELEAF]             * [* {th:name,data-th-name}] [1000]: karate.org.thymeleaf.standard.processor.StandardNonRemovableAttributeTagProcessor
[THYMELEAF]             * [* {th:type,data-th-type}] [1000]: karate.org.thymeleaf.standard.processor.StandardNonRemovableAttributeTagProcessor
[THYMELEAF]             * [* {th:contextmenu,data-th-contextmenu}] [1000]: karate.org.thymeleaf.standard.processor.StandardRemovableAttributeTagProcessor
[THYMELEAF]             * [* {th:bgcolor,data-th-bgcolor}] [1000]: karate.org.thymeleaf.standard.processor.StandardRemovableAttributeTagProcessor
[THYMELEAF]             * [* {th:formmethod,data-th-formmethod}] [1000]: karate.org.thymeleaf.standard.processor.StandardRemovableAttributeTagProcessor
[THYMELEAF]             * [* {th:scheme,data-th-scheme}] [1000]: karate.org.thymeleaf.standard.processor.StandardRemovableAttributeTagProcessor
[THYMELEAF]             * [* {th:id,data-th-id}] [1000]: karate.org.thymeleaf.standard.processor.StandardRemovableAttributeTagProcessor
[THYMELEAF]             * [* {th:vspace,data-th-vspace}] [1000]: karate.org.thymeleaf.standard.processor.StandardRemovableAttributeTagProcessor
[THYMELEAF]             * [* {th:frameborder,data-th-frameborder}] [1000]: karate.org.thymeleaf.standard.processor.StandardRemovableAttributeTagProcessor
[THYMELEAF]             * [* {th:cols,data-th-cols}] [1000]: karate.org.thymeleaf.standard.processor.StandardRemovableAttributeTagProcessor
[THYMELEAF]             * [* {th:background,data-th-background}] [1000]: karate.org.thymeleaf.standard.processor.StandardRemovableAttributeTagProcessor
[THYMELEAF]             * [* {th:optimum,data-th-optimum}] [1000]: karate.org.thymeleaf.standard.processor.StandardRemovableAttributeTagProcessor
[THYMELEAF]             * [* {th:formaction,data-th-formaction}] [1000]: karate.org.thymeleaf.standard.processor.StandardRemovableAttributeTagProcessor
[THYMELEAF]             * [* {th:challenge,data-th-challenge}] [1000]: karate.org.thymeleaf.standard.processor.StandardRemovableAttributeTagProcessor
[THYMELEAF]             * [* {th:alt,data-th-alt}] [1000]: karate.org.thymeleaf.standard.processor.StandardRemovableAttributeTagProcessor
[THYMELEAF]             * [* {th:http-equiv,data-th-http-equiv}] [1000]: karate.org.thymeleaf.standard.processor.StandardRemovableAttributeTagProcessor
[THYMELEAF]             * [* {th:max,data-th-max}] [1000]: karate.org.thymeleaf.standard.processor.StandardRemovableAttributeTagProcessor
[THYMELEAF]             * [* {th:rel,data-th-rel}] [1000]: karate.org.thymeleaf.standard.processor.StandardRemovableAttributeTagProcessor
[THYMELEAF]             * [* {th:cite,data-th-cite}] [1000]: karate.org.thymeleaf.standard.processor.StandardRemovableAttributeTagProcessor
[THYMELEAF]             * [* {th:maxlength,data-th-maxlength}] [1000]: karate.org.thymeleaf.standard.processor.StandardRemovableAttributeTagProcessor
[THYMELEAF]             * [* {th:sandbox,data-th-sandbox}] [1000]: karate.org.thymeleaf.standard.processor.StandardRemovableAttributeTagProcessor
[THYMELEAF]             * [* {th:compact,data-th-compact}] [1000]: karate.org.thymeleaf.standard.processor.StandardRemovableAttributeTagProcessor
[THYMELEAF]             * [* {th:axis,data-th-axis}] [1000]: karate.org.thymeleaf.standard.processor.StandardRemovableAttributeTagProcessor
[THYMELEAF]             * [* {th:media,data-th-media}] [1000]: karate.org.thymeleaf.standard.processor.StandardRemovableAttributeTagProcessor
[THYMELEAF]             * [* {th:border,data-th-border}] [1000]: karate.org.thymeleaf.standard.processor.StandardRemovableAttributeTagProcessor
[THYMELEAF]             * [* {th:radiogroup,data-th-radiogroup}] [1000]: karate.org.thymeleaf.standard.processor.StandardRemovableAttributeTagProcessor
[THYMELEAF]             * [* {th:spellcheck,data-th-spellcheck}] [1000]: karate.org.thymeleaf.standard.processor.StandardRemovableAttributeTagProcessor
[THYMELEAF]             * [* {th:rev,data-th-rev}] [1000]: karate.org.thymeleaf.standard.processor.StandardRemovableAttributeTagProcessor
[THYMELEAF]             * [* {th:headers,data-th-headers}] [1000]: karate.org.thymeleaf.standard.processor.StandardRemovableAttributeTagProcessor
[THYMELEAF]             * [* {th:frame,data-th-frame}] [1000]: karate.org.thymeleaf.standard.processor.StandardRemovableAttributeTagProcessor
[THYMELEAF]             * [* {th:srclang,data-th-srclang}] [1000]: karate.org.thymeleaf.standard.processor.StandardRemovableAttributeTagProcessor
[THYMELEAF]             * [* {th:pattern,data-th-pattern}] [1000]: karate.org.thymeleaf.standard.processor.StandardRemovableAttributeTagProcessor
[THYMELEAF]             * [* {th:dropzone,data-th-dropzone}] [1000]: karate.org.thymeleaf.standard.processor.StandardRemovableAttributeTagProcessor
[THYMELEAF]             * [* {th:span,data-th-span}] [1000]: karate.org.thymeleaf.standard.processor.StandardRemovableAttributeTagProcessor
[THYMELEAF]             * [* {th:scope,data-th-scope}] [1000]: karate.org.thymeleaf.standard.processor.StandardRemovableAttributeTagProcessor
[THYMELEAF]             * [* {th:archive,data-th-archive}] [1000]: karate.org.thymeleaf.standard.processor.StandardRemovableAttributeTagProcessor
[THYMELEAF]             * [* {th:manifest,data-th-manifest}] [1000]: karate.org.thymeleaf.standard.processor.StandardRemovableAttributeTagProcessor
[THYMELEAF]             * [* {th:height,data-th-height}] [1000]: karate.org.thymeleaf.standard.processor.StandardRemovableAttributeTagProcessor
[THYMELEAF]             * [* {th:dir,data-th-dir}] [1000]: karate.org.thymeleaf.standard.processor.StandardRemovableAttributeTagProcessor
[THYMELEAF]             * [* {th:autocomplete,data-th-autocomplete}] [1000]: karate.org.thymeleaf.standard.processor.StandardRemovableAttributeTagProcessor
[THYMELEAF]             * [* {th:audio,data-th-audio}] [1000]: karate.org.thymeleaf.standard.processor.StandardRemovableAttributeTagProcessor
[THYMELEAF]             * [* {th:wrap,data-th-wrap}] [1000]: karate.org.thymeleaf.standard.processor.StandardRemovableAttributeTagProcessor
[THYMELEAF]             * [* {th:contenteditable,data-th-contenteditable}] [1000]: karate.org.thymeleaf.standard.processor.StandardRemovableAttributeTagProcessor
[THYMELEAF]             * [* {th:title,data-th-title}] [1000]: karate.org.thymeleaf.standard.processor.StandardRemovableAttributeTagProcessor
[THYMELEAF]             * [* {th:abbr,data-th-abbr}] [1000]: karate.org.thymeleaf.standard.processor.StandardRemovableAttributeTagProcessor
[THYMELEAF]             * [* {th:accesskey,data-th-accesskey}] [1000]: karate.org.thymeleaf.standard.processor.StandardRemovableAttributeTagProcessor
[THYMELEAF]             * [* {th:scrolling,data-th-scrolling}] [1000]: karate.org.thymeleaf.standard.processor.StandardRemovableAttributeTagProcessor
[THYMELEAF]             * [* {th:classid,data-th-classid}] [1000]: karate.org.thymeleaf.standard.processor.StandardRemovableAttributeTagProcessor
[THYMELEAF]             * [* {th:keytype,data-th-keytype}] [1000]: karate.org.thymeleaf.standard.processor.StandardRemovableAttributeTagProcessor
[THYMELEAF]             * [* {th:min,data-th-min}] [1000]: karate.org.thymeleaf.standard.processor.StandardRemovableAttributeTagProcessor
[THYMELEAF]             * [* {th:label,data-th-label}] [1000]: karate.org.thymeleaf.standard.processor.StandardRemovableAttributeTagProcessor
[THYMELEAF]             * [* {th:content,data-th-content}] [1000]: karate.org.thymeleaf.standard.processor.StandardRemovableAttributeTagProcessor
[THYMELEAF]             * [* {th:valuetype,data-th-valuetype}] [1000]: karate.org.thymeleaf.standard.processor.StandardRemovableAttributeTagProcessor
[THYMELEAF]             * [* {th:list,data-th-list}] [1000]: karate.org.thymeleaf.standard.processor.StandardRemovableAttributeTagProcessor
[THYMELEAF]             * [* {th:start,data-th-start}] [1000]: karate.org.thymeleaf.standard.processor.StandardRemovableAttributeTagProcessor
[THYMELEAF]             * [* {th:align,data-th-align}] [1000]: karate.org.thymeleaf.standard.processor.StandardRemovableAttributeTagProcessor
[THYMELEAF]             * [* {th:summary,data-th-summary}] [1000]: karate.org.thymeleaf.standard.processor.StandardRemovableAttributeTagProcessor
[THYMELEAF]             * [* {th:poster,data-th-poster}] [1000]: karate.org.thymeleaf.standard.processor.StandardRemovableAttributeTagProcessor
[THYMELEAF]             * [* {th:codetype,data-th-codetype}] [1000]: karate.org.thymeleaf.standard.processor.StandardRemovableAttributeTagProcessor
[THYMELEAF]             * [* {th:placeholder,data-th-placeholder}] [1000]: karate.org.thymeleaf.standard.processor.StandardRemovableAttributeTagProcessor
[THYMELEAF]             * [* {th:charset,data-th-charset}] [1000]: karate.org.thymeleaf.standard.processor.StandardRemovableAttributeTagProcessor
[THYMELEAF]             * [* {th:hspace,data-th-hspace}] [1000]: karate.org.thymeleaf.standard.processor.StandardRemovableAttributeTagProcessor
[THYMELEAF]             * [* {th:sizes,data-th-sizes}] [1000]: karate.org.thymeleaf.standard.processor.StandardRemovableAttributeTagProcessor
[THYMELEAF]             * [* {th:accept-charset,data-th-accept-charset}] [1000]: karate.org.thymeleaf.standard.processor.StandardRemovableAttributeTagProcessor
[THYMELEAF]             * [* {th:rows,data-th-rows}] [1000]: karate.org.thymeleaf.standard.processor.StandardRemovableAttributeTagProcessor
[THYMELEAF]             * [* {th:step,data-th-step}] [1000]: karate.org.thymeleaf.standard.processor.StandardRemovableAttributeTagProcessor
[THYMELEAF]             * [* {th:enctype,data-th-enctype}] [1000]: karate.org.thymeleaf.standard.processor.StandardRemovableAttributeTagProcessor
[THYMELEAF]             * [* {th:codebase,data-th-codebase}] [1000]: karate.org.thymeleaf.standard.processor.StandardRemovableAttributeTagProcessor
[THYMELEAF]             * [* {th:for,data-th-for}] [1000]: karate.org.thymeleaf.standard.processor.StandardRemovableAttributeTagProcessor
[THYMELEAF]             * [* {th:preload,data-th-preload}] [1000]: karate.org.thymeleaf.standard.processor.StandardRemovableAttributeTagProcessor
[THYMELEAF]             * [* {th:hreflang,data-th-hreflang}] [1000]: karate.org.thymeleaf.standard.processor.StandardRemovableAttributeTagProcessor
[THYMELEAF]             * [* {th:class,data-th-class}] [1000]: karate.org.thymeleaf.standard.processor.StandardRemovableAttributeTagProcessor
[THYMELEAF]             * [* {th:marginheight,data-th-marginheight}] [1000]: karate.org.thymeleaf.standard.processor.StandardRemovableAttributeTagProcessor
[THYMELEAF]             * [* {th:high,data-th-high}] [1000]: karate.org.thymeleaf.standard.processor.StandardRemovableAttributeTagProcessor
[THYMELEAF]             * [* {th:width,data-th-width}] [1000]: karate.org.thymeleaf.standard.processor.StandardRemovableAttributeTagProcessor
[THYMELEAF]             * [* {th:accept,data-th-accept}] [1000]: karate.org.thymeleaf.standard.processor.StandardRemovableAttributeTagProcessor
[THYMELEAF]             * [* {th:size,data-th-size}] [1000]: karate.org.thymeleaf.standard.processor.StandardRemovableAttributeTagProcessor
[THYMELEAF]             * [* {th:icon,data-th-icon}] [1000]: karate.org.thymeleaf.standard.processor.StandardRemovableAttributeTagProcessor
[THYMELEAF]             * [* {th:rowspan,data-th-rowspan}] [1000]: karate.org.thymeleaf.standard.processor.StandardRemovableAttributeTagProcessor
[THYMELEAF]             * [* {th:kind,data-th-kind}] [1000]: karate.org.thymeleaf.standard.processor.StandardRemovableAttributeTagProcessor
[THYMELEAF]             * [* {th:draggable,data-th-draggable}] [1000]: karate.org.thymeleaf.standard.processor.StandardRemovableAttributeTagProcessor
[THYMELEAF]             * [* {th:cellpadding,data-th-cellpadding}] [1000]: karate.org.thymeleaf.standard.processor.StandardRemovableAttributeTagProcessor
[THYMELEAF]             * [* {th:lang,data-th-lang}] [1000]: karate.org.thymeleaf.standard.processor.StandardRemovableAttributeTagProcessor
[THYMELEAF]             * [* {th:tabindex,data-th-tabindex}] [1000]: karate.org.thymeleaf.standard.processor.StandardRemovableAttributeTagProcessor
[THYMELEAF]             * [* {th:target,data-th-target}] [1000]: karate.org.thymeleaf.standard.processor.StandardRemovableAttributeTagProcessor
[THYMELEAF]             * [* {th:colspan,data-th-colspan}] [1000]: karate.org.thymeleaf.standard.processor.StandardRemovableAttributeTagProcessor
[THYMELEAF]             * [* {th:formtarget,data-th-formtarget}] [1000]: karate.org.thymeleaf.standard.processor.StandardRemovableAttributeTagProcessor
[THYMELEAF]             * [* {th:datetime,data-th-datetime}] [1000]: karate.org.thymeleaf.standard.processor.StandardRemovableAttributeTagProcessor
[THYMELEAF]             * [* {th:low,data-th-low}] [1000]: karate.org.thymeleaf.standard.processor.StandardRemovableAttributeTagProcessor
[THYMELEAF]             * [* {th:cellspacing,data-th-cellspacing}] [1000]: karate.org.thymeleaf.standard.processor.StandardRemovableAttributeTagProcessor
[THYMELEAF]             * [* {th:style,data-th-style}] [1000]: karate.org.thymeleaf.standard.processor.StandardRemovableAttributeTagProcessor
[THYMELEAF]             * [* {th:form,data-th-form}] [1000]: karate.org.thymeleaf.standard.processor.StandardRemovableAttributeTagProcessor
[THYMELEAF]             * [* {th:marginwidth,data-th-marginwidth}] [1000]: karate.org.thymeleaf.standard.processor.StandardRemovableAttributeTagProcessor
[THYMELEAF]             * [* {th:data,data-th-data}] [1000]: karate.org.thymeleaf.standard.processor.StandardRemovableAttributeTagProcessor
[THYMELEAF]             * [* {th:rules,data-th-rules}] [1000]: karate.org.thymeleaf.standard.processor.StandardRemovableAttributeTagProcessor
[THYMELEAF]             * [* {th:standby,data-th-standby}] [1000]: karate.org.thymeleaf.standard.processor.StandardRemovableAttributeTagProcessor
[THYMELEAF]             * [* {th:usemap,data-th-usemap}] [1000]: karate.org.thymeleaf.standard.processor.StandardRemovableAttributeTagProcessor
[THYMELEAF]             * [* {th:formenctype,data-th-formenctype}] [1000]: karate.org.thymeleaf.standard.processor.StandardRemovableAttributeTagProcessor
[THYMELEAF]             * [* {th:longdesc,data-th-longdesc}] [1000]: karate.org.thymeleaf.standard.processor.StandardRemovableAttributeTagProcessor
[THYMELEAF]             * [* {th:src,data-th-src}] [1000]: karate.org.thymeleaf.standard.processor.StandardSrcTagProcessor
[THYMELEAF]             * [* {th:value,data-th-value}] [1000]: karate.org.thymeleaf.standard.processor.StandardValueTagProcessor
[THYMELEAF]             * [* {th:xmlbase,data-th-xmlbase}] [1000]: karate.org.thymeleaf.standard.processor.StandardXmlBaseTagProcessor
[THYMELEAF]             * [* {th:xmllang,data-th-xmllang}] [1000]: karate.org.thymeleaf.standard.processor.StandardXmlLangTagProcessor
[THYMELEAF]             * [* {xmlns:th}] [1000]: karate.org.thymeleaf.standard.processor.StandardXmlNsTagProcessor
[THYMELEAF]             * [* {th:xmlspace,data-th-xmlspace}] [1000]: karate.org.thymeleaf.standard.processor.StandardXmlSpaceTagProcessor
[THYMELEAF]             * [* {th:classappend,data-th-classappend}] [1100]: karate.org.thymeleaf.standard.processor.StandardClassappendTagProcessor
[THYMELEAF]             * [* {th:styleappend,data-th-styleappend}] [1100]: karate.org.thymeleaf.standard.processor.StandardStyleappendTagProcessor
[THYMELEAF]             * [* {th:text,data-th-text}] [1300]: karate.org.thymeleaf.standard.processor.StandardTextTagProcessor
[THYMELEAF]             * [* {th:utext,data-th-utext}] [1400]: karate.org.thymeleaf.standard.processor.StandardUtextTagProcessor
[THYMELEAF]             * [* {th:fragment,data-th-fragment}] [1500]: karate.org.thymeleaf.standard.processor.StandardFragmentTagProcessor
[THYMELEAF]             * [* {th:assert,data-th-assert}] [1550]: karate.org.thymeleaf.standard.processor.StandardAssertTagProcessor
[THYMELEAF]             * [* {th:remove,data-th-remove}] [1600]: karate.org.thymeleaf.standard.processor.StandardRemoveTagProcessor
[THYMELEAF]             * [* {th:ref,data-th-ref}] [10000]: karate.org.thymeleaf.standard.processor.StandardRefAttributeTagProcessor
[THYMELEAF]             * [{th:block,th-block} *] [100000]: karate.org.thymeleaf.standard.processor.StandardBlockTagProcessor
[THYMELEAF]             * [* th:*] [2147483647]: karate.org.thymeleaf.standard.processor.StandardDefaultAttributesTagProcessor
[THYMELEAF]         * Text Processors by [precedence]:
[THYMELEAF]             * [1000]: karate.org.thymeleaf.standard.processor.StandardInliningTextProcessor
[THYMELEAF]         * DOCTYPE Processors by [precedence]:
[THYMELEAF]             * [1000]: karate.org.thymeleaf.standard.processor.StandardTranslationDocTypeProcessor
[THYMELEAF]         * CDATA Section Processors by [precedence]:
[THYMELEAF]             * [1000]: karate.org.thymeleaf.standard.processor.StandardInliningCDATASectionProcessor
[THYMELEAF]         * Comment Processors by [precedence]:
[THYMELEAF]             * [1000]: karate.org.thymeleaf.standard.processor.StandardInliningCommentProcessor
[THYMELEAF]             * [1100]: karate.org.thymeleaf.standard.processor.StandardConditionalCommentProcessor
[THYMELEAF]     * Processors for Template Mode: XML
[THYMELEAF]         * Element Tag Processors by [matching element and attribute name] [precedence]:
[THYMELEAF]             * [* {th:include}] [100]: karate.org.thymeleaf.standard.processor.StandardIncludeTagProcessor
[THYMELEAF]             * [* {th:insert}] [100]: karate.org.thymeleaf.standard.processor.StandardInsertTagProcessor
[THYMELEAF]             * [* {th:replace}] [100]: karate.org.thymeleaf.standard.processor.StandardReplaceTagProcessor
[THYMELEAF]             * [* {th:substituteby}] [100]: karate.org.thymeleaf.standard.processor.StandardSubstituteByTagProcessor
[THYMELEAF]             * [* {th:each}] [200]: com.intuit.karate.template.KarateEachTagProcessor
[THYMELEAF]             * [* {th:switch}] [250]: karate.org.thymeleaf.standard.processor.StandardSwitchTagProcessor
[THYMELEAF]             * [* {th:case}] [275]: karate.org.thymeleaf.standard.processor.StandardCaseTagProcessor
[THYMELEAF]             * [* {th:if}] [300]: karate.org.thymeleaf.standard.processor.StandardIfTagProcessor
[THYMELEAF]             * [* {th:unless}] [400]: karate.org.thymeleaf.standard.processor.StandardUnlessTagProcessor
[THYMELEAF]             * [* {th:object}] [500]: karate.org.thymeleaf.standard.processor.StandardObjectTagProcessor
[THYMELEAF]             * [* {th:with}] [600]: com.intuit.karate.template.KarateWithTagProcessor
[THYMELEAF]             * [* {th:attr}] [700]: com.intuit.karate.template.KarateAttributeTagProcessor.KarateAttrTagProcessor
[THYMELEAF]             * [* {th:attrappend}] [900]: com.intuit.karate.template.KarateAttributeTagProcessor.KarateAttrappendTagProcessor
[THYMELEAF]             * [* {th:attrprepend}] [900]: com.intuit.karate.template.KarateAttributeTagProcessor.KarateAttrprependTagProcessor
[THYMELEAF]             * [* {th:inline}] [1000]: karate.org.thymeleaf.standard.processor.StandardInlineXMLTagProcessor
[THYMELEAF]             * [* {xmlns:th}] [1000]: karate.org.thymeleaf.standard.processor.StandardXmlNsTagProcessor
[THYMELEAF]             * [* {th:text}] [1300]: karate.org.thymeleaf.standard.processor.StandardTextTagProcessor
[THYMELEAF]             * [* {th:utext}] [1400]: karate.org.thymeleaf.standard.processor.StandardUtextTagProcessor
[THYMELEAF]             * [* {th:fragment}] [1500]: karate.org.thymeleaf.standard.processor.StandardFragmentTagProcessor
[THYMELEAF]             * [* {th:assert}] [1550]: karate.org.thymeleaf.standard.processor.StandardAssertTagProcessor
[THYMELEAF]             * [* {th:remove}] [1600]: karate.org.thymeleaf.standard.processor.StandardRemoveTagProcessor
[THYMELEAF]             * [* {th:ref}] [10000]: karate.org.thymeleaf.standard.processor.StandardRefAttributeTagProcessor
[THYMELEAF]             * [{th:block} *] [100000]: karate.org.thymeleaf.standard.processor.StandardBlockTagProcessor
[THYMELEAF]             * [* th:*] [2147483647]: karate.org.thymeleaf.standard.processor.StandardDefaultAttributesTagProcessor
[THYMELEAF]         * Text Processors by [precedence]:
[THYMELEAF]             * [1000]: karate.org.thymeleaf.standard.processor.StandardInliningTextProcessor
[THYMELEAF]         * CDATA Section Processors by [precedence]:
[THYMELEAF]             * [1000]: karate.org.thymeleaf.standard.processor.StandardInliningCDATASectionProcessor
[THYMELEAF]         * Comment Processors by [precedence]:
[THYMELEAF]             * [1000]: karate.org.thymeleaf.standard.processor.StandardInliningCommentProcessor
[THYMELEAF]     * Processors for Template Mode: TEXT
[THYMELEAF]         * Element Tag Processors by [matching element and attribute name] [precedence]:
[THYMELEAF]             * [* {th:insert}] [100]: karate.org.thymeleaf.standard.processor.StandardInsertTagProcessor
[THYMELEAF]             * [* {th:replace}] [100]: karate.org.thymeleaf.standard.processor.StandardReplaceTagProcessor
[THYMELEAF]             * [* {th:each}] [200]: com.intuit.karate.template.KarateEachTagProcessor
[THYMELEAF]             * [* {th:switch}] [250]: karate.org.thymeleaf.standard.processor.StandardSwitchTagProcessor
[THYMELEAF]             * [* {th:case}] [275]: karate.org.thymeleaf.standard.processor.StandardCaseTagProcessor
[THYMELEAF]             * [* {th:if}] [300]: karate.org.thymeleaf.standard.processor.StandardIfTagProcessor
[THYMELEAF]             * [* {th:unless}] [400]: karate.org.thymeleaf.standard.processor.StandardUnlessTagProcessor
[THYMELEAF]             * [* {th:object}] [500]: karate.org.thymeleaf.standard.processor.StandardObjectTagProcessor
[THYMELEAF]             * [* {th:with}] [600]: com.intuit.karate.template.KarateWithTagProcessor
[THYMELEAF]             * [* {th:inline}] [1000]: karate.org.thymeleaf.standard.processor.StandardInlineTextualTagProcessor
[THYMELEAF]             * [* {th:text}] [1300]: karate.org.thymeleaf.standard.processor.StandardTextTagProcessor
[THYMELEAF]             * [* {th:utext}] [1400]: karate.org.thymeleaf.standard.processor.StandardUtextTagProcessor
[THYMELEAF]             * [* {th:assert}] [1550]: karate.org.thymeleaf.standard.processor.StandardAssertTagProcessor
[THYMELEAF]             * [* {th:remove}] [1600]: karate.org.thymeleaf.standard.processor.StandardRemoveTagProcessor
[THYMELEAF]             * [* 100000] [karate.org.thymeleaf.standard.processor.StandardBlockTagProcessor]: {}
[THYMELEAF]             * [{th:block} *] [100000]: karate.org.thymeleaf.standard.processor.StandardBlockTagProcessor
[THYMELEAF]         * Text Processors by [precedence]:
[THYMELEAF]             * [1000]: karate.org.thymeleaf.standard.processor.StandardInliningTextProcessor
[THYMELEAF]     * Processors for Template Mode: JAVASCRIPT
[THYMELEAF]         * Element Tag Processors by [matching element and attribute name] [precedence]:
[THYMELEAF]             * [* {th:insert}] [100]: karate.org.thymeleaf.standard.processor.StandardInsertTagProcessor
[THYMELEAF]             * [* {th:replace}] [100]: karate.org.thymeleaf.standard.processor.StandardReplaceTagProcessor
[THYMELEAF]             * [* {th:each}] [200]: com.intuit.karate.template.KarateEachTagProcessor
[THYMELEAF]             * [* {th:switch}] [250]: karate.org.thymeleaf.standard.processor.StandardSwitchTagProcessor
[THYMELEAF]             * [* {th:case}] [275]: karate.org.thymeleaf.standard.processor.StandardCaseTagProcessor
[THYMELEAF]             * [* {th:if}] [300]: karate.org.thymeleaf.standard.processor.StandardIfTagProcessor
[THYMELEAF]             * [* {th:unless}] [400]: karate.org.thymeleaf.standard.processor.StandardUnlessTagProcessor
[THYMELEAF]             * [* {th:object}] [500]: karate.org.thymeleaf.standard.processor.StandardObjectTagProcessor
[THYMELEAF]             * [* {th:with}] [600]: com.intuit.karate.template.KarateWithTagProcessor
[THYMELEAF]             * [* {th:inline}] [1000]: karate.org.thymeleaf.standard.processor.StandardInlineTextualTagProcessor
[THYMELEAF]             * [* {th:text}] [1300]: karate.org.thymeleaf.standard.processor.StandardTextTagProcessor
[THYMELEAF]             * [* {th:utext}] [1400]: karate.org.thymeleaf.standard.processor.StandardUtextTagProcessor
[THYMELEAF]             * [* {th:assert}] [1550]: karate.org.thymeleaf.standard.processor.StandardAssertTagProcessor
[THYMELEAF]             * [* {th:remove}] [1600]: karate.org.thymeleaf.standard.processor.StandardRemoveTagProcessor
[THYMELEAF]             * [{th:block} *] [100000]: karate.org.thymeleaf.standard.processor.StandardBlockTagProcessor
[THYMELEAF]             * [* 100000] [karate.org.thymeleaf.standard.processor.StandardBlockTagProcessor]: {}
[THYMELEAF]         * Text Processors by [precedence]:
[THYMELEAF]             * [1000]: karate.org.thymeleaf.standard.processor.StandardInliningTextProcessor
[THYMELEAF]     * Processors for Template Mode: CSS
[THYMELEAF]         * Element Tag Processors by [matching element and attribute name] [precedence]:
[THYMELEAF]             * [* {th:insert}] [100]: karate.org.thymeleaf.standard.processor.StandardInsertTagProcessor
[THYMELEAF]             * [* {th:replace}] [100]: karate.org.thymeleaf.standard.processor.StandardReplaceTagProcessor
[THYMELEAF]             * [* {th:each}] [200]: com.intuit.karate.template.KarateEachTagProcessor
[THYMELEAF]             * [* {th:switch}] [250]: karate.org.thymeleaf.standard.processor.StandardSwitchTagProcessor
[THYMELEAF]             * [* {th:case}] [275]: karate.org.thymeleaf.standard.processor.StandardCaseTagProcessor
[THYMELEAF]             * [* {th:if}] [300]: karate.org.thymeleaf.standard.processor.StandardIfTagProcessor
[THYMELEAF]             * [* {th:unless}] [400]: karate.org.thymeleaf.standard.processor.StandardUnlessTagProcessor
[THYMELEAF]             * [* {th:object}] [500]: karate.org.thymeleaf.standard.processor.StandardObjectTagProcessor
[THYMELEAF]             * [* {th:with}] [600]: com.intuit.karate.template.KarateWithTagProcessor
[THYMELEAF]             * [* {th:inline}] [1000]: karate.org.thymeleaf.standard.processor.StandardInlineTextualTagProcessor
[THYMELEAF]             * [* {th:text}] [1300]: karate.org.thymeleaf.standard.processor.StandardTextTagProcessor
[THYMELEAF]             * [* {th:utext}] [1400]: karate.org.thymeleaf.standard.processor.StandardUtextTagProcessor
[THYMELEAF]             * [* {th:assert}] [1550]: karate.org.thymeleaf.standard.processor.StandardAssertTagProcessor
[THYMELEAF]             * [* {th:remove}] [1600]: karate.org.thymeleaf.standard.processor.StandardRemoveTagProcessor
[THYMELEAF]             * [{th:block} *] [100000]: karate.org.thymeleaf.standard.processor.StandardBlockTagProcessor
[THYMELEAF]             * [* 100000] [karate.org.thymeleaf.standard.processor.StandardBlockTagProcessor]: {}
[THYMELEAF]         * Text Processors by [precedence]:
[THYMELEAF]             * [1000]: karate.org.thymeleaf.standard.processor.StandardInliningTextProcessor
[THYMELEAF]     * Expression Objects:
[THYMELEAF]         * #ctx
[THYMELEAF]         * #root
[THYMELEAF]         * #vars
[THYMELEAF]         * #object
[THYMELEAF]         * #locale
[THYMELEAF]         * #request
[THYMELEAF]         * #response
[THYMELEAF]         * #session
[THYMELEAF]         * #servletContext
[THYMELEAF]         * #conversions
[THYMELEAF]         * #uris
[THYMELEAF]         * #calendars
[THYMELEAF]         * #dates
[THYMELEAF]         * #bools
[THYMELEAF]         * #numbers
[THYMELEAF]         * #objects
[THYMELEAF]         * #strings
[THYMELEAF]         * #arrays
[THYMELEAF]         * #lists
[THYMELEAF]         * #sets
[THYMELEAF]         * #maps
[THYMELEAF]         * #aggregates
[THYMELEAF]         * #messages
[THYMELEAF]         * #ids
[THYMELEAF]         * #execInfo
[THYMELEAF]         * #httpServletRequest
[THYMELEAF]         * #httpSession
[THYMELEAF]     * Execution Attributes:
[THYMELEAF]         * "StandardExpressionParser": com.intuit.karate.template.KarateStandardDialect@34694325
[THYMELEAF]         * "StandardJavaScriptSerializer": karate.org.thymeleaf.standard.serializer.StandardJavaScriptSerializer@11608b80
[THYMELEAF]         * "StandardCSSSerializer": karate.org.thymeleaf.standard.serializer.StandardCSSSerializer@1c074d9e
[THYMELEAF]         * "StandardVariableExpressionEvaluator": com.intuit.karate.template.KarateStandardDialect@34694325
[THYMELEAF]         * "StandardConversionService": karate.org.thymeleaf.standard.expression.StandardConversionService@6ec28d39
[THYMELEAF] * Dialect [2 of 2]: karate (com.intuit.karate.template.KarateScriptDialect)
[THYMELEAF]     * Prefix: "ka"
[THYMELEAF]     * Processors for Template Mode: HTML
[THYMELEAF]         * Element Tag Processors by [matching element and attribute name] [precedence]:
[THYMELEAF]             * [* {src}] [1000]: com.intuit.karate.template.KaScriptAttrProcessor
[THYMELEAF]         * Element Model Processors by [matching element and attribute name] [precedence]:
[THYMELEAF]             * [{script} {ka:scope,data-ka-scope}] [1000]: com.intuit.karate.template.KaScriptElemProcessor
[THYMELEAF]             * [* {ka:set,data-ka-set}] [1000]: com.intuit.karate.template.KaSetElemProcessor
[THYMELEAF] TEMPLATE ENGINE CONFIGURED OK
11:39:17.065 [pool-2-thread-1] DEBUG karate.org.thymeleaf.TemplateEngine - [THYMELEAF] TEMPLATE ENGINE INITIALIZED
11:39:17.082 [pool-1-thread-1] DEBUG karate.org.apache.http.conn.ssl.SSLConnectionSocketFactory - Enabled protocols: [TLSv1, TLSv1.1, TLSv1.2]
11:39:17.082 [pool-1-thread-1] DEBUG karate.org.apache.http.conn.ssl.SSLConnectionSocketFactory - Enabled cipher suites:[TLS_ECDHE_ECDSA_WITH_AES_256_CBC_SHA384, TLS_ECDHE_RSA_WITH_AES_256_CBC_SHA384, TLS_RSA_WITH_AES_256_CBC_SHA256, TLS_ECDH_ECDSA_WITH_AES_256_CBC_SHA384, TLS_ECDH_RSA_WITH_AES_256_CBC_SHA384, TLS_DHE_RSA_WITH_AES_256_CBC_SHA256, TLS_DHE_DSS_WITH_AES_256_CBC_SHA256, TLS_ECDHE_ECDSA_WITH_AES_256_CBC_SHA, TLS_ECDHE_RSA_WITH_AES_256_CBC_SHA, TLS_RSA_WITH_AES_256_CBC_SHA, TLS_ECDH_ECDSA_WITH_AES_256_CBC_SHA, TLS_ECDH_RSA_WITH_AES_256_CBC_SHA, TLS_DHE_RSA_WITH_AES_256_CBC_SHA, TLS_DHE_DSS_WITH_AES_256_CBC_SHA, TLS_ECDHE_ECDSA_WITH_AES_128_CBC_SHA256, TLS_ECDHE_RSA_WITH_AES_128_CBC_SHA256, TLS_RSA_WITH_AES_128_CBC_SHA256, TLS_ECDH_ECDSA_WITH_AES_128_CBC_SHA256, TLS_ECDH_RSA_WITH_AES_128_CBC_SHA256, TLS_DHE_RSA_WITH_AES_128_CBC_SHA256, TLS_DHE_DSS_WITH_AES_128_CBC_SHA256, TLS_ECDHE_ECDSA_WITH_AES_128_CBC_SHA, TLS_ECDHE_RSA_WITH_AES_128_CBC_SHA, TLS_RSA_WITH_AES_128_CBC_SHA, TLS_ECDH_ECDSA_WITH_AES_128_CBC_SHA, TLS_ECDH_RSA_WITH_AES_128_CBC_SHA, TLS_DHE_RSA_WITH_AES_128_CBC_SHA, TLS_DHE_DSS_WITH_AES_128_CBC_SHA, TLS_ECDHE_ECDSA_WITH_AES_256_GCM_SHA384, TLS_ECDHE_ECDSA_WITH_AES_128_GCM_SHA256, TLS_ECDHE_RSA_WITH_AES_256_GCM_SHA384, TLS_RSA_WITH_AES_256_GCM_SHA384, TLS_ECDH_ECDSA_WITH_AES_256_GCM_SHA384, TLS_ECDH_RSA_WITH_AES_256_GCM_SHA384, TLS_DHE_RSA_WITH_AES_256_GCM_SHA384, TLS_DHE_DSS_WITH_AES_256_GCM_SHA384, TLS_ECDHE_RSA_WITH_AES_128_GCM_SHA256, TLS_RSA_WITH_AES_128_GCM_SHA256, TLS_ECDH_ECDSA_WITH_AES_128_GCM_SHA256, TLS_ECDH_RSA_WITH_AES_128_GCM_SHA256, TLS_DHE_RSA_WITH_AES_128_GCM_SHA256, TLS_DHE_DSS_WITH_AES_128_GCM_SHA256]
11:39:17.082 [pool-1-thread-1] DEBUG karate.org.apache.http.conn.ssl.SSLConnectionSocketFactory - Starting handshake
11:39:17.260 [pool-1-thread-2] DEBUG karate.org.apache.http.conn.ssl.SSLConnectionSocketFactory - Secure session established
11:39:17.260 [pool-1-thread-2] DEBUG karate.org.apache.http.conn.ssl.SSLConnectionSocketFactory -  negotiated protocol: TLSv1.2
11:39:17.260 [pool-1-thread-2] DEBUG karate.org.apache.http.conn.ssl.SSLConnectionSocketFactory -  negotiated cipher suite: TLS_ECDHE_RSA_WITH_AES_128_GCM_SHA256
11:39:17.260 [pool-1-thread-2] DEBUG karate.org.apache.http.conn.ssl.SSLConnectionSocketFactory -  peer principal: CN=ops.enerbit.dev
11:39:17.260 [pool-1-thread-2] DEBUG karate.org.apache.http.conn.ssl.SSLConnectionSocketFactory -  peer alternative names: [ops.enerbit.dev]
11:39:17.260 [pool-1-thread-2] DEBUG karate.org.apache.http.conn.ssl.SSLConnectionSocketFactory -  issuer principal: CN=R3, O=Let's Encrypt, C=US
11:39:17.261 [pool-1-thread-2] DEBUG karate.org.apache.http.impl.conn.DefaultHttpClientConnectionOperator - Connection established 192.168.1.4:56920<->20.65.19.185:443
11:39:17.262 [pool-1-thread-2] DEBUG karate.org.apache.http.impl.conn.DefaultManagedHttpClientConnection - http-outgoing-14: set socket timeout to 30000
11:39:17.262 [pool-1-thread-2] DEBUG karate.org.apache.http.impl.execchain.MainClientExec - Executing request POST /learning/api/v1/meters HTTP/1.1
11:39:17.262 [pool-1-thread-2] DEBUG karate.org.apache.http.impl.execchain.MainClientExec - Target auth state: UNCHALLENGED
11:39:17.262 [pool-1-thread-2] DEBUG karate.org.apache.http.impl.execchain.MainClientExec - Proxy auth state: UNCHALLENGED
11:39:17.263 [pool-1-thread-2] DEBUG karate.org.apache.http.headers - http-outgoing-14 >> POST /learning/api/v1/meters HTTP/1.1
11:39:17.263 [pool-1-thread-2] DEBUG karate.org.apache.http.headers - http-outgoing-14 >> Content-Type: application/json; charset=UTF-8
11:39:17.263 [pool-1-thread-2] DEBUG karate.org.apache.http.headers - http-outgoing-14 >> Content-Length: 251
11:39:17.263 [pool-1-thread-2] DEBUG karate.org.apache.http.headers - http-outgoing-14 >> Host: ops.enerbit.dev
11:39:17.263 [pool-1-thread-2] DEBUG karate.org.apache.http.headers - http-outgoing-14 >> Connection: Keep-Alive
11:39:17.263 [pool-1-thread-2] DEBUG karate.org.apache.http.headers - http-outgoing-14 >> User-Agent: Apache-HttpClient/4.5.13 (Java/1.8.0_202)
11:39:17.263 [pool-1-thread-2] DEBUG karate.org.apache.http.headers - http-outgoing-14 >> Accept-Encoding: gzip,deflate
11:39:17.263 [pool-1-thread-2] DEBUG karate.org.apache.http.wire - http-outgoing-14 >> "POST /learning/api/v1/meters HTTP/1.1[\r][\n]"
11:39:17.263 [pool-1-thread-2] DEBUG karate.org.apache.http.wire - http-outgoing-14 >> "Content-Type: application/json; charset=UTF-8[\r][\n]"
11:39:17.263 [pool-1-thread-2] DEBUG karate.org.apache.http.wire - http-outgoing-14 >> "Content-Length: 251[\r][\n]"
11:39:17.263 [pool-1-thread-2] DEBUG karate.org.apache.http.wire - http-outgoing-14 >> "Host: ops.enerbit.dev[\r][\n]"
11:39:17.263 [pool-1-thread-2] DEBUG karate.org.apache.http.wire - http-outgoing-14 >> "Connection: Keep-Alive[\r][\n]"
11:39:17.263 [pool-1-thread-2] DEBUG karate.org.apache.http.wire - http-outgoing-14 >> "User-Agent: Apache-HttpClient/4.5.13 (Java/1.8.0_202)[\r][\n]"
11:39:17.263 [pool-1-thread-2] DEBUG karate.org.apache.http.wire - http-outgoing-14 >> "Accept-Encoding: gzip,deflate[\r][\n]"
11:39:17.263 [pool-1-thread-2] DEBUG karate.org.apache.http.wire - http-outgoing-14 >> "[\r][\n]"
11:39:17.263 [pool-1-thread-2] DEBUG karate.org.apache.http.wire - http-outgoing-14 >> "{"serial":"3424234233kj","connection_type":"directa","storage_system":"interno","condition":"nuevo","owner":"RF","location":"Almacen ","manufacturer":"yes","purchase":"2022-07-28 03:08:49.340514","i_max":6345.654,"i_b":21.5,"i_n":876.5,"seals":545.65}"
11:39:17.273 [pool-1-thread-1] DEBUG karate.org.apache.http.conn.ssl.SSLConnectionSocketFactory - Secure session established
11:39:17.273 [pool-1-thread-1] DEBUG karate.org.apache.http.conn.ssl.SSLConnectionSocketFactory -  negotiated protocol: TLSv1.2
11:39:17.273 [pool-1-thread-1] DEBUG karate.org.apache.http.conn.ssl.SSLConnectionSocketFactory -  negotiated cipher suite: TLS_ECDHE_RSA_WITH_AES_128_GCM_SHA256
11:39:17.273 [pool-1-thread-1] DEBUG karate.org.apache.http.conn.ssl.SSLConnectionSocketFactory -  peer principal: CN=ops.enerbit.dev
11:39:17.273 [pool-1-thread-1] DEBUG karate.org.apache.http.conn.ssl.SSLConnectionSocketFactory -  peer alternative names: [ops.enerbit.dev]
11:39:17.273 [pool-1-thread-1] DEBUG karate.org.apache.http.conn.ssl.SSLConnectionSocketFactory -  issuer principal: CN=R3, O=Let's Encrypt, C=US
11:39:17.274 [pool-1-thread-1] DEBUG karate.org.apache.http.impl.conn.DefaultHttpClientConnectionOperator - Connection established 192.168.1.4:56922<->20.65.19.185:443
11:39:17.274 [pool-1-thread-1] DEBUG karate.org.apache.http.impl.conn.DefaultManagedHttpClientConnection - http-outgoing-15: set socket timeout to 30000
11:39:17.274 [pool-1-thread-1] DEBUG karate.org.apache.http.impl.execchain.MainClientExec - Executing request PATCH /learning/api/v1/meters/417 HTTP/1.1
11:39:17.274 [pool-1-thread-1] DEBUG karate.org.apache.http.impl.execchain.MainClientExec - Target auth state: UNCHALLENGED
11:39:17.274 [pool-1-thread-1] DEBUG karate.org.apache.http.impl.execchain.MainClientExec - Proxy auth state: UNCHALLENGED
11:39:17.274 [pool-1-thread-1] DEBUG karate.org.apache.http.headers - http-outgoing-15 >> PATCH /learning/api/v1/meters/417 HTTP/1.1
11:39:17.274 [pool-1-thread-1] DEBUG karate.org.apache.http.headers - http-outgoing-15 >> Content-Type: application/json; charset=UTF-8
11:39:17.274 [pool-1-thread-1] DEBUG karate.org.apache.http.headers - http-outgoing-15 >> Content-Length: 2
11:39:17.274 [pool-1-thread-1] DEBUG karate.org.apache.http.headers - http-outgoing-15 >> Host: ops.enerbit.dev
11:39:17.274 [pool-1-thread-1] DEBUG karate.org.apache.http.headers - http-outgoing-15 >> Connection: Keep-Alive
11:39:17.274 [pool-1-thread-1] DEBUG karate.org.apache.http.headers - http-outgoing-15 >> User-Agent: Apache-HttpClient/4.5.13 (Java/1.8.0_202)
11:39:17.274 [pool-1-thread-1] DEBUG karate.org.apache.http.headers - http-outgoing-15 >> Accept-Encoding: gzip,deflate
11:39:17.274 [pool-1-thread-1] DEBUG karate.org.apache.http.wire - http-outgoing-15 >> "PATCH /learning/api/v1/meters/417 HTTP/1.1[\r][\n]"
11:39:17.274 [pool-1-thread-1] DEBUG karate.org.apache.http.wire - http-outgoing-15 >> "Content-Type: application/json; charset=UTF-8[\r][\n]"
11:39:17.274 [pool-1-thread-1] DEBUG karate.org.apache.http.wire - http-outgoing-15 >> "Content-Length: 2[\r][\n]"
11:39:17.274 [pool-1-thread-1] DEBUG karate.org.apache.http.wire - http-outgoing-15 >> "Host: ops.enerbit.dev[\r][\n]"
11:39:17.274 [pool-1-thread-1] DEBUG karate.org.apache.http.wire - http-outgoing-15 >> "Connection: Keep-Alive[\r][\n]"
11:39:17.274 [pool-1-thread-1] DEBUG karate.org.apache.http.wire - http-outgoing-15 >> "User-Agent: Apache-HttpClient/4.5.13 (Java/1.8.0_202)[\r][\n]"
11:39:17.274 [pool-1-thread-1] DEBUG karate.org.apache.http.wire - http-outgoing-15 >> "Accept-Encoding: gzip,deflate[\r][\n]"
11:39:17.274 [pool-1-thread-1] DEBUG karate.org.apache.http.wire - http-outgoing-15 >> "[\r][\n]"
11:39:17.274 [pool-1-thread-1] DEBUG karate.org.apache.http.wire - http-outgoing-15 >> "{}"
---------------------------------------------------------
feature: classpath:meterManagerTest/meterGet/meter-get.feature
scenarios:  3 | passed:  3 | failed:  0 | time: 1,2552
---------------------------------------------------------

11:39:17.329 [pool-2-thread-1] INFO com.intuit.karate.Suite - <<pass>> feature 2 of 5 (3 remaining) classpath:meterManagerTest/meterGet/meter-get.feature
11:39:17.729 [pool-1-thread-1] DEBUG karate.org.apache.http.wire - http-outgoing-15 << "HTTP/1.1 200 OK[\r][\n]"
11:39:17.730 [pool-1-thread-1] DEBUG karate.org.apache.http.wire - http-outgoing-15 << "Date: Sun, 02 Jul 2023 16:39:18 GMT[\r][\n]"
11:39:17.730 [pool-1-thread-1] DEBUG karate.org.apache.http.wire - http-outgoing-15 << "Content-Type: application/json[\r][\n]"
11:39:17.730 [pool-1-thread-1] DEBUG karate.org.apache.http.wire - http-outgoing-15 << "Content-Length: 320[\r][\n]"
11:39:17.730 [pool-1-thread-1] DEBUG karate.org.apache.http.wire - http-outgoing-15 << "Connection: keep-alive[\r][\n]"
11:39:17.730 [pool-1-thread-1] DEBUG karate.org.apache.http.wire - http-outgoing-15 << "Strict-Transport-Security: max-age=15724800; includeSubDomains[\r][\n]"
11:39:17.730 [pool-1-thread-1] DEBUG karate.org.apache.http.wire - http-outgoing-15 << "Access-Control-Allow-Origin: *[\r][\n]"
11:39:17.730 [pool-1-thread-1] DEBUG karate.org.apache.http.wire - http-outgoing-15 << "Access-Control-Allow-Credentials: true[\r][\n]"
11:39:17.730 [pool-1-thread-1] DEBUG karate.org.apache.http.wire - http-outgoing-15 << "Access-Control-Allow-Methods: GET, PUT, POST, DELETE, PATCH, OPTIONS[\r][\n]"
11:39:17.730 [pool-1-thread-1] DEBUG karate.org.apache.http.wire - http-outgoing-15 << "Access-Control-Allow-Headers: DNT,Keep-Alive,User-Agent,X-Requested-With,If-Modified-Since,Cache-Control,Content-Type,Range,Authorization[\r][\n]"
11:39:17.730 [pool-1-thread-1] DEBUG karate.org.apache.http.wire - http-outgoing-15 << "Access-Control-Max-Age: 1728000[\r][\n]"
11:39:17.730 [pool-1-thread-1] DEBUG karate.org.apache.http.wire - http-outgoing-15 << "[\r][\n]"
11:39:17.730 [pool-1-thread-1] DEBUG karate.org.apache.http.wire - http-outgoing-15 << "{"serial":"3424234233kj","connection_type":"directa","storage_system":"interno","condition":"nuevo","owner":"RF","location":"Almacen ","manufacturer":"yes","purchase":"2022-07-28 03:08:49.340514","i_max":6345.654,"i_b":21.5,"i_n":876.5,"seals":545.65,"id":417,"created_at":"2023-07-02T16:39:17.405530","updated_at":null}"
11:39:17.730 [pool-1-thread-1] DEBUG karate.org.apache.http.headers - http-outgoing-15 << HTTP/1.1 200 OK
11:39:17.730 [pool-1-thread-1] DEBUG karate.org.apache.http.headers - http-outgoing-15 << Date: Sun, 02 Jul 2023 16:39:18 GMT
11:39:17.730 [pool-1-thread-1] DEBUG karate.org.apache.http.headers - http-outgoing-15 << Content-Type: application/json
11:39:17.730 [pool-1-thread-1] DEBUG karate.org.apache.http.headers - http-outgoing-15 << Content-Length: 320
11:39:17.730 [pool-1-thread-1] DEBUG karate.org.apache.http.headers - http-outgoing-15 << Connection: keep-alive
11:39:17.730 [pool-1-thread-1] DEBUG karate.org.apache.http.headers - http-outgoing-15 << Strict-Transport-Security: max-age=15724800; includeSubDomains
11:39:17.730 [pool-1-thread-1] DEBUG karate.org.apache.http.headers - http-outgoing-15 << Access-Control-Allow-Origin: *
11:39:17.730 [pool-1-thread-1] DEBUG karate.org.apache.http.headers - http-outgoing-15 << Access-Control-Allow-Credentials: true
11:39:17.730 [pool-1-thread-1] DEBUG karate.org.apache.http.headers - http-outgoing-15 << Access-Control-Allow-Methods: GET, PUT, POST, DELETE, PATCH, OPTIONS
11:39:17.730 [pool-1-thread-1] DEBUG karate.org.apache.http.headers - http-outgoing-15 << Access-Control-Allow-Headers: DNT,Keep-Alive,User-Agent,X-Requested-With,If-Modified-Since,Cache-Control,Content-Type,Range,Authorization
11:39:17.730 [pool-1-thread-1] DEBUG karate.org.apache.http.headers - http-outgoing-15 << Access-Control-Max-Age: 1728000
11:39:17.730 [pool-1-thread-1] DEBUG karate.org.apache.http.impl.execchain.MainClientExec - Connection can be kept alive indefinitely
11:39:17.730 [pool-1-thread-1] DEBUG karate.org.apache.http.impl.conn.PoolingHttpClientConnectionManager - Connection [id: 15][route: {s}->https://ops.enerbit.dev:443] can be kept alive indefinitely
11:39:17.730 [pool-1-thread-1] DEBUG karate.org.apache.http.impl.conn.DefaultManagedHttpClientConnection - http-outgoing-15: set socket timeout to 0
11:39:17.730 [pool-1-thread-1] DEBUG karate.org.apache.http.impl.conn.PoolingHttpClientConnectionManager - Connection released: [id: 15][route: {s}->https://ops.enerbit.dev:443][total available: 1; route allocated: 1 of 5; total allocated: 1 of 10]
11:39:17.731 [pool-1-thread-1] DEBUG com.intuit.karate - response time in milliseconds: 738
2 < 200
2 < Date: Sun, 02 Jul 2023 16:39:18 GMT
2 < Content-Type: application/json
2 < Content-Length: 320
2 < Connection: keep-alive
2 < Strict-Transport-Security: max-age=15724800; includeSubDomains
2 < Access-Control-Allow-Origin: *
2 < Access-Control-Allow-Credentials: true
2 < Access-Control-Allow-Methods: GET, PUT, POST, DELETE, PATCH, OPTIONS
2 < Access-Control-Allow-Headers: DNT,Keep-Alive,User-Agent,X-Requested-With,If-Modified-Since,Cache-Control,Content-Type,Range,Authorization
2 < Access-Control-Max-Age: 1728000
{"serial":"3424234233kj","connection_type":"directa","storage_system":"interno","condition":"nuevo","owner":"RF","location":"Almacen ","manufacturer":"yes","purchase":"2022-07-28 03:08:49.340514","i_max":6345.654,"i_b":21.5,"i_n":876.5,"seals":545.65,"id":417,"created_at":"2023-07-02T16:39:17.405530","updated_at":null}

11:39:17.740 [pool-1-thread-1] INFO com.intuit.karate.core.FeatureRuntime - classpath:meterManagerTest/meterPatch/../meterPost/utils-post.feature - call by tag at line 5: Createmeter
11:39:17.748 [pool-1-thread-1] DEBUG com.jayway.jsonpath.internal.path.CompiledPath - Evaluating path: $
11:39:17.750 [pool-1-thread-1] DEBUG karate.org.apache.http.client.protocol.RequestAddCookies - CookieSpec selected: karate
11:39:17.751 [pool-1-thread-1] DEBUG karate.org.apache.http.client.protocol.RequestAuthCache - Auth cache not set in the context
11:39:17.751 [pool-1-thread-1] DEBUG com.intuit.karate - request:
1 > POST https://ops.enerbit.dev/learning/api/v1/meters
1 > Content-Type: application/json; charset=UTF-8
1 > Content-Length: 251
1 > Host: ops.enerbit.dev
1 > Connection: Keep-Alive
1 > User-Agent: Apache-HttpClient/4.5.13 (Java/1.8.0_202)
1 > Accept-Encoding: gzip,deflate
{"serial":"3424234233kj","connection_type":"directa","storage_system":"interno","condition":"nuevo","owner":"RF","location":"Almacen ","manufacturer":"yes","purchase":"2022-07-28 03:08:49.340514","i_max":6345.654,"i_b":21.5,"i_n":876.5,"seals":545.65}

11:39:17.751 [pool-1-thread-1] DEBUG karate.org.apache.http.impl.conn.PoolingHttpClientConnectionManager - Connection request: [route: {s}->https://ops.enerbit.dev:443][total available: 0; route allocated: 0 of 5; total allocated: 0 of 10]
11:39:17.751 [pool-1-thread-1] DEBUG karate.org.apache.http.impl.conn.PoolingHttpClientConnectionManager - Connection leased: [id: 16][route: {s}->https://ops.enerbit.dev:443][total available: 0; route allocated: 1 of 5; total allocated: 1 of 10]
11:39:17.751 [pool-1-thread-1] DEBUG karate.org.apache.http.impl.execchain.MainClientExec - Opening connection {s}->https://ops.enerbit.dev:443
11:39:17.751 [pool-1-thread-1] DEBUG karate.org.apache.http.impl.conn.DefaultHttpClientConnectionOperator - Connecting to ops.enerbit.dev/20.65.19.185:443
11:39:17.751 [pool-1-thread-1] DEBUG karate.org.apache.http.conn.ssl.SSLConnectionSocketFactory - Connecting socket to ops.enerbit.dev/20.65.19.185:443 with timeout 30000
11:39:17.792 [pool-1-thread-2] DEBUG karate.org.apache.http.wire - http-outgoing-14 << "HTTP/1.1 201 Created[\r][\n]"
11:39:17.792 [pool-1-thread-2] DEBUG karate.org.apache.http.wire - http-outgoing-14 << "Date: Sun, 02 Jul 2023 16:39:18 GMT[\r][\n]"
11:39:17.792 [pool-1-thread-2] DEBUG karate.org.apache.http.wire - http-outgoing-14 << "Content-Type: application/json[\r][\n]"
11:39:17.792 [pool-1-thread-2] DEBUG karate.org.apache.http.wire - http-outgoing-14 << "Content-Length: 320[\r][\n]"
11:39:17.792 [pool-1-thread-2] DEBUG karate.org.apache.http.wire - http-outgoing-14 << "Connection: keep-alive[\r][\n]"
11:39:17.792 [pool-1-thread-2] DEBUG karate.org.apache.http.wire - http-outgoing-14 << "Strict-Transport-Security: max-age=15724800; includeSubDomains[\r][\n]"
11:39:17.792 [pool-1-thread-2] DEBUG karate.org.apache.http.wire - http-outgoing-14 << "Access-Control-Allow-Origin: *[\r][\n]"
11:39:17.792 [pool-1-thread-2] DEBUG karate.org.apache.http.wire - http-outgoing-14 << "Access-Control-Allow-Credentials: true[\r][\n]"
11:39:17.792 [pool-1-thread-2] DEBUG karate.org.apache.http.wire - http-outgoing-14 << "Access-Control-Allow-Methods: GET, PUT, POST, DELETE, PATCH, OPTIONS[\r][\n]"
11:39:17.792 [pool-1-thread-2] DEBUG karate.org.apache.http.wire - http-outgoing-14 << "Access-Control-Allow-Headers: DNT,Keep-Alive,User-Agent,X-Requested-With,If-Modified-Since,Cache-Control,Content-Type,Range,Authorization[\r][\n]"
11:39:17.792 [pool-1-thread-2] DEBUG karate.org.apache.http.wire - http-outgoing-14 << "Access-Control-Max-Age: 1728000[\r][\n]"
11:39:17.792 [pool-1-thread-2] DEBUG karate.org.apache.http.wire - http-outgoing-14 << "[\r][\n]"
11:39:17.792 [pool-1-thread-2] DEBUG karate.org.apache.http.wire - http-outgoing-14 << "{"serial":"3424234233kj","connection_type":"directa","storage_system":"interno","condition":"nuevo","owner":"RF","location":"Almacen ","manufacturer":"yes","purchase":"2022-07-28 03:08:49.340514","i_max":6345.654,"i_b":21.5,"i_n":876.5,"seals":545.65,"id":418,"created_at":"2023-07-02T16:39:17.942402","updated_at":null}"
11:39:17.792 [pool-1-thread-2] DEBUG karate.org.apache.http.headers - http-outgoing-14 << HTTP/1.1 201 Created
11:39:17.792 [pool-1-thread-2] DEBUG karate.org.apache.http.headers - http-outgoing-14 << Date: Sun, 02 Jul 2023 16:39:18 GMT
11:39:17.792 [pool-1-thread-2] DEBUG karate.org.apache.http.headers - http-outgoing-14 << Content-Type: application/json
11:39:17.792 [pool-1-thread-2] DEBUG karate.org.apache.http.headers - http-outgoing-14 << Content-Length: 320
11:39:17.792 [pool-1-thread-2] DEBUG karate.org.apache.http.headers - http-outgoing-14 << Connection: keep-alive
11:39:17.792 [pool-1-thread-2] DEBUG karate.org.apache.http.headers - http-outgoing-14 << Strict-Transport-Security: max-age=15724800; includeSubDomains
11:39:17.792 [pool-1-thread-2] DEBUG karate.org.apache.http.headers - http-outgoing-14 << Access-Control-Allow-Origin: *
11:39:17.792 [pool-1-thread-2] DEBUG karate.org.apache.http.headers - http-outgoing-14 << Access-Control-Allow-Credentials: true
11:39:17.792 [pool-1-thread-2] DEBUG karate.org.apache.http.headers - http-outgoing-14 << Access-Control-Allow-Methods: GET, PUT, POST, DELETE, PATCH, OPTIONS
11:39:17.792 [pool-1-thread-2] DEBUG karate.org.apache.http.headers - http-outgoing-14 << Access-Control-Allow-Headers: DNT,Keep-Alive,User-Agent,X-Requested-With,If-Modified-Since,Cache-Control,Content-Type,Range,Authorization
11:39:17.792 [pool-1-thread-2] DEBUG karate.org.apache.http.headers - http-outgoing-14 << Access-Control-Max-Age: 1728000
11:39:17.793 [pool-1-thread-2] DEBUG karate.org.apache.http.impl.execchain.MainClientExec - Connection can be kept alive indefinitely
11:39:17.793 [pool-1-thread-2] DEBUG karate.org.apache.http.impl.conn.PoolingHttpClientConnectionManager - Connection [id: 14][route: {s}->https://ops.enerbit.dev:443] can be kept alive indefinitely
11:39:17.793 [pool-1-thread-2] DEBUG karate.org.apache.http.impl.conn.DefaultManagedHttpClientConnection - http-outgoing-14: set socket timeout to 0
11:39:17.793 [pool-1-thread-2] DEBUG karate.org.apache.http.impl.conn.PoolingHttpClientConnectionManager - Connection released: [id: 14][route: {s}->https://ops.enerbit.dev:443][total available: 1; route allocated: 1 of 5; total allocated: 1 of 10]
11:39:17.793 [pool-1-thread-2] DEBUG com.intuit.karate - response time in milliseconds: 855
1 < 201
1 < Date: Sun, 02 Jul 2023 16:39:18 GMT
1 < Content-Type: application/json
1 < Content-Length: 320
1 < Connection: keep-alive
1 < Strict-Transport-Security: max-age=15724800; includeSubDomains
1 < Access-Control-Allow-Origin: *
1 < Access-Control-Allow-Credentials: true
1 < Access-Control-Allow-Methods: GET, PUT, POST, DELETE, PATCH, OPTIONS
1 < Access-Control-Allow-Headers: DNT,Keep-Alive,User-Agent,X-Requested-With,If-Modified-Since,Cache-Control,Content-Type,Range,Authorization
1 < Access-Control-Max-Age: 1728000
{"serial":"3424234233kj","connection_type":"directa","storage_system":"interno","condition":"nuevo","owner":"RF","location":"Almacen ","manufacturer":"yes","purchase":"2022-07-28 03:08:49.340514","i_max":6345.654,"i_b":21.5,"i_n":876.5,"seals":545.65,"id":418,"created_at":"2023-07-02T16:39:17.942402","updated_at":null}

11:39:17.795 [pool-1-thread-2] DEBUG com.jayway.jsonpath.internal.path.CompiledPath - Evaluating path: $['id']
11:39:17.797 [pool-1-thread-2] DEBUG com.jayway.jsonpath.internal.path.CompiledPath - Evaluating path: $
11:39:17.799 [pool-1-thread-2] DEBUG karate.org.apache.http.client.protocol.RequestAddCookies - CookieSpec selected: karate
11:39:17.799 [pool-1-thread-2] DEBUG karate.org.apache.http.client.protocol.RequestAuthCache - Auth cache not set in the context
11:39:17.799 [pool-1-thread-2] DEBUG com.intuit.karate - request:
2 > PATCH https://ops.enerbit.dev/learning/api/v1/meters/418
2 > Content-Type: application/json; charset=UTF-8
2 > Content-Length: 256
2 > Host: ops.enerbit.dev
2 > Connection: Keep-Alive
2 > User-Agent: Apache-HttpClient/4.5.13 (Java/1.8.0_202)
2 > Accept-Encoding: gzip,deflate
{"serial":"3424234233kj","connection_type":"invalid data","storage_system":"interno","condition":"nuevo","owner":"RF","location":"Almacen ","manufacturer":"yes","purchase":"2022-07-28 03:08:49.340514","i_max":6345.654,"i_b":21.5,"i_n":876.5,"seals":545.65}

11:39:17.800 [pool-1-thread-2] DEBUG karate.org.apache.http.impl.conn.PoolingHttpClientConnectionManager - Connection request: [route: {s}->https://ops.enerbit.dev:443][total available: 0; route allocated: 0 of 5; total allocated: 0 of 10]
11:39:17.800 [pool-1-thread-2] DEBUG karate.org.apache.http.impl.conn.PoolingHttpClientConnectionManager - Connection leased: [id: 17][route: {s}->https://ops.enerbit.dev:443][total available: 0; route allocated: 1 of 5; total allocated: 1 of 10]
11:39:17.800 [pool-1-thread-2] DEBUG karate.org.apache.http.impl.execchain.MainClientExec - Opening connection {s}->https://ops.enerbit.dev:443
11:39:17.800 [pool-1-thread-2] DEBUG karate.org.apache.http.impl.conn.DefaultHttpClientConnectionOperator - Connecting to ops.enerbit.dev/20.65.19.185:443
11:39:17.800 [pool-1-thread-2] DEBUG karate.org.apache.http.conn.ssl.SSLConnectionSocketFactory - Connecting socket to ops.enerbit.dev/20.65.19.185:443 with timeout 30000
11:39:17.829 [pool-1-thread-1] DEBUG karate.org.apache.http.conn.ssl.SSLConnectionSocketFactory - Enabled protocols: [TLSv1, TLSv1.1, TLSv1.2]
11:39:17.829 [pool-1-thread-1] DEBUG karate.org.apache.http.conn.ssl.SSLConnectionSocketFactory - Enabled cipher suites:[TLS_ECDHE_ECDSA_WITH_AES_256_CBC_SHA384, TLS_ECDHE_RSA_WITH_AES_256_CBC_SHA384, TLS_RSA_WITH_AES_256_CBC_SHA256, TLS_ECDH_ECDSA_WITH_AES_256_CBC_SHA384, TLS_ECDH_RSA_WITH_AES_256_CBC_SHA384, TLS_DHE_RSA_WITH_AES_256_CBC_SHA256, TLS_DHE_DSS_WITH_AES_256_CBC_SHA256, TLS_ECDHE_ECDSA_WITH_AES_256_CBC_SHA, TLS_ECDHE_RSA_WITH_AES_256_CBC_SHA, TLS_RSA_WITH_AES_256_CBC_SHA, TLS_ECDH_ECDSA_WITH_AES_256_CBC_SHA, TLS_ECDH_RSA_WITH_AES_256_CBC_SHA, TLS_DHE_RSA_WITH_AES_256_CBC_SHA, TLS_DHE_DSS_WITH_AES_256_CBC_SHA, TLS_ECDHE_ECDSA_WITH_AES_128_CBC_SHA256, TLS_ECDHE_RSA_WITH_AES_128_CBC_SHA256, TLS_RSA_WITH_AES_128_CBC_SHA256, TLS_ECDH_ECDSA_WITH_AES_128_CBC_SHA256, TLS_ECDH_RSA_WITH_AES_128_CBC_SHA256, TLS_DHE_RSA_WITH_AES_128_CBC_SHA256, TLS_DHE_DSS_WITH_AES_128_CBC_SHA256, TLS_ECDHE_ECDSA_WITH_AES_128_CBC_SHA, TLS_ECDHE_RSA_WITH_AES_128_CBC_SHA, TLS_RSA_WITH_AES_128_CBC_SHA, TLS_ECDH_ECDSA_WITH_AES_128_CBC_SHA, TLS_ECDH_RSA_WITH_AES_128_CBC_SHA, TLS_DHE_RSA_WITH_AES_128_CBC_SHA, TLS_DHE_DSS_WITH_AES_128_CBC_SHA, TLS_ECDHE_ECDSA_WITH_AES_256_GCM_SHA384, TLS_ECDHE_ECDSA_WITH_AES_128_GCM_SHA256, TLS_ECDHE_RSA_WITH_AES_256_GCM_SHA384, TLS_RSA_WITH_AES_256_GCM_SHA384, TLS_ECDH_ECDSA_WITH_AES_256_GCM_SHA384, TLS_ECDH_RSA_WITH_AES_256_GCM_SHA384, TLS_DHE_RSA_WITH_AES_256_GCM_SHA384, TLS_DHE_DSS_WITH_AES_256_GCM_SHA384, TLS_ECDHE_RSA_WITH_AES_128_GCM_SHA256, TLS_RSA_WITH_AES_128_GCM_SHA256, TLS_ECDH_ECDSA_WITH_AES_128_GCM_SHA256, TLS_ECDH_RSA_WITH_AES_128_GCM_SHA256, TLS_DHE_RSA_WITH_AES_128_GCM_SHA256, TLS_DHE_DSS_WITH_AES_128_GCM_SHA256]
11:39:17.829 [pool-1-thread-1] DEBUG karate.org.apache.http.conn.ssl.SSLConnectionSocketFactory - Starting handshake
11:39:17.880 [pool-1-thread-2] DEBUG karate.org.apache.http.conn.ssl.SSLConnectionSocketFactory - Enabled protocols: [TLSv1, TLSv1.1, TLSv1.2]
11:39:17.880 [pool-1-thread-2] DEBUG karate.org.apache.http.conn.ssl.SSLConnectionSocketFactory - Enabled cipher suites:[TLS_ECDHE_ECDSA_WITH_AES_256_CBC_SHA384, TLS_ECDHE_RSA_WITH_AES_256_CBC_SHA384, TLS_RSA_WITH_AES_256_CBC_SHA256, TLS_ECDH_ECDSA_WITH_AES_256_CBC_SHA384, TLS_ECDH_RSA_WITH_AES_256_CBC_SHA384, TLS_DHE_RSA_WITH_AES_256_CBC_SHA256, TLS_DHE_DSS_WITH_AES_256_CBC_SHA256, TLS_ECDHE_ECDSA_WITH_AES_256_CBC_SHA, TLS_ECDHE_RSA_WITH_AES_256_CBC_SHA, TLS_RSA_WITH_AES_256_CBC_SHA, TLS_ECDH_ECDSA_WITH_AES_256_CBC_SHA, TLS_ECDH_RSA_WITH_AES_256_CBC_SHA, TLS_DHE_RSA_WITH_AES_256_CBC_SHA, TLS_DHE_DSS_WITH_AES_256_CBC_SHA, TLS_ECDHE_ECDSA_WITH_AES_128_CBC_SHA256, TLS_ECDHE_RSA_WITH_AES_128_CBC_SHA256, TLS_RSA_WITH_AES_128_CBC_SHA256, TLS_ECDH_ECDSA_WITH_AES_128_CBC_SHA256, TLS_ECDH_RSA_WITH_AES_128_CBC_SHA256, TLS_DHE_RSA_WITH_AES_128_CBC_SHA256, TLS_DHE_DSS_WITH_AES_128_CBC_SHA256, TLS_ECDHE_ECDSA_WITH_AES_128_CBC_SHA, TLS_ECDHE_RSA_WITH_AES_128_CBC_SHA, TLS_RSA_WITH_AES_128_CBC_SHA, TLS_ECDH_ECDSA_WITH_AES_128_CBC_SHA, TLS_ECDH_RSA_WITH_AES_128_CBC_SHA, TLS_DHE_RSA_WITH_AES_128_CBC_SHA, TLS_DHE_DSS_WITH_AES_128_CBC_SHA, TLS_ECDHE_ECDSA_WITH_AES_256_GCM_SHA384, TLS_ECDHE_ECDSA_WITH_AES_128_GCM_SHA256, TLS_ECDHE_RSA_WITH_AES_256_GCM_SHA384, TLS_RSA_WITH_AES_256_GCM_SHA384, TLS_ECDH_ECDSA_WITH_AES_256_GCM_SHA384, TLS_ECDH_RSA_WITH_AES_256_GCM_SHA384, TLS_DHE_RSA_WITH_AES_256_GCM_SHA384, TLS_DHE_DSS_WITH_AES_256_GCM_SHA384, TLS_ECDHE_RSA_WITH_AES_128_GCM_SHA256, TLS_RSA_WITH_AES_128_GCM_SHA256, TLS_ECDH_ECDSA_WITH_AES_128_GCM_SHA256, TLS_ECDH_RSA_WITH_AES_128_GCM_SHA256, TLS_DHE_RSA_WITH_AES_128_GCM_SHA256, TLS_DHE_DSS_WITH_AES_128_GCM_SHA256]
11:39:17.880 [pool-1-thread-2] DEBUG karate.org.apache.http.conn.ssl.SSLConnectionSocketFactory - Starting handshake
11:39:17.934 [pool-1-thread-1] DEBUG karate.org.apache.http.conn.ssl.SSLConnectionSocketFactory - Secure session established
11:39:17.934 [pool-1-thread-1] DEBUG karate.org.apache.http.conn.ssl.SSLConnectionSocketFactory -  negotiated protocol: TLSv1.2
11:39:17.934 [pool-1-thread-1] DEBUG karate.org.apache.http.conn.ssl.SSLConnectionSocketFactory -  negotiated cipher suite: TLS_ECDHE_RSA_WITH_AES_128_GCM_SHA256
11:39:17.934 [pool-1-thread-1] DEBUG karate.org.apache.http.conn.ssl.SSLConnectionSocketFactory -  peer principal: CN=ops.enerbit.dev
11:39:17.934 [pool-1-thread-1] DEBUG karate.org.apache.http.conn.ssl.SSLConnectionSocketFactory -  peer alternative names: [ops.enerbit.dev]
11:39:17.934 [pool-1-thread-1] DEBUG karate.org.apache.http.conn.ssl.SSLConnectionSocketFactory -  issuer principal: CN=R3, O=Let's Encrypt, C=US
11:39:17.934 [pool-1-thread-1] DEBUG karate.org.apache.http.impl.conn.DefaultHttpClientConnectionOperator - Connection established 192.168.1.4:56931<->20.65.19.185:443
11:39:17.934 [pool-1-thread-1] DEBUG karate.org.apache.http.impl.conn.DefaultManagedHttpClientConnection - http-outgoing-16: set socket timeout to 30000
11:39:17.934 [pool-1-thread-1] DEBUG karate.org.apache.http.impl.execchain.MainClientExec - Executing request POST /learning/api/v1/meters HTTP/1.1
11:39:17.934 [pool-1-thread-1] DEBUG karate.org.apache.http.impl.execchain.MainClientExec - Target auth state: UNCHALLENGED
11:39:17.934 [pool-1-thread-1] DEBUG karate.org.apache.http.impl.execchain.MainClientExec - Proxy auth state: UNCHALLENGED
11:39:17.934 [pool-1-thread-1] DEBUG karate.org.apache.http.headers - http-outgoing-16 >> POST /learning/api/v1/meters HTTP/1.1
11:39:17.934 [pool-1-thread-1] DEBUG karate.org.apache.http.headers - http-outgoing-16 >> Content-Type: application/json; charset=UTF-8
11:39:17.934 [pool-1-thread-1] DEBUG karate.org.apache.http.headers - http-outgoing-16 >> Content-Length: 251
11:39:17.934 [pool-1-thread-1] DEBUG karate.org.apache.http.headers - http-outgoing-16 >> Host: ops.enerbit.dev
11:39:17.934 [pool-1-thread-1] DEBUG karate.org.apache.http.headers - http-outgoing-16 >> Connection: Keep-Alive
11:39:17.934 [pool-1-thread-1] DEBUG karate.org.apache.http.headers - http-outgoing-16 >> User-Agent: Apache-HttpClient/4.5.13 (Java/1.8.0_202)
11:39:17.934 [pool-1-thread-1] DEBUG karate.org.apache.http.headers - http-outgoing-16 >> Accept-Encoding: gzip,deflate
11:39:17.934 [pool-1-thread-1] DEBUG karate.org.apache.http.wire - http-outgoing-16 >> "POST /learning/api/v1/meters HTTP/1.1[\r][\n]"
11:39:17.934 [pool-1-thread-1] DEBUG karate.org.apache.http.wire - http-outgoing-16 >> "Content-Type: application/json; charset=UTF-8[\r][\n]"
11:39:17.934 [pool-1-thread-1] DEBUG karate.org.apache.http.wire - http-outgoing-16 >> "Content-Length: 251[\r][\n]"
11:39:17.934 [pool-1-thread-1] DEBUG karate.org.apache.http.wire - http-outgoing-16 >> "Host: ops.enerbit.dev[\r][\n]"
11:39:17.934 [pool-1-thread-1] DEBUG karate.org.apache.http.wire - http-outgoing-16 >> "Connection: Keep-Alive[\r][\n]"
11:39:17.934 [pool-1-thread-1] DEBUG karate.org.apache.http.wire - http-outgoing-16 >> "User-Agent: Apache-HttpClient/4.5.13 (Java/1.8.0_202)[\r][\n]"
11:39:17.934 [pool-1-thread-1] DEBUG karate.org.apache.http.wire - http-outgoing-16 >> "Accept-Encoding: gzip,deflate[\r][\n]"
11:39:17.934 [pool-1-thread-1] DEBUG karate.org.apache.http.wire - http-outgoing-16 >> "[\r][\n]"
11:39:17.934 [pool-1-thread-1] DEBUG karate.org.apache.http.wire - http-outgoing-16 >> "{"serial":"3424234233kj","connection_type":"directa","storage_system":"interno","condition":"nuevo","owner":"RF","location":"Almacen ","manufacturer":"yes","purchase":"2022-07-28 03:08:49.340514","i_max":6345.654,"i_b":21.5,"i_n":876.5,"seals":545.65}"
11:39:17.990 [pool-1-thread-2] DEBUG karate.org.apache.http.conn.ssl.SSLConnectionSocketFactory - Secure session established
11:39:17.990 [pool-1-thread-2] DEBUG karate.org.apache.http.conn.ssl.SSLConnectionSocketFactory -  negotiated protocol: TLSv1.2
11:39:17.990 [pool-1-thread-2] DEBUG karate.org.apache.http.conn.ssl.SSLConnectionSocketFactory -  negotiated cipher suite: TLS_ECDHE_RSA_WITH_AES_128_GCM_SHA256
11:39:17.990 [pool-1-thread-2] DEBUG karate.org.apache.http.conn.ssl.SSLConnectionSocketFactory -  peer principal: CN=ops.enerbit.dev
11:39:17.990 [pool-1-thread-2] DEBUG karate.org.apache.http.conn.ssl.SSLConnectionSocketFactory -  peer alternative names: [ops.enerbit.dev]
11:39:17.990 [pool-1-thread-2] DEBUG karate.org.apache.http.conn.ssl.SSLConnectionSocketFactory -  issuer principal: CN=R3, O=Let's Encrypt, C=US
11:39:17.990 [pool-1-thread-2] DEBUG karate.org.apache.http.impl.conn.DefaultHttpClientConnectionOperator - Connection established 192.168.1.4:56932<->20.65.19.185:443
11:39:17.990 [pool-1-thread-2] DEBUG karate.org.apache.http.impl.conn.DefaultManagedHttpClientConnection - http-outgoing-17: set socket timeout to 30000
11:39:17.990 [pool-1-thread-2] DEBUG karate.org.apache.http.impl.execchain.MainClientExec - Executing request PATCH /learning/api/v1/meters/418 HTTP/1.1
11:39:17.990 [pool-1-thread-2] DEBUG karate.org.apache.http.impl.execchain.MainClientExec - Target auth state: UNCHALLENGED
11:39:17.990 [pool-1-thread-2] DEBUG karate.org.apache.http.impl.execchain.MainClientExec - Proxy auth state: UNCHALLENGED
11:39:17.991 [pool-1-thread-2] DEBUG karate.org.apache.http.headers - http-outgoing-17 >> PATCH /learning/api/v1/meters/418 HTTP/1.1
11:39:17.991 [pool-1-thread-2] DEBUG karate.org.apache.http.headers - http-outgoing-17 >> Content-Type: application/json; charset=UTF-8
11:39:17.991 [pool-1-thread-2] DEBUG karate.org.apache.http.headers - http-outgoing-17 >> Content-Length: 256
11:39:17.991 [pool-1-thread-2] DEBUG karate.org.apache.http.headers - http-outgoing-17 >> Host: ops.enerbit.dev
11:39:17.991 [pool-1-thread-2] DEBUG karate.org.apache.http.headers - http-outgoing-17 >> Connection: Keep-Alive
11:39:17.991 [pool-1-thread-2] DEBUG karate.org.apache.http.headers - http-outgoing-17 >> User-Agent: Apache-HttpClient/4.5.13 (Java/1.8.0_202)
11:39:17.991 [pool-1-thread-2] DEBUG karate.org.apache.http.headers - http-outgoing-17 >> Accept-Encoding: gzip,deflate
11:39:17.991 [pool-1-thread-2] DEBUG karate.org.apache.http.wire - http-outgoing-17 >> "PATCH /learning/api/v1/meters/418 HTTP/1.1[\r][\n]"
11:39:17.991 [pool-1-thread-2] DEBUG karate.org.apache.http.wire - http-outgoing-17 >> "Content-Type: application/json; charset=UTF-8[\r][\n]"
11:39:17.991 [pool-1-thread-2] DEBUG karate.org.apache.http.wire - http-outgoing-17 >> "Content-Length: 256[\r][\n]"
11:39:17.991 [pool-1-thread-2] DEBUG karate.org.apache.http.wire - http-outgoing-17 >> "Host: ops.enerbit.dev[\r][\n]"
11:39:17.991 [pool-1-thread-2] DEBUG karate.org.apache.http.wire - http-outgoing-17 >> "Connection: Keep-Alive[\r][\n]"
11:39:17.991 [pool-1-thread-2] DEBUG karate.org.apache.http.wire - http-outgoing-17 >> "User-Agent: Apache-HttpClient/4.5.13 (Java/1.8.0_202)[\r][\n]"
11:39:17.991 [pool-1-thread-2] DEBUG karate.org.apache.http.wire - http-outgoing-17 >> "Accept-Encoding: gzip,deflate[\r][\n]"
11:39:17.991 [pool-1-thread-2] DEBUG karate.org.apache.http.wire - http-outgoing-17 >> "[\r][\n]"
11:39:17.991 [pool-1-thread-2] DEBUG karate.org.apache.http.wire - http-outgoing-17 >> "{"serial":"3424234233kj","connection_type":"invalid data","storage_system":"interno","condition":"nuevo","owner":"RF","location":"Almacen ","manufacturer":"yes","purchase":"2022-07-28 03:08:49.340514","i_max":6345.654,"i_b":21.5,"i_n":876.5,"seals":545.65}"
11:39:18.202 [pool-1-thread-2] DEBUG karate.org.apache.http.wire - http-outgoing-17 << "HTTP/1.1 422 Unprocessable Entity[\r][\n]"
11:39:18.202 [pool-1-thread-2] DEBUG karate.org.apache.http.wire - http-outgoing-17 << "Date: Sun, 02 Jul 2023 16:39:18 GMT[\r][\n]"
11:39:18.202 [pool-1-thread-2] DEBUG karate.org.apache.http.wire - http-outgoing-17 << "Content-Type: application/json[\r][\n]"
11:39:18.202 [pool-1-thread-2] DEBUG karate.org.apache.http.wire - http-outgoing-17 << "Content-Length: 232[\r][\n]"
11:39:18.202 [pool-1-thread-2] DEBUG karate.org.apache.http.wire - http-outgoing-17 << "Connection: keep-alive[\r][\n]"
11:39:18.202 [pool-1-thread-2] DEBUG karate.org.apache.http.wire - http-outgoing-17 << "Strict-Transport-Security: max-age=15724800; includeSubDomains[\r][\n]"
11:39:18.202 [pool-1-thread-2] DEBUG karate.org.apache.http.wire - http-outgoing-17 << "Access-Control-Allow-Origin: *[\r][\n]"
11:39:18.202 [pool-1-thread-2] DEBUG karate.org.apache.http.wire - http-outgoing-17 << "Access-Control-Allow-Credentials: true[\r][\n]"
11:39:18.202 [pool-1-thread-2] DEBUG karate.org.apache.http.wire - http-outgoing-17 << "Access-Control-Allow-Methods: GET, PUT, POST, DELETE, PATCH, OPTIONS[\r][\n]"
11:39:18.202 [pool-1-thread-2] DEBUG karate.org.apache.http.wire - http-outgoing-17 << "Access-Control-Allow-Headers: DNT,Keep-Alive,User-Agent,X-Requested-With,If-Modified-Since,Cache-Control,Content-Type,Range,Authorization[\r][\n]"
11:39:18.202 [pool-1-thread-2] DEBUG karate.org.apache.http.wire - http-outgoing-17 << "Access-Control-Max-Age: 1728000[\r][\n]"
11:39:18.202 [pool-1-thread-2] DEBUG karate.org.apache.http.wire - http-outgoing-17 << "[\r][\n]"
11:39:18.202 [pool-1-thread-2] DEBUG karate.org.apache.http.wire - http-outgoing-17 << "{"detail":[{"loc":["body","connection_type"],"msg":"value is not a valid enumeration member; permitted: 'directa', 'semi-directa', 'indirecta'","type":"type_error.enum","ctx":{"enum_values":["directa","semi-directa","indirecta"]}}]}"
11:39:18.202 [pool-1-thread-2] DEBUG karate.org.apache.http.headers - http-outgoing-17 << HTTP/1.1 422 Unprocessable Entity
11:39:18.202 [pool-1-thread-2] DEBUG karate.org.apache.http.headers - http-outgoing-17 << Date: Sun, 02 Jul 2023 16:39:18 GMT
11:39:18.202 [pool-1-thread-2] DEBUG karate.org.apache.http.headers - http-outgoing-17 << Content-Type: application/json
11:39:18.202 [pool-1-thread-2] DEBUG karate.org.apache.http.headers - http-outgoing-17 << Content-Length: 232
11:39:18.202 [pool-1-thread-2] DEBUG karate.org.apache.http.headers - http-outgoing-17 << Connection: keep-alive
11:39:18.202 [pool-1-thread-2] DEBUG karate.org.apache.http.headers - http-outgoing-17 << Strict-Transport-Security: max-age=15724800; includeSubDomains
11:39:18.202 [pool-1-thread-2] DEBUG karate.org.apache.http.headers - http-outgoing-17 << Access-Control-Allow-Origin: *
11:39:18.202 [pool-1-thread-2] DEBUG karate.org.apache.http.headers - http-outgoing-17 << Access-Control-Allow-Credentials: true
11:39:18.202 [pool-1-thread-2] DEBUG karate.org.apache.http.headers - http-outgoing-17 << Access-Control-Allow-Methods: GET, PUT, POST, DELETE, PATCH, OPTIONS
11:39:18.202 [pool-1-thread-2] DEBUG karate.org.apache.http.headers - http-outgoing-17 << Access-Control-Allow-Headers: DNT,Keep-Alive,User-Agent,X-Requested-With,If-Modified-Since,Cache-Control,Content-Type,Range,Authorization
11:39:18.202 [pool-1-thread-2] DEBUG karate.org.apache.http.headers - http-outgoing-17 << Access-Control-Max-Age: 1728000
11:39:18.202 [pool-1-thread-2] DEBUG karate.org.apache.http.impl.execchain.MainClientExec - Connection can be kept alive indefinitely
11:39:18.203 [pool-1-thread-2] DEBUG karate.org.apache.http.impl.conn.PoolingHttpClientConnectionManager - Connection [id: 17][route: {s}->https://ops.enerbit.dev:443] can be kept alive indefinitely
11:39:18.203 [pool-1-thread-2] DEBUG karate.org.apache.http.impl.conn.DefaultManagedHttpClientConnection - http-outgoing-17: set socket timeout to 0
11:39:18.203 [pool-1-thread-2] DEBUG karate.org.apache.http.impl.conn.PoolingHttpClientConnectionManager - Connection released: [id: 17][route: {s}->https://ops.enerbit.dev:443][total available: 1; route allocated: 1 of 5; total allocated: 1 of 10]
11:39:18.203 [pool-1-thread-2] DEBUG com.intuit.karate - response time in milliseconds: 403
2 < 422
2 < Date: Sun, 02 Jul 2023 16:39:18 GMT
2 < Content-Type: application/json
2 < Content-Length: 232
2 < Connection: keep-alive
2 < Strict-Transport-Security: max-age=15724800; includeSubDomains
2 < Access-Control-Allow-Origin: *
2 < Access-Control-Allow-Credentials: true
2 < Access-Control-Allow-Methods: GET, PUT, POST, DELETE, PATCH, OPTIONS
2 < Access-Control-Allow-Headers: DNT,Keep-Alive,User-Agent,X-Requested-With,If-Modified-Since,Cache-Control,Content-Type,Range,Authorization
2 < Access-Control-Max-Age: 1728000
{"detail":[{"loc":["body","connection_type"],"msg":"value is not a valid enumeration member; permitted: 'directa', 'semi-directa', 'indirecta'","type":"type_error.enum","ctx":{"enum_values":["directa","semi-directa","indirecta"]}}]}

11:39:18.210 [pool-1-thread-2] INFO com.intuit.karate.core.FeatureRuntime - classpath:meterManagerTest/meterPatch/../meterPost/utils-post.feature - call by tag at line 5: Createmeter
11:39:18.214 [pool-1-thread-2] DEBUG com.jayway.jsonpath.internal.path.CompiledPath - Evaluating path: $
11:39:18.216 [pool-1-thread-2] DEBUG karate.org.apache.http.client.protocol.RequestAddCookies - CookieSpec selected: karate
11:39:18.216 [pool-1-thread-2] DEBUG karate.org.apache.http.client.protocol.RequestAuthCache - Auth cache not set in the context
11:39:18.216 [pool-1-thread-2] DEBUG com.intuit.karate - request:
1 > POST https://ops.enerbit.dev/learning/api/v1/meters
1 > Content-Type: application/json; charset=UTF-8
1 > Content-Length: 251
1 > Host: ops.enerbit.dev
1 > Connection: Keep-Alive
1 > User-Agent: Apache-HttpClient/4.5.13 (Java/1.8.0_202)
1 > Accept-Encoding: gzip,deflate
{"serial":"3424234233kj","connection_type":"directa","storage_system":"interno","condition":"nuevo","owner":"RF","location":"Almacen ","manufacturer":"yes","purchase":"2022-07-28 03:08:49.340514","i_max":6345.654,"i_b":21.5,"i_n":876.5,"seals":545.65}

11:39:18.216 [pool-1-thread-2] DEBUG karate.org.apache.http.impl.conn.PoolingHttpClientConnectionManager - Connection request: [route: {s}->https://ops.enerbit.dev:443][total available: 0; route allocated: 0 of 5; total allocated: 0 of 10]
11:39:18.216 [pool-1-thread-2] DEBUG karate.org.apache.http.impl.conn.PoolingHttpClientConnectionManager - Connection leased: [id: 18][route: {s}->https://ops.enerbit.dev:443][total available: 0; route allocated: 1 of 5; total allocated: 1 of 10]
11:39:18.216 [pool-1-thread-2] DEBUG karate.org.apache.http.impl.execchain.MainClientExec - Opening connection {s}->https://ops.enerbit.dev:443
11:39:18.217 [pool-1-thread-2] DEBUG karate.org.apache.http.impl.conn.DefaultHttpClientConnectionOperator - Connecting to ops.enerbit.dev/20.65.19.185:443
11:39:18.217 [pool-1-thread-2] DEBUG karate.org.apache.http.conn.ssl.SSLConnectionSocketFactory - Connecting socket to ops.enerbit.dev/20.65.19.185:443 with timeout 30000
11:39:18.290 [pool-1-thread-1] DEBUG karate.org.apache.http.wire - http-outgoing-16 << "HTTP/1.1 201 Created[\r][\n]"
11:39:18.290 [pool-1-thread-1] DEBUG karate.org.apache.http.wire - http-outgoing-16 << "Date: Sun, 02 Jul 2023 16:39:18 GMT[\r][\n]"
11:39:18.290 [pool-1-thread-1] DEBUG karate.org.apache.http.wire - http-outgoing-16 << "Content-Type: application/json[\r][\n]"
11:39:18.290 [pool-1-thread-1] DEBUG karate.org.apache.http.wire - http-outgoing-16 << "Content-Length: 320[\r][\n]"
11:39:18.290 [pool-1-thread-1] DEBUG karate.org.apache.http.wire - http-outgoing-16 << "Connection: keep-alive[\r][\n]"
11:39:18.290 [pool-1-thread-1] DEBUG karate.org.apache.http.wire - http-outgoing-16 << "Strict-Transport-Security: max-age=15724800; includeSubDomains[\r][\n]"
11:39:18.290 [pool-1-thread-1] DEBUG karate.org.apache.http.wire - http-outgoing-16 << "Access-Control-Allow-Origin: *[\r][\n]"
11:39:18.290 [pool-1-thread-1] DEBUG karate.org.apache.http.wire - http-outgoing-16 << "Access-Control-Allow-Credentials: true[\r][\n]"
11:39:18.290 [pool-1-thread-1] DEBUG karate.org.apache.http.wire - http-outgoing-16 << "Access-Control-Allow-Methods: GET, PUT, POST, DELETE, PATCH, OPTIONS[\r][\n]"
11:39:18.290 [pool-1-thread-1] DEBUG karate.org.apache.http.wire - http-outgoing-16 << "Access-Control-Allow-Headers: DNT,Keep-Alive,User-Agent,X-Requested-With,If-Modified-Since,Cache-Control,Content-Type,Range,Authorization[\r][\n]"
11:39:18.290 [pool-1-thread-1] DEBUG karate.org.apache.http.wire - http-outgoing-16 << "Access-Control-Max-Age: 1728000[\r][\n]"
11:39:18.290 [pool-1-thread-1] DEBUG karate.org.apache.http.wire - http-outgoing-16 << "[\r][\n]"
11:39:18.290 [pool-1-thread-1] DEBUG karate.org.apache.http.wire - http-outgoing-16 << "{"serial":"3424234233kj","connection_type":"directa","storage_system":"interno","condition":"nuevo","owner":"RF","location":"Almacen ","manufacturer":"yes","purchase":"2022-07-28 03:08:49.340514","i_max":6345.654,"i_b":21.5,"i_n":876.5,"seals":545.65,"id":419,"created_at":"2023-07-02T16:39:18.602402","updated_at":null}"
11:39:18.290 [pool-1-thread-1] DEBUG karate.org.apache.http.headers - http-outgoing-16 << HTTP/1.1 201 Created
11:39:18.290 [pool-1-thread-1] DEBUG karate.org.apache.http.headers - http-outgoing-16 << Date: Sun, 02 Jul 2023 16:39:18 GMT
11:39:18.290 [pool-1-thread-1] DEBUG karate.org.apache.http.headers - http-outgoing-16 << Content-Type: application/json
11:39:18.290 [pool-1-thread-1] DEBUG karate.org.apache.http.headers - http-outgoing-16 << Content-Length: 320
11:39:18.290 [pool-1-thread-1] DEBUG karate.org.apache.http.headers - http-outgoing-16 << Connection: keep-alive
11:39:18.290 [pool-1-thread-1] DEBUG karate.org.apache.http.headers - http-outgoing-16 << Strict-Transport-Security: max-age=15724800; includeSubDomains
11:39:18.290 [pool-1-thread-1] DEBUG karate.org.apache.http.headers - http-outgoing-16 << Access-Control-Allow-Origin: *
11:39:18.290 [pool-1-thread-1] DEBUG karate.org.apache.http.headers - http-outgoing-16 << Access-Control-Allow-Credentials: true
11:39:18.290 [pool-1-thread-1] DEBUG karate.org.apache.http.headers - http-outgoing-16 << Access-Control-Allow-Methods: GET, PUT, POST, DELETE, PATCH, OPTIONS
11:39:18.290 [pool-1-thread-1] DEBUG karate.org.apache.http.headers - http-outgoing-16 << Access-Control-Allow-Headers: DNT,Keep-Alive,User-Agent,X-Requested-With,If-Modified-Since,Cache-Control,Content-Type,Range,Authorization
11:39:18.290 [pool-1-thread-1] DEBUG karate.org.apache.http.headers - http-outgoing-16 << Access-Control-Max-Age: 1728000
11:39:18.290 [pool-1-thread-1] DEBUG karate.org.apache.http.impl.execchain.MainClientExec - Connection can be kept alive indefinitely
11:39:18.290 [pool-1-thread-1] DEBUG karate.org.apache.http.impl.conn.PoolingHttpClientConnectionManager - Connection [id: 16][route: {s}->https://ops.enerbit.dev:443] can be kept alive indefinitely
11:39:18.290 [pool-1-thread-1] DEBUG karate.org.apache.http.impl.conn.DefaultManagedHttpClientConnection - http-outgoing-16: set socket timeout to 0
11:39:18.290 [pool-1-thread-1] DEBUG karate.org.apache.http.impl.conn.PoolingHttpClientConnectionManager - Connection released: [id: 16][route: {s}->https://ops.enerbit.dev:443][total available: 1; route allocated: 1 of 5; total allocated: 1 of 10]
11:39:18.290 [pool-1-thread-1] DEBUG com.intuit.karate - response time in milliseconds: 539
1 < 201
1 < Date: Sun, 02 Jul 2023 16:39:18 GMT
1 < Content-Type: application/json
1 < Content-Length: 320
1 < Connection: keep-alive
1 < Strict-Transport-Security: max-age=15724800; includeSubDomains
1 < Access-Control-Allow-Origin: *
1 < Access-Control-Allow-Credentials: true
1 < Access-Control-Allow-Methods: GET, PUT, POST, DELETE, PATCH, OPTIONS
1 < Access-Control-Allow-Headers: DNT,Keep-Alive,User-Agent,X-Requested-With,If-Modified-Since,Cache-Control,Content-Type,Range,Authorization
1 < Access-Control-Max-Age: 1728000
{"serial":"3424234233kj","connection_type":"directa","storage_system":"interno","condition":"nuevo","owner":"RF","location":"Almacen ","manufacturer":"yes","purchase":"2022-07-28 03:08:49.340514","i_max":6345.654,"i_b":21.5,"i_n":876.5,"seals":545.65,"id":419,"created_at":"2023-07-02T16:39:18.602402","updated_at":null}

11:39:18.291 [pool-1-thread-1] DEBUG com.jayway.jsonpath.internal.path.CompiledPath - Evaluating path: $['id']
11:39:18.293 [pool-1-thread-1] DEBUG com.jayway.jsonpath.internal.path.CompiledPath - Evaluating path: $
11:39:18.294 [pool-1-thread-1] DEBUG karate.org.apache.http.client.protocol.RequestAddCookies - CookieSpec selected: karate
11:39:18.294 [pool-1-thread-1] DEBUG karate.org.apache.http.client.protocol.RequestAuthCache - Auth cache not set in the context
11:39:18.294 [pool-1-thread-1] DEBUG com.intuit.karate - request:
2 > PATCH https://ops.enerbit.dev/learning/api/v1/meters/419
2 > Content-Type: application/json; charset=UTF-8
2 > Content-Length: 256
2 > Host: ops.enerbit.dev
2 > Connection: Keep-Alive
2 > User-Agent: Apache-HttpClient/4.5.13 (Java/1.8.0_202)
2 > Accept-Encoding: gzip,deflate
{"serial":"3424234233kj","connection_type":"directa","storage_system":"invalid data","condition":"nuevo","owner":"RF","location":"Almacen ","manufacturer":"yes","purchase":"2022-07-28 03:08:49.340514","i_max":6345.654,"i_b":21.5,"i_n":876.5,"seals":545.65}

11:39:18.294 [pool-1-thread-1] DEBUG karate.org.apache.http.impl.conn.PoolingHttpClientConnectionManager - Connection request: [route: {s}->https://ops.enerbit.dev:443][total available: 0; route allocated: 0 of 5; total allocated: 0 of 10]
11:39:18.294 [pool-1-thread-1] DEBUG karate.org.apache.http.impl.conn.PoolingHttpClientConnectionManager - Connection leased: [id: 19][route: {s}->https://ops.enerbit.dev:443][total available: 0; route allocated: 1 of 5; total allocated: 1 of 10]
11:39:18.294 [pool-1-thread-1] DEBUG karate.org.apache.http.impl.execchain.MainClientExec - Opening connection {s}->https://ops.enerbit.dev:443
11:39:18.294 [pool-1-thread-1] DEBUG karate.org.apache.http.impl.conn.DefaultHttpClientConnectionOperator - Connecting to ops.enerbit.dev/20.65.19.185:443
11:39:18.294 [pool-1-thread-1] DEBUG karate.org.apache.http.conn.ssl.SSLConnectionSocketFactory - Connecting socket to ops.enerbit.dev/20.65.19.185:443 with timeout 30000
11:39:18.298 [pool-1-thread-2] DEBUG karate.org.apache.http.conn.ssl.SSLConnectionSocketFactory - Enabled protocols: [TLSv1, TLSv1.1, TLSv1.2]
11:39:18.298 [pool-1-thread-2] DEBUG karate.org.apache.http.conn.ssl.SSLConnectionSocketFactory - Enabled cipher suites:[TLS_ECDHE_ECDSA_WITH_AES_256_CBC_SHA384, TLS_ECDHE_RSA_WITH_AES_256_CBC_SHA384, TLS_RSA_WITH_AES_256_CBC_SHA256, TLS_ECDH_ECDSA_WITH_AES_256_CBC_SHA384, TLS_ECDH_RSA_WITH_AES_256_CBC_SHA384, TLS_DHE_RSA_WITH_AES_256_CBC_SHA256, TLS_DHE_DSS_WITH_AES_256_CBC_SHA256, TLS_ECDHE_ECDSA_WITH_AES_256_CBC_SHA, TLS_ECDHE_RSA_WITH_AES_256_CBC_SHA, TLS_RSA_WITH_AES_256_CBC_SHA, TLS_ECDH_ECDSA_WITH_AES_256_CBC_SHA, TLS_ECDH_RSA_WITH_AES_256_CBC_SHA, TLS_DHE_RSA_WITH_AES_256_CBC_SHA, TLS_DHE_DSS_WITH_AES_256_CBC_SHA, TLS_ECDHE_ECDSA_WITH_AES_128_CBC_SHA256, TLS_ECDHE_RSA_WITH_AES_128_CBC_SHA256, TLS_RSA_WITH_AES_128_CBC_SHA256, TLS_ECDH_ECDSA_WITH_AES_128_CBC_SHA256, TLS_ECDH_RSA_WITH_AES_128_CBC_SHA256, TLS_DHE_RSA_WITH_AES_128_CBC_SHA256, TLS_DHE_DSS_WITH_AES_128_CBC_SHA256, TLS_ECDHE_ECDSA_WITH_AES_128_CBC_SHA, TLS_ECDHE_RSA_WITH_AES_128_CBC_SHA, TLS_RSA_WITH_AES_128_CBC_SHA, TLS_ECDH_ECDSA_WITH_AES_128_CBC_SHA, TLS_ECDH_RSA_WITH_AES_128_CBC_SHA, TLS_DHE_RSA_WITH_AES_128_CBC_SHA, TLS_DHE_DSS_WITH_AES_128_CBC_SHA, TLS_ECDHE_ECDSA_WITH_AES_256_GCM_SHA384, TLS_ECDHE_ECDSA_WITH_AES_128_GCM_SHA256, TLS_ECDHE_RSA_WITH_AES_256_GCM_SHA384, TLS_RSA_WITH_AES_256_GCM_SHA384, TLS_ECDH_ECDSA_WITH_AES_256_GCM_SHA384, TLS_ECDH_RSA_WITH_AES_256_GCM_SHA384, TLS_DHE_RSA_WITH_AES_256_GCM_SHA384, TLS_DHE_DSS_WITH_AES_256_GCM_SHA384, TLS_ECDHE_RSA_WITH_AES_128_GCM_SHA256, TLS_RSA_WITH_AES_128_GCM_SHA256, TLS_ECDH_ECDSA_WITH_AES_128_GCM_SHA256, TLS_ECDH_RSA_WITH_AES_128_GCM_SHA256, TLS_DHE_RSA_WITH_AES_128_GCM_SHA256, TLS_DHE_DSS_WITH_AES_128_GCM_SHA256]
11:39:18.298 [pool-1-thread-2] DEBUG karate.org.apache.http.conn.ssl.SSLConnectionSocketFactory - Starting handshake
11:39:18.376 [pool-1-thread-1] DEBUG karate.org.apache.http.conn.ssl.SSLConnectionSocketFactory - Enabled protocols: [TLSv1, TLSv1.1, TLSv1.2]
11:39:18.376 [pool-1-thread-1] DEBUG karate.org.apache.http.conn.ssl.SSLConnectionSocketFactory - Enabled cipher suites:[TLS_ECDHE_ECDSA_WITH_AES_256_CBC_SHA384, TLS_ECDHE_RSA_WITH_AES_256_CBC_SHA384, TLS_RSA_WITH_AES_256_CBC_SHA256, TLS_ECDH_ECDSA_WITH_AES_256_CBC_SHA384, TLS_ECDH_RSA_WITH_AES_256_CBC_SHA384, TLS_DHE_RSA_WITH_AES_256_CBC_SHA256, TLS_DHE_DSS_WITH_AES_256_CBC_SHA256, TLS_ECDHE_ECDSA_WITH_AES_256_CBC_SHA, TLS_ECDHE_RSA_WITH_AES_256_CBC_SHA, TLS_RSA_WITH_AES_256_CBC_SHA, TLS_ECDH_ECDSA_WITH_AES_256_CBC_SHA, TLS_ECDH_RSA_WITH_AES_256_CBC_SHA, TLS_DHE_RSA_WITH_AES_256_CBC_SHA, TLS_DHE_DSS_WITH_AES_256_CBC_SHA, TLS_ECDHE_ECDSA_WITH_AES_128_CBC_SHA256, TLS_ECDHE_RSA_WITH_AES_128_CBC_SHA256, TLS_RSA_WITH_AES_128_CBC_SHA256, TLS_ECDH_ECDSA_WITH_AES_128_CBC_SHA256, TLS_ECDH_RSA_WITH_AES_128_CBC_SHA256, TLS_DHE_RSA_WITH_AES_128_CBC_SHA256, TLS_DHE_DSS_WITH_AES_128_CBC_SHA256, TLS_ECDHE_ECDSA_WITH_AES_128_CBC_SHA, TLS_ECDHE_RSA_WITH_AES_128_CBC_SHA, TLS_RSA_WITH_AES_128_CBC_SHA, TLS_ECDH_ECDSA_WITH_AES_128_CBC_SHA, TLS_ECDH_RSA_WITH_AES_128_CBC_SHA, TLS_DHE_RSA_WITH_AES_128_CBC_SHA, TLS_DHE_DSS_WITH_AES_128_CBC_SHA, TLS_ECDHE_ECDSA_WITH_AES_256_GCM_SHA384, TLS_ECDHE_ECDSA_WITH_AES_128_GCM_SHA256, TLS_ECDHE_RSA_WITH_AES_256_GCM_SHA384, TLS_RSA_WITH_AES_256_GCM_SHA384, TLS_ECDH_ECDSA_WITH_AES_256_GCM_SHA384, TLS_ECDH_RSA_WITH_AES_256_GCM_SHA384, TLS_DHE_RSA_WITH_AES_256_GCM_SHA384, TLS_DHE_DSS_WITH_AES_256_GCM_SHA384, TLS_ECDHE_RSA_WITH_AES_128_GCM_SHA256, TLS_RSA_WITH_AES_128_GCM_SHA256, TLS_ECDH_ECDSA_WITH_AES_128_GCM_SHA256, TLS_ECDH_RSA_WITH_AES_128_GCM_SHA256, TLS_DHE_RSA_WITH_AES_128_GCM_SHA256, TLS_DHE_DSS_WITH_AES_128_GCM_SHA256]
11:39:18.376 [pool-1-thread-1] DEBUG karate.org.apache.http.conn.ssl.SSLConnectionSocketFactory - Starting handshake
11:39:18.402 [pool-1-thread-2] DEBUG karate.org.apache.http.conn.ssl.SSLConnectionSocketFactory - Secure session established
11:39:18.402 [pool-1-thread-2] DEBUG karate.org.apache.http.conn.ssl.SSLConnectionSocketFactory -  negotiated protocol: TLSv1.2
11:39:18.402 [pool-1-thread-2] DEBUG karate.org.apache.http.conn.ssl.SSLConnectionSocketFactory -  negotiated cipher suite: TLS_ECDHE_RSA_WITH_AES_128_GCM_SHA256
11:39:18.402 [pool-1-thread-2] DEBUG karate.org.apache.http.conn.ssl.SSLConnectionSocketFactory -  peer principal: CN=ops.enerbit.dev
11:39:18.402 [pool-1-thread-2] DEBUG karate.org.apache.http.conn.ssl.SSLConnectionSocketFactory -  peer alternative names: [ops.enerbit.dev]
11:39:18.402 [pool-1-thread-2] DEBUG karate.org.apache.http.conn.ssl.SSLConnectionSocketFactory -  issuer principal: CN=R3, O=Let's Encrypt, C=US
11:39:18.402 [pool-1-thread-2] DEBUG karate.org.apache.http.impl.conn.DefaultHttpClientConnectionOperator - Connection established 192.168.1.4:56937<->20.65.19.185:443
11:39:18.402 [pool-1-thread-2] DEBUG karate.org.apache.http.impl.conn.DefaultManagedHttpClientConnection - http-outgoing-18: set socket timeout to 30000
11:39:18.402 [pool-1-thread-2] DEBUG karate.org.apache.http.impl.execchain.MainClientExec - Executing request POST /learning/api/v1/meters HTTP/1.1
11:39:18.402 [pool-1-thread-2] DEBUG karate.org.apache.http.impl.execchain.MainClientExec - Target auth state: UNCHALLENGED
11:39:18.402 [pool-1-thread-2] DEBUG karate.org.apache.http.impl.execchain.MainClientExec - Proxy auth state: UNCHALLENGED
11:39:18.402 [pool-1-thread-2] DEBUG karate.org.apache.http.headers - http-outgoing-18 >> POST /learning/api/v1/meters HTTP/1.1
11:39:18.402 [pool-1-thread-2] DEBUG karate.org.apache.http.headers - http-outgoing-18 >> Content-Type: application/json; charset=UTF-8
11:39:18.402 [pool-1-thread-2] DEBUG karate.org.apache.http.headers - http-outgoing-18 >> Content-Length: 251
11:39:18.402 [pool-1-thread-2] DEBUG karate.org.apache.http.headers - http-outgoing-18 >> Host: ops.enerbit.dev
11:39:18.402 [pool-1-thread-2] DEBUG karate.org.apache.http.headers - http-outgoing-18 >> Connection: Keep-Alive
11:39:18.402 [pool-1-thread-2] DEBUG karate.org.apache.http.headers - http-outgoing-18 >> User-Agent: Apache-HttpClient/4.5.13 (Java/1.8.0_202)
11:39:18.402 [pool-1-thread-2] DEBUG karate.org.apache.http.headers - http-outgoing-18 >> Accept-Encoding: gzip,deflate
11:39:18.402 [pool-1-thread-2] DEBUG karate.org.apache.http.wire - http-outgoing-18 >> "POST /learning/api/v1/meters HTTP/1.1[\r][\n]"
11:39:18.402 [pool-1-thread-2] DEBUG karate.org.apache.http.wire - http-outgoing-18 >> "Content-Type: application/json; charset=UTF-8[\r][\n]"
11:39:18.402 [pool-1-thread-2] DEBUG karate.org.apache.http.wire - http-outgoing-18 >> "Content-Length: 251[\r][\n]"
11:39:18.402 [pool-1-thread-2] DEBUG karate.org.apache.http.wire - http-outgoing-18 >> "Host: ops.enerbit.dev[\r][\n]"
11:39:18.402 [pool-1-thread-2] DEBUG karate.org.apache.http.wire - http-outgoing-18 >> "Connection: Keep-Alive[\r][\n]"
11:39:18.403 [pool-1-thread-2] DEBUG karate.org.apache.http.wire - http-outgoing-18 >> "User-Agent: Apache-HttpClient/4.5.13 (Java/1.8.0_202)[\r][\n]"
11:39:18.403 [pool-1-thread-2] DEBUG karate.org.apache.http.wire - http-outgoing-18 >> "Accept-Encoding: gzip,deflate[\r][\n]"
11:39:18.403 [pool-1-thread-2] DEBUG karate.org.apache.http.wire - http-outgoing-18 >> "[\r][\n]"
11:39:18.403 [pool-1-thread-2] DEBUG karate.org.apache.http.wire - http-outgoing-18 >> "{"serial":"3424234233kj","connection_type":"directa","storage_system":"interno","condition":"nuevo","owner":"RF","location":"Almacen ","manufacturer":"yes","purchase":"2022-07-28 03:08:49.340514","i_max":6345.654,"i_b":21.5,"i_n":876.5,"seals":545.65}"
11:39:18.474 [pool-1-thread-1] DEBUG karate.org.apache.http.conn.ssl.SSLConnectionSocketFactory - Secure session established
11:39:18.474 [pool-1-thread-1] DEBUG karate.org.apache.http.conn.ssl.SSLConnectionSocketFactory -  negotiated protocol: TLSv1.2
11:39:18.474 [pool-1-thread-1] DEBUG karate.org.apache.http.conn.ssl.SSLConnectionSocketFactory -  negotiated cipher suite: TLS_ECDHE_RSA_WITH_AES_128_GCM_SHA256
11:39:18.474 [pool-1-thread-1] DEBUG karate.org.apache.http.conn.ssl.SSLConnectionSocketFactory -  peer principal: CN=ops.enerbit.dev
11:39:18.474 [pool-1-thread-1] DEBUG karate.org.apache.http.conn.ssl.SSLConnectionSocketFactory -  peer alternative names: [ops.enerbit.dev]
11:39:18.474 [pool-1-thread-1] DEBUG karate.org.apache.http.conn.ssl.SSLConnectionSocketFactory -  issuer principal: CN=R3, O=Let's Encrypt, C=US
11:39:18.474 [pool-1-thread-1] DEBUG karate.org.apache.http.impl.conn.DefaultHttpClientConnectionOperator - Connection established 192.168.1.4:56938<->20.65.19.185:443
11:39:18.475 [pool-1-thread-1] DEBUG karate.org.apache.http.impl.conn.DefaultManagedHttpClientConnection - http-outgoing-19: set socket timeout to 30000
11:39:18.475 [pool-1-thread-1] DEBUG karate.org.apache.http.impl.execchain.MainClientExec - Executing request PATCH /learning/api/v1/meters/419 HTTP/1.1
11:39:18.475 [pool-1-thread-1] DEBUG karate.org.apache.http.impl.execchain.MainClientExec - Target auth state: UNCHALLENGED
11:39:18.475 [pool-1-thread-1] DEBUG karate.org.apache.http.impl.execchain.MainClientExec - Proxy auth state: UNCHALLENGED
11:39:18.475 [pool-1-thread-1] DEBUG karate.org.apache.http.headers - http-outgoing-19 >> PATCH /learning/api/v1/meters/419 HTTP/1.1
11:39:18.475 [pool-1-thread-1] DEBUG karate.org.apache.http.headers - http-outgoing-19 >> Content-Type: application/json; charset=UTF-8
11:39:18.475 [pool-1-thread-1] DEBUG karate.org.apache.http.headers - http-outgoing-19 >> Content-Length: 256
11:39:18.475 [pool-1-thread-1] DEBUG karate.org.apache.http.headers - http-outgoing-19 >> Host: ops.enerbit.dev
11:39:18.475 [pool-1-thread-1] DEBUG karate.org.apache.http.headers - http-outgoing-19 >> Connection: Keep-Alive
11:39:18.475 [pool-1-thread-1] DEBUG karate.org.apache.http.headers - http-outgoing-19 >> User-Agent: Apache-HttpClient/4.5.13 (Java/1.8.0_202)
11:39:18.475 [pool-1-thread-1] DEBUG karate.org.apache.http.headers - http-outgoing-19 >> Accept-Encoding: gzip,deflate
11:39:18.475 [pool-1-thread-1] DEBUG karate.org.apache.http.wire - http-outgoing-19 >> "PATCH /learning/api/v1/meters/419 HTTP/1.1[\r][\n]"
11:39:18.475 [pool-1-thread-1] DEBUG karate.org.apache.http.wire - http-outgoing-19 >> "Content-Type: application/json; charset=UTF-8[\r][\n]"
11:39:18.475 [pool-1-thread-1] DEBUG karate.org.apache.http.wire - http-outgoing-19 >> "Content-Length: 256[\r][\n]"
11:39:18.475 [pool-1-thread-1] DEBUG karate.org.apache.http.wire - http-outgoing-19 >> "Host: ops.enerbit.dev[\r][\n]"
11:39:18.475 [pool-1-thread-1] DEBUG karate.org.apache.http.wire - http-outgoing-19 >> "Connection: Keep-Alive[\r][\n]"
11:39:18.475 [pool-1-thread-1] DEBUG karate.org.apache.http.wire - http-outgoing-19 >> "User-Agent: Apache-HttpClient/4.5.13 (Java/1.8.0_202)[\r][\n]"
11:39:18.475 [pool-1-thread-1] DEBUG karate.org.apache.http.wire - http-outgoing-19 >> "Accept-Encoding: gzip,deflate[\r][\n]"
11:39:18.475 [pool-1-thread-1] DEBUG karate.org.apache.http.wire - http-outgoing-19 >> "[\r][\n]"
11:39:18.475 [pool-1-thread-1] DEBUG karate.org.apache.http.wire - http-outgoing-19 >> "{"serial":"3424234233kj","connection_type":"directa","storage_system":"invalid data","condition":"nuevo","owner":"RF","location":"Almacen ","manufacturer":"yes","purchase":"2022-07-28 03:08:49.340514","i_max":6345.654,"i_b":21.5,"i_n":876.5,"seals":545.65}"
11:39:18.712 [pool-1-thread-1] DEBUG karate.org.apache.http.wire - http-outgoing-19 << "HTTP/1.1 422 Unprocessable Entity[\r][\n]"
11:39:18.712 [pool-1-thread-1] DEBUG karate.org.apache.http.wire - http-outgoing-19 << "Date: Sun, 02 Jul 2023 16:39:19 GMT[\r][\n]"
11:39:18.712 [pool-1-thread-1] DEBUG karate.org.apache.http.wire - http-outgoing-19 << "Content-Type: application/json[\r][\n]"
11:39:18.712 [pool-1-thread-1] DEBUG karate.org.apache.http.wire - http-outgoing-19 << "Content-Length: 196[\r][\n]"
11:39:18.712 [pool-1-thread-1] DEBUG karate.org.apache.http.wire - http-outgoing-19 << "Connection: keep-alive[\r][\n]"
11:39:18.712 [pool-1-thread-1] DEBUG karate.org.apache.http.wire - http-outgoing-19 << "Strict-Transport-Security: max-age=15724800; includeSubDomains[\r][\n]"
11:39:18.712 [pool-1-thread-1] DEBUG karate.org.apache.http.wire - http-outgoing-19 << "Access-Control-Allow-Origin: *[\r][\n]"
11:39:18.712 [pool-1-thread-1] DEBUG karate.org.apache.http.wire - http-outgoing-19 << "Access-Control-Allow-Credentials: true[\r][\n]"
11:39:18.712 [pool-1-thread-1] DEBUG karate.org.apache.http.wire - http-outgoing-19 << "Access-Control-Allow-Methods: GET, PUT, POST, DELETE, PATCH, OPTIONS[\r][\n]"
11:39:18.712 [pool-1-thread-1] DEBUG karate.org.apache.http.wire - http-outgoing-19 << "Access-Control-Allow-Headers: DNT,Keep-Alive,User-Agent,X-Requested-With,If-Modified-Since,Cache-Control,Content-Type,Range,Authorization[\r][\n]"
11:39:18.712 [pool-1-thread-1] DEBUG karate.org.apache.http.wire - http-outgoing-19 << "Access-Control-Max-Age: 1728000[\r][\n]"
11:39:18.712 [pool-1-thread-1] DEBUG karate.org.apache.http.wire - http-outgoing-19 << "[\r][\n]"
11:39:18.712 [pool-1-thread-1] DEBUG karate.org.apache.http.wire - http-outgoing-19 << "{"detail":[{"loc":["body","storage_system"],"msg":"value is not a valid enumeration member; permitted: 'interno', 'externo'","type":"type_error.enum","ctx":{"enum_values":["interno","externo"]}}]}"
11:39:18.712 [pool-1-thread-1] DEBUG karate.org.apache.http.headers - http-outgoing-19 << HTTP/1.1 422 Unprocessable Entity
11:39:18.712 [pool-1-thread-1] DEBUG karate.org.apache.http.headers - http-outgoing-19 << Date: Sun, 02 Jul 2023 16:39:19 GMT
11:39:18.712 [pool-1-thread-1] DEBUG karate.org.apache.http.headers - http-outgoing-19 << Content-Type: application/json
11:39:18.712 [pool-1-thread-1] DEBUG karate.org.apache.http.headers - http-outgoing-19 << Content-Length: 196
11:39:18.712 [pool-1-thread-1] DEBUG karate.org.apache.http.headers - http-outgoing-19 << Connection: keep-alive
11:39:18.712 [pool-1-thread-1] DEBUG karate.org.apache.http.headers - http-outgoing-19 << Strict-Transport-Security: max-age=15724800; includeSubDomains
11:39:18.712 [pool-1-thread-1] DEBUG karate.org.apache.http.headers - http-outgoing-19 << Access-Control-Allow-Origin: *
11:39:18.712 [pool-1-thread-1] DEBUG karate.org.apache.http.headers - http-outgoing-19 << Access-Control-Allow-Credentials: true
11:39:18.712 [pool-1-thread-1] DEBUG karate.org.apache.http.headers - http-outgoing-19 << Access-Control-Allow-Methods: GET, PUT, POST, DELETE, PATCH, OPTIONS
11:39:18.712 [pool-1-thread-1] DEBUG karate.org.apache.http.headers - http-outgoing-19 << Access-Control-Allow-Headers: DNT,Keep-Alive,User-Agent,X-Requested-With,If-Modified-Since,Cache-Control,Content-Type,Range,Authorization
11:39:18.712 [pool-1-thread-1] DEBUG karate.org.apache.http.headers - http-outgoing-19 << Access-Control-Max-Age: 1728000
11:39:18.712 [pool-1-thread-1] DEBUG karate.org.apache.http.impl.execchain.MainClientExec - Connection can be kept alive indefinitely
11:39:18.712 [pool-1-thread-1] DEBUG karate.org.apache.http.impl.conn.PoolingHttpClientConnectionManager - Connection [id: 19][route: {s}->https://ops.enerbit.dev:443] can be kept alive indefinitely
11:39:18.712 [pool-1-thread-1] DEBUG karate.org.apache.http.impl.conn.DefaultManagedHttpClientConnection - http-outgoing-19: set socket timeout to 0
11:39:18.713 [pool-1-thread-1] DEBUG karate.org.apache.http.impl.conn.PoolingHttpClientConnectionManager - Connection released: [id: 19][route: {s}->https://ops.enerbit.dev:443][total available: 1; route allocated: 1 of 5; total allocated: 1 of 10]
11:39:18.713 [pool-1-thread-1] DEBUG com.intuit.karate - response time in milliseconds: 419
2 < 422
2 < Date: Sun, 02 Jul 2023 16:39:19 GMT
2 < Content-Type: application/json
2 < Content-Length: 196
2 < Connection: keep-alive
2 < Strict-Transport-Security: max-age=15724800; includeSubDomains
2 < Access-Control-Allow-Origin: *
2 < Access-Control-Allow-Credentials: true
2 < Access-Control-Allow-Methods: GET, PUT, POST, DELETE, PATCH, OPTIONS
2 < Access-Control-Allow-Headers: DNT,Keep-Alive,User-Agent,X-Requested-With,If-Modified-Since,Cache-Control,Content-Type,Range,Authorization
2 < Access-Control-Max-Age: 1728000
{"detail":[{"loc":["body","storage_system"],"msg":"value is not a valid enumeration member; permitted: 'interno', 'externo'","type":"type_error.enum","ctx":{"enum_values":["interno","externo"]}}]}

11:39:18.717 [pool-1-thread-1] INFO com.intuit.karate.core.FeatureRuntime - classpath:meterManagerTest/meterPatch/../meterPost/utils-post.feature - call by tag at line 5: Createmeter
11:39:18.720 [pool-1-thread-1] DEBUG com.jayway.jsonpath.internal.path.CompiledPath - Evaluating path: $
11:39:18.722 [pool-1-thread-1] DEBUG karate.org.apache.http.client.protocol.RequestAddCookies - CookieSpec selected: karate
11:39:18.722 [pool-1-thread-1] DEBUG karate.org.apache.http.client.protocol.RequestAuthCache - Auth cache not set in the context
11:39:18.722 [pool-1-thread-1] DEBUG com.intuit.karate - request:
1 > POST https://ops.enerbit.dev/learning/api/v1/meters
1 > Content-Type: application/json; charset=UTF-8
1 > Content-Length: 251
1 > Host: ops.enerbit.dev
1 > Connection: Keep-Alive
1 > User-Agent: Apache-HttpClient/4.5.13 (Java/1.8.0_202)
1 > Accept-Encoding: gzip,deflate
{"serial":"3424234233kj","connection_type":"directa","storage_system":"interno","condition":"nuevo","owner":"RF","location":"Almacen ","manufacturer":"yes","purchase":"2022-07-28 03:08:49.340514","i_max":6345.654,"i_b":21.5,"i_n":876.5,"seals":545.65}

11:39:18.722 [pool-1-thread-1] DEBUG karate.org.apache.http.impl.conn.PoolingHttpClientConnectionManager - Connection request: [route: {s}->https://ops.enerbit.dev:443][total available: 0; route allocated: 0 of 5; total allocated: 0 of 10]
11:39:18.722 [pool-1-thread-1] DEBUG karate.org.apache.http.impl.conn.PoolingHttpClientConnectionManager - Connection leased: [id: 20][route: {s}->https://ops.enerbit.dev:443][total available: 0; route allocated: 1 of 5; total allocated: 1 of 10]
11:39:18.722 [pool-1-thread-1] DEBUG karate.org.apache.http.impl.execchain.MainClientExec - Opening connection {s}->https://ops.enerbit.dev:443
11:39:18.722 [pool-1-thread-1] DEBUG karate.org.apache.http.impl.conn.DefaultHttpClientConnectionOperator - Connecting to ops.enerbit.dev/20.65.19.185:443
11:39:18.722 [pool-1-thread-1] DEBUG karate.org.apache.http.conn.ssl.SSLConnectionSocketFactory - Connecting socket to ops.enerbit.dev/20.65.19.185:443 with timeout 30000
11:39:18.791 [pool-1-thread-2] DEBUG karate.org.apache.http.wire - http-outgoing-18 << "HTTP/1.1 201 Created[\r][\n]"
11:39:18.791 [pool-1-thread-2] DEBUG karate.org.apache.http.wire - http-outgoing-18 << "Date: Sun, 02 Jul 2023 16:39:19 GMT[\r][\n]"
11:39:18.791 [pool-1-thread-2] DEBUG karate.org.apache.http.wire - http-outgoing-18 << "Content-Type: application/json[\r][\n]"
11:39:18.791 [pool-1-thread-2] DEBUG karate.org.apache.http.wire - http-outgoing-18 << "Content-Length: 320[\r][\n]"
11:39:18.791 [pool-1-thread-2] DEBUG karate.org.apache.http.wire - http-outgoing-18 << "Connection: keep-alive[\r][\n]"
11:39:18.791 [pool-1-thread-2] DEBUG karate.org.apache.http.wire - http-outgoing-18 << "Strict-Transport-Security: max-age=15724800; includeSubDomains[\r][\n]"
11:39:18.791 [pool-1-thread-2] DEBUG karate.org.apache.http.wire - http-outgoing-18 << "Access-Control-Allow-Origin: *[\r][\n]"
11:39:18.791 [pool-1-thread-2] DEBUG karate.org.apache.http.wire - http-outgoing-18 << "Access-Control-Allow-Credentials: true[\r][\n]"
11:39:18.791 [pool-1-thread-2] DEBUG karate.org.apache.http.wire - http-outgoing-18 << "Access-Control-Allow-Methods: GET, PUT, POST, DELETE, PATCH, OPTIONS[\r][\n]"
11:39:18.791 [pool-1-thread-2] DEBUG karate.org.apache.http.wire - http-outgoing-18 << "Access-Control-Allow-Headers: DNT,Keep-Alive,User-Agent,X-Requested-With,If-Modified-Since,Cache-Control,Content-Type,Range,Authorization[\r][\n]"
11:39:18.791 [pool-1-thread-2] DEBUG karate.org.apache.http.wire - http-outgoing-18 << "Access-Control-Max-Age: 1728000[\r][\n]"
11:39:18.791 [pool-1-thread-2] DEBUG karate.org.apache.http.wire - http-outgoing-18 << "[\r][\n]"
11:39:18.791 [pool-1-thread-2] DEBUG karate.org.apache.http.wire - http-outgoing-18 << "{"serial":"3424234233kj","connection_type":"directa","storage_system":"interno","condition":"nuevo","owner":"RF","location":"Almacen ","manufacturer":"yes","purchase":"2022-07-28 03:08:49.340514","i_max":6345.654,"i_b":21.5,"i_n":876.5,"seals":545.65,"id":420,"created_at":"2023-07-02T16:39:19.034993","updated_at":null}"
11:39:18.791 [pool-1-thread-2] DEBUG karate.org.apache.http.headers - http-outgoing-18 << HTTP/1.1 201 Created
11:39:18.791 [pool-1-thread-2] DEBUG karate.org.apache.http.headers - http-outgoing-18 << Date: Sun, 02 Jul 2023 16:39:19 GMT
11:39:18.791 [pool-1-thread-2] DEBUG karate.org.apache.http.headers - http-outgoing-18 << Content-Type: application/json
11:39:18.791 [pool-1-thread-2] DEBUG karate.org.apache.http.headers - http-outgoing-18 << Content-Length: 320
11:39:18.791 [pool-1-thread-2] DEBUG karate.org.apache.http.headers - http-outgoing-18 << Connection: keep-alive
11:39:18.791 [pool-1-thread-2] DEBUG karate.org.apache.http.headers - http-outgoing-18 << Strict-Transport-Security: max-age=15724800; includeSubDomains
11:39:18.791 [pool-1-thread-2] DEBUG karate.org.apache.http.headers - http-outgoing-18 << Access-Control-Allow-Origin: *
11:39:18.791 [pool-1-thread-2] DEBUG karate.org.apache.http.headers - http-outgoing-18 << Access-Control-Allow-Credentials: true
11:39:18.791 [pool-1-thread-2] DEBUG karate.org.apache.http.headers - http-outgoing-18 << Access-Control-Allow-Methods: GET, PUT, POST, DELETE, PATCH, OPTIONS
11:39:18.791 [pool-1-thread-2] DEBUG karate.org.apache.http.headers - http-outgoing-18 << Access-Control-Allow-Headers: DNT,Keep-Alive,User-Agent,X-Requested-With,If-Modified-Since,Cache-Control,Content-Type,Range,Authorization
11:39:18.791 [pool-1-thread-2] DEBUG karate.org.apache.http.headers - http-outgoing-18 << Access-Control-Max-Age: 1728000
11:39:18.791 [pool-1-thread-2] DEBUG karate.org.apache.http.impl.execchain.MainClientExec - Connection can be kept alive indefinitely
11:39:18.791 [pool-1-thread-2] DEBUG karate.org.apache.http.impl.conn.PoolingHttpClientConnectionManager - Connection [id: 18][route: {s}->https://ops.enerbit.dev:443] can be kept alive indefinitely
11:39:18.791 [pool-1-thread-2] DEBUG karate.org.apache.http.impl.conn.DefaultManagedHttpClientConnection - http-outgoing-18: set socket timeout to 0
11:39:18.791 [pool-1-thread-2] DEBUG karate.org.apache.http.impl.conn.PoolingHttpClientConnectionManager - Connection released: [id: 18][route: {s}->https://ops.enerbit.dev:443][total available: 1; route allocated: 1 of 5; total allocated: 1 of 10]
11:39:18.791 [pool-1-thread-2] DEBUG com.intuit.karate - response time in milliseconds: 575
1 < 201
1 < Date: Sun, 02 Jul 2023 16:39:19 GMT
1 < Content-Type: application/json
1 < Content-Length: 320
1 < Connection: keep-alive
1 < Strict-Transport-Security: max-age=15724800; includeSubDomains
1 < Access-Control-Allow-Origin: *
1 < Access-Control-Allow-Credentials: true
1 < Access-Control-Allow-Methods: GET, PUT, POST, DELETE, PATCH, OPTIONS
1 < Access-Control-Allow-Headers: DNT,Keep-Alive,User-Agent,X-Requested-With,If-Modified-Since,Cache-Control,Content-Type,Range,Authorization
1 < Access-Control-Max-Age: 1728000
{"serial":"3424234233kj","connection_type":"directa","storage_system":"interno","condition":"nuevo","owner":"RF","location":"Almacen ","manufacturer":"yes","purchase":"2022-07-28 03:08:49.340514","i_max":6345.654,"i_b":21.5,"i_n":876.5,"seals":545.65,"id":420,"created_at":"2023-07-02T16:39:19.034993","updated_at":null}

11:39:18.792 [pool-1-thread-2] DEBUG com.jayway.jsonpath.internal.path.CompiledPath - Evaluating path: $['id']
11:39:18.793 [pool-1-thread-2] DEBUG com.jayway.jsonpath.internal.path.CompiledPath - Evaluating path: $
11:39:18.794 [pool-1-thread-2] DEBUG karate.org.apache.http.client.protocol.RequestAddCookies - CookieSpec selected: karate
11:39:18.794 [pool-1-thread-2] DEBUG karate.org.apache.http.client.protocol.RequestAuthCache - Auth cache not set in the context
11:39:18.794 [pool-1-thread-2] DEBUG com.intuit.karate - request:
2 > PATCH https://ops.enerbit.dev/learning/api/v1/meters/420
2 > Content-Type: application/json; charset=UTF-8
2 > Content-Length: 258
2 > Host: ops.enerbit.dev
2 > Connection: Keep-Alive
2 > User-Agent: Apache-HttpClient/4.5.13 (Java/1.8.0_202)
2 > Accept-Encoding: gzip,deflate
{"serial":"3424234233kj","connection_type":"directa","storage_system":"interno","condition":"invalid data","owner":"RF","location":"Almacen ","manufacturer":"yes","purchase":"2022-07-28 03:08:49.340514","i_max":6345.654,"i_b":21.5,"i_n":876.5,"seals":545.65}

11:39:18.795 [pool-1-thread-2] DEBUG karate.org.apache.http.impl.conn.PoolingHttpClientConnectionManager - Connection request: [route: {s}->https://ops.enerbit.dev:443][total available: 0; route allocated: 0 of 5; total allocated: 0 of 10]
11:39:18.795 [pool-1-thread-2] DEBUG karate.org.apache.http.impl.conn.PoolingHttpClientConnectionManager - Connection leased: [id: 21][route: {s}->https://ops.enerbit.dev:443][total available: 0; route allocated: 1 of 5; total allocated: 1 of 10]
11:39:18.795 [pool-1-thread-2] DEBUG karate.org.apache.http.impl.execchain.MainClientExec - Opening connection {s}->https://ops.enerbit.dev:443
11:39:18.795 [pool-1-thread-2] DEBUG karate.org.apache.http.impl.conn.DefaultHttpClientConnectionOperator - Connecting to ops.enerbit.dev/20.65.19.185:443
11:39:18.795 [pool-1-thread-2] DEBUG karate.org.apache.http.conn.ssl.SSLConnectionSocketFactory - Connecting socket to ops.enerbit.dev/20.65.19.185:443 with timeout 30000
11:39:18.810 [pool-1-thread-1] DEBUG karate.org.apache.http.conn.ssl.SSLConnectionSocketFactory - Enabled protocols: [TLSv1, TLSv1.1, TLSv1.2]
11:39:18.810 [pool-1-thread-1] DEBUG karate.org.apache.http.conn.ssl.SSLConnectionSocketFactory - Enabled cipher suites:[TLS_ECDHE_ECDSA_WITH_AES_256_CBC_SHA384, TLS_ECDHE_RSA_WITH_AES_256_CBC_SHA384, TLS_RSA_WITH_AES_256_CBC_SHA256, TLS_ECDH_ECDSA_WITH_AES_256_CBC_SHA384, TLS_ECDH_RSA_WITH_AES_256_CBC_SHA384, TLS_DHE_RSA_WITH_AES_256_CBC_SHA256, TLS_DHE_DSS_WITH_AES_256_CBC_SHA256, TLS_ECDHE_ECDSA_WITH_AES_256_CBC_SHA, TLS_ECDHE_RSA_WITH_AES_256_CBC_SHA, TLS_RSA_WITH_AES_256_CBC_SHA, TLS_ECDH_ECDSA_WITH_AES_256_CBC_SHA, TLS_ECDH_RSA_WITH_AES_256_CBC_SHA, TLS_DHE_RSA_WITH_AES_256_CBC_SHA, TLS_DHE_DSS_WITH_AES_256_CBC_SHA, TLS_ECDHE_ECDSA_WITH_AES_128_CBC_SHA256, TLS_ECDHE_RSA_WITH_AES_128_CBC_SHA256, TLS_RSA_WITH_AES_128_CBC_SHA256, TLS_ECDH_ECDSA_WITH_AES_128_CBC_SHA256, TLS_ECDH_RSA_WITH_AES_128_CBC_SHA256, TLS_DHE_RSA_WITH_AES_128_CBC_SHA256, TLS_DHE_DSS_WITH_AES_128_CBC_SHA256, TLS_ECDHE_ECDSA_WITH_AES_128_CBC_SHA, TLS_ECDHE_RSA_WITH_AES_128_CBC_SHA, TLS_RSA_WITH_AES_128_CBC_SHA, TLS_ECDH_ECDSA_WITH_AES_128_CBC_SHA, TLS_ECDH_RSA_WITH_AES_128_CBC_SHA, TLS_DHE_RSA_WITH_AES_128_CBC_SHA, TLS_DHE_DSS_WITH_AES_128_CBC_SHA, TLS_ECDHE_ECDSA_WITH_AES_256_GCM_SHA384, TLS_ECDHE_ECDSA_WITH_AES_128_GCM_SHA256, TLS_ECDHE_RSA_WITH_AES_256_GCM_SHA384, TLS_RSA_WITH_AES_256_GCM_SHA384, TLS_ECDH_ECDSA_WITH_AES_256_GCM_SHA384, TLS_ECDH_RSA_WITH_AES_256_GCM_SHA384, TLS_DHE_RSA_WITH_AES_256_GCM_SHA384, TLS_DHE_DSS_WITH_AES_256_GCM_SHA384, TLS_ECDHE_RSA_WITH_AES_128_GCM_SHA256, TLS_RSA_WITH_AES_128_GCM_SHA256, TLS_ECDH_ECDSA_WITH_AES_128_GCM_SHA256, TLS_ECDH_RSA_WITH_AES_128_GCM_SHA256, TLS_DHE_RSA_WITH_AES_128_GCM_SHA256, TLS_DHE_DSS_WITH_AES_128_GCM_SHA256]
11:39:18.810 [pool-1-thread-1] DEBUG karate.org.apache.http.conn.ssl.SSLConnectionSocketFactory - Starting handshake
11:39:18.891 [pool-1-thread-2] DEBUG karate.org.apache.http.conn.ssl.SSLConnectionSocketFactory - Enabled protocols: [TLSv1, TLSv1.1, TLSv1.2]
11:39:18.891 [pool-1-thread-2] DEBUG karate.org.apache.http.conn.ssl.SSLConnectionSocketFactory - Enabled cipher suites:[TLS_ECDHE_ECDSA_WITH_AES_256_CBC_SHA384, TLS_ECDHE_RSA_WITH_AES_256_CBC_SHA384, TLS_RSA_WITH_AES_256_CBC_SHA256, TLS_ECDH_ECDSA_WITH_AES_256_CBC_SHA384, TLS_ECDH_RSA_WITH_AES_256_CBC_SHA384, TLS_DHE_RSA_WITH_AES_256_CBC_SHA256, TLS_DHE_DSS_WITH_AES_256_CBC_SHA256, TLS_ECDHE_ECDSA_WITH_AES_256_CBC_SHA, TLS_ECDHE_RSA_WITH_AES_256_CBC_SHA, TLS_RSA_WITH_AES_256_CBC_SHA, TLS_ECDH_ECDSA_WITH_AES_256_CBC_SHA, TLS_ECDH_RSA_WITH_AES_256_CBC_SHA, TLS_DHE_RSA_WITH_AES_256_CBC_SHA, TLS_DHE_DSS_WITH_AES_256_CBC_SHA, TLS_ECDHE_ECDSA_WITH_AES_128_CBC_SHA256, TLS_ECDHE_RSA_WITH_AES_128_CBC_SHA256, TLS_RSA_WITH_AES_128_CBC_SHA256, TLS_ECDH_ECDSA_WITH_AES_128_CBC_SHA256, TLS_ECDH_RSA_WITH_AES_128_CBC_SHA256, TLS_DHE_RSA_WITH_AES_128_CBC_SHA256, TLS_DHE_DSS_WITH_AES_128_CBC_SHA256, TLS_ECDHE_ECDSA_WITH_AES_128_CBC_SHA, TLS_ECDHE_RSA_WITH_AES_128_CBC_SHA, TLS_RSA_WITH_AES_128_CBC_SHA, TLS_ECDH_ECDSA_WITH_AES_128_CBC_SHA, TLS_ECDH_RSA_WITH_AES_128_CBC_SHA, TLS_DHE_RSA_WITH_AES_128_CBC_SHA, TLS_DHE_DSS_WITH_AES_128_CBC_SHA, TLS_ECDHE_ECDSA_WITH_AES_256_GCM_SHA384, TLS_ECDHE_ECDSA_WITH_AES_128_GCM_SHA256, TLS_ECDHE_RSA_WITH_AES_256_GCM_SHA384, TLS_RSA_WITH_AES_256_GCM_SHA384, TLS_ECDH_ECDSA_WITH_AES_256_GCM_SHA384, TLS_ECDH_RSA_WITH_AES_256_GCM_SHA384, TLS_DHE_RSA_WITH_AES_256_GCM_SHA384, TLS_DHE_DSS_WITH_AES_256_GCM_SHA384, TLS_ECDHE_RSA_WITH_AES_128_GCM_SHA256, TLS_RSA_WITH_AES_128_GCM_SHA256, TLS_ECDH_ECDSA_WITH_AES_128_GCM_SHA256, TLS_ECDH_RSA_WITH_AES_128_GCM_SHA256, TLS_DHE_RSA_WITH_AES_128_GCM_SHA256, TLS_DHE_DSS_WITH_AES_128_GCM_SHA256]
11:39:18.891 [pool-1-thread-2] DEBUG karate.org.apache.http.conn.ssl.SSLConnectionSocketFactory - Starting handshake
11:39:18.913 [pool-1-thread-1] DEBUG karate.org.apache.http.conn.ssl.SSLConnectionSocketFactory - Secure session established
11:39:18.913 [pool-1-thread-1] DEBUG karate.org.apache.http.conn.ssl.SSLConnectionSocketFactory -  negotiated protocol: TLSv1.2
11:39:18.913 [pool-1-thread-1] DEBUG karate.org.apache.http.conn.ssl.SSLConnectionSocketFactory -  negotiated cipher suite: TLS_ECDHE_RSA_WITH_AES_128_GCM_SHA256
11:39:18.913 [pool-1-thread-1] DEBUG karate.org.apache.http.conn.ssl.SSLConnectionSocketFactory -  peer principal: CN=ops.enerbit.dev
11:39:18.913 [pool-1-thread-1] DEBUG karate.org.apache.http.conn.ssl.SSLConnectionSocketFactory -  peer alternative names: [ops.enerbit.dev]
11:39:18.913 [pool-1-thread-1] DEBUG karate.org.apache.http.conn.ssl.SSLConnectionSocketFactory -  issuer principal: CN=R3, O=Let's Encrypt, C=US
11:39:18.913 [pool-1-thread-1] DEBUG karate.org.apache.http.impl.conn.DefaultHttpClientConnectionOperator - Connection established 192.168.1.4:56940<->20.65.19.185:443
11:39:18.913 [pool-1-thread-1] DEBUG karate.org.apache.http.impl.conn.DefaultManagedHttpClientConnection - http-outgoing-20: set socket timeout to 30000
11:39:18.913 [pool-1-thread-1] DEBUG karate.org.apache.http.impl.execchain.MainClientExec - Executing request POST /learning/api/v1/meters HTTP/1.1
11:39:18.913 [pool-1-thread-1] DEBUG karate.org.apache.http.impl.execchain.MainClientExec - Target auth state: UNCHALLENGED
11:39:18.913 [pool-1-thread-1] DEBUG karate.org.apache.http.impl.execchain.MainClientExec - Proxy auth state: UNCHALLENGED
11:39:18.913 [pool-1-thread-1] DEBUG karate.org.apache.http.headers - http-outgoing-20 >> POST /learning/api/v1/meters HTTP/1.1
11:39:18.913 [pool-1-thread-1] DEBUG karate.org.apache.http.headers - http-outgoing-20 >> Content-Type: application/json; charset=UTF-8
11:39:18.913 [pool-1-thread-1] DEBUG karate.org.apache.http.headers - http-outgoing-20 >> Content-Length: 251
11:39:18.913 [pool-1-thread-1] DEBUG karate.org.apache.http.headers - http-outgoing-20 >> Host: ops.enerbit.dev
11:39:18.913 [pool-1-thread-1] DEBUG karate.org.apache.http.headers - http-outgoing-20 >> Connection: Keep-Alive
11:39:18.913 [pool-1-thread-1] DEBUG karate.org.apache.http.headers - http-outgoing-20 >> User-Agent: Apache-HttpClient/4.5.13 (Java/1.8.0_202)
11:39:18.913 [pool-1-thread-1] DEBUG karate.org.apache.http.headers - http-outgoing-20 >> Accept-Encoding: gzip,deflate
11:39:18.913 [pool-1-thread-1] DEBUG karate.org.apache.http.wire - http-outgoing-20 >> "POST /learning/api/v1/meters HTTP/1.1[\r][\n]"
11:39:18.913 [pool-1-thread-1] DEBUG karate.org.apache.http.wire - http-outgoing-20 >> "Content-Type: application/json; charset=UTF-8[\r][\n]"
11:39:18.913 [pool-1-thread-1] DEBUG karate.org.apache.http.wire - http-outgoing-20 >> "Content-Length: 251[\r][\n]"
11:39:18.913 [pool-1-thread-1] DEBUG karate.org.apache.http.wire - http-outgoing-20 >> "Host: ops.enerbit.dev[\r][\n]"
11:39:18.913 [pool-1-thread-1] DEBUG karate.org.apache.http.wire - http-outgoing-20 >> "Connection: Keep-Alive[\r][\n]"
11:39:18.913 [pool-1-thread-1] DEBUG karate.org.apache.http.wire - http-outgoing-20 >> "User-Agent: Apache-HttpClient/4.5.13 (Java/1.8.0_202)[\r][\n]"
11:39:18.913 [pool-1-thread-1] DEBUG karate.org.apache.http.wire - http-outgoing-20 >> "Accept-Encoding: gzip,deflate[\r][\n]"
11:39:18.913 [pool-1-thread-1] DEBUG karate.org.apache.http.wire - http-outgoing-20 >> "[\r][\n]"
11:39:18.913 [pool-1-thread-1] DEBUG karate.org.apache.http.wire - http-outgoing-20 >> "{"serial":"3424234233kj","connection_type":"directa","storage_system":"interno","condition":"nuevo","owner":"RF","location":"Almacen ","manufacturer":"yes","purchase":"2022-07-28 03:08:49.340514","i_max":6345.654,"i_b":21.5,"i_n":876.5,"seals":545.65}"
11:39:18.990 [pool-1-thread-2] DEBUG karate.org.apache.http.conn.ssl.SSLConnectionSocketFactory - Secure session established
11:39:18.991 [pool-1-thread-2] DEBUG karate.org.apache.http.conn.ssl.SSLConnectionSocketFactory -  negotiated protocol: TLSv1.2
11:39:18.991 [pool-1-thread-2] DEBUG karate.org.apache.http.conn.ssl.SSLConnectionSocketFactory -  negotiated cipher suite: TLS_ECDHE_RSA_WITH_AES_128_GCM_SHA256
11:39:18.991 [pool-1-thread-2] DEBUG karate.org.apache.http.conn.ssl.SSLConnectionSocketFactory -  peer principal: CN=ops.enerbit.dev
11:39:18.991 [pool-1-thread-2] DEBUG karate.org.apache.http.conn.ssl.SSLConnectionSocketFactory -  peer alternative names: [ops.enerbit.dev]
11:39:18.991 [pool-1-thread-2] DEBUG karate.org.apache.http.conn.ssl.SSLConnectionSocketFactory -  issuer principal: CN=R3, O=Let's Encrypt, C=US
11:39:18.991 [pool-1-thread-2] DEBUG karate.org.apache.http.impl.conn.DefaultHttpClientConnectionOperator - Connection established 192.168.1.4:56941<->20.65.19.185:443
11:39:18.991 [pool-1-thread-2] DEBUG karate.org.apache.http.impl.conn.DefaultManagedHttpClientConnection - http-outgoing-21: set socket timeout to 30000
11:39:18.991 [pool-1-thread-2] DEBUG karate.org.apache.http.impl.execchain.MainClientExec - Executing request PATCH /learning/api/v1/meters/420 HTTP/1.1
11:39:18.991 [pool-1-thread-2] DEBUG karate.org.apache.http.impl.execchain.MainClientExec - Target auth state: UNCHALLENGED
11:39:18.991 [pool-1-thread-2] DEBUG karate.org.apache.http.impl.execchain.MainClientExec - Proxy auth state: UNCHALLENGED
11:39:18.991 [pool-1-thread-2] DEBUG karate.org.apache.http.headers - http-outgoing-21 >> PATCH /learning/api/v1/meters/420 HTTP/1.1
11:39:18.991 [pool-1-thread-2] DEBUG karate.org.apache.http.headers - http-outgoing-21 >> Content-Type: application/json; charset=UTF-8
11:39:18.991 [pool-1-thread-2] DEBUG karate.org.apache.http.headers - http-outgoing-21 >> Content-Length: 258
11:39:18.991 [pool-1-thread-2] DEBUG karate.org.apache.http.headers - http-outgoing-21 >> Host: ops.enerbit.dev
11:39:18.991 [pool-1-thread-2] DEBUG karate.org.apache.http.headers - http-outgoing-21 >> Connection: Keep-Alive
11:39:18.991 [pool-1-thread-2] DEBUG karate.org.apache.http.headers - http-outgoing-21 >> User-Agent: Apache-HttpClient/4.5.13 (Java/1.8.0_202)
11:39:18.991 [pool-1-thread-2] DEBUG karate.org.apache.http.headers - http-outgoing-21 >> Accept-Encoding: gzip,deflate
11:39:18.991 [pool-1-thread-2] DEBUG karate.org.apache.http.wire - http-outgoing-21 >> "PATCH /learning/api/v1/meters/420 HTTP/1.1[\r][\n]"
11:39:18.991 [pool-1-thread-2] DEBUG karate.org.apache.http.wire - http-outgoing-21 >> "Content-Type: application/json; charset=UTF-8[\r][\n]"
11:39:18.991 [pool-1-thread-2] DEBUG karate.org.apache.http.wire - http-outgoing-21 >> "Content-Length: 258[\r][\n]"
11:39:18.991 [pool-1-thread-2] DEBUG karate.org.apache.http.wire - http-outgoing-21 >> "Host: ops.enerbit.dev[\r][\n]"
11:39:18.991 [pool-1-thread-2] DEBUG karate.org.apache.http.wire - http-outgoing-21 >> "Connection: Keep-Alive[\r][\n]"
11:39:18.991 [pool-1-thread-2] DEBUG karate.org.apache.http.wire - http-outgoing-21 >> "User-Agent: Apache-HttpClient/4.5.13 (Java/1.8.0_202)[\r][\n]"
11:39:18.991 [pool-1-thread-2] DEBUG karate.org.apache.http.wire - http-outgoing-21 >> "Accept-Encoding: gzip,deflate[\r][\n]"
11:39:18.991 [pool-1-thread-2] DEBUG karate.org.apache.http.wire - http-outgoing-21 >> "[\r][\n]"
11:39:18.991 [pool-1-thread-2] DEBUG karate.org.apache.http.wire - http-outgoing-21 >> "{"serial":"3424234233kj","connection_type":"directa","storage_system":"interno","condition":"invalid data","owner":"RF","location":"Almacen ","manufacturer":"yes","purchase":"2022-07-28 03:08:49.340514","i_max":6345.654,"i_b":21.5,"i_n":876.5,"seals":545.65}"
11:39:19.200 [pool-1-thread-2] DEBUG karate.org.apache.http.wire - http-outgoing-21 << "HTTP/1.1 422 Unprocessable Entity[\r][\n]"
11:39:19.200 [pool-1-thread-2] DEBUG karate.org.apache.http.wire - http-outgoing-21 << "Date: Sun, 02 Jul 2023 16:39:19 GMT[\r][\n]"
11:39:19.200 [pool-1-thread-2] DEBUG karate.org.apache.http.wire - http-outgoing-21 << "Content-Type: application/json[\r][\n]"
11:39:19.200 [pool-1-thread-2] DEBUG karate.org.apache.http.wire - http-outgoing-21 << "Content-Length: 183[\r][\n]"
11:39:19.200 [pool-1-thread-2] DEBUG karate.org.apache.http.wire - http-outgoing-21 << "Connection: keep-alive[\r][\n]"
11:39:19.200 [pool-1-thread-2] DEBUG karate.org.apache.http.wire - http-outgoing-21 << "Strict-Transport-Security: max-age=15724800; includeSubDomains[\r][\n]"
11:39:19.200 [pool-1-thread-2] DEBUG karate.org.apache.http.wire - http-outgoing-21 << "Access-Control-Allow-Origin: *[\r][\n]"
11:39:19.200 [pool-1-thread-2] DEBUG karate.org.apache.http.wire - http-outgoing-21 << "Access-Control-Allow-Credentials: true[\r][\n]"
11:39:19.200 [pool-1-thread-2] DEBUG karate.org.apache.http.wire - http-outgoing-21 << "Access-Control-Allow-Methods: GET, PUT, POST, DELETE, PATCH, OPTIONS[\r][\n]"
11:39:19.200 [pool-1-thread-2] DEBUG karate.org.apache.http.wire - http-outgoing-21 << "Access-Control-Allow-Headers: DNT,Keep-Alive,User-Agent,X-Requested-With,If-Modified-Since,Cache-Control,Content-Type,Range,Authorization[\r][\n]"
11:39:19.200 [pool-1-thread-2] DEBUG karate.org.apache.http.wire - http-outgoing-21 << "Access-Control-Max-Age: 1728000[\r][\n]"
11:39:19.200 [pool-1-thread-2] DEBUG karate.org.apache.http.wire - http-outgoing-21 << "[\r][\n]"
11:39:19.201 [pool-1-thread-2] DEBUG karate.org.apache.http.headers - http-outgoing-21 << HTTP/1.1 422 Unprocessable Entity
11:39:19.201 [pool-1-thread-2] DEBUG karate.org.apache.http.headers - http-outgoing-21 << Date: Sun, 02 Jul 2023 16:39:19 GMT
11:39:19.201 [pool-1-thread-2] DEBUG karate.org.apache.http.headers - http-outgoing-21 << Content-Type: application/json
11:39:19.201 [pool-1-thread-2] DEBUG karate.org.apache.http.headers - http-outgoing-21 << Content-Length: 183
11:39:19.201 [pool-1-thread-2] DEBUG karate.org.apache.http.headers - http-outgoing-21 << Connection: keep-alive
11:39:19.201 [pool-1-thread-2] DEBUG karate.org.apache.http.headers - http-outgoing-21 << Strict-Transport-Security: max-age=15724800; includeSubDomains
11:39:19.201 [pool-1-thread-2] DEBUG karate.org.apache.http.headers - http-outgoing-21 << Access-Control-Allow-Origin: *
11:39:19.201 [pool-1-thread-2] DEBUG karate.org.apache.http.headers - http-outgoing-21 << Access-Control-Allow-Credentials: true
11:39:19.201 [pool-1-thread-2] DEBUG karate.org.apache.http.headers - http-outgoing-21 << Access-Control-Allow-Methods: GET, PUT, POST, DELETE, PATCH, OPTIONS
11:39:19.201 [pool-1-thread-2] DEBUG karate.org.apache.http.headers - http-outgoing-21 << Access-Control-Allow-Headers: DNT,Keep-Alive,User-Agent,X-Requested-With,If-Modified-Since,Cache-Control,Content-Type,Range,Authorization
11:39:19.201 [pool-1-thread-2] DEBUG karate.org.apache.http.headers - http-outgoing-21 << Access-Control-Max-Age: 1728000
11:39:19.201 [pool-1-thread-2] DEBUG karate.org.apache.http.impl.execchain.MainClientExec - Connection can be kept alive indefinitely
11:39:19.208 [pool-1-thread-2] DEBUG karate.org.apache.http.wire - http-outgoing-21 << "{"detail":[{"loc":["body","condition"],"msg":"value is not a valid enumeration member; permitted: 'nuevo', 'usado'","type":"type_error.enum","ctx":{"enum_values":["nuevo","usado"]}}]}"
11:39:19.209 [pool-1-thread-2] DEBUG karate.org.apache.http.impl.conn.PoolingHttpClientConnectionManager - Connection [id: 21][route: {s}->https://ops.enerbit.dev:443] can be kept alive indefinitely
11:39:19.209 [pool-1-thread-2] DEBUG karate.org.apache.http.impl.conn.DefaultManagedHttpClientConnection - http-outgoing-21: set socket timeout to 0
11:39:19.209 [pool-1-thread-2] DEBUG karate.org.apache.http.impl.conn.PoolingHttpClientConnectionManager - Connection released: [id: 21][route: {s}->https://ops.enerbit.dev:443][total available: 1; route allocated: 1 of 5; total allocated: 1 of 10]
11:39:19.209 [pool-1-thread-2] DEBUG com.intuit.karate - response time in milliseconds: 414
2 < 422
2 < Date: Sun, 02 Jul 2023 16:39:19 GMT
2 < Content-Type: application/json
2 < Content-Length: 183
2 < Connection: keep-alive
2 < Strict-Transport-Security: max-age=15724800; includeSubDomains
2 < Access-Control-Allow-Origin: *
2 < Access-Control-Allow-Credentials: true
2 < Access-Control-Allow-Methods: GET, PUT, POST, DELETE, PATCH, OPTIONS
2 < Access-Control-Allow-Headers: DNT,Keep-Alive,User-Agent,X-Requested-With,If-Modified-Since,Cache-Control,Content-Type,Range,Authorization
2 < Access-Control-Max-Age: 1728000
{"detail":[{"loc":["body","condition"],"msg":"value is not a valid enumeration member; permitted: 'nuevo', 'usado'","type":"type_error.enum","ctx":{"enum_values":["nuevo","usado"]}}]}

11:39:19.214 [pool-1-thread-2] INFO com.intuit.karate.core.FeatureRuntime - classpath:meterManagerTest/meterPatch/../meterPost/utils-post.feature - call by tag at line 5: Createmeter
11:39:19.217 [pool-1-thread-2] DEBUG com.jayway.jsonpath.internal.path.CompiledPath - Evaluating path: $
11:39:19.218 [pool-1-thread-2] DEBUG karate.org.apache.http.client.protocol.RequestAddCookies - CookieSpec selected: karate
11:39:19.218 [pool-1-thread-2] DEBUG karate.org.apache.http.client.protocol.RequestAuthCache - Auth cache not set in the context
11:39:19.218 [pool-1-thread-2] DEBUG com.intuit.karate - request:
1 > POST https://ops.enerbit.dev/learning/api/v1/meters
1 > Content-Type: application/json; charset=UTF-8
1 > Content-Length: 251
1 > Host: ops.enerbit.dev
1 > Connection: Keep-Alive
1 > User-Agent: Apache-HttpClient/4.5.13 (Java/1.8.0_202)
1 > Accept-Encoding: gzip,deflate
{"serial":"3424234233kj","connection_type":"directa","storage_system":"interno","condition":"nuevo","owner":"RF","location":"Almacen ","manufacturer":"yes","purchase":"2022-07-28 03:08:49.340514","i_max":6345.654,"i_b":21.5,"i_n":876.5,"seals":545.65}

11:39:19.218 [pool-1-thread-2] DEBUG karate.org.apache.http.impl.conn.PoolingHttpClientConnectionManager - Connection request: [route: {s}->https://ops.enerbit.dev:443][total available: 0; route allocated: 0 of 5; total allocated: 0 of 10]
11:39:19.218 [pool-1-thread-2] DEBUG karate.org.apache.http.impl.conn.PoolingHttpClientConnectionManager - Connection leased: [id: 22][route: {s}->https://ops.enerbit.dev:443][total available: 0; route allocated: 1 of 5; total allocated: 1 of 10]
11:39:19.219 [pool-1-thread-2] DEBUG karate.org.apache.http.impl.execchain.MainClientExec - Opening connection {s}->https://ops.enerbit.dev:443
11:39:19.219 [pool-1-thread-2] DEBUG karate.org.apache.http.impl.conn.DefaultHttpClientConnectionOperator - Connecting to ops.enerbit.dev/20.65.19.185:443
11:39:19.219 [pool-1-thread-2] DEBUG karate.org.apache.http.conn.ssl.SSLConnectionSocketFactory - Connecting socket to ops.enerbit.dev/20.65.19.185:443 with timeout 30000
11:39:19.299 [pool-1-thread-2] DEBUG karate.org.apache.http.conn.ssl.SSLConnectionSocketFactory - Enabled protocols: [TLSv1, TLSv1.1, TLSv1.2]
11:39:19.299 [pool-1-thread-2] DEBUG karate.org.apache.http.conn.ssl.SSLConnectionSocketFactory - Enabled cipher suites:[TLS_ECDHE_ECDSA_WITH_AES_256_CBC_SHA384, TLS_ECDHE_RSA_WITH_AES_256_CBC_SHA384, TLS_RSA_WITH_AES_256_CBC_SHA256, TLS_ECDH_ECDSA_WITH_AES_256_CBC_SHA384, TLS_ECDH_RSA_WITH_AES_256_CBC_SHA384, TLS_DHE_RSA_WITH_AES_256_CBC_SHA256, TLS_DHE_DSS_WITH_AES_256_CBC_SHA256, TLS_ECDHE_ECDSA_WITH_AES_256_CBC_SHA, TLS_ECDHE_RSA_WITH_AES_256_CBC_SHA, TLS_RSA_WITH_AES_256_CBC_SHA, TLS_ECDH_ECDSA_WITH_AES_256_CBC_SHA, TLS_ECDH_RSA_WITH_AES_256_CBC_SHA, TLS_DHE_RSA_WITH_AES_256_CBC_SHA, TLS_DHE_DSS_WITH_AES_256_CBC_SHA, TLS_ECDHE_ECDSA_WITH_AES_128_CBC_SHA256, TLS_ECDHE_RSA_WITH_AES_128_CBC_SHA256, TLS_RSA_WITH_AES_128_CBC_SHA256, TLS_ECDH_ECDSA_WITH_AES_128_CBC_SHA256, TLS_ECDH_RSA_WITH_AES_128_CBC_SHA256, TLS_DHE_RSA_WITH_AES_128_CBC_SHA256, TLS_DHE_DSS_WITH_AES_128_CBC_SHA256, TLS_ECDHE_ECDSA_WITH_AES_128_CBC_SHA, TLS_ECDHE_RSA_WITH_AES_128_CBC_SHA, TLS_RSA_WITH_AES_128_CBC_SHA, TLS_ECDH_ECDSA_WITH_AES_128_CBC_SHA, TLS_ECDH_RSA_WITH_AES_128_CBC_SHA, TLS_DHE_RSA_WITH_AES_128_CBC_SHA, TLS_DHE_DSS_WITH_AES_128_CBC_SHA, TLS_ECDHE_ECDSA_WITH_AES_256_GCM_SHA384, TLS_ECDHE_ECDSA_WITH_AES_128_GCM_SHA256, TLS_ECDHE_RSA_WITH_AES_256_GCM_SHA384, TLS_RSA_WITH_AES_256_GCM_SHA384, TLS_ECDH_ECDSA_WITH_AES_256_GCM_SHA384, TLS_ECDH_RSA_WITH_AES_256_GCM_SHA384, TLS_DHE_RSA_WITH_AES_256_GCM_SHA384, TLS_DHE_DSS_WITH_AES_256_GCM_SHA384, TLS_ECDHE_RSA_WITH_AES_128_GCM_SHA256, TLS_RSA_WITH_AES_128_GCM_SHA256, TLS_ECDH_ECDSA_WITH_AES_128_GCM_SHA256, TLS_ECDH_RSA_WITH_AES_128_GCM_SHA256, TLS_DHE_RSA_WITH_AES_128_GCM_SHA256, TLS_DHE_DSS_WITH_AES_128_GCM_SHA256]
11:39:19.299 [pool-1-thread-2] DEBUG karate.org.apache.http.conn.ssl.SSLConnectionSocketFactory - Starting handshake
11:39:19.398 [pool-1-thread-2] DEBUG karate.org.apache.http.conn.ssl.SSLConnectionSocketFactory - Secure session established
11:39:19.398 [pool-1-thread-2] DEBUG karate.org.apache.http.conn.ssl.SSLConnectionSocketFactory -  negotiated protocol: TLSv1.2
11:39:19.398 [pool-1-thread-2] DEBUG karate.org.apache.http.conn.ssl.SSLConnectionSocketFactory -  negotiated cipher suite: TLS_ECDHE_RSA_WITH_AES_128_GCM_SHA256
11:39:19.398 [pool-1-thread-2] DEBUG karate.org.apache.http.conn.ssl.SSLConnectionSocketFactory -  peer principal: CN=ops.enerbit.dev
11:39:19.398 [pool-1-thread-2] DEBUG karate.org.apache.http.conn.ssl.SSLConnectionSocketFactory -  peer alternative names: [ops.enerbit.dev]
11:39:19.398 [pool-1-thread-2] DEBUG karate.org.apache.http.conn.ssl.SSLConnectionSocketFactory -  issuer principal: CN=R3, O=Let's Encrypt, C=US
11:39:19.398 [pool-1-thread-2] DEBUG karate.org.apache.http.impl.conn.DefaultHttpClientConnectionOperator - Connection established 192.168.1.4:56942<->20.65.19.185:443
11:39:19.398 [pool-1-thread-2] DEBUG karate.org.apache.http.impl.conn.DefaultManagedHttpClientConnection - http-outgoing-22: set socket timeout to 30000
11:39:19.398 [pool-1-thread-2] DEBUG karate.org.apache.http.impl.execchain.MainClientExec - Executing request POST /learning/api/v1/meters HTTP/1.1
11:39:19.398 [pool-1-thread-2] DEBUG karate.org.apache.http.impl.execchain.MainClientExec - Target auth state: UNCHALLENGED
11:39:19.398 [pool-1-thread-2] DEBUG karate.org.apache.http.impl.execchain.MainClientExec - Proxy auth state: UNCHALLENGED
11:39:19.398 [pool-1-thread-2] DEBUG karate.org.apache.http.headers - http-outgoing-22 >> POST /learning/api/v1/meters HTTP/1.1
11:39:19.398 [pool-1-thread-2] DEBUG karate.org.apache.http.headers - http-outgoing-22 >> Content-Type: application/json; charset=UTF-8
11:39:19.398 [pool-1-thread-2] DEBUG karate.org.apache.http.headers - http-outgoing-22 >> Content-Length: 251
11:39:19.398 [pool-1-thread-2] DEBUG karate.org.apache.http.headers - http-outgoing-22 >> Host: ops.enerbit.dev
11:39:19.398 [pool-1-thread-2] DEBUG karate.org.apache.http.headers - http-outgoing-22 >> Connection: Keep-Alive
11:39:19.398 [pool-1-thread-2] DEBUG karate.org.apache.http.headers - http-outgoing-22 >> User-Agent: Apache-HttpClient/4.5.13 (Java/1.8.0_202)
11:39:19.398 [pool-1-thread-2] DEBUG karate.org.apache.http.headers - http-outgoing-22 >> Accept-Encoding: gzip,deflate
11:39:19.398 [pool-1-thread-2] DEBUG karate.org.apache.http.wire - http-outgoing-22 >> "POST /learning/api/v1/meters HTTP/1.1[\r][\n]"
11:39:19.398 [pool-1-thread-2] DEBUG karate.org.apache.http.wire - http-outgoing-22 >> "Content-Type: application/json; charset=UTF-8[\r][\n]"
11:39:19.398 [pool-1-thread-2] DEBUG karate.org.apache.http.wire - http-outgoing-22 >> "Content-Length: 251[\r][\n]"
11:39:19.398 [pool-1-thread-2] DEBUG karate.org.apache.http.wire - http-outgoing-22 >> "Host: ops.enerbit.dev[\r][\n]"
11:39:19.398 [pool-1-thread-2] DEBUG karate.org.apache.http.wire - http-outgoing-22 >> "Connection: Keep-Alive[\r][\n]"
11:39:19.398 [pool-1-thread-2] DEBUG karate.org.apache.http.wire - http-outgoing-22 >> "User-Agent: Apache-HttpClient/4.5.13 (Java/1.8.0_202)[\r][\n]"
11:39:19.398 [pool-1-thread-2] DEBUG karate.org.apache.http.wire - http-outgoing-22 >> "Accept-Encoding: gzip,deflate[\r][\n]"
11:39:19.398 [pool-1-thread-2] DEBUG karate.org.apache.http.wire - http-outgoing-22 >> "[\r][\n]"
11:39:19.399 [pool-1-thread-2] DEBUG karate.org.apache.http.wire - http-outgoing-22 >> "{"serial":"3424234233kj","connection_type":"directa","storage_system":"interno","condition":"nuevo","owner":"RF","location":"Almacen ","manufacturer":"yes","purchase":"2022-07-28 03:08:49.340514","i_max":6345.654,"i_b":21.5,"i_n":876.5,"seals":545.65}"
11:39:19.399 [pool-1-thread-1] DEBUG karate.org.apache.http.wire - http-outgoing-20 << "HTTP/1.1 201 Created[\r][\n]"
11:39:19.399 [pool-1-thread-1] DEBUG karate.org.apache.http.wire - http-outgoing-20 << "Date: Sun, 02 Jul 2023 16:39:19 GMT[\r][\n]"
11:39:19.399 [pool-1-thread-1] DEBUG karate.org.apache.http.wire - http-outgoing-20 << "Content-Type: application/json[\r][\n]"
11:39:19.399 [pool-1-thread-1] DEBUG karate.org.apache.http.wire - http-outgoing-20 << "Content-Length: 320[\r][\n]"
11:39:19.399 [pool-1-thread-1] DEBUG karate.org.apache.http.wire - http-outgoing-20 << "Connection: keep-alive[\r][\n]"
11:39:19.399 [pool-1-thread-1] DEBUG karate.org.apache.http.wire - http-outgoing-20 << "Strict-Transport-Security: max-age=15724800; includeSubDomains[\r][\n]"
11:39:19.399 [pool-1-thread-1] DEBUG karate.org.apache.http.wire - http-outgoing-20 << "Access-Control-Allow-Origin: *[\r][\n]"
11:39:19.399 [pool-1-thread-1] DEBUG karate.org.apache.http.wire - http-outgoing-20 << "Access-Control-Allow-Credentials: true[\r][\n]"
11:39:19.399 [pool-1-thread-1] DEBUG karate.org.apache.http.wire - http-outgoing-20 << "Access-Control-Allow-Methods: GET, PUT, POST, DELETE, PATCH, OPTIONS[\r][\n]"
11:39:19.399 [pool-1-thread-1] DEBUG karate.org.apache.http.wire - http-outgoing-20 << "Access-Control-Allow-Headers: DNT,Keep-Alive,User-Agent,X-Requested-With,If-Modified-Since,Cache-Control,Content-Type,Range,Authorization[\r][\n]"
11:39:19.399 [pool-1-thread-1] DEBUG karate.org.apache.http.wire - http-outgoing-20 << "Access-Control-Max-Age: 1728000[\r][\n]"
11:39:19.399 [pool-1-thread-1] DEBUG karate.org.apache.http.wire - http-outgoing-20 << "[\r][\n]"
11:39:19.399 [pool-1-thread-1] DEBUG karate.org.apache.http.wire - http-outgoing-20 << "{"serial":"3424234233kj","connection_type":"directa","storage_system":"interno","condition":"nuevo","owner":"RF","location":"Almacen ","manufacturer":"yes","purchase":"2022-07-28 03:08:49.340514","i_max":6345.654,"i_b":21.5,"i_n":876.5,"seals":545.65,"id":421,"created_at":"2023-07-02T16:39:19.574203","updated_at":null}"
11:39:19.399 [pool-1-thread-1] DEBUG karate.org.apache.http.headers - http-outgoing-20 << HTTP/1.1 201 Created
11:39:19.399 [pool-1-thread-1] DEBUG karate.org.apache.http.headers - http-outgoing-20 << Date: Sun, 02 Jul 2023 16:39:19 GMT
11:39:19.399 [pool-1-thread-1] DEBUG karate.org.apache.http.headers - http-outgoing-20 << Content-Type: application/json
11:39:19.399 [pool-1-thread-1] DEBUG karate.org.apache.http.headers - http-outgoing-20 << Content-Length: 320
11:39:19.399 [pool-1-thread-1] DEBUG karate.org.apache.http.headers - http-outgoing-20 << Connection: keep-alive
11:39:19.399 [pool-1-thread-1] DEBUG karate.org.apache.http.headers - http-outgoing-20 << Strict-Transport-Security: max-age=15724800; includeSubDomains
11:39:19.399 [pool-1-thread-1] DEBUG karate.org.apache.http.headers - http-outgoing-20 << Access-Control-Allow-Origin: *
11:39:19.399 [pool-1-thread-1] DEBUG karate.org.apache.http.headers - http-outgoing-20 << Access-Control-Allow-Credentials: true
11:39:19.399 [pool-1-thread-1] DEBUG karate.org.apache.http.headers - http-outgoing-20 << Access-Control-Allow-Methods: GET, PUT, POST, DELETE, PATCH, OPTIONS
11:39:19.399 [pool-1-thread-1] DEBUG karate.org.apache.http.headers - http-outgoing-20 << Access-Control-Allow-Headers: DNT,Keep-Alive,User-Agent,X-Requested-With,If-Modified-Since,Cache-Control,Content-Type,Range,Authorization
11:39:19.399 [pool-1-thread-1] DEBUG karate.org.apache.http.headers - http-outgoing-20 << Access-Control-Max-Age: 1728000
11:39:19.400 [pool-1-thread-1] DEBUG karate.org.apache.http.impl.execchain.MainClientExec - Connection can be kept alive indefinitely
11:39:19.400 [pool-1-thread-1] DEBUG karate.org.apache.http.impl.conn.PoolingHttpClientConnectionManager - Connection [id: 20][route: {s}->https://ops.enerbit.dev:443] can be kept alive indefinitely
11:39:19.400 [pool-1-thread-1] DEBUG karate.org.apache.http.impl.conn.DefaultManagedHttpClientConnection - http-outgoing-20: set socket timeout to 0
11:39:19.400 [pool-1-thread-1] DEBUG karate.org.apache.http.impl.conn.PoolingHttpClientConnectionManager - Connection released: [id: 20][route: {s}->https://ops.enerbit.dev:443][total available: 1; route allocated: 1 of 5; total allocated: 1 of 10]
11:39:19.400 [pool-1-thread-1] DEBUG com.intuit.karate - response time in milliseconds: 678
1 < 201
1 < Date: Sun, 02 Jul 2023 16:39:19 GMT
1 < Content-Type: application/json
1 < Content-Length: 320
1 < Connection: keep-alive
1 < Strict-Transport-Security: max-age=15724800; includeSubDomains
1 < Access-Control-Allow-Origin: *
1 < Access-Control-Allow-Credentials: true
1 < Access-Control-Allow-Methods: GET, PUT, POST, DELETE, PATCH, OPTIONS
1 < Access-Control-Allow-Headers: DNT,Keep-Alive,User-Agent,X-Requested-With,If-Modified-Since,Cache-Control,Content-Type,Range,Authorization
1 < Access-Control-Max-Age: 1728000
{"serial":"3424234233kj","connection_type":"directa","storage_system":"interno","condition":"nuevo","owner":"RF","location":"Almacen ","manufacturer":"yes","purchase":"2022-07-28 03:08:49.340514","i_max":6345.654,"i_b":21.5,"i_n":876.5,"seals":545.65,"id":421,"created_at":"2023-07-02T16:39:19.574203","updated_at":null}

11:39:19.401 [pool-1-thread-1] DEBUG com.jayway.jsonpath.internal.path.CompiledPath - Evaluating path: $['id']
11:39:19.402 [pool-1-thread-1] DEBUG com.jayway.jsonpath.internal.path.CompiledPath - Evaluating path: $
11:39:19.404 [pool-1-thread-1] DEBUG karate.org.apache.http.client.protocol.RequestAddCookies - CookieSpec selected: karate
11:39:19.404 [pool-1-thread-1] DEBUG karate.org.apache.http.client.protocol.RequestAuthCache - Auth cache not set in the context
11:39:19.404 [pool-1-thread-1] DEBUG com.intuit.karate - request:
2 > PATCH https://ops.enerbit.dev/learning/api/v1/meters/421
2 > Content-Type: application/json; charset=UTF-8
2 > Content-Length: 261
2 > Host: ops.enerbit.dev
2 > Connection: Keep-Alive
2 > User-Agent: Apache-HttpClient/4.5.13 (Java/1.8.0_202)
2 > Accept-Encoding: gzip,deflate
{"serial":"3424234233kj","connection_type":"directa","storage_system":"interno","condition":"nuevo","owner":"invalid data","location":"Almacen ","manufacturer":"yes","purchase":"2022-07-28 03:08:49.340514","i_max":6345.654,"i_b":21.5,"i_n":876.5,"seals":545.65}

11:39:19.405 [pool-1-thread-1] DEBUG karate.org.apache.http.impl.conn.PoolingHttpClientConnectionManager - Connection request: [route: {s}->https://ops.enerbit.dev:443][total available: 0; route allocated: 0 of 5; total allocated: 0 of 10]
11:39:19.405 [pool-1-thread-1] DEBUG karate.org.apache.http.impl.conn.PoolingHttpClientConnectionManager - Connection leased: [id: 23][route: {s}->https://ops.enerbit.dev:443][total available: 0; route allocated: 1 of 5; total allocated: 1 of 10]
11:39:19.405 [pool-1-thread-1] DEBUG karate.org.apache.http.impl.execchain.MainClientExec - Opening connection {s}->https://ops.enerbit.dev:443
11:39:19.405 [pool-1-thread-1] DEBUG karate.org.apache.http.impl.conn.DefaultHttpClientConnectionOperator - Connecting to ops.enerbit.dev/20.65.19.185:443
11:39:19.405 [pool-1-thread-1] DEBUG karate.org.apache.http.conn.ssl.SSLConnectionSocketFactory - Connecting socket to ops.enerbit.dev/20.65.19.185:443 with timeout 30000
11:39:19.486 [pool-1-thread-1] DEBUG karate.org.apache.http.conn.ssl.SSLConnectionSocketFactory - Enabled protocols: [TLSv1, TLSv1.1, TLSv1.2]
11:39:19.487 [pool-1-thread-1] DEBUG karate.org.apache.http.conn.ssl.SSLConnectionSocketFactory - Enabled cipher suites:[TLS_ECDHE_ECDSA_WITH_AES_256_CBC_SHA384, TLS_ECDHE_RSA_WITH_AES_256_CBC_SHA384, TLS_RSA_WITH_AES_256_CBC_SHA256, TLS_ECDH_ECDSA_WITH_AES_256_CBC_SHA384, TLS_ECDH_RSA_WITH_AES_256_CBC_SHA384, TLS_DHE_RSA_WITH_AES_256_CBC_SHA256, TLS_DHE_DSS_WITH_AES_256_CBC_SHA256, TLS_ECDHE_ECDSA_WITH_AES_256_CBC_SHA, TLS_ECDHE_RSA_WITH_AES_256_CBC_SHA, TLS_RSA_WITH_AES_256_CBC_SHA, TLS_ECDH_ECDSA_WITH_AES_256_CBC_SHA, TLS_ECDH_RSA_WITH_AES_256_CBC_SHA, TLS_DHE_RSA_WITH_AES_256_CBC_SHA, TLS_DHE_DSS_WITH_AES_256_CBC_SHA, TLS_ECDHE_ECDSA_WITH_AES_128_CBC_SHA256, TLS_ECDHE_RSA_WITH_AES_128_CBC_SHA256, TLS_RSA_WITH_AES_128_CBC_SHA256, TLS_ECDH_ECDSA_WITH_AES_128_CBC_SHA256, TLS_ECDH_RSA_WITH_AES_128_CBC_SHA256, TLS_DHE_RSA_WITH_AES_128_CBC_SHA256, TLS_DHE_DSS_WITH_AES_128_CBC_SHA256, TLS_ECDHE_ECDSA_WITH_AES_128_CBC_SHA, TLS_ECDHE_RSA_WITH_AES_128_CBC_SHA, TLS_RSA_WITH_AES_128_CBC_SHA, TLS_ECDH_ECDSA_WITH_AES_128_CBC_SHA, TLS_ECDH_RSA_WITH_AES_128_CBC_SHA, TLS_DHE_RSA_WITH_AES_128_CBC_SHA, TLS_DHE_DSS_WITH_AES_128_CBC_SHA, TLS_ECDHE_ECDSA_WITH_AES_256_GCM_SHA384, TLS_ECDHE_ECDSA_WITH_AES_128_GCM_SHA256, TLS_ECDHE_RSA_WITH_AES_256_GCM_SHA384, TLS_RSA_WITH_AES_256_GCM_SHA384, TLS_ECDH_ECDSA_WITH_AES_256_GCM_SHA384, TLS_ECDH_RSA_WITH_AES_256_GCM_SHA384, TLS_DHE_RSA_WITH_AES_256_GCM_SHA384, TLS_DHE_DSS_WITH_AES_256_GCM_SHA384, TLS_ECDHE_RSA_WITH_AES_128_GCM_SHA256, TLS_RSA_WITH_AES_128_GCM_SHA256, TLS_ECDH_ECDSA_WITH_AES_128_GCM_SHA256, TLS_ECDH_RSA_WITH_AES_128_GCM_SHA256, TLS_DHE_RSA_WITH_AES_128_GCM_SHA256, TLS_DHE_DSS_WITH_AES_128_GCM_SHA256]
11:39:19.487 [pool-1-thread-1] DEBUG karate.org.apache.http.conn.ssl.SSLConnectionSocketFactory - Starting handshake
11:39:19.599 [pool-1-thread-1] DEBUG karate.org.apache.http.conn.ssl.SSLConnectionSocketFactory - Secure session established
11:39:19.599 [pool-1-thread-1] DEBUG karate.org.apache.http.conn.ssl.SSLConnectionSocketFactory -  negotiated protocol: TLSv1.2
11:39:19.599 [pool-1-thread-1] DEBUG karate.org.apache.http.conn.ssl.SSLConnectionSocketFactory -  negotiated cipher suite: TLS_ECDHE_RSA_WITH_AES_128_GCM_SHA256
11:39:19.599 [pool-1-thread-1] DEBUG karate.org.apache.http.conn.ssl.SSLConnectionSocketFactory -  peer principal: CN=ops.enerbit.dev
11:39:19.599 [pool-1-thread-1] DEBUG karate.org.apache.http.conn.ssl.SSLConnectionSocketFactory -  peer alternative names: [ops.enerbit.dev]
11:39:19.599 [pool-1-thread-1] DEBUG karate.org.apache.http.conn.ssl.SSLConnectionSocketFactory -  issuer principal: CN=R3, O=Let's Encrypt, C=US
11:39:19.599 [pool-1-thread-1] DEBUG karate.org.apache.http.impl.conn.DefaultHttpClientConnectionOperator - Connection established 192.168.1.4:56943<->20.65.19.185:443
11:39:19.599 [pool-1-thread-1] DEBUG karate.org.apache.http.impl.conn.DefaultManagedHttpClientConnection - http-outgoing-23: set socket timeout to 30000
11:39:19.599 [pool-1-thread-1] DEBUG karate.org.apache.http.impl.execchain.MainClientExec - Executing request PATCH /learning/api/v1/meters/421 HTTP/1.1
11:39:19.599 [pool-1-thread-1] DEBUG karate.org.apache.http.impl.execchain.MainClientExec - Target auth state: UNCHALLENGED
11:39:19.599 [pool-1-thread-1] DEBUG karate.org.apache.http.impl.execchain.MainClientExec - Proxy auth state: UNCHALLENGED
11:39:19.600 [pool-1-thread-1] DEBUG karate.org.apache.http.headers - http-outgoing-23 >> PATCH /learning/api/v1/meters/421 HTTP/1.1
11:39:19.600 [pool-1-thread-1] DEBUG karate.org.apache.http.headers - http-outgoing-23 >> Content-Type: application/json; charset=UTF-8
11:39:19.600 [pool-1-thread-1] DEBUG karate.org.apache.http.headers - http-outgoing-23 >> Content-Length: 261
11:39:19.600 [pool-1-thread-1] DEBUG karate.org.apache.http.headers - http-outgoing-23 >> Host: ops.enerbit.dev
11:39:19.600 [pool-1-thread-1] DEBUG karate.org.apache.http.headers - http-outgoing-23 >> Connection: Keep-Alive
11:39:19.600 [pool-1-thread-1] DEBUG karate.org.apache.http.headers - http-outgoing-23 >> User-Agent: Apache-HttpClient/4.5.13 (Java/1.8.0_202)
11:39:19.600 [pool-1-thread-1] DEBUG karate.org.apache.http.headers - http-outgoing-23 >> Accept-Encoding: gzip,deflate
11:39:19.600 [pool-1-thread-1] DEBUG karate.org.apache.http.wire - http-outgoing-23 >> "PATCH /learning/api/v1/meters/421 HTTP/1.1[\r][\n]"
11:39:19.600 [pool-1-thread-1] DEBUG karate.org.apache.http.wire - http-outgoing-23 >> "Content-Type: application/json; charset=UTF-8[\r][\n]"
11:39:19.600 [pool-1-thread-1] DEBUG karate.org.apache.http.wire - http-outgoing-23 >> "Content-Length: 261[\r][\n]"
11:39:19.600 [pool-1-thread-1] DEBUG karate.org.apache.http.wire - http-outgoing-23 >> "Host: ops.enerbit.dev[\r][\n]"
11:39:19.600 [pool-1-thread-1] DEBUG karate.org.apache.http.wire - http-outgoing-23 >> "Connection: Keep-Alive[\r][\n]"
11:39:19.600 [pool-1-thread-1] DEBUG karate.org.apache.http.wire - http-outgoing-23 >> "User-Agent: Apache-HttpClient/4.5.13 (Java/1.8.0_202)[\r][\n]"
11:39:19.600 [pool-1-thread-1] DEBUG karate.org.apache.http.wire - http-outgoing-23 >> "Accept-Encoding: gzip,deflate[\r][\n]"
11:39:19.600 [pool-1-thread-1] DEBUG karate.org.apache.http.wire - http-outgoing-23 >> "[\r][\n]"
11:39:19.600 [pool-1-thread-1] DEBUG karate.org.apache.http.wire - http-outgoing-23 >> "{"serial":"3424234233kj","connection_type":"directa","storage_system":"interno","condition":"nuevo","owner":"invalid data","location":"Almacen ","manufacturer":"yes","purchase":"2022-07-28 03:08:49.340514","i_max":6345.654,"i_b":21.5,"i_n":876.5,"seals":545.65}"
11:39:19.690 [pool-1-thread-2] DEBUG karate.org.apache.http.wire - http-outgoing-22 << "HTTP/1.1 201 Created[\r][\n]"
11:39:19.690 [pool-1-thread-2] DEBUG karate.org.apache.http.wire - http-outgoing-22 << "Date: Sun, 02 Jul 2023 16:39:20 GMT[\r][\n]"
11:39:19.690 [pool-1-thread-2] DEBUG karate.org.apache.http.wire - http-outgoing-22 << "Content-Type: application/json[\r][\n]"
11:39:19.690 [pool-1-thread-2] DEBUG karate.org.apache.http.wire - http-outgoing-22 << "Content-Length: 320[\r][\n]"
11:39:19.690 [pool-1-thread-2] DEBUG karate.org.apache.http.wire - http-outgoing-22 << "Connection: keep-alive[\r][\n]"
11:39:19.690 [pool-1-thread-2] DEBUG karate.org.apache.http.wire - http-outgoing-22 << "Strict-Transport-Security: max-age=15724800; includeSubDomains[\r][\n]"
11:39:19.690 [pool-1-thread-2] DEBUG karate.org.apache.http.wire - http-outgoing-22 << "Access-Control-Allow-Origin: *[\r][\n]"
11:39:19.690 [pool-1-thread-2] DEBUG karate.org.apache.http.wire - http-outgoing-22 << "Access-Control-Allow-Credentials: true[\r][\n]"
11:39:19.690 [pool-1-thread-2] DEBUG karate.org.apache.http.wire - http-outgoing-22 << "Access-Control-Allow-Methods: GET, PUT, POST, DELETE, PATCH, OPTIONS[\r][\n]"
11:39:19.690 [pool-1-thread-2] DEBUG karate.org.apache.http.wire - http-outgoing-22 << "Access-Control-Allow-Headers: DNT,Keep-Alive,User-Agent,X-Requested-With,If-Modified-Since,Cache-Control,Content-Type,Range,Authorization[\r][\n]"
11:39:19.690 [pool-1-thread-2] DEBUG karate.org.apache.http.wire - http-outgoing-22 << "Access-Control-Max-Age: 1728000[\r][\n]"
11:39:19.690 [pool-1-thread-2] DEBUG karate.org.apache.http.wire - http-outgoing-22 << "[\r][\n]"
11:39:19.690 [pool-1-thread-2] DEBUG karate.org.apache.http.wire - http-outgoing-22 << "{"serial":"3424234233kj","connection_type":"directa","storage_system":"interno","condition":"nuevo","owner":"RF","location":"Almacen ","manufacturer":"yes","purchase":"2022-07-28 03:08:49.340514","i_max":6345.654,"i_b":21.5,"i_n":876.5,"seals":545.65,"id":422,"created_at":"2023-07-02T16:39:20.070056","updated_at":null}"
11:39:19.690 [pool-1-thread-2] DEBUG karate.org.apache.http.headers - http-outgoing-22 << HTTP/1.1 201 Created
11:39:19.690 [pool-1-thread-2] DEBUG karate.org.apache.http.headers - http-outgoing-22 << Date: Sun, 02 Jul 2023 16:39:20 GMT
11:39:19.690 [pool-1-thread-2] DEBUG karate.org.apache.http.headers - http-outgoing-22 << Content-Type: application/json
11:39:19.690 [pool-1-thread-2] DEBUG karate.org.apache.http.headers - http-outgoing-22 << Content-Length: 320
11:39:19.690 [pool-1-thread-2] DEBUG karate.org.apache.http.headers - http-outgoing-22 << Connection: keep-alive
11:39:19.690 [pool-1-thread-2] DEBUG karate.org.apache.http.headers - http-outgoing-22 << Strict-Transport-Security: max-age=15724800; includeSubDomains
11:39:19.690 [pool-1-thread-2] DEBUG karate.org.apache.http.headers - http-outgoing-22 << Access-Control-Allow-Origin: *
11:39:19.690 [pool-1-thread-2] DEBUG karate.org.apache.http.headers - http-outgoing-22 << Access-Control-Allow-Credentials: true
11:39:19.690 [pool-1-thread-2] DEBUG karate.org.apache.http.headers - http-outgoing-22 << Access-Control-Allow-Methods: GET, PUT, POST, DELETE, PATCH, OPTIONS
11:39:19.690 [pool-1-thread-2] DEBUG karate.org.apache.http.headers - http-outgoing-22 << Access-Control-Allow-Headers: DNT,Keep-Alive,User-Agent,X-Requested-With,If-Modified-Since,Cache-Control,Content-Type,Range,Authorization
11:39:19.690 [pool-1-thread-2] DEBUG karate.org.apache.http.headers - http-outgoing-22 << Access-Control-Max-Age: 1728000
11:39:19.690 [pool-1-thread-2] DEBUG karate.org.apache.http.impl.execchain.MainClientExec - Connection can be kept alive indefinitely
11:39:19.690 [pool-1-thread-2] DEBUG karate.org.apache.http.impl.conn.PoolingHttpClientConnectionManager - Connection [id: 22][route: {s}->https://ops.enerbit.dev:443] can be kept alive indefinitely
11:39:19.690 [pool-1-thread-2] DEBUG karate.org.apache.http.impl.conn.DefaultManagedHttpClientConnection - http-outgoing-22: set socket timeout to 0
11:39:19.690 [pool-1-thread-2] DEBUG karate.org.apache.http.impl.conn.PoolingHttpClientConnectionManager - Connection released: [id: 22][route: {s}->https://ops.enerbit.dev:443][total available: 1; route allocated: 1 of 5; total allocated: 1 of 10]
11:39:19.691 [pool-1-thread-2] DEBUG com.intuit.karate - response time in milliseconds: 473
1 < 201
1 < Date: Sun, 02 Jul 2023 16:39:20 GMT
1 < Content-Type: application/json
1 < Content-Length: 320
1 < Connection: keep-alive
1 < Strict-Transport-Security: max-age=15724800; includeSubDomains
1 < Access-Control-Allow-Origin: *
1 < Access-Control-Allow-Credentials: true
1 < Access-Control-Allow-Methods: GET, PUT, POST, DELETE, PATCH, OPTIONS
1 < Access-Control-Allow-Headers: DNT,Keep-Alive,User-Agent,X-Requested-With,If-Modified-Since,Cache-Control,Content-Type,Range,Authorization
1 < Access-Control-Max-Age: 1728000
{"serial":"3424234233kj","connection_type":"directa","storage_system":"interno","condition":"nuevo","owner":"RF","location":"Almacen ","manufacturer":"yes","purchase":"2022-07-28 03:08:49.340514","i_max":6345.654,"i_b":21.5,"i_n":876.5,"seals":545.65,"id":422,"created_at":"2023-07-02T16:39:20.070056","updated_at":null}

11:39:19.692 [pool-1-thread-2] DEBUG com.jayway.jsonpath.internal.path.CompiledPath - Evaluating path: $['id']
11:39:19.693 [pool-1-thread-2] DEBUG com.jayway.jsonpath.internal.path.CompiledPath - Evaluating path: $
11:39:19.695 [pool-1-thread-2] DEBUG karate.org.apache.http.client.protocol.RequestAddCookies - CookieSpec selected: karate
11:39:19.695 [pool-1-thread-2] DEBUG karate.org.apache.http.client.protocol.RequestAuthCache - Auth cache not set in the context
11:39:19.695 [pool-1-thread-2] DEBUG com.intuit.karate - request:
2 > PATCH https://ops.enerbit.dev/learning/api/v1/meters/422
2 > Content-Type: application/json; charset=UTF-8
2 > Content-Length: 249
2 > Host: ops.enerbit.dev
2 > Connection: Keep-Alive
2 > User-Agent: Apache-HttpClient/4.5.13 (Java/1.8.0_202)
2 > Accept-Encoding: gzip,deflate
{"serial":"3424234233kj","connection_type":"directa","storage_system":"interno","condition":"nuevo","owner":"RF","location":"","manufacturer":"yes","purchase":"2022-07-28 03:08:49.340514","i_max":"Invalid data","i_b":21.5,"i_n":876.5,"seals":545.65}

11:39:19.695 [pool-1-thread-2] DEBUG karate.org.apache.http.impl.conn.PoolingHttpClientConnectionManager - Connection request: [route: {s}->https://ops.enerbit.dev:443][total available: 0; route allocated: 0 of 5; total allocated: 0 of 10]
11:39:19.695 [pool-1-thread-2] DEBUG karate.org.apache.http.impl.conn.PoolingHttpClientConnectionManager - Connection leased: [id: 24][route: {s}->https://ops.enerbit.dev:443][total available: 0; route allocated: 1 of 5; total allocated: 1 of 10]
11:39:19.695 [pool-1-thread-2] DEBUG karate.org.apache.http.impl.execchain.MainClientExec - Opening connection {s}->https://ops.enerbit.dev:443
11:39:19.696 [pool-1-thread-2] DEBUG karate.org.apache.http.impl.conn.DefaultHttpClientConnectionOperator - Connecting to ops.enerbit.dev/20.65.19.185:443
11:39:19.696 [pool-1-thread-2] DEBUG karate.org.apache.http.conn.ssl.SSLConnectionSocketFactory - Connecting socket to ops.enerbit.dev/20.65.19.185:443 with timeout 30000
11:39:19.779 [pool-1-thread-2] DEBUG karate.org.apache.http.conn.ssl.SSLConnectionSocketFactory - Enabled protocols: [TLSv1, TLSv1.1, TLSv1.2]
11:39:19.779 [pool-1-thread-2] DEBUG karate.org.apache.http.conn.ssl.SSLConnectionSocketFactory - Enabled cipher suites:[TLS_ECDHE_ECDSA_WITH_AES_256_CBC_SHA384, TLS_ECDHE_RSA_WITH_AES_256_CBC_SHA384, TLS_RSA_WITH_AES_256_CBC_SHA256, TLS_ECDH_ECDSA_WITH_AES_256_CBC_SHA384, TLS_ECDH_RSA_WITH_AES_256_CBC_SHA384, TLS_DHE_RSA_WITH_AES_256_CBC_SHA256, TLS_DHE_DSS_WITH_AES_256_CBC_SHA256, TLS_ECDHE_ECDSA_WITH_AES_256_CBC_SHA, TLS_ECDHE_RSA_WITH_AES_256_CBC_SHA, TLS_RSA_WITH_AES_256_CBC_SHA, TLS_ECDH_ECDSA_WITH_AES_256_CBC_SHA, TLS_ECDH_RSA_WITH_AES_256_CBC_SHA, TLS_DHE_RSA_WITH_AES_256_CBC_SHA, TLS_DHE_DSS_WITH_AES_256_CBC_SHA, TLS_ECDHE_ECDSA_WITH_AES_128_CBC_SHA256, TLS_ECDHE_RSA_WITH_AES_128_CBC_SHA256, TLS_RSA_WITH_AES_128_CBC_SHA256, TLS_ECDH_ECDSA_WITH_AES_128_CBC_SHA256, TLS_ECDH_RSA_WITH_AES_128_CBC_SHA256, TLS_DHE_RSA_WITH_AES_128_CBC_SHA256, TLS_DHE_DSS_WITH_AES_128_CBC_SHA256, TLS_ECDHE_ECDSA_WITH_AES_128_CBC_SHA, TLS_ECDHE_RSA_WITH_AES_128_CBC_SHA, TLS_RSA_WITH_AES_128_CBC_SHA, TLS_ECDH_ECDSA_WITH_AES_128_CBC_SHA, TLS_ECDH_RSA_WITH_AES_128_CBC_SHA, TLS_DHE_RSA_WITH_AES_128_CBC_SHA, TLS_DHE_DSS_WITH_AES_128_CBC_SHA, TLS_ECDHE_ECDSA_WITH_AES_256_GCM_SHA384, TLS_ECDHE_ECDSA_WITH_AES_128_GCM_SHA256, TLS_ECDHE_RSA_WITH_AES_256_GCM_SHA384, TLS_RSA_WITH_AES_256_GCM_SHA384, TLS_ECDH_ECDSA_WITH_AES_256_GCM_SHA384, TLS_ECDH_RSA_WITH_AES_256_GCM_SHA384, TLS_DHE_RSA_WITH_AES_256_GCM_SHA384, TLS_DHE_DSS_WITH_AES_256_GCM_SHA384, TLS_ECDHE_RSA_WITH_AES_128_GCM_SHA256, TLS_RSA_WITH_AES_128_GCM_SHA256, TLS_ECDH_ECDSA_WITH_AES_128_GCM_SHA256, TLS_ECDH_RSA_WITH_AES_128_GCM_SHA256, TLS_DHE_RSA_WITH_AES_128_GCM_SHA256, TLS_DHE_DSS_WITH_AES_128_GCM_SHA256]
11:39:19.779 [pool-1-thread-2] DEBUG karate.org.apache.http.conn.ssl.SSLConnectionSocketFactory - Starting handshake
11:39:19.802 [pool-1-thread-1] DEBUG karate.org.apache.http.wire - http-outgoing-23 << "HTTP/1.1 422 Unprocessable Entity[\r][\n]"
11:39:19.802 [pool-1-thread-1] DEBUG karate.org.apache.http.wire - http-outgoing-23 << "Date: Sun, 02 Jul 2023 16:39:20 GMT[\r][\n]"
11:39:19.802 [pool-1-thread-1] DEBUG karate.org.apache.http.wire - http-outgoing-23 << "Content-Type: application/json[\r][\n]"
11:39:19.802 [pool-1-thread-1] DEBUG karate.org.apache.http.wire - http-outgoing-23 << "Content-Length: 167[\r][\n]"
11:39:19.802 [pool-1-thread-1] DEBUG karate.org.apache.http.wire - http-outgoing-23 << "Connection: keep-alive[\r][\n]"
11:39:19.802 [pool-1-thread-1] DEBUG karate.org.apache.http.wire - http-outgoing-23 << "Strict-Transport-Security: max-age=15724800; includeSubDomains[\r][\n]"
11:39:19.802 [pool-1-thread-1] DEBUG karate.org.apache.http.wire - http-outgoing-23 << "Access-Control-Allow-Origin: *[\r][\n]"
11:39:19.802 [pool-1-thread-1] DEBUG karate.org.apache.http.wire - http-outgoing-23 << "Access-Control-Allow-Credentials: true[\r][\n]"
11:39:19.802 [pool-1-thread-1] DEBUG karate.org.apache.http.wire - http-outgoing-23 << "Access-Control-Allow-Methods: GET, PUT, POST, DELETE, PATCH, OPTIONS[\r][\n]"
11:39:19.802 [pool-1-thread-1] DEBUG karate.org.apache.http.wire - http-outgoing-23 << "Access-Control-Allow-Headers: DNT,Keep-Alive,User-Agent,X-Requested-With,If-Modified-Since,Cache-Control,Content-Type,Range,Authorization[\r][\n]"
11:39:19.802 [pool-1-thread-1] DEBUG karate.org.apache.http.wire - http-outgoing-23 << "Access-Control-Max-Age: 1728000[\r][\n]"
11:39:19.802 [pool-1-thread-1] DEBUG karate.org.apache.http.wire - http-outgoing-23 << "[\r][\n]"
11:39:19.802 [pool-1-thread-1] DEBUG karate.org.apache.http.wire - http-outgoing-23 << "{"detail":[{"loc":["body","owner"],"msg":"value is not a valid enumeration member; permitted: 'RF', 'OR'","type":"type_error.enum","ctx":{"enum_values":["RF","OR"]}}]}"
11:39:19.802 [pool-1-thread-1] DEBUG karate.org.apache.http.headers - http-outgoing-23 << HTTP/1.1 422 Unprocessable Entity
11:39:19.802 [pool-1-thread-1] DEBUG karate.org.apache.http.headers - http-outgoing-23 << Date: Sun, 02 Jul 2023 16:39:20 GMT
11:39:19.802 [pool-1-thread-1] DEBUG karate.org.apache.http.headers - http-outgoing-23 << Content-Type: application/json
11:39:19.802 [pool-1-thread-1] DEBUG karate.org.apache.http.headers - http-outgoing-23 << Content-Length: 167
11:39:19.802 [pool-1-thread-1] DEBUG karate.org.apache.http.headers - http-outgoing-23 << Connection: keep-alive
11:39:19.802 [pool-1-thread-1] DEBUG karate.org.apache.http.headers - http-outgoing-23 << Strict-Transport-Security: max-age=15724800; includeSubDomains
11:39:19.802 [pool-1-thread-1] DEBUG karate.org.apache.http.headers - http-outgoing-23 << Access-Control-Allow-Origin: *
11:39:19.802 [pool-1-thread-1] DEBUG karate.org.apache.http.headers - http-outgoing-23 << Access-Control-Allow-Credentials: true
11:39:19.802 [pool-1-thread-1] DEBUG karate.org.apache.http.headers - http-outgoing-23 << Access-Control-Allow-Methods: GET, PUT, POST, DELETE, PATCH, OPTIONS
11:39:19.802 [pool-1-thread-1] DEBUG karate.org.apache.http.headers - http-outgoing-23 << Access-Control-Allow-Headers: DNT,Keep-Alive,User-Agent,X-Requested-With,If-Modified-Since,Cache-Control,Content-Type,Range,Authorization
11:39:19.802 [pool-1-thread-1] DEBUG karate.org.apache.http.headers - http-outgoing-23 << Access-Control-Max-Age: 1728000
11:39:19.802 [pool-1-thread-1] DEBUG karate.org.apache.http.impl.execchain.MainClientExec - Connection can be kept alive indefinitely
11:39:19.802 [pool-1-thread-1] DEBUG karate.org.apache.http.impl.conn.PoolingHttpClientConnectionManager - Connection [id: 23][route: {s}->https://ops.enerbit.dev:443] can be kept alive indefinitely
11:39:19.802 [pool-1-thread-1] DEBUG karate.org.apache.http.impl.conn.DefaultManagedHttpClientConnection - http-outgoing-23: set socket timeout to 0
11:39:19.802 [pool-1-thread-1] DEBUG karate.org.apache.http.impl.conn.PoolingHttpClientConnectionManager - Connection released: [id: 23][route: {s}->https://ops.enerbit.dev:443][total available: 1; route allocated: 1 of 5; total allocated: 1 of 10]
11:39:19.803 [pool-1-thread-1] DEBUG com.intuit.karate - response time in milliseconds: 398
2 < 422
2 < Date: Sun, 02 Jul 2023 16:39:20 GMT
2 < Content-Type: application/json
2 < Content-Length: 167
2 < Connection: keep-alive
2 < Strict-Transport-Security: max-age=15724800; includeSubDomains
2 < Access-Control-Allow-Origin: *
2 < Access-Control-Allow-Credentials: true
2 < Access-Control-Allow-Methods: GET, PUT, POST, DELETE, PATCH, OPTIONS
2 < Access-Control-Allow-Headers: DNT,Keep-Alive,User-Agent,X-Requested-With,If-Modified-Since,Cache-Control,Content-Type,Range,Authorization
2 < Access-Control-Max-Age: 1728000
{"detail":[{"loc":["body","owner"],"msg":"value is not a valid enumeration member; permitted: 'RF', 'OR'","type":"type_error.enum","ctx":{"enum_values":["RF","OR"]}}]}

11:39:19.806 [pool-1-thread-1] INFO com.intuit.karate.core.FeatureRuntime - classpath:meterManagerTest/meterPatch/../meterPost/utils-post.feature - call by tag at line 5: Createmeter
11:39:19.809 [pool-1-thread-1] DEBUG com.jayway.jsonpath.internal.path.CompiledPath - Evaluating path: $
11:39:19.810 [pool-1-thread-1] DEBUG karate.org.apache.http.client.protocol.RequestAddCookies - CookieSpec selected: karate
11:39:19.810 [pool-1-thread-1] DEBUG karate.org.apache.http.client.protocol.RequestAuthCache - Auth cache not set in the context
11:39:19.810 [pool-1-thread-1] DEBUG com.intuit.karate - request:
1 > POST https://ops.enerbit.dev/learning/api/v1/meters
1 > Content-Type: application/json; charset=UTF-8
1 > Content-Length: 251
1 > Host: ops.enerbit.dev
1 > Connection: Keep-Alive
1 > User-Agent: Apache-HttpClient/4.5.13 (Java/1.8.0_202)
1 > Accept-Encoding: gzip,deflate
{"serial":"3424234233kj","connection_type":"directa","storage_system":"interno","condition":"nuevo","owner":"RF","location":"Almacen ","manufacturer":"yes","purchase":"2022-07-28 03:08:49.340514","i_max":6345.654,"i_b":21.5,"i_n":876.5,"seals":545.65}

11:39:19.810 [pool-1-thread-1] DEBUG karate.org.apache.http.impl.conn.PoolingHttpClientConnectionManager - Connection request: [route: {s}->https://ops.enerbit.dev:443][total available: 0; route allocated: 0 of 5; total allocated: 0 of 10]
11:39:19.810 [pool-1-thread-1] DEBUG karate.org.apache.http.impl.conn.PoolingHttpClientConnectionManager - Connection leased: [id: 25][route: {s}->https://ops.enerbit.dev:443][total available: 0; route allocated: 1 of 5; total allocated: 1 of 10]
11:39:19.810 [pool-1-thread-1] DEBUG karate.org.apache.http.impl.execchain.MainClientExec - Opening connection {s}->https://ops.enerbit.dev:443
11:39:19.811 [pool-1-thread-1] DEBUG karate.org.apache.http.impl.conn.DefaultHttpClientConnectionOperator - Connecting to ops.enerbit.dev/20.65.19.185:443
11:39:19.811 [pool-1-thread-1] DEBUG karate.org.apache.http.conn.ssl.SSLConnectionSocketFactory - Connecting socket to ops.enerbit.dev/20.65.19.185:443 with timeout 30000
11:39:19.881 [pool-1-thread-2] DEBUG karate.org.apache.http.conn.ssl.SSLConnectionSocketFactory - Secure session established
11:39:19.881 [pool-1-thread-2] DEBUG karate.org.apache.http.conn.ssl.SSLConnectionSocketFactory -  negotiated protocol: TLSv1.2
11:39:19.881 [pool-1-thread-2] DEBUG karate.org.apache.http.conn.ssl.SSLConnectionSocketFactory -  negotiated cipher suite: TLS_ECDHE_RSA_WITH_AES_128_GCM_SHA256
11:39:19.881 [pool-1-thread-2] DEBUG karate.org.apache.http.conn.ssl.SSLConnectionSocketFactory -  peer principal: CN=ops.enerbit.dev
11:39:19.881 [pool-1-thread-2] DEBUG karate.org.apache.http.conn.ssl.SSLConnectionSocketFactory -  peer alternative names: [ops.enerbit.dev]
11:39:19.881 [pool-1-thread-2] DEBUG karate.org.apache.http.conn.ssl.SSLConnectionSocketFactory -  issuer principal: CN=R3, O=Let's Encrypt, C=US
11:39:19.881 [pool-1-thread-2] DEBUG karate.org.apache.http.impl.conn.DefaultHttpClientConnectionOperator - Connection established 192.168.1.4:56944<->20.65.19.185:443
11:39:19.881 [pool-1-thread-2] DEBUG karate.org.apache.http.impl.conn.DefaultManagedHttpClientConnection - http-outgoing-24: set socket timeout to 30000
11:39:19.881 [pool-1-thread-2] DEBUG karate.org.apache.http.impl.execchain.MainClientExec - Executing request PATCH /learning/api/v1/meters/422 HTTP/1.1
11:39:19.881 [pool-1-thread-2] DEBUG karate.org.apache.http.impl.execchain.MainClientExec - Target auth state: UNCHALLENGED
11:39:19.881 [pool-1-thread-2] DEBUG karate.org.apache.http.impl.execchain.MainClientExec - Proxy auth state: UNCHALLENGED
11:39:19.881 [pool-1-thread-2] DEBUG karate.org.apache.http.headers - http-outgoing-24 >> PATCH /learning/api/v1/meters/422 HTTP/1.1
11:39:19.881 [pool-1-thread-2] DEBUG karate.org.apache.http.headers - http-outgoing-24 >> Content-Type: application/json; charset=UTF-8
11:39:19.881 [pool-1-thread-2] DEBUG karate.org.apache.http.headers - http-outgoing-24 >> Content-Length: 249
11:39:19.881 [pool-1-thread-2] DEBUG karate.org.apache.http.headers - http-outgoing-24 >> Host: ops.enerbit.dev
11:39:19.881 [pool-1-thread-2] DEBUG karate.org.apache.http.headers - http-outgoing-24 >> Connection: Keep-Alive
11:39:19.881 [pool-1-thread-2] DEBUG karate.org.apache.http.headers - http-outgoing-24 >> User-Agent: Apache-HttpClient/4.5.13 (Java/1.8.0_202)
11:39:19.881 [pool-1-thread-2] DEBUG karate.org.apache.http.headers - http-outgoing-24 >> Accept-Encoding: gzip,deflate
11:39:19.881 [pool-1-thread-2] DEBUG karate.org.apache.http.wire - http-outgoing-24 >> "PATCH /learning/api/v1/meters/422 HTTP/1.1[\r][\n]"
11:39:19.881 [pool-1-thread-2] DEBUG karate.org.apache.http.wire - http-outgoing-24 >> "Content-Type: application/json; charset=UTF-8[\r][\n]"
11:39:19.881 [pool-1-thread-2] DEBUG karate.org.apache.http.wire - http-outgoing-24 >> "Content-Length: 249[\r][\n]"
11:39:19.881 [pool-1-thread-2] DEBUG karate.org.apache.http.wire - http-outgoing-24 >> "Host: ops.enerbit.dev[\r][\n]"
11:39:19.881 [pool-1-thread-2] DEBUG karate.org.apache.http.wire - http-outgoing-24 >> "Connection: Keep-Alive[\r][\n]"
11:39:19.881 [pool-1-thread-2] DEBUG karate.org.apache.http.wire - http-outgoing-24 >> "User-Agent: Apache-HttpClient/4.5.13 (Java/1.8.0_202)[\r][\n]"
11:39:19.881 [pool-1-thread-2] DEBUG karate.org.apache.http.wire - http-outgoing-24 >> "Accept-Encoding: gzip,deflate[\r][\n]"
11:39:19.881 [pool-1-thread-2] DEBUG karate.org.apache.http.wire - http-outgoing-24 >> "[\r][\n]"
11:39:19.881 [pool-1-thread-2] DEBUG karate.org.apache.http.wire - http-outgoing-24 >> "{"serial":"3424234233kj","connection_type":"directa","storage_system":"interno","condition":"nuevo","owner":"RF","location":"","manufacturer":"yes","purchase":"2022-07-28 03:08:49.340514","i_max":"Invalid data","i_b":21.5,"i_n":876.5,"seals":545.65}"
11:39:19.892 [pool-1-thread-1] DEBUG karate.org.apache.http.conn.ssl.SSLConnectionSocketFactory - Enabled protocols: [TLSv1, TLSv1.1, TLSv1.2]
11:39:19.892 [pool-1-thread-1] DEBUG karate.org.apache.http.conn.ssl.SSLConnectionSocketFactory - Enabled cipher suites:[TLS_ECDHE_ECDSA_WITH_AES_256_CBC_SHA384, TLS_ECDHE_RSA_WITH_AES_256_CBC_SHA384, TLS_RSA_WITH_AES_256_CBC_SHA256, TLS_ECDH_ECDSA_WITH_AES_256_CBC_SHA384, TLS_ECDH_RSA_WITH_AES_256_CBC_SHA384, TLS_DHE_RSA_WITH_AES_256_CBC_SHA256, TLS_DHE_DSS_WITH_AES_256_CBC_SHA256, TLS_ECDHE_ECDSA_WITH_AES_256_CBC_SHA, TLS_ECDHE_RSA_WITH_AES_256_CBC_SHA, TLS_RSA_WITH_AES_256_CBC_SHA, TLS_ECDH_ECDSA_WITH_AES_256_CBC_SHA, TLS_ECDH_RSA_WITH_AES_256_CBC_SHA, TLS_DHE_RSA_WITH_AES_256_CBC_SHA, TLS_DHE_DSS_WITH_AES_256_CBC_SHA, TLS_ECDHE_ECDSA_WITH_AES_128_CBC_SHA256, TLS_ECDHE_RSA_WITH_AES_128_CBC_SHA256, TLS_RSA_WITH_AES_128_CBC_SHA256, TLS_ECDH_ECDSA_WITH_AES_128_CBC_SHA256, TLS_ECDH_RSA_WITH_AES_128_CBC_SHA256, TLS_DHE_RSA_WITH_AES_128_CBC_SHA256, TLS_DHE_DSS_WITH_AES_128_CBC_SHA256, TLS_ECDHE_ECDSA_WITH_AES_128_CBC_SHA, TLS_ECDHE_RSA_WITH_AES_128_CBC_SHA, TLS_RSA_WITH_AES_128_CBC_SHA, TLS_ECDH_ECDSA_WITH_AES_128_CBC_SHA, TLS_ECDH_RSA_WITH_AES_128_CBC_SHA, TLS_DHE_RSA_WITH_AES_128_CBC_SHA, TLS_DHE_DSS_WITH_AES_128_CBC_SHA, TLS_ECDHE_ECDSA_WITH_AES_256_GCM_SHA384, TLS_ECDHE_ECDSA_WITH_AES_128_GCM_SHA256, TLS_ECDHE_RSA_WITH_AES_256_GCM_SHA384, TLS_RSA_WITH_AES_256_GCM_SHA384, TLS_ECDH_ECDSA_WITH_AES_256_GCM_SHA384, TLS_ECDH_RSA_WITH_AES_256_GCM_SHA384, TLS_DHE_RSA_WITH_AES_256_GCM_SHA384, TLS_DHE_DSS_WITH_AES_256_GCM_SHA384, TLS_ECDHE_RSA_WITH_AES_128_GCM_SHA256, TLS_RSA_WITH_AES_128_GCM_SHA256, TLS_ECDH_ECDSA_WITH_AES_128_GCM_SHA256, TLS_ECDH_RSA_WITH_AES_128_GCM_SHA256, TLS_DHE_RSA_WITH_AES_128_GCM_SHA256, TLS_DHE_DSS_WITH_AES_128_GCM_SHA256]
11:39:19.892 [pool-1-thread-1] DEBUG karate.org.apache.http.conn.ssl.SSLConnectionSocketFactory - Starting handshake
11:39:19.992 [pool-1-thread-1] DEBUG karate.org.apache.http.conn.ssl.SSLConnectionSocketFactory - Secure session established
11:39:19.993 [pool-1-thread-1] DEBUG karate.org.apache.http.conn.ssl.SSLConnectionSocketFactory -  negotiated protocol: TLSv1.2
11:39:19.993 [pool-1-thread-1] DEBUG karate.org.apache.http.conn.ssl.SSLConnectionSocketFactory -  negotiated cipher suite: TLS_ECDHE_RSA_WITH_AES_128_GCM_SHA256
11:39:19.993 [pool-1-thread-1] DEBUG karate.org.apache.http.conn.ssl.SSLConnectionSocketFactory -  peer principal: CN=ops.enerbit.dev
11:39:19.993 [pool-1-thread-1] DEBUG karate.org.apache.http.conn.ssl.SSLConnectionSocketFactory -  peer alternative names: [ops.enerbit.dev]
11:39:19.993 [pool-1-thread-1] DEBUG karate.org.apache.http.conn.ssl.SSLConnectionSocketFactory -  issuer principal: CN=R3, O=Let's Encrypt, C=US
11:39:19.993 [pool-1-thread-1] DEBUG karate.org.apache.http.impl.conn.DefaultHttpClientConnectionOperator - Connection established 192.168.1.4:56945<->20.65.19.185:443
11:39:19.993 [pool-1-thread-1] DEBUG karate.org.apache.http.impl.conn.DefaultManagedHttpClientConnection - http-outgoing-25: set socket timeout to 30000
11:39:19.993 [pool-1-thread-1] DEBUG karate.org.apache.http.impl.execchain.MainClientExec - Executing request POST /learning/api/v1/meters HTTP/1.1
11:39:19.993 [pool-1-thread-1] DEBUG karate.org.apache.http.impl.execchain.MainClientExec - Target auth state: UNCHALLENGED
11:39:19.993 [pool-1-thread-1] DEBUG karate.org.apache.http.impl.execchain.MainClientExec - Proxy auth state: UNCHALLENGED
11:39:19.993 [pool-1-thread-1] DEBUG karate.org.apache.http.headers - http-outgoing-25 >> POST /learning/api/v1/meters HTTP/1.1
11:39:19.993 [pool-1-thread-1] DEBUG karate.org.apache.http.headers - http-outgoing-25 >> Content-Type: application/json; charset=UTF-8
11:39:19.993 [pool-1-thread-1] DEBUG karate.org.apache.http.headers - http-outgoing-25 >> Content-Length: 251
11:39:19.993 [pool-1-thread-1] DEBUG karate.org.apache.http.headers - http-outgoing-25 >> Host: ops.enerbit.dev
11:39:19.993 [pool-1-thread-1] DEBUG karate.org.apache.http.headers - http-outgoing-25 >> Connection: Keep-Alive
11:39:19.993 [pool-1-thread-1] DEBUG karate.org.apache.http.headers - http-outgoing-25 >> User-Agent: Apache-HttpClient/4.5.13 (Java/1.8.0_202)
11:39:19.993 [pool-1-thread-1] DEBUG karate.org.apache.http.headers - http-outgoing-25 >> Accept-Encoding: gzip,deflate
11:39:19.993 [pool-1-thread-1] DEBUG karate.org.apache.http.wire - http-outgoing-25 >> "POST /learning/api/v1/meters HTTP/1.1[\r][\n]"
11:39:19.993 [pool-1-thread-1] DEBUG karate.org.apache.http.wire - http-outgoing-25 >> "Content-Type: application/json; charset=UTF-8[\r][\n]"
11:39:19.993 [pool-1-thread-1] DEBUG karate.org.apache.http.wire - http-outgoing-25 >> "Content-Length: 251[\r][\n]"
11:39:19.993 [pool-1-thread-1] DEBUG karate.org.apache.http.wire - http-outgoing-25 >> "Host: ops.enerbit.dev[\r][\n]"
11:39:19.993 [pool-1-thread-1] DEBUG karate.org.apache.http.wire - http-outgoing-25 >> "Connection: Keep-Alive[\r][\n]"
11:39:19.993 [pool-1-thread-1] DEBUG karate.org.apache.http.wire - http-outgoing-25 >> "User-Agent: Apache-HttpClient/4.5.13 (Java/1.8.0_202)[\r][\n]"
11:39:19.993 [pool-1-thread-1] DEBUG karate.org.apache.http.wire - http-outgoing-25 >> "Accept-Encoding: gzip,deflate[\r][\n]"
11:39:19.993 [pool-1-thread-1] DEBUG karate.org.apache.http.wire - http-outgoing-25 >> "[\r][\n]"
11:39:19.993 [pool-1-thread-1] DEBUG karate.org.apache.http.wire - http-outgoing-25 >> "{"serial":"3424234233kj","connection_type":"directa","storage_system":"interno","condition":"nuevo","owner":"RF","location":"Almacen ","manufacturer":"yes","purchase":"2022-07-28 03:08:49.340514","i_max":6345.654,"i_b":21.5,"i_n":876.5,"seals":545.65}"
11:39:20.022 [pool-1-thread-2] DEBUG karate.org.apache.http.wire - http-outgoing-24 << "HTTP/1.1 422 Unprocessable Entity[\r][\n]"
11:39:20.022 [pool-1-thread-2] DEBUG karate.org.apache.http.wire - http-outgoing-24 << "Date: Sun, 02 Jul 2023 16:39:20 GMT[\r][\n]"
11:39:20.022 [pool-1-thread-2] DEBUG karate.org.apache.http.wire - http-outgoing-24 << "Content-Type: application/json[\r][\n]"
11:39:20.022 [pool-1-thread-2] DEBUG karate.org.apache.http.wire - http-outgoing-24 << "Content-Length: 98[\r][\n]"
11:39:20.022 [pool-1-thread-2] DEBUG karate.org.apache.http.wire - http-outgoing-24 << "Connection: keep-alive[\r][\n]"
11:39:20.022 [pool-1-thread-2] DEBUG karate.org.apache.http.wire - http-outgoing-24 << "Strict-Transport-Security: max-age=15724800; includeSubDomains[\r][\n]"
11:39:20.022 [pool-1-thread-2] DEBUG karate.org.apache.http.wire - http-outgoing-24 << "Access-Control-Allow-Origin: *[\r][\n]"
11:39:20.022 [pool-1-thread-2] DEBUG karate.org.apache.http.wire - http-outgoing-24 << "Access-Control-Allow-Credentials: true[\r][\n]"
11:39:20.022 [pool-1-thread-2] DEBUG karate.org.apache.http.wire - http-outgoing-24 << "Access-Control-Allow-Methods: GET, PUT, POST, DELETE, PATCH, OPTIONS[\r][\n]"
11:39:20.022 [pool-1-thread-2] DEBUG karate.org.apache.http.wire - http-outgoing-24 << "Access-Control-Allow-Headers: DNT,Keep-Alive,User-Agent,X-Requested-With,If-Modified-Since,Cache-Control,Content-Type,Range,Authorization[\r][\n]"
11:39:20.022 [pool-1-thread-2] DEBUG karate.org.apache.http.wire - http-outgoing-24 << "Access-Control-Max-Age: 1728000[\r][\n]"
11:39:20.022 [pool-1-thread-2] DEBUG karate.org.apache.http.wire - http-outgoing-24 << "[\r][\n]"
11:39:20.022 [pool-1-thread-2] DEBUG karate.org.apache.http.wire - http-outgoing-24 << "{"detail":[{"loc":["body","i_max"],"msg":"value is not a valid float","type":"type_error.float"}]}"
11:39:20.022 [pool-1-thread-2] DEBUG karate.org.apache.http.headers - http-outgoing-24 << HTTP/1.1 422 Unprocessable Entity
11:39:20.022 [pool-1-thread-2] DEBUG karate.org.apache.http.headers - http-outgoing-24 << Date: Sun, 02 Jul 2023 16:39:20 GMT
11:39:20.022 [pool-1-thread-2] DEBUG karate.org.apache.http.headers - http-outgoing-24 << Content-Type: application/json
11:39:20.022 [pool-1-thread-2] DEBUG karate.org.apache.http.headers - http-outgoing-24 << Content-Length: 98
11:39:20.022 [pool-1-thread-2] DEBUG karate.org.apache.http.headers - http-outgoing-24 << Connection: keep-alive
11:39:20.022 [pool-1-thread-2] DEBUG karate.org.apache.http.headers - http-outgoing-24 << Strict-Transport-Security: max-age=15724800; includeSubDomains
11:39:20.022 [pool-1-thread-2] DEBUG karate.org.apache.http.headers - http-outgoing-24 << Access-Control-Allow-Origin: *
11:39:20.022 [pool-1-thread-2] DEBUG karate.org.apache.http.headers - http-outgoing-24 << Access-Control-Allow-Credentials: true
11:39:20.022 [pool-1-thread-2] DEBUG karate.org.apache.http.headers - http-outgoing-24 << Access-Control-Allow-Methods: GET, PUT, POST, DELETE, PATCH, OPTIONS
11:39:20.022 [pool-1-thread-2] DEBUG karate.org.apache.http.headers - http-outgoing-24 << Access-Control-Allow-Headers: DNT,Keep-Alive,User-Agent,X-Requested-With,If-Modified-Since,Cache-Control,Content-Type,Range,Authorization
11:39:20.022 [pool-1-thread-2] DEBUG karate.org.apache.http.headers - http-outgoing-24 << Access-Control-Max-Age: 1728000
11:39:20.022 [pool-1-thread-2] DEBUG karate.org.apache.http.impl.execchain.MainClientExec - Connection can be kept alive indefinitely
11:39:20.022 [pool-1-thread-2] DEBUG karate.org.apache.http.impl.conn.PoolingHttpClientConnectionManager - Connection [id: 24][route: {s}->https://ops.enerbit.dev:443] can be kept alive indefinitely
11:39:20.022 [pool-1-thread-2] DEBUG karate.org.apache.http.impl.conn.DefaultManagedHttpClientConnection - http-outgoing-24: set socket timeout to 0
11:39:20.022 [pool-1-thread-2] DEBUG karate.org.apache.http.impl.conn.PoolingHttpClientConnectionManager - Connection released: [id: 24][route: {s}->https://ops.enerbit.dev:443][total available: 1; route allocated: 1 of 5; total allocated: 1 of 10]
11:39:20.022 [pool-1-thread-2] DEBUG com.intuit.karate - response time in milliseconds: 327
2 < 422
2 < Date: Sun, 02 Jul 2023 16:39:20 GMT
2 < Content-Type: application/json
2 < Content-Length: 98
2 < Connection: keep-alive
2 < Strict-Transport-Security: max-age=15724800; includeSubDomains
2 < Access-Control-Allow-Origin: *
2 < Access-Control-Allow-Credentials: true
2 < Access-Control-Allow-Methods: GET, PUT, POST, DELETE, PATCH, OPTIONS
2 < Access-Control-Allow-Headers: DNT,Keep-Alive,User-Agent,X-Requested-With,If-Modified-Since,Cache-Control,Content-Type,Range,Authorization
2 < Access-Control-Max-Age: 1728000
{"detail":[{"loc":["body","i_max"],"msg":"value is not a valid float","type":"type_error.float"}]}

11:39:20.027 [pool-1-thread-2] INFO com.intuit.karate.core.FeatureRuntime - classpath:meterManagerTest/meterPatch/../meterPost/utils-post.feature - call by tag at line 5: Createmeter
11:39:20.030 [pool-1-thread-2] DEBUG com.jayway.jsonpath.internal.path.CompiledPath - Evaluating path: $
11:39:20.032 [pool-1-thread-2] DEBUG karate.org.apache.http.client.protocol.RequestAddCookies - CookieSpec selected: karate
11:39:20.032 [pool-1-thread-2] DEBUG karate.org.apache.http.client.protocol.RequestAuthCache - Auth cache not set in the context
11:39:20.032 [pool-1-thread-2] DEBUG com.intuit.karate - request:
1 > POST https://ops.enerbit.dev/learning/api/v1/meters
1 > Content-Type: application/json; charset=UTF-8
1 > Content-Length: 251
1 > Host: ops.enerbit.dev
1 > Connection: Keep-Alive
1 > User-Agent: Apache-HttpClient/4.5.13 (Java/1.8.0_202)
1 > Accept-Encoding: gzip,deflate
{"serial":"3424234233kj","connection_type":"directa","storage_system":"interno","condition":"nuevo","owner":"RF","location":"Almacen ","manufacturer":"yes","purchase":"2022-07-28 03:08:49.340514","i_max":6345.654,"i_b":21.5,"i_n":876.5,"seals":545.65}

11:39:20.032 [pool-1-thread-2] DEBUG karate.org.apache.http.impl.conn.PoolingHttpClientConnectionManager - Connection request: [route: {s}->https://ops.enerbit.dev:443][total available: 0; route allocated: 0 of 5; total allocated: 0 of 10]
11:39:20.032 [pool-1-thread-2] DEBUG karate.org.apache.http.impl.conn.PoolingHttpClientConnectionManager - Connection leased: [id: 26][route: {s}->https://ops.enerbit.dev:443][total available: 0; route allocated: 1 of 5; total allocated: 1 of 10]
11:39:20.033 [pool-1-thread-2] DEBUG karate.org.apache.http.impl.execchain.MainClientExec - Opening connection {s}->https://ops.enerbit.dev:443
11:39:20.033 [pool-1-thread-2] DEBUG karate.org.apache.http.impl.conn.DefaultHttpClientConnectionOperator - Connecting to ops.enerbit.dev/20.65.19.185:443
11:39:20.033 [pool-1-thread-2] DEBUG karate.org.apache.http.conn.ssl.SSLConnectionSocketFactory - Connecting socket to ops.enerbit.dev/20.65.19.185:443 with timeout 30000
11:39:20.112 [pool-1-thread-2] DEBUG karate.org.apache.http.conn.ssl.SSLConnectionSocketFactory - Enabled protocols: [TLSv1, TLSv1.1, TLSv1.2]
11:39:20.112 [pool-1-thread-2] DEBUG karate.org.apache.http.conn.ssl.SSLConnectionSocketFactory - Enabled cipher suites:[TLS_ECDHE_ECDSA_WITH_AES_256_CBC_SHA384, TLS_ECDHE_RSA_WITH_AES_256_CBC_SHA384, TLS_RSA_WITH_AES_256_CBC_SHA256, TLS_ECDH_ECDSA_WITH_AES_256_CBC_SHA384, TLS_ECDH_RSA_WITH_AES_256_CBC_SHA384, TLS_DHE_RSA_WITH_AES_256_CBC_SHA256, TLS_DHE_DSS_WITH_AES_256_CBC_SHA256, TLS_ECDHE_ECDSA_WITH_AES_256_CBC_SHA, TLS_ECDHE_RSA_WITH_AES_256_CBC_SHA, TLS_RSA_WITH_AES_256_CBC_SHA, TLS_ECDH_ECDSA_WITH_AES_256_CBC_SHA, TLS_ECDH_RSA_WITH_AES_256_CBC_SHA, TLS_DHE_RSA_WITH_AES_256_CBC_SHA, TLS_DHE_DSS_WITH_AES_256_CBC_SHA, TLS_ECDHE_ECDSA_WITH_AES_128_CBC_SHA256, TLS_ECDHE_RSA_WITH_AES_128_CBC_SHA256, TLS_RSA_WITH_AES_128_CBC_SHA256, TLS_ECDH_ECDSA_WITH_AES_128_CBC_SHA256, TLS_ECDH_RSA_WITH_AES_128_CBC_SHA256, TLS_DHE_RSA_WITH_AES_128_CBC_SHA256, TLS_DHE_DSS_WITH_AES_128_CBC_SHA256, TLS_ECDHE_ECDSA_WITH_AES_128_CBC_SHA, TLS_ECDHE_RSA_WITH_AES_128_CBC_SHA, TLS_RSA_WITH_AES_128_CBC_SHA, TLS_ECDH_ECDSA_WITH_AES_128_CBC_SHA, TLS_ECDH_RSA_WITH_AES_128_CBC_SHA, TLS_DHE_RSA_WITH_AES_128_CBC_SHA, TLS_DHE_DSS_WITH_AES_128_CBC_SHA, TLS_ECDHE_ECDSA_WITH_AES_256_GCM_SHA384, TLS_ECDHE_ECDSA_WITH_AES_128_GCM_SHA256, TLS_ECDHE_RSA_WITH_AES_256_GCM_SHA384, TLS_RSA_WITH_AES_256_GCM_SHA384, TLS_ECDH_ECDSA_WITH_AES_256_GCM_SHA384, TLS_ECDH_RSA_WITH_AES_256_GCM_SHA384, TLS_DHE_RSA_WITH_AES_256_GCM_SHA384, TLS_DHE_DSS_WITH_AES_256_GCM_SHA384, TLS_ECDHE_RSA_WITH_AES_128_GCM_SHA256, TLS_RSA_WITH_AES_128_GCM_SHA256, TLS_ECDH_ECDSA_WITH_AES_128_GCM_SHA256, TLS_ECDH_RSA_WITH_AES_128_GCM_SHA256, TLS_DHE_RSA_WITH_AES_128_GCM_SHA256, TLS_DHE_DSS_WITH_AES_128_GCM_SHA256]
11:39:20.112 [pool-1-thread-2] DEBUG karate.org.apache.http.conn.ssl.SSLConnectionSocketFactory - Starting handshake
11:39:20.215 [pool-1-thread-2] DEBUG karate.org.apache.http.conn.ssl.SSLConnectionSocketFactory - Secure session established
11:39:20.215 [pool-1-thread-2] DEBUG karate.org.apache.http.conn.ssl.SSLConnectionSocketFactory -  negotiated protocol: TLSv1.2
11:39:20.215 [pool-1-thread-2] DEBUG karate.org.apache.http.conn.ssl.SSLConnectionSocketFactory -  negotiated cipher suite: TLS_ECDHE_RSA_WITH_AES_128_GCM_SHA256
11:39:20.215 [pool-1-thread-2] DEBUG karate.org.apache.http.conn.ssl.SSLConnectionSocketFactory -  peer principal: CN=ops.enerbit.dev
11:39:20.215 [pool-1-thread-2] DEBUG karate.org.apache.http.conn.ssl.SSLConnectionSocketFactory -  peer alternative names: [ops.enerbit.dev]
11:39:20.215 [pool-1-thread-2] DEBUG karate.org.apache.http.conn.ssl.SSLConnectionSocketFactory -  issuer principal: CN=R3, O=Let's Encrypt, C=US
11:39:20.215 [pool-1-thread-2] DEBUG karate.org.apache.http.impl.conn.DefaultHttpClientConnectionOperator - Connection established 192.168.1.4:56947<->20.65.19.185:443
11:39:20.215 [pool-1-thread-2] DEBUG karate.org.apache.http.impl.conn.DefaultManagedHttpClientConnection - http-outgoing-26: set socket timeout to 30000
11:39:20.215 [pool-1-thread-2] DEBUG karate.org.apache.http.impl.execchain.MainClientExec - Executing request POST /learning/api/v1/meters HTTP/1.1
11:39:20.215 [pool-1-thread-2] DEBUG karate.org.apache.http.impl.execchain.MainClientExec - Target auth state: UNCHALLENGED
11:39:20.215 [pool-1-thread-2] DEBUG karate.org.apache.http.impl.execchain.MainClientExec - Proxy auth state: UNCHALLENGED
11:39:20.215 [pool-1-thread-2] DEBUG karate.org.apache.http.headers - http-outgoing-26 >> POST /learning/api/v1/meters HTTP/1.1
11:39:20.215 [pool-1-thread-2] DEBUG karate.org.apache.http.headers - http-outgoing-26 >> Content-Type: application/json; charset=UTF-8
11:39:20.215 [pool-1-thread-2] DEBUG karate.org.apache.http.headers - http-outgoing-26 >> Content-Length: 251
11:39:20.215 [pool-1-thread-2] DEBUG karate.org.apache.http.headers - http-outgoing-26 >> Host: ops.enerbit.dev
11:39:20.215 [pool-1-thread-2] DEBUG karate.org.apache.http.headers - http-outgoing-26 >> Connection: Keep-Alive
11:39:20.215 [pool-1-thread-2] DEBUG karate.org.apache.http.headers - http-outgoing-26 >> User-Agent: Apache-HttpClient/4.5.13 (Java/1.8.0_202)
11:39:20.215 [pool-1-thread-2] DEBUG karate.org.apache.http.headers - http-outgoing-26 >> Accept-Encoding: gzip,deflate
11:39:20.215 [pool-1-thread-2] DEBUG karate.org.apache.http.wire - http-outgoing-26 >> "POST /learning/api/v1/meters HTTP/1.1[\r][\n]"
11:39:20.215 [pool-1-thread-2] DEBUG karate.org.apache.http.wire - http-outgoing-26 >> "Content-Type: application/json; charset=UTF-8[\r][\n]"
11:39:20.215 [pool-1-thread-2] DEBUG karate.org.apache.http.wire - http-outgoing-26 >> "Content-Length: 251[\r][\n]"
11:39:20.215 [pool-1-thread-2] DEBUG karate.org.apache.http.wire - http-outgoing-26 >> "Host: ops.enerbit.dev[\r][\n]"
11:39:20.215 [pool-1-thread-2] DEBUG karate.org.apache.http.wire - http-outgoing-26 >> "Connection: Keep-Alive[\r][\n]"
11:39:20.215 [pool-1-thread-2] DEBUG karate.org.apache.http.wire - http-outgoing-26 >> "User-Agent: Apache-HttpClient/4.5.13 (Java/1.8.0_202)[\r][\n]"
11:39:20.215 [pool-1-thread-2] DEBUG karate.org.apache.http.wire - http-outgoing-26 >> "Accept-Encoding: gzip,deflate[\r][\n]"
11:39:20.215 [pool-1-thread-2] DEBUG karate.org.apache.http.wire - http-outgoing-26 >> "[\r][\n]"
11:39:20.216 [pool-1-thread-2] DEBUG karate.org.apache.http.wire - http-outgoing-26 >> "{"serial":"3424234233kj","connection_type":"directa","storage_system":"interno","condition":"nuevo","owner":"RF","location":"Almacen ","manufacturer":"yes","purchase":"2022-07-28 03:08:49.340514","i_max":6345.654,"i_b":21.5,"i_n":876.5,"seals":545.65}"
11:39:20.262 [pool-1-thread-1] DEBUG karate.org.apache.http.wire - http-outgoing-25 << "HTTP/1.1 201 Created[\r][\n]"
11:39:20.262 [pool-1-thread-1] DEBUG karate.org.apache.http.wire - http-outgoing-25 << "Date: Sun, 02 Jul 2023 16:39:20 GMT[\r][\n]"
11:39:20.262 [pool-1-thread-1] DEBUG karate.org.apache.http.wire - http-outgoing-25 << "Content-Type: application/json[\r][\n]"
11:39:20.262 [pool-1-thread-1] DEBUG karate.org.apache.http.wire - http-outgoing-25 << "Content-Length: 320[\r][\n]"
11:39:20.262 [pool-1-thread-1] DEBUG karate.org.apache.http.wire - http-outgoing-25 << "Connection: keep-alive[\r][\n]"
11:39:20.262 [pool-1-thread-1] DEBUG karate.org.apache.http.wire - http-outgoing-25 << "Strict-Transport-Security: max-age=15724800; includeSubDomains[\r][\n]"
11:39:20.262 [pool-1-thread-1] DEBUG karate.org.apache.http.wire - http-outgoing-25 << "Access-Control-Allow-Origin: *[\r][\n]"
11:39:20.262 [pool-1-thread-1] DEBUG karate.org.apache.http.wire - http-outgoing-25 << "Access-Control-Allow-Credentials: true[\r][\n]"
11:39:20.262 [pool-1-thread-1] DEBUG karate.org.apache.http.wire - http-outgoing-25 << "Access-Control-Allow-Methods: GET, PUT, POST, DELETE, PATCH, OPTIONS[\r][\n]"
11:39:20.262 [pool-1-thread-1] DEBUG karate.org.apache.http.wire - http-outgoing-25 << "Access-Control-Allow-Headers: DNT,Keep-Alive,User-Agent,X-Requested-With,If-Modified-Since,Cache-Control,Content-Type,Range,Authorization[\r][\n]"
11:39:20.262 [pool-1-thread-1] DEBUG karate.org.apache.http.wire - http-outgoing-25 << "Access-Control-Max-Age: 1728000[\r][\n]"
11:39:20.262 [pool-1-thread-1] DEBUG karate.org.apache.http.wire - http-outgoing-25 << "[\r][\n]"
11:39:20.262 [pool-1-thread-1] DEBUG karate.org.apache.http.wire - http-outgoing-25 << "{"serial":"3424234233kj","connection_type":"directa","storage_system":"interno","condition":"nuevo","owner":"RF","location":"Almacen ","manufacturer":"yes","purchase":"2022-07-28 03:08:49.340514","i_max":6345.654,"i_b":21.5,"i_n":876.5,"seals":545.65,"id":423,"created_at":"2023-07-02T16:39:20.654785","updated_at":null}"
11:39:20.262 [pool-1-thread-1] DEBUG karate.org.apache.http.headers - http-outgoing-25 << HTTP/1.1 201 Created
11:39:20.262 [pool-1-thread-1] DEBUG karate.org.apache.http.headers - http-outgoing-25 << Date: Sun, 02 Jul 2023 16:39:20 GMT
11:39:20.262 [pool-1-thread-1] DEBUG karate.org.apache.http.headers - http-outgoing-25 << Content-Type: application/json
11:39:20.262 [pool-1-thread-1] DEBUG karate.org.apache.http.headers - http-outgoing-25 << Content-Length: 320
11:39:20.262 [pool-1-thread-1] DEBUG karate.org.apache.http.headers - http-outgoing-25 << Connection: keep-alive
11:39:20.262 [pool-1-thread-1] DEBUG karate.org.apache.http.headers - http-outgoing-25 << Strict-Transport-Security: max-age=15724800; includeSubDomains
11:39:20.262 [pool-1-thread-1] DEBUG karate.org.apache.http.headers - http-outgoing-25 << Access-Control-Allow-Origin: *
11:39:20.262 [pool-1-thread-1] DEBUG karate.org.apache.http.headers - http-outgoing-25 << Access-Control-Allow-Credentials: true
11:39:20.262 [pool-1-thread-1] DEBUG karate.org.apache.http.headers - http-outgoing-25 << Access-Control-Allow-Methods: GET, PUT, POST, DELETE, PATCH, OPTIONS
11:39:20.262 [pool-1-thread-1] DEBUG karate.org.apache.http.headers - http-outgoing-25 << Access-Control-Allow-Headers: DNT,Keep-Alive,User-Agent,X-Requested-With,If-Modified-Since,Cache-Control,Content-Type,Range,Authorization
11:39:20.262 [pool-1-thread-1] DEBUG karate.org.apache.http.headers - http-outgoing-25 << Access-Control-Max-Age: 1728000
11:39:20.262 [pool-1-thread-1] DEBUG karate.org.apache.http.impl.execchain.MainClientExec - Connection can be kept alive indefinitely
11:39:20.262 [pool-1-thread-1] DEBUG karate.org.apache.http.impl.conn.PoolingHttpClientConnectionManager - Connection [id: 25][route: {s}->https://ops.enerbit.dev:443] can be kept alive indefinitely
11:39:20.262 [pool-1-thread-1] DEBUG karate.org.apache.http.impl.conn.DefaultManagedHttpClientConnection - http-outgoing-25: set socket timeout to 0
11:39:20.263 [pool-1-thread-1] DEBUG karate.org.apache.http.impl.conn.PoolingHttpClientConnectionManager - Connection released: [id: 25][route: {s}->https://ops.enerbit.dev:443][total available: 1; route allocated: 1 of 5; total allocated: 1 of 10]
11:39:20.263 [pool-1-thread-1] DEBUG com.intuit.karate - response time in milliseconds: 453
1 < 201
1 < Date: Sun, 02 Jul 2023 16:39:20 GMT
1 < Content-Type: application/json
1 < Content-Length: 320
1 < Connection: keep-alive
1 < Strict-Transport-Security: max-age=15724800; includeSubDomains
1 < Access-Control-Allow-Origin: *
1 < Access-Control-Allow-Credentials: true
1 < Access-Control-Allow-Methods: GET, PUT, POST, DELETE, PATCH, OPTIONS
1 < Access-Control-Allow-Headers: DNT,Keep-Alive,User-Agent,X-Requested-With,If-Modified-Since,Cache-Control,Content-Type,Range,Authorization
1 < Access-Control-Max-Age: 1728000
{"serial":"3424234233kj","connection_type":"directa","storage_system":"interno","condition":"nuevo","owner":"RF","location":"Almacen ","manufacturer":"yes","purchase":"2022-07-28 03:08:49.340514","i_max":6345.654,"i_b":21.5,"i_n":876.5,"seals":545.65,"id":423,"created_at":"2023-07-02T16:39:20.654785","updated_at":null}

11:39:20.264 [pool-1-thread-1] DEBUG com.jayway.jsonpath.internal.path.CompiledPath - Evaluating path: $['id']
11:39:20.265 [pool-1-thread-1] DEBUG com.jayway.jsonpath.internal.path.CompiledPath - Evaluating path: $
11:39:20.267 [pool-1-thread-1] DEBUG karate.org.apache.http.client.protocol.RequestAddCookies - CookieSpec selected: karate
11:39:20.267 [pool-1-thread-1] DEBUG karate.org.apache.http.client.protocol.RequestAuthCache - Auth cache not set in the context
11:39:20.267 [pool-1-thread-1] DEBUG com.intuit.karate - request:
2 > PATCH https://ops.enerbit.dev/learning/api/v1/meters/423
2 > Content-Type: application/json; charset=UTF-8
2 > Content-Length: 261
2 > Host: ops.enerbit.dev
2 > Connection: Keep-Alive
2 > User-Agent: Apache-HttpClient/4.5.13 (Java/1.8.0_202)
2 > Accept-Encoding: gzip,deflate
{"serial":"3424234233kj","connection_type":"directa","storage_system":"interno","condition":"nuevo","owner":"RF","location":"Almacen ","manufacturer":"yes","purchase":"2022-07-28 03:08:49.340514","i_max":6345.654,"i_b":"Invalid data","i_n":876.5,"seals":545.65}

11:39:20.268 [pool-1-thread-1] DEBUG karate.org.apache.http.impl.conn.PoolingHttpClientConnectionManager - Connection request: [route: {s}->https://ops.enerbit.dev:443][total available: 0; route allocated: 0 of 5; total allocated: 0 of 10]
11:39:20.268 [pool-1-thread-1] DEBUG karate.org.apache.http.impl.conn.PoolingHttpClientConnectionManager - Connection leased: [id: 27][route: {s}->https://ops.enerbit.dev:443][total available: 0; route allocated: 1 of 5; total allocated: 1 of 10]
11:39:20.268 [pool-1-thread-1] DEBUG karate.org.apache.http.impl.execchain.MainClientExec - Opening connection {s}->https://ops.enerbit.dev:443
11:39:20.268 [pool-1-thread-1] DEBUG karate.org.apache.http.impl.conn.DefaultHttpClientConnectionOperator - Connecting to ops.enerbit.dev/20.65.19.185:443
11:39:20.268 [pool-1-thread-1] DEBUG karate.org.apache.http.conn.ssl.SSLConnectionSocketFactory - Connecting socket to ops.enerbit.dev/20.65.19.185:443 with timeout 30000
11:39:20.355 [pool-1-thread-1] DEBUG karate.org.apache.http.conn.ssl.SSLConnectionSocketFactory - Enabled protocols: [TLSv1, TLSv1.1, TLSv1.2]
11:39:20.355 [pool-1-thread-1] DEBUG karate.org.apache.http.conn.ssl.SSLConnectionSocketFactory - Enabled cipher suites:[TLS_ECDHE_ECDSA_WITH_AES_256_CBC_SHA384, TLS_ECDHE_RSA_WITH_AES_256_CBC_SHA384, TLS_RSA_WITH_AES_256_CBC_SHA256, TLS_ECDH_ECDSA_WITH_AES_256_CBC_SHA384, TLS_ECDH_RSA_WITH_AES_256_CBC_SHA384, TLS_DHE_RSA_WITH_AES_256_CBC_SHA256, TLS_DHE_DSS_WITH_AES_256_CBC_SHA256, TLS_ECDHE_ECDSA_WITH_AES_256_CBC_SHA, TLS_ECDHE_RSA_WITH_AES_256_CBC_SHA, TLS_RSA_WITH_AES_256_CBC_SHA, TLS_ECDH_ECDSA_WITH_AES_256_CBC_SHA, TLS_ECDH_RSA_WITH_AES_256_CBC_SHA, TLS_DHE_RSA_WITH_AES_256_CBC_SHA, TLS_DHE_DSS_WITH_AES_256_CBC_SHA, TLS_ECDHE_ECDSA_WITH_AES_128_CBC_SHA256, TLS_ECDHE_RSA_WITH_AES_128_CBC_SHA256, TLS_RSA_WITH_AES_128_CBC_SHA256, TLS_ECDH_ECDSA_WITH_AES_128_CBC_SHA256, TLS_ECDH_RSA_WITH_AES_128_CBC_SHA256, TLS_DHE_RSA_WITH_AES_128_CBC_SHA256, TLS_DHE_DSS_WITH_AES_128_CBC_SHA256, TLS_ECDHE_ECDSA_WITH_AES_128_CBC_SHA, TLS_ECDHE_RSA_WITH_AES_128_CBC_SHA, TLS_RSA_WITH_AES_128_CBC_SHA, TLS_ECDH_ECDSA_WITH_AES_128_CBC_SHA, TLS_ECDH_RSA_WITH_AES_128_CBC_SHA, TLS_DHE_RSA_WITH_AES_128_CBC_SHA, TLS_DHE_DSS_WITH_AES_128_CBC_SHA, TLS_ECDHE_ECDSA_WITH_AES_256_GCM_SHA384, TLS_ECDHE_ECDSA_WITH_AES_128_GCM_SHA256, TLS_ECDHE_RSA_WITH_AES_256_GCM_SHA384, TLS_RSA_WITH_AES_256_GCM_SHA384, TLS_ECDH_ECDSA_WITH_AES_256_GCM_SHA384, TLS_ECDH_RSA_WITH_AES_256_GCM_SHA384, TLS_DHE_RSA_WITH_AES_256_GCM_SHA384, TLS_DHE_DSS_WITH_AES_256_GCM_SHA384, TLS_ECDHE_RSA_WITH_AES_128_GCM_SHA256, TLS_RSA_WITH_AES_128_GCM_SHA256, TLS_ECDH_ECDSA_WITH_AES_128_GCM_SHA256, TLS_ECDH_RSA_WITH_AES_128_GCM_SHA256, TLS_DHE_RSA_WITH_AES_128_GCM_SHA256, TLS_DHE_DSS_WITH_AES_128_GCM_SHA256]
11:39:20.355 [pool-1-thread-1] DEBUG karate.org.apache.http.conn.ssl.SSLConnectionSocketFactory - Starting handshake
11:39:20.427 [pool-1-thread-2] DEBUG karate.org.apache.http.wire - http-outgoing-26 << "HTTP/1.1 201 Created[\r][\n]"
11:39:20.427 [pool-1-thread-2] DEBUG karate.org.apache.http.wire - http-outgoing-26 << "Date: Sun, 02 Jul 2023 16:39:20 GMT[\r][\n]"
11:39:20.427 [pool-1-thread-2] DEBUG karate.org.apache.http.wire - http-outgoing-26 << "Content-Type: application/json[\r][\n]"
11:39:20.427 [pool-1-thread-2] DEBUG karate.org.apache.http.wire - http-outgoing-26 << "Content-Length: 320[\r][\n]"
11:39:20.427 [pool-1-thread-2] DEBUG karate.org.apache.http.wire - http-outgoing-26 << "Connection: keep-alive[\r][\n]"
11:39:20.427 [pool-1-thread-2] DEBUG karate.org.apache.http.wire - http-outgoing-26 << "Strict-Transport-Security: max-age=15724800; includeSubDomains[\r][\n]"
11:39:20.427 [pool-1-thread-2] DEBUG karate.org.apache.http.wire - http-outgoing-26 << "Access-Control-Allow-Origin: *[\r][\n]"
11:39:20.427 [pool-1-thread-2] DEBUG karate.org.apache.http.wire - http-outgoing-26 << "Access-Control-Allow-Credentials: true[\r][\n]"
11:39:20.427 [pool-1-thread-2] DEBUG karate.org.apache.http.wire - http-outgoing-26 << "Access-Control-Allow-Methods: GET, PUT, POST, DELETE, PATCH, OPTIONS[\r][\n]"
11:39:20.427 [pool-1-thread-2] DEBUG karate.org.apache.http.wire - http-outgoing-26 << "Access-Control-Allow-Headers: DNT,Keep-Alive,User-Agent,X-Requested-With,If-Modified-Since,Cache-Control,Content-Type,Range,Authorization[\r][\n]"
11:39:20.427 [pool-1-thread-2] DEBUG karate.org.apache.http.wire - http-outgoing-26 << "Access-Control-Max-Age: 1728000[\r][\n]"
11:39:20.427 [pool-1-thread-2] DEBUG karate.org.apache.http.wire - http-outgoing-26 << "[\r][\n]"
11:39:20.427 [pool-1-thread-2] DEBUG karate.org.apache.http.wire - http-outgoing-26 << "{"serial":"3424234233kj","connection_type":"directa","storage_system":"interno","condition":"nuevo","owner":"RF","location":"Almacen ","manufacturer":"yes","purchase":"2022-07-28 03:08:49.340514","i_max":6345.654,"i_b":21.5,"i_n":876.5,"seals":545.65,"id":424,"created_at":"2023-07-02T16:39:20.852925","updated_at":null}"
11:39:20.428 [pool-1-thread-2] DEBUG karate.org.apache.http.headers - http-outgoing-26 << HTTP/1.1 201 Created
11:39:20.428 [pool-1-thread-2] DEBUG karate.org.apache.http.headers - http-outgoing-26 << Date: Sun, 02 Jul 2023 16:39:20 GMT
11:39:20.428 [pool-1-thread-2] DEBUG karate.org.apache.http.headers - http-outgoing-26 << Content-Type: application/json
11:39:20.428 [pool-1-thread-2] DEBUG karate.org.apache.http.headers - http-outgoing-26 << Content-Length: 320
11:39:20.428 [pool-1-thread-2] DEBUG karate.org.apache.http.headers - http-outgoing-26 << Connection: keep-alive
11:39:20.428 [pool-1-thread-2] DEBUG karate.org.apache.http.headers - http-outgoing-26 << Strict-Transport-Security: max-age=15724800; includeSubDomains
11:39:20.428 [pool-1-thread-2] DEBUG karate.org.apache.http.headers - http-outgoing-26 << Access-Control-Allow-Origin: *
11:39:20.428 [pool-1-thread-2] DEBUG karate.org.apache.http.headers - http-outgoing-26 << Access-Control-Allow-Credentials: true
11:39:20.428 [pool-1-thread-2] DEBUG karate.org.apache.http.headers - http-outgoing-26 << Access-Control-Allow-Methods: GET, PUT, POST, DELETE, PATCH, OPTIONS
11:39:20.428 [pool-1-thread-2] DEBUG karate.org.apache.http.headers - http-outgoing-26 << Access-Control-Allow-Headers: DNT,Keep-Alive,User-Agent,X-Requested-With,If-Modified-Since,Cache-Control,Content-Type,Range,Authorization
11:39:20.428 [pool-1-thread-2] DEBUG karate.org.apache.http.headers - http-outgoing-26 << Access-Control-Max-Age: 1728000
11:39:20.428 [pool-1-thread-2] DEBUG karate.org.apache.http.impl.execchain.MainClientExec - Connection can be kept alive indefinitely
11:39:20.428 [pool-1-thread-2] DEBUG karate.org.apache.http.impl.conn.PoolingHttpClientConnectionManager - Connection [id: 26][route: {s}->https://ops.enerbit.dev:443] can be kept alive indefinitely
11:39:20.428 [pool-1-thread-2] DEBUG karate.org.apache.http.impl.conn.DefaultManagedHttpClientConnection - http-outgoing-26: set socket timeout to 0
11:39:20.428 [pool-1-thread-2] DEBUG karate.org.apache.http.impl.conn.PoolingHttpClientConnectionManager - Connection released: [id: 26][route: {s}->https://ops.enerbit.dev:443][total available: 1; route allocated: 1 of 5; total allocated: 1 of 10]
11:39:20.428 [pool-1-thread-2] DEBUG com.intuit.karate - response time in milliseconds: 396
1 < 201
1 < Date: Sun, 02 Jul 2023 16:39:20 GMT
1 < Content-Type: application/json
1 < Content-Length: 320
1 < Connection: keep-alive
1 < Strict-Transport-Security: max-age=15724800; includeSubDomains
1 < Access-Control-Allow-Origin: *
1 < Access-Control-Allow-Credentials: true
1 < Access-Control-Allow-Methods: GET, PUT, POST, DELETE, PATCH, OPTIONS
1 < Access-Control-Allow-Headers: DNT,Keep-Alive,User-Agent,X-Requested-With,If-Modified-Since,Cache-Control,Content-Type,Range,Authorization
1 < Access-Control-Max-Age: 1728000
{"serial":"3424234233kj","connection_type":"directa","storage_system":"interno","condition":"nuevo","owner":"RF","location":"Almacen ","manufacturer":"yes","purchase":"2022-07-28 03:08:49.340514","i_max":6345.654,"i_b":21.5,"i_n":876.5,"seals":545.65,"id":424,"created_at":"2023-07-02T16:39:20.852925","updated_at":null}

11:39:20.429 [pool-1-thread-2] DEBUG com.jayway.jsonpath.internal.path.CompiledPath - Evaluating path: $['id']
11:39:20.430 [pool-1-thread-2] DEBUG com.jayway.jsonpath.internal.path.CompiledPath - Evaluating path: $
11:39:20.432 [pool-1-thread-2] DEBUG karate.org.apache.http.client.protocol.RequestAddCookies - CookieSpec selected: karate
11:39:20.432 [pool-1-thread-2] DEBUG karate.org.apache.http.client.protocol.RequestAuthCache - Auth cache not set in the context
11:39:20.433 [pool-1-thread-2] DEBUG com.intuit.karate - request:
2 > PATCH https://ops.enerbit.dev/learning/api/v1/meters/424
2 > Content-Type: application/json; charset=UTF-8
2 > Content-Length: 261
2 > Host: ops.enerbit.dev
2 > Connection: Keep-Alive
2 > User-Agent: Apache-HttpClient/4.5.13 (Java/1.8.0_202)
2 > Accept-Encoding: gzip,deflate
{"serial":"3424234233kj","connection_type":"directa","storage_system":"interno","condition":"nuevo","owner":"RF","location":"Almacen ","manufacturer":"yes","purchase":"2022-07-28 03:08:49.340514","i_max":6345.654,"i_b":25362,"i_n":"invalid data","seals":545.65}

11:39:20.433 [pool-1-thread-2] DEBUG karate.org.apache.http.impl.conn.PoolingHttpClientConnectionManager - Connection request: [route: {s}->https://ops.enerbit.dev:443][total available: 0; route allocated: 0 of 5; total allocated: 0 of 10]
11:39:20.433 [pool-1-thread-2] DEBUG karate.org.apache.http.impl.conn.PoolingHttpClientConnectionManager - Connection leased: [id: 28][route: {s}->https://ops.enerbit.dev:443][total available: 0; route allocated: 1 of 5; total allocated: 1 of 10]
11:39:20.433 [pool-1-thread-2] DEBUG karate.org.apache.http.impl.execchain.MainClientExec - Opening connection {s}->https://ops.enerbit.dev:443
11:39:20.433 [pool-1-thread-2] DEBUG karate.org.apache.http.impl.conn.DefaultHttpClientConnectionOperator - Connecting to ops.enerbit.dev/20.65.19.185:443
11:39:20.433 [pool-1-thread-2] DEBUG karate.org.apache.http.conn.ssl.SSLConnectionSocketFactory - Connecting socket to ops.enerbit.dev/20.65.19.185:443 with timeout 30000
11:39:20.478 [pool-1-thread-1] DEBUG karate.org.apache.http.conn.ssl.SSLConnectionSocketFactory - Secure session established
11:39:20.478 [pool-1-thread-1] DEBUG karate.org.apache.http.conn.ssl.SSLConnectionSocketFactory -  negotiated protocol: TLSv1.2
11:39:20.478 [pool-1-thread-1] DEBUG karate.org.apache.http.conn.ssl.SSLConnectionSocketFactory -  negotiated cipher suite: TLS_ECDHE_RSA_WITH_AES_128_GCM_SHA256
11:39:20.478 [pool-1-thread-1] DEBUG karate.org.apache.http.conn.ssl.SSLConnectionSocketFactory -  peer principal: CN=ops.enerbit.dev
11:39:20.478 [pool-1-thread-1] DEBUG karate.org.apache.http.conn.ssl.SSLConnectionSocketFactory -  peer alternative names: [ops.enerbit.dev]
11:39:20.478 [pool-1-thread-1] DEBUG karate.org.apache.http.conn.ssl.SSLConnectionSocketFactory -  issuer principal: CN=R3, O=Let's Encrypt, C=US
11:39:20.478 [pool-1-thread-1] DEBUG karate.org.apache.http.impl.conn.DefaultHttpClientConnectionOperator - Connection established 192.168.1.4:56948<->20.65.19.185:443
11:39:20.479 [pool-1-thread-1] DEBUG karate.org.apache.http.impl.conn.DefaultManagedHttpClientConnection - http-outgoing-27: set socket timeout to 30000
11:39:20.479 [pool-1-thread-1] DEBUG karate.org.apache.http.impl.execchain.MainClientExec - Executing request PATCH /learning/api/v1/meters/423 HTTP/1.1
11:39:20.479 [pool-1-thread-1] DEBUG karate.org.apache.http.impl.execchain.MainClientExec - Target auth state: UNCHALLENGED
11:39:20.479 [pool-1-thread-1] DEBUG karate.org.apache.http.impl.execchain.MainClientExec - Proxy auth state: UNCHALLENGED
11:39:20.479 [pool-1-thread-1] DEBUG karate.org.apache.http.headers - http-outgoing-27 >> PATCH /learning/api/v1/meters/423 HTTP/1.1
11:39:20.479 [pool-1-thread-1] DEBUG karate.org.apache.http.headers - http-outgoing-27 >> Content-Type: application/json; charset=UTF-8
11:39:20.479 [pool-1-thread-1] DEBUG karate.org.apache.http.headers - http-outgoing-27 >> Content-Length: 261
11:39:20.479 [pool-1-thread-1] DEBUG karate.org.apache.http.headers - http-outgoing-27 >> Host: ops.enerbit.dev
11:39:20.479 [pool-1-thread-1] DEBUG karate.org.apache.http.headers - http-outgoing-27 >> Connection: Keep-Alive
11:39:20.479 [pool-1-thread-1] DEBUG karate.org.apache.http.headers - http-outgoing-27 >> User-Agent: Apache-HttpClient/4.5.13 (Java/1.8.0_202)
11:39:20.479 [pool-1-thread-1] DEBUG karate.org.apache.http.headers - http-outgoing-27 >> Accept-Encoding: gzip,deflate
11:39:20.479 [pool-1-thread-1] DEBUG karate.org.apache.http.wire - http-outgoing-27 >> "PATCH /learning/api/v1/meters/423 HTTP/1.1[\r][\n]"
11:39:20.479 [pool-1-thread-1] DEBUG karate.org.apache.http.wire - http-outgoing-27 >> "Content-Type: application/json; charset=UTF-8[\r][\n]"
11:39:20.479 [pool-1-thread-1] DEBUG karate.org.apache.http.wire - http-outgoing-27 >> "Content-Length: 261[\r][\n]"
11:39:20.479 [pool-1-thread-1] DEBUG karate.org.apache.http.wire - http-outgoing-27 >> "Host: ops.enerbit.dev[\r][\n]"
11:39:20.479 [pool-1-thread-1] DEBUG karate.org.apache.http.wire - http-outgoing-27 >> "Connection: Keep-Alive[\r][\n]"
11:39:20.479 [pool-1-thread-1] DEBUG karate.org.apache.http.wire - http-outgoing-27 >> "User-Agent: Apache-HttpClient/4.5.13 (Java/1.8.0_202)[\r][\n]"
11:39:20.479 [pool-1-thread-1] DEBUG karate.org.apache.http.wire - http-outgoing-27 >> "Accept-Encoding: gzip,deflate[\r][\n]"
11:39:20.479 [pool-1-thread-1] DEBUG karate.org.apache.http.wire - http-outgoing-27 >> "[\r][\n]"
11:39:20.479 [pool-1-thread-1] DEBUG karate.org.apache.http.wire - http-outgoing-27 >> "{"serial":"3424234233kj","connection_type":"directa","storage_system":"interno","condition":"nuevo","owner":"RF","location":"Almacen ","manufacturer":"yes","purchase":"2022-07-28 03:08:49.340514","i_max":6345.654,"i_b":"Invalid data","i_n":876.5,"seals":545.65}"
11:39:20.523 [pool-1-thread-2] DEBUG karate.org.apache.http.conn.ssl.SSLConnectionSocketFactory - Enabled protocols: [TLSv1, TLSv1.1, TLSv1.2]
11:39:20.523 [pool-1-thread-2] DEBUG karate.org.apache.http.conn.ssl.SSLConnectionSocketFactory - Enabled cipher suites:[TLS_ECDHE_ECDSA_WITH_AES_256_CBC_SHA384, TLS_ECDHE_RSA_WITH_AES_256_CBC_SHA384, TLS_RSA_WITH_AES_256_CBC_SHA256, TLS_ECDH_ECDSA_WITH_AES_256_CBC_SHA384, TLS_ECDH_RSA_WITH_AES_256_CBC_SHA384, TLS_DHE_RSA_WITH_AES_256_CBC_SHA256, TLS_DHE_DSS_WITH_AES_256_CBC_SHA256, TLS_ECDHE_ECDSA_WITH_AES_256_CBC_SHA, TLS_ECDHE_RSA_WITH_AES_256_CBC_SHA, TLS_RSA_WITH_AES_256_CBC_SHA, TLS_ECDH_ECDSA_WITH_AES_256_CBC_SHA, TLS_ECDH_RSA_WITH_AES_256_CBC_SHA, TLS_DHE_RSA_WITH_AES_256_CBC_SHA, TLS_DHE_DSS_WITH_AES_256_CBC_SHA, TLS_ECDHE_ECDSA_WITH_AES_128_CBC_SHA256, TLS_ECDHE_RSA_WITH_AES_128_CBC_SHA256, TLS_RSA_WITH_AES_128_CBC_SHA256, TLS_ECDH_ECDSA_WITH_AES_128_CBC_SHA256, TLS_ECDH_RSA_WITH_AES_128_CBC_SHA256, TLS_DHE_RSA_WITH_AES_128_CBC_SHA256, TLS_DHE_DSS_WITH_AES_128_CBC_SHA256, TLS_ECDHE_ECDSA_WITH_AES_128_CBC_SHA, TLS_ECDHE_RSA_WITH_AES_128_CBC_SHA, TLS_RSA_WITH_AES_128_CBC_SHA, TLS_ECDH_ECDSA_WITH_AES_128_CBC_SHA, TLS_ECDH_RSA_WITH_AES_128_CBC_SHA, TLS_DHE_RSA_WITH_AES_128_CBC_SHA, TLS_DHE_DSS_WITH_AES_128_CBC_SHA, TLS_ECDHE_ECDSA_WITH_AES_256_GCM_SHA384, TLS_ECDHE_ECDSA_WITH_AES_128_GCM_SHA256, TLS_ECDHE_RSA_WITH_AES_256_GCM_SHA384, TLS_RSA_WITH_AES_256_GCM_SHA384, TLS_ECDH_ECDSA_WITH_AES_256_GCM_SHA384, TLS_ECDH_RSA_WITH_AES_256_GCM_SHA384, TLS_DHE_RSA_WITH_AES_256_GCM_SHA384, TLS_DHE_DSS_WITH_AES_256_GCM_SHA384, TLS_ECDHE_RSA_WITH_AES_128_GCM_SHA256, TLS_RSA_WITH_AES_128_GCM_SHA256, TLS_ECDH_ECDSA_WITH_AES_128_GCM_SHA256, TLS_ECDH_RSA_WITH_AES_128_GCM_SHA256, TLS_DHE_RSA_WITH_AES_128_GCM_SHA256, TLS_DHE_DSS_WITH_AES_128_GCM_SHA256]
11:39:20.523 [pool-1-thread-2] DEBUG karate.org.apache.http.conn.ssl.SSLConnectionSocketFactory - Starting handshake
11:39:20.573 [pool-1-thread-1] DEBUG karate.org.apache.http.wire - http-outgoing-27 << "HTTP/1.1 422 Unprocessable Entity[\r][\n]"
11:39:20.573 [pool-1-thread-1] DEBUG karate.org.apache.http.wire - http-outgoing-27 << "Date: Sun, 02 Jul 2023 16:39:21 GMT[\r][\n]"
11:39:20.573 [pool-1-thread-1] DEBUG karate.org.apache.http.wire - http-outgoing-27 << "Content-Type: application/json[\r][\n]"
11:39:20.573 [pool-1-thread-1] DEBUG karate.org.apache.http.wire - http-outgoing-27 << "Content-Length: 96[\r][\n]"
11:39:20.573 [pool-1-thread-1] DEBUG karate.org.apache.http.wire - http-outgoing-27 << "Connection: keep-alive[\r][\n]"
11:39:20.573 [pool-1-thread-1] DEBUG karate.org.apache.http.wire - http-outgoing-27 << "Strict-Transport-Security: max-age=15724800; includeSubDomains[\r][\n]"
11:39:20.573 [pool-1-thread-1] DEBUG karate.org.apache.http.wire - http-outgoing-27 << "Access-Control-Allow-Origin: *[\r][\n]"
11:39:20.573 [pool-1-thread-1] DEBUG karate.org.apache.http.wire - http-outgoing-27 << "Access-Control-Allow-Credentials: true[\r][\n]"
11:39:20.573 [pool-1-thread-1] DEBUG karate.org.apache.http.wire - http-outgoing-27 << "Access-Control-Allow-Methods: GET, PUT, POST, DELETE, PATCH, OPTIONS[\r][\n]"
11:39:20.573 [pool-1-thread-1] DEBUG karate.org.apache.http.wire - http-outgoing-27 << "Access-Control-Allow-Headers: DNT,Keep-Alive,User-Agent,X-Requested-With,If-Modified-Since,Cache-Control,Content-Type,Range,Authorization[\r][\n]"
11:39:20.573 [pool-1-thread-1] DEBUG karate.org.apache.http.wire - http-outgoing-27 << "Access-Control-Max-Age: 1728000[\r][\n]"
11:39:20.573 [pool-1-thread-1] DEBUG karate.org.apache.http.wire - http-outgoing-27 << "[\r][\n]"
11:39:20.573 [pool-1-thread-1] DEBUG karate.org.apache.http.wire - http-outgoing-27 << "{"detail":[{"loc":["body","i_b"],"msg":"value is not a valid float","type":"type_error.float"}]}"
11:39:20.573 [pool-1-thread-1] DEBUG karate.org.apache.http.headers - http-outgoing-27 << HTTP/1.1 422 Unprocessable Entity
11:39:20.573 [pool-1-thread-1] DEBUG karate.org.apache.http.headers - http-outgoing-27 << Date: Sun, 02 Jul 2023 16:39:21 GMT
11:39:20.573 [pool-1-thread-1] DEBUG karate.org.apache.http.headers - http-outgoing-27 << Content-Type: application/json
11:39:20.573 [pool-1-thread-1] DEBUG karate.org.apache.http.headers - http-outgoing-27 << Content-Length: 96
11:39:20.573 [pool-1-thread-1] DEBUG karate.org.apache.http.headers - http-outgoing-27 << Connection: keep-alive
11:39:20.573 [pool-1-thread-1] DEBUG karate.org.apache.http.headers - http-outgoing-27 << Strict-Transport-Security: max-age=15724800; includeSubDomains
11:39:20.573 [pool-1-thread-1] DEBUG karate.org.apache.http.headers - http-outgoing-27 << Access-Control-Allow-Origin: *
11:39:20.573 [pool-1-thread-1] DEBUG karate.org.apache.http.headers - http-outgoing-27 << Access-Control-Allow-Credentials: true
11:39:20.573 [pool-1-thread-1] DEBUG karate.org.apache.http.headers - http-outgoing-27 << Access-Control-Allow-Methods: GET, PUT, POST, DELETE, PATCH, OPTIONS
11:39:20.573 [pool-1-thread-1] DEBUG karate.org.apache.http.headers - http-outgoing-27 << Access-Control-Allow-Headers: DNT,Keep-Alive,User-Agent,X-Requested-With,If-Modified-Since,Cache-Control,Content-Type,Range,Authorization
11:39:20.573 [pool-1-thread-1] DEBUG karate.org.apache.http.headers - http-outgoing-27 << Access-Control-Max-Age: 1728000
11:39:20.573 [pool-1-thread-1] DEBUG karate.org.apache.http.impl.execchain.MainClientExec - Connection can be kept alive indefinitely
11:39:20.573 [pool-1-thread-1] DEBUG karate.org.apache.http.impl.conn.PoolingHttpClientConnectionManager - Connection [id: 27][route: {s}->https://ops.enerbit.dev:443] can be kept alive indefinitely
11:39:20.573 [pool-1-thread-1] DEBUG karate.org.apache.http.impl.conn.DefaultManagedHttpClientConnection - http-outgoing-27: set socket timeout to 0
11:39:20.573 [pool-1-thread-1] DEBUG karate.org.apache.http.impl.conn.PoolingHttpClientConnectionManager - Connection released: [id: 27][route: {s}->https://ops.enerbit.dev:443][total available: 1; route allocated: 1 of 5; total allocated: 1 of 10]
11:39:20.573 [pool-1-thread-1] DEBUG com.intuit.karate - response time in milliseconds: 305
2 < 422
2 < Date: Sun, 02 Jul 2023 16:39:21 GMT
2 < Content-Type: application/json
2 < Content-Length: 96
2 < Connection: keep-alive
2 < Strict-Transport-Security: max-age=15724800; includeSubDomains
2 < Access-Control-Allow-Origin: *
2 < Access-Control-Allow-Credentials: true
2 < Access-Control-Allow-Methods: GET, PUT, POST, DELETE, PATCH, OPTIONS
2 < Access-Control-Allow-Headers: DNT,Keep-Alive,User-Agent,X-Requested-With,If-Modified-Since,Cache-Control,Content-Type,Range,Authorization
2 < Access-Control-Max-Age: 1728000
{"detail":[{"loc":["body","i_b"],"msg":"value is not a valid float","type":"type_error.float"}]}

11:39:20.577 [pool-1-thread-1] INFO com.intuit.karate.core.FeatureRuntime - classpath:meterManagerTest/meterPatch/../meterPost/utils-post.feature - call by tag at line 5: Createmeter
11:39:20.579 [pool-1-thread-1] DEBUG com.jayway.jsonpath.internal.path.CompiledPath - Evaluating path: $
11:39:20.580 [pool-1-thread-1] DEBUG karate.org.apache.http.client.protocol.RequestAddCookies - CookieSpec selected: karate
11:39:20.580 [pool-1-thread-1] DEBUG karate.org.apache.http.client.protocol.RequestAuthCache - Auth cache not set in the context
11:39:20.580 [pool-1-thread-1] DEBUG com.intuit.karate - request:
1 > POST https://ops.enerbit.dev/learning/api/v1/meters
1 > Content-Type: application/json; charset=UTF-8
1 > Content-Length: 251
1 > Host: ops.enerbit.dev
1 > Connection: Keep-Alive
1 > User-Agent: Apache-HttpClient/4.5.13 (Java/1.8.0_202)
1 > Accept-Encoding: gzip,deflate
{"serial":"3424234233kj","connection_type":"directa","storage_system":"interno","condition":"nuevo","owner":"RF","location":"Almacen ","manufacturer":"yes","purchase":"2022-07-28 03:08:49.340514","i_max":6345.654,"i_b":21.5,"i_n":876.5,"seals":545.65}

11:39:20.581 [pool-1-thread-1] DEBUG karate.org.apache.http.impl.conn.PoolingHttpClientConnectionManager - Connection request: [route: {s}->https://ops.enerbit.dev:443][total available: 0; route allocated: 0 of 5; total allocated: 0 of 10]
11:39:20.581 [pool-1-thread-1] DEBUG karate.org.apache.http.impl.conn.PoolingHttpClientConnectionManager - Connection leased: [id: 29][route: {s}->https://ops.enerbit.dev:443][total available: 0; route allocated: 1 of 5; total allocated: 1 of 10]
11:39:20.581 [pool-1-thread-1] DEBUG karate.org.apache.http.impl.execchain.MainClientExec - Opening connection {s}->https://ops.enerbit.dev:443
11:39:20.581 [pool-1-thread-1] DEBUG karate.org.apache.http.impl.conn.DefaultHttpClientConnectionOperator - Connecting to ops.enerbit.dev/20.65.19.185:443
11:39:20.581 [pool-1-thread-1] DEBUG karate.org.apache.http.conn.ssl.SSLConnectionSocketFactory - Connecting socket to ops.enerbit.dev/20.65.19.185:443 with timeout 30000
11:39:20.627 [pool-1-thread-2] DEBUG karate.org.apache.http.conn.ssl.SSLConnectionSocketFactory - Secure session established
11:39:20.627 [pool-1-thread-2] DEBUG karate.org.apache.http.conn.ssl.SSLConnectionSocketFactory -  negotiated protocol: TLSv1.2
11:39:20.627 [pool-1-thread-2] DEBUG karate.org.apache.http.conn.ssl.SSLConnectionSocketFactory -  negotiated cipher suite: TLS_ECDHE_RSA_WITH_AES_128_GCM_SHA256
11:39:20.627 [pool-1-thread-2] DEBUG karate.org.apache.http.conn.ssl.SSLConnectionSocketFactory -  peer principal: CN=ops.enerbit.dev
11:39:20.627 [pool-1-thread-2] DEBUG karate.org.apache.http.conn.ssl.SSLConnectionSocketFactory -  peer alternative names: [ops.enerbit.dev]
11:39:20.627 [pool-1-thread-2] DEBUG karate.org.apache.http.conn.ssl.SSLConnectionSocketFactory -  issuer principal: CN=R3, O=Let's Encrypt, C=US
11:39:20.627 [pool-1-thread-2] DEBUG karate.org.apache.http.impl.conn.DefaultHttpClientConnectionOperator - Connection established 192.168.1.4:56949<->20.65.19.185:443
11:39:20.627 [pool-1-thread-2] DEBUG karate.org.apache.http.impl.conn.DefaultManagedHttpClientConnection - http-outgoing-28: set socket timeout to 30000
11:39:20.627 [pool-1-thread-2] DEBUG karate.org.apache.http.impl.execchain.MainClientExec - Executing request PATCH /learning/api/v1/meters/424 HTTP/1.1
11:39:20.627 [pool-1-thread-2] DEBUG karate.org.apache.http.impl.execchain.MainClientExec - Target auth state: UNCHALLENGED
11:39:20.627 [pool-1-thread-2] DEBUG karate.org.apache.http.impl.execchain.MainClientExec - Proxy auth state: UNCHALLENGED
11:39:20.627 [pool-1-thread-2] DEBUG karate.org.apache.http.headers - http-outgoing-28 >> PATCH /learning/api/v1/meters/424 HTTP/1.1
11:39:20.627 [pool-1-thread-2] DEBUG karate.org.apache.http.headers - http-outgoing-28 >> Content-Type: application/json; charset=UTF-8
11:39:20.627 [pool-1-thread-2] DEBUG karate.org.apache.http.headers - http-outgoing-28 >> Content-Length: 261
11:39:20.627 [pool-1-thread-2] DEBUG karate.org.apache.http.headers - http-outgoing-28 >> Host: ops.enerbit.dev
11:39:20.627 [pool-1-thread-2] DEBUG karate.org.apache.http.headers - http-outgoing-28 >> Connection: Keep-Alive
11:39:20.627 [pool-1-thread-2] DEBUG karate.org.apache.http.headers - http-outgoing-28 >> User-Agent: Apache-HttpClient/4.5.13 (Java/1.8.0_202)
11:39:20.627 [pool-1-thread-2] DEBUG karate.org.apache.http.headers - http-outgoing-28 >> Accept-Encoding: gzip,deflate
11:39:20.627 [pool-1-thread-2] DEBUG karate.org.apache.http.wire - http-outgoing-28 >> "PATCH /learning/api/v1/meters/424 HTTP/1.1[\r][\n]"
11:39:20.627 [pool-1-thread-2] DEBUG karate.org.apache.http.wire - http-outgoing-28 >> "Content-Type: application/json; charset=UTF-8[\r][\n]"
11:39:20.627 [pool-1-thread-2] DEBUG karate.org.apache.http.wire - http-outgoing-28 >> "Content-Length: 261[\r][\n]"
11:39:20.627 [pool-1-thread-2] DEBUG karate.org.apache.http.wire - http-outgoing-28 >> "Host: ops.enerbit.dev[\r][\n]"
11:39:20.627 [pool-1-thread-2] DEBUG karate.org.apache.http.wire - http-outgoing-28 >> "Connection: Keep-Alive[\r][\n]"
11:39:20.627 [pool-1-thread-2] DEBUG karate.org.apache.http.wire - http-outgoing-28 >> "User-Agent: Apache-HttpClient/4.5.13 (Java/1.8.0_202)[\r][\n]"
11:39:20.627 [pool-1-thread-2] DEBUG karate.org.apache.http.wire - http-outgoing-28 >> "Accept-Encoding: gzip,deflate[\r][\n]"
11:39:20.627 [pool-1-thread-2] DEBUG karate.org.apache.http.wire - http-outgoing-28 >> "[\r][\n]"
11:39:20.627 [pool-1-thread-2] DEBUG karate.org.apache.http.wire - http-outgoing-28 >> "{"serial":"3424234233kj","connection_type":"directa","storage_system":"interno","condition":"nuevo","owner":"RF","location":"Almacen ","manufacturer":"yes","purchase":"2022-07-28 03:08:49.340514","i_max":6345.654,"i_b":25362,"i_n":"invalid data","seals":545.65}"
11:39:20.662 [pool-1-thread-1] DEBUG karate.org.apache.http.conn.ssl.SSLConnectionSocketFactory - Enabled protocols: [TLSv1, TLSv1.1, TLSv1.2]
11:39:20.662 [pool-1-thread-1] DEBUG karate.org.apache.http.conn.ssl.SSLConnectionSocketFactory - Enabled cipher suites:[TLS_ECDHE_ECDSA_WITH_AES_256_CBC_SHA384, TLS_ECDHE_RSA_WITH_AES_256_CBC_SHA384, TLS_RSA_WITH_AES_256_CBC_SHA256, TLS_ECDH_ECDSA_WITH_AES_256_CBC_SHA384, TLS_ECDH_RSA_WITH_AES_256_CBC_SHA384, TLS_DHE_RSA_WITH_AES_256_CBC_SHA256, TLS_DHE_DSS_WITH_AES_256_CBC_SHA256, TLS_ECDHE_ECDSA_WITH_AES_256_CBC_SHA, TLS_ECDHE_RSA_WITH_AES_256_CBC_SHA, TLS_RSA_WITH_AES_256_CBC_SHA, TLS_ECDH_ECDSA_WITH_AES_256_CBC_SHA, TLS_ECDH_RSA_WITH_AES_256_CBC_SHA, TLS_DHE_RSA_WITH_AES_256_CBC_SHA, TLS_DHE_DSS_WITH_AES_256_CBC_SHA, TLS_ECDHE_ECDSA_WITH_AES_128_CBC_SHA256, TLS_ECDHE_RSA_WITH_AES_128_CBC_SHA256, TLS_RSA_WITH_AES_128_CBC_SHA256, TLS_ECDH_ECDSA_WITH_AES_128_CBC_SHA256, TLS_ECDH_RSA_WITH_AES_128_CBC_SHA256, TLS_DHE_RSA_WITH_AES_128_CBC_SHA256, TLS_DHE_DSS_WITH_AES_128_CBC_SHA256, TLS_ECDHE_ECDSA_WITH_AES_128_CBC_SHA, TLS_ECDHE_RSA_WITH_AES_128_CBC_SHA, TLS_RSA_WITH_AES_128_CBC_SHA, TLS_ECDH_ECDSA_WITH_AES_128_CBC_SHA, TLS_ECDH_RSA_WITH_AES_128_CBC_SHA, TLS_DHE_RSA_WITH_AES_128_CBC_SHA, TLS_DHE_DSS_WITH_AES_128_CBC_SHA, TLS_ECDHE_ECDSA_WITH_AES_256_GCM_SHA384, TLS_ECDHE_ECDSA_WITH_AES_128_GCM_SHA256, TLS_ECDHE_RSA_WITH_AES_256_GCM_SHA384, TLS_RSA_WITH_AES_256_GCM_SHA384, TLS_ECDH_ECDSA_WITH_AES_256_GCM_SHA384, TLS_ECDH_RSA_WITH_AES_256_GCM_SHA384, TLS_DHE_RSA_WITH_AES_256_GCM_SHA384, TLS_DHE_DSS_WITH_AES_256_GCM_SHA384, TLS_ECDHE_RSA_WITH_AES_128_GCM_SHA256, TLS_RSA_WITH_AES_128_GCM_SHA256, TLS_ECDH_ECDSA_WITH_AES_128_GCM_SHA256, TLS_ECDH_RSA_WITH_AES_128_GCM_SHA256, TLS_DHE_RSA_WITH_AES_128_GCM_SHA256, TLS_DHE_DSS_WITH_AES_128_GCM_SHA256]
11:39:20.662 [pool-1-thread-1] DEBUG karate.org.apache.http.conn.ssl.SSLConnectionSocketFactory - Starting handshake
11:39:20.723 [pool-1-thread-2] DEBUG karate.org.apache.http.wire - http-outgoing-28 << "HTTP/1.1 422 Unprocessable Entity[\r][\n]"
11:39:20.724 [pool-1-thread-2] DEBUG karate.org.apache.http.wire - http-outgoing-28 << "Date: Sun, 02 Jul 2023 16:39:21 GMT[\r][\n]"
11:39:20.724 [pool-1-thread-2] DEBUG karate.org.apache.http.wire - http-outgoing-28 << "Content-Type: application/json[\r][\n]"
11:39:20.724 [pool-1-thread-2] DEBUG karate.org.apache.http.wire - http-outgoing-28 << "Content-Length: 96[\r][\n]"
11:39:20.724 [pool-1-thread-2] DEBUG karate.org.apache.http.wire - http-outgoing-28 << "Connection: keep-alive[\r][\n]"
11:39:20.724 [pool-1-thread-2] DEBUG karate.org.apache.http.wire - http-outgoing-28 << "Strict-Transport-Security: max-age=15724800; includeSubDomains[\r][\n]"
11:39:20.724 [pool-1-thread-2] DEBUG karate.org.apache.http.wire - http-outgoing-28 << "Access-Control-Allow-Origin: *[\r][\n]"
11:39:20.724 [pool-1-thread-2] DEBUG karate.org.apache.http.wire - http-outgoing-28 << "Access-Control-Allow-Credentials: true[\r][\n]"
11:39:20.724 [pool-1-thread-2] DEBUG karate.org.apache.http.wire - http-outgoing-28 << "Access-Control-Allow-Methods: GET, PUT, POST, DELETE, PATCH, OPTIONS[\r][\n]"
11:39:20.724 [pool-1-thread-2] DEBUG karate.org.apache.http.wire - http-outgoing-28 << "Access-Control-Allow-Headers: DNT,Keep-Alive,User-Agent,X-Requested-With,If-Modified-Since,Cache-Control,Content-Type,Range,Authorization[\r][\n]"
11:39:20.724 [pool-1-thread-2] DEBUG karate.org.apache.http.wire - http-outgoing-28 << "Access-Control-Max-Age: 1728000[\r][\n]"
11:39:20.724 [pool-1-thread-2] DEBUG karate.org.apache.http.wire - http-outgoing-28 << "[\r][\n]"
11:39:20.724 [pool-1-thread-2] DEBUG karate.org.apache.http.wire - http-outgoing-28 << "{"detail":[{"loc":["body","i_n"],"msg":"value is not a valid float","type":"type_error.float"}]}"
11:39:20.724 [pool-1-thread-2] DEBUG karate.org.apache.http.headers - http-outgoing-28 << HTTP/1.1 422 Unprocessable Entity
11:39:20.724 [pool-1-thread-2] DEBUG karate.org.apache.http.headers - http-outgoing-28 << Date: Sun, 02 Jul 2023 16:39:21 GMT
11:39:20.724 [pool-1-thread-2] DEBUG karate.org.apache.http.headers - http-outgoing-28 << Content-Type: application/json
11:39:20.724 [pool-1-thread-2] DEBUG karate.org.apache.http.headers - http-outgoing-28 << Content-Length: 96
11:39:20.724 [pool-1-thread-2] DEBUG karate.org.apache.http.headers - http-outgoing-28 << Connection: keep-alive
11:39:20.724 [pool-1-thread-2] DEBUG karate.org.apache.http.headers - http-outgoing-28 << Strict-Transport-Security: max-age=15724800; includeSubDomains
11:39:20.724 [pool-1-thread-2] DEBUG karate.org.apache.http.headers - http-outgoing-28 << Access-Control-Allow-Origin: *
11:39:20.724 [pool-1-thread-2] DEBUG karate.org.apache.http.headers - http-outgoing-28 << Access-Control-Allow-Credentials: true
11:39:20.724 [pool-1-thread-2] DEBUG karate.org.apache.http.headers - http-outgoing-28 << Access-Control-Allow-Methods: GET, PUT, POST, DELETE, PATCH, OPTIONS
11:39:20.724 [pool-1-thread-2] DEBUG karate.org.apache.http.headers - http-outgoing-28 << Access-Control-Allow-Headers: DNT,Keep-Alive,User-Agent,X-Requested-With,If-Modified-Since,Cache-Control,Content-Type,Range,Authorization
11:39:20.724 [pool-1-thread-2] DEBUG karate.org.apache.http.headers - http-outgoing-28 << Access-Control-Max-Age: 1728000
11:39:20.724 [pool-1-thread-2] DEBUG karate.org.apache.http.impl.execchain.MainClientExec - Connection can be kept alive indefinitely
11:39:20.724 [pool-1-thread-2] DEBUG karate.org.apache.http.impl.conn.PoolingHttpClientConnectionManager - Connection [id: 28][route: {s}->https://ops.enerbit.dev:443] can be kept alive indefinitely
11:39:20.724 [pool-1-thread-2] DEBUG karate.org.apache.http.impl.conn.DefaultManagedHttpClientConnection - http-outgoing-28: set socket timeout to 0
11:39:20.724 [pool-1-thread-2] DEBUG karate.org.apache.http.impl.conn.PoolingHttpClientConnectionManager - Connection released: [id: 28][route: {s}->https://ops.enerbit.dev:443][total available: 1; route allocated: 1 of 5; total allocated: 1 of 10]
11:39:20.724 [pool-1-thread-2] DEBUG com.intuit.karate - response time in milliseconds: 291
2 < 422
2 < Date: Sun, 02 Jul 2023 16:39:21 GMT
2 < Content-Type: application/json
2 < Content-Length: 96
2 < Connection: keep-alive
2 < Strict-Transport-Security: max-age=15724800; includeSubDomains
2 < Access-Control-Allow-Origin: *
2 < Access-Control-Allow-Credentials: true
2 < Access-Control-Allow-Methods: GET, PUT, POST, DELETE, PATCH, OPTIONS
2 < Access-Control-Allow-Headers: DNT,Keep-Alive,User-Agent,X-Requested-With,If-Modified-Since,Cache-Control,Content-Type,Range,Authorization
2 < Access-Control-Max-Age: 1728000
{"detail":[{"loc":["body","i_n"],"msg":"value is not a valid float","type":"type_error.float"}]}

11:39:20.728 [pool-1-thread-2] DEBUG com.jayway.jsonpath.internal.path.CompiledPath - Evaluating path: $
11:39:20.730 [pool-1-thread-2] DEBUG karate.org.apache.http.client.protocol.RequestAddCookies - CookieSpec selected: karate
11:39:20.730 [pool-1-thread-2] DEBUG karate.org.apache.http.client.protocol.RequestAuthCache - Auth cache not set in the context
11:39:20.730 [pool-1-thread-2] DEBUG com.intuit.karate - request:
1 > POST https://ops.enerbit.dev/learning/api/v1/meters
1 > Content-Type: application/json; charset=UTF-8
1 > Content-Length: 251
1 > Host: ops.enerbit.dev
1 > Connection: Keep-Alive
1 > User-Agent: Apache-HttpClient/4.5.13 (Java/1.8.0_202)
1 > Accept-Encoding: gzip,deflate
{"serial":"3424234233kj","connection_type":"directa","storage_system":"interno","condition":"nuevo","owner":"RF","location":"Almacen ","manufacturer":"yes","purchase":"2022-07-28 03:08:49.340514","i_max":6345.654,"i_b":21.5,"i_n":876.5,"seals":545.65}

11:39:20.730 [pool-1-thread-2] DEBUG karate.org.apache.http.impl.conn.PoolingHttpClientConnectionManager - Connection request: [route: {s}->https://ops.enerbit.dev:443][total available: 0; route allocated: 0 of 5; total allocated: 0 of 10]
11:39:20.730 [pool-1-thread-2] DEBUG karate.org.apache.http.impl.conn.PoolingHttpClientConnectionManager - Connection leased: [id: 30][route: {s}->https://ops.enerbit.dev:443][total available: 0; route allocated: 1 of 5; total allocated: 1 of 10]
11:39:20.730 [pool-1-thread-2] DEBUG karate.org.apache.http.impl.execchain.MainClientExec - Opening connection {s}->https://ops.enerbit.dev:443
11:39:20.730 [pool-1-thread-2] DEBUG karate.org.apache.http.impl.conn.DefaultHttpClientConnectionOperator - Connecting to ops.enerbit.dev/20.65.19.185:443
11:39:20.730 [pool-1-thread-2] DEBUG karate.org.apache.http.conn.ssl.SSLConnectionSocketFactory - Connecting socket to ops.enerbit.dev/20.65.19.185:443 with timeout 30000
11:39:20.762 [pool-1-thread-1] DEBUG karate.org.apache.http.conn.ssl.SSLConnectionSocketFactory - Secure session established
11:39:20.762 [pool-1-thread-1] DEBUG karate.org.apache.http.conn.ssl.SSLConnectionSocketFactory -  negotiated protocol: TLSv1.2
11:39:20.762 [pool-1-thread-1] DEBUG karate.org.apache.http.conn.ssl.SSLConnectionSocketFactory -  negotiated cipher suite: TLS_ECDHE_RSA_WITH_AES_128_GCM_SHA256
11:39:20.762 [pool-1-thread-1] DEBUG karate.org.apache.http.conn.ssl.SSLConnectionSocketFactory -  peer principal: CN=ops.enerbit.dev
11:39:20.762 [pool-1-thread-1] DEBUG karate.org.apache.http.conn.ssl.SSLConnectionSocketFactory -  peer alternative names: [ops.enerbit.dev]
11:39:20.762 [pool-1-thread-1] DEBUG karate.org.apache.http.conn.ssl.SSLConnectionSocketFactory -  issuer principal: CN=R3, O=Let's Encrypt, C=US
11:39:20.762 [pool-1-thread-1] DEBUG karate.org.apache.http.impl.conn.DefaultHttpClientConnectionOperator - Connection established 192.168.1.4:56950<->20.65.19.185:443
11:39:20.763 [pool-1-thread-1] DEBUG karate.org.apache.http.impl.conn.DefaultManagedHttpClientConnection - http-outgoing-29: set socket timeout to 30000
11:39:20.763 [pool-1-thread-1] DEBUG karate.org.apache.http.impl.execchain.MainClientExec - Executing request POST /learning/api/v1/meters HTTP/1.1
11:39:20.763 [pool-1-thread-1] DEBUG karate.org.apache.http.impl.execchain.MainClientExec - Target auth state: UNCHALLENGED
11:39:20.763 [pool-1-thread-1] DEBUG karate.org.apache.http.impl.execchain.MainClientExec - Proxy auth state: UNCHALLENGED
11:39:20.763 [pool-1-thread-1] DEBUG karate.org.apache.http.headers - http-outgoing-29 >> POST /learning/api/v1/meters HTTP/1.1
11:39:20.763 [pool-1-thread-1] DEBUG karate.org.apache.http.headers - http-outgoing-29 >> Content-Type: application/json; charset=UTF-8
11:39:20.763 [pool-1-thread-1] DEBUG karate.org.apache.http.headers - http-outgoing-29 >> Content-Length: 251
11:39:20.763 [pool-1-thread-1] DEBUG karate.org.apache.http.headers - http-outgoing-29 >> Host: ops.enerbit.dev
11:39:20.763 [pool-1-thread-1] DEBUG karate.org.apache.http.headers - http-outgoing-29 >> Connection: Keep-Alive
11:39:20.763 [pool-1-thread-1] DEBUG karate.org.apache.http.headers - http-outgoing-29 >> User-Agent: Apache-HttpClient/4.5.13 (Java/1.8.0_202)
11:39:20.763 [pool-1-thread-1] DEBUG karate.org.apache.http.headers - http-outgoing-29 >> Accept-Encoding: gzip,deflate
11:39:20.763 [pool-1-thread-1] DEBUG karate.org.apache.http.wire - http-outgoing-29 >> "POST /learning/api/v1/meters HTTP/1.1[\r][\n]"
11:39:20.763 [pool-1-thread-1] DEBUG karate.org.apache.http.wire - http-outgoing-29 >> "Content-Type: application/json; charset=UTF-8[\r][\n]"
11:39:20.763 [pool-1-thread-1] DEBUG karate.org.apache.http.wire - http-outgoing-29 >> "Content-Length: 251[\r][\n]"
11:39:20.763 [pool-1-thread-1] DEBUG karate.org.apache.http.wire - http-outgoing-29 >> "Host: ops.enerbit.dev[\r][\n]"
11:39:20.763 [pool-1-thread-1] DEBUG karate.org.apache.http.wire - http-outgoing-29 >> "Connection: Keep-Alive[\r][\n]"
11:39:20.763 [pool-1-thread-1] DEBUG karate.org.apache.http.wire - http-outgoing-29 >> "User-Agent: Apache-HttpClient/4.5.13 (Java/1.8.0_202)[\r][\n]"
11:39:20.763 [pool-1-thread-1] DEBUG karate.org.apache.http.wire - http-outgoing-29 >> "Accept-Encoding: gzip,deflate[\r][\n]"
11:39:20.763 [pool-1-thread-1] DEBUG karate.org.apache.http.wire - http-outgoing-29 >> "[\r][\n]"
11:39:20.763 [pool-1-thread-1] DEBUG karate.org.apache.http.wire - http-outgoing-29 >> "{"serial":"3424234233kj","connection_type":"directa","storage_system":"interno","condition":"nuevo","owner":"RF","location":"Almacen ","manufacturer":"yes","purchase":"2022-07-28 03:08:49.340514","i_max":6345.654,"i_b":21.5,"i_n":876.5,"seals":545.65}"
11:39:20.813 [pool-1-thread-2] DEBUG karate.org.apache.http.conn.ssl.SSLConnectionSocketFactory - Enabled protocols: [TLSv1, TLSv1.1, TLSv1.2]
11:39:20.814 [pool-1-thread-2] DEBUG karate.org.apache.http.conn.ssl.SSLConnectionSocketFactory - Enabled cipher suites:[TLS_ECDHE_ECDSA_WITH_AES_256_CBC_SHA384, TLS_ECDHE_RSA_WITH_AES_256_CBC_SHA384, TLS_RSA_WITH_AES_256_CBC_SHA256, TLS_ECDH_ECDSA_WITH_AES_256_CBC_SHA384, TLS_ECDH_RSA_WITH_AES_256_CBC_SHA384, TLS_DHE_RSA_WITH_AES_256_CBC_SHA256, TLS_DHE_DSS_WITH_AES_256_CBC_SHA256, TLS_ECDHE_ECDSA_WITH_AES_256_CBC_SHA, TLS_ECDHE_RSA_WITH_AES_256_CBC_SHA, TLS_RSA_WITH_AES_256_CBC_SHA, TLS_ECDH_ECDSA_WITH_AES_256_CBC_SHA, TLS_ECDH_RSA_WITH_AES_256_CBC_SHA, TLS_DHE_RSA_WITH_AES_256_CBC_SHA, TLS_DHE_DSS_WITH_AES_256_CBC_SHA, TLS_ECDHE_ECDSA_WITH_AES_128_CBC_SHA256, TLS_ECDHE_RSA_WITH_AES_128_CBC_SHA256, TLS_RSA_WITH_AES_128_CBC_SHA256, TLS_ECDH_ECDSA_WITH_AES_128_CBC_SHA256, TLS_ECDH_RSA_WITH_AES_128_CBC_SHA256, TLS_DHE_RSA_WITH_AES_128_CBC_SHA256, TLS_DHE_DSS_WITH_AES_128_CBC_SHA256, TLS_ECDHE_ECDSA_WITH_AES_128_CBC_SHA, TLS_ECDHE_RSA_WITH_AES_128_CBC_SHA, TLS_RSA_WITH_AES_128_CBC_SHA, TLS_ECDH_ECDSA_WITH_AES_128_CBC_SHA, TLS_ECDH_RSA_WITH_AES_128_CBC_SHA, TLS_DHE_RSA_WITH_AES_128_CBC_SHA, TLS_DHE_DSS_WITH_AES_128_CBC_SHA, TLS_ECDHE_ECDSA_WITH_AES_256_GCM_SHA384, TLS_ECDHE_ECDSA_WITH_AES_128_GCM_SHA256, TLS_ECDHE_RSA_WITH_AES_256_GCM_SHA384, TLS_RSA_WITH_AES_256_GCM_SHA384, TLS_ECDH_ECDSA_WITH_AES_256_GCM_SHA384, TLS_ECDH_RSA_WITH_AES_256_GCM_SHA384, TLS_DHE_RSA_WITH_AES_256_GCM_SHA384, TLS_DHE_DSS_WITH_AES_256_GCM_SHA384, TLS_ECDHE_RSA_WITH_AES_128_GCM_SHA256, TLS_RSA_WITH_AES_128_GCM_SHA256, TLS_ECDH_ECDSA_WITH_AES_128_GCM_SHA256, TLS_ECDH_RSA_WITH_AES_128_GCM_SHA256, TLS_DHE_RSA_WITH_AES_128_GCM_SHA256, TLS_DHE_DSS_WITH_AES_128_GCM_SHA256]
11:39:20.814 [pool-1-thread-2] DEBUG karate.org.apache.http.conn.ssl.SSLConnectionSocketFactory - Starting handshake
11:39:20.913 [pool-1-thread-2] DEBUG karate.org.apache.http.conn.ssl.SSLConnectionSocketFactory - Secure session established
11:39:20.913 [pool-1-thread-2] DEBUG karate.org.apache.http.conn.ssl.SSLConnectionSocketFactory -  negotiated protocol: TLSv1.2
11:39:20.913 [pool-1-thread-2] DEBUG karate.org.apache.http.conn.ssl.SSLConnectionSocketFactory -  negotiated cipher suite: TLS_ECDHE_RSA_WITH_AES_128_GCM_SHA256
11:39:20.913 [pool-1-thread-2] DEBUG karate.org.apache.http.conn.ssl.SSLConnectionSocketFactory -  peer principal: CN=ops.enerbit.dev
11:39:20.913 [pool-1-thread-2] DEBUG karate.org.apache.http.conn.ssl.SSLConnectionSocketFactory -  peer alternative names: [ops.enerbit.dev]
11:39:20.913 [pool-1-thread-2] DEBUG karate.org.apache.http.conn.ssl.SSLConnectionSocketFactory -  issuer principal: CN=R3, O=Let's Encrypt, C=US
11:39:20.913 [pool-1-thread-2] DEBUG karate.org.apache.http.impl.conn.DefaultHttpClientConnectionOperator - Connection established 192.168.1.4:56951<->20.65.19.185:443
11:39:20.913 [pool-1-thread-2] DEBUG karate.org.apache.http.impl.conn.DefaultManagedHttpClientConnection - http-outgoing-30: set socket timeout to 30000
11:39:20.913 [pool-1-thread-2] DEBUG karate.org.apache.http.impl.execchain.MainClientExec - Executing request POST /learning/api/v1/meters HTTP/1.1
11:39:20.913 [pool-1-thread-2] DEBUG karate.org.apache.http.impl.execchain.MainClientExec - Target auth state: UNCHALLENGED
11:39:20.913 [pool-1-thread-2] DEBUG karate.org.apache.http.impl.execchain.MainClientExec - Proxy auth state: UNCHALLENGED
11:39:20.914 [pool-1-thread-2] DEBUG karate.org.apache.http.headers - http-outgoing-30 >> POST /learning/api/v1/meters HTTP/1.1
11:39:20.914 [pool-1-thread-2] DEBUG karate.org.apache.http.headers - http-outgoing-30 >> Content-Type: application/json; charset=UTF-8
11:39:20.914 [pool-1-thread-2] DEBUG karate.org.apache.http.headers - http-outgoing-30 >> Content-Length: 251
11:39:20.914 [pool-1-thread-2] DEBUG karate.org.apache.http.headers - http-outgoing-30 >> Host: ops.enerbit.dev
11:39:20.914 [pool-1-thread-2] DEBUG karate.org.apache.http.headers - http-outgoing-30 >> Connection: Keep-Alive
11:39:20.914 [pool-1-thread-2] DEBUG karate.org.apache.http.headers - http-outgoing-30 >> User-Agent: Apache-HttpClient/4.5.13 (Java/1.8.0_202)
11:39:20.914 [pool-1-thread-2] DEBUG karate.org.apache.http.headers - http-outgoing-30 >> Accept-Encoding: gzip,deflate
11:39:20.914 [pool-1-thread-2] DEBUG karate.org.apache.http.wire - http-outgoing-30 >> "POST /learning/api/v1/meters HTTP/1.1[\r][\n]"
11:39:20.914 [pool-1-thread-2] DEBUG karate.org.apache.http.wire - http-outgoing-30 >> "Content-Type: application/json; charset=UTF-8[\r][\n]"
11:39:20.914 [pool-1-thread-2] DEBUG karate.org.apache.http.wire - http-outgoing-30 >> "Content-Length: 251[\r][\n]"
11:39:20.914 [pool-1-thread-2] DEBUG karate.org.apache.http.wire - http-outgoing-30 >> "Host: ops.enerbit.dev[\r][\n]"
11:39:20.914 [pool-1-thread-2] DEBUG karate.org.apache.http.wire - http-outgoing-30 >> "Connection: Keep-Alive[\r][\n]"
11:39:20.914 [pool-1-thread-2] DEBUG karate.org.apache.http.wire - http-outgoing-30 >> "User-Agent: Apache-HttpClient/4.5.13 (Java/1.8.0_202)[\r][\n]"
11:39:20.914 [pool-1-thread-2] DEBUG karate.org.apache.http.wire - http-outgoing-30 >> "Accept-Encoding: gzip,deflate[\r][\n]"
11:39:20.914 [pool-1-thread-2] DEBUG karate.org.apache.http.wire - http-outgoing-30 >> "[\r][\n]"
11:39:20.914 [pool-1-thread-2] DEBUG karate.org.apache.http.wire - http-outgoing-30 >> "{"serial":"3424234233kj","connection_type":"directa","storage_system":"interno","condition":"nuevo","owner":"RF","location":"Almacen ","manufacturer":"yes","purchase":"2022-07-28 03:08:49.340514","i_max":6345.654,"i_b":21.5,"i_n":876.5,"seals":545.65}"
11:39:20.982 [pool-1-thread-1] DEBUG karate.org.apache.http.wire - http-outgoing-29 << "HTTP/1.1 201 Created[\r][\n]"
11:39:20.982 [pool-1-thread-1] DEBUG karate.org.apache.http.wire - http-outgoing-29 << "Date: Sun, 02 Jul 2023 16:39:21 GMT[\r][\n]"
11:39:20.982 [pool-1-thread-1] DEBUG karate.org.apache.http.wire - http-outgoing-29 << "Content-Type: application/json[\r][\n]"
11:39:20.982 [pool-1-thread-1] DEBUG karate.org.apache.http.wire - http-outgoing-29 << "Content-Length: 320[\r][\n]"
11:39:20.982 [pool-1-thread-1] DEBUG karate.org.apache.http.wire - http-outgoing-29 << "Connection: keep-alive[\r][\n]"
11:39:20.982 [pool-1-thread-1] DEBUG karate.org.apache.http.wire - http-outgoing-29 << "Strict-Transport-Security: max-age=15724800; includeSubDomains[\r][\n]"
11:39:20.982 [pool-1-thread-1] DEBUG karate.org.apache.http.wire - http-outgoing-29 << "Access-Control-Allow-Origin: *[\r][\n]"
11:39:20.982 [pool-1-thread-1] DEBUG karate.org.apache.http.wire - http-outgoing-29 << "Access-Control-Allow-Credentials: true[\r][\n]"
11:39:20.982 [pool-1-thread-1] DEBUG karate.org.apache.http.wire - http-outgoing-29 << "Access-Control-Allow-Methods: GET, PUT, POST, DELETE, PATCH, OPTIONS[\r][\n]"
11:39:20.982 [pool-1-thread-1] DEBUG karate.org.apache.http.wire - http-outgoing-29 << "Access-Control-Allow-Headers: DNT,Keep-Alive,User-Agent,X-Requested-With,If-Modified-Since,Cache-Control,Content-Type,Range,Authorization[\r][\n]"
11:39:20.982 [pool-1-thread-1] DEBUG karate.org.apache.http.wire - http-outgoing-29 << "Access-Control-Max-Age: 1728000[\r][\n]"
11:39:20.982 [pool-1-thread-1] DEBUG karate.org.apache.http.wire - http-outgoing-29 << "[\r][\n]"
11:39:20.982 [pool-1-thread-1] DEBUG karate.org.apache.http.wire - http-outgoing-29 << "{"serial":"3424234233kj","connection_type":"directa","storage_system":"interno","condition":"nuevo","owner":"RF","location":"Almacen ","manufacturer":"yes","purchase":"2022-07-28 03:08:49.340514","i_max":6345.654,"i_b":21.5,"i_n":876.5,"seals":545.65,"id":425,"created_at":"2023-07-02T16:39:21.393646","updated_at":null}"
11:39:20.982 [pool-1-thread-1] DEBUG karate.org.apache.http.headers - http-outgoing-29 << HTTP/1.1 201 Created
11:39:20.982 [pool-1-thread-1] DEBUG karate.org.apache.http.headers - http-outgoing-29 << Date: Sun, 02 Jul 2023 16:39:21 GMT
11:39:20.982 [pool-1-thread-1] DEBUG karate.org.apache.http.headers - http-outgoing-29 << Content-Type: application/json
11:39:20.982 [pool-1-thread-1] DEBUG karate.org.apache.http.headers - http-outgoing-29 << Content-Length: 320
11:39:20.982 [pool-1-thread-1] DEBUG karate.org.apache.http.headers - http-outgoing-29 << Connection: keep-alive
11:39:20.982 [pool-1-thread-1] DEBUG karate.org.apache.http.headers - http-outgoing-29 << Strict-Transport-Security: max-age=15724800; includeSubDomains
11:39:20.982 [pool-1-thread-1] DEBUG karate.org.apache.http.headers - http-outgoing-29 << Access-Control-Allow-Origin: *
11:39:20.982 [pool-1-thread-1] DEBUG karate.org.apache.http.headers - http-outgoing-29 << Access-Control-Allow-Credentials: true
11:39:20.982 [pool-1-thread-1] DEBUG karate.org.apache.http.headers - http-outgoing-29 << Access-Control-Allow-Methods: GET, PUT, POST, DELETE, PATCH, OPTIONS
11:39:20.982 [pool-1-thread-1] DEBUG karate.org.apache.http.headers - http-outgoing-29 << Access-Control-Allow-Headers: DNT,Keep-Alive,User-Agent,X-Requested-With,If-Modified-Since,Cache-Control,Content-Type,Range,Authorization
11:39:20.982 [pool-1-thread-1] DEBUG karate.org.apache.http.headers - http-outgoing-29 << Access-Control-Max-Age: 1728000
11:39:20.982 [pool-1-thread-1] DEBUG karate.org.apache.http.impl.execchain.MainClientExec - Connection can be kept alive indefinitely
11:39:20.982 [pool-1-thread-1] DEBUG karate.org.apache.http.impl.conn.PoolingHttpClientConnectionManager - Connection [id: 29][route: {s}->https://ops.enerbit.dev:443] can be kept alive indefinitely
11:39:20.982 [pool-1-thread-1] DEBUG karate.org.apache.http.impl.conn.DefaultManagedHttpClientConnection - http-outgoing-29: set socket timeout to 0
11:39:20.982 [pool-1-thread-1] DEBUG karate.org.apache.http.impl.conn.PoolingHttpClientConnectionManager - Connection released: [id: 29][route: {s}->https://ops.enerbit.dev:443][total available: 1; route allocated: 1 of 5; total allocated: 1 of 10]
11:39:20.982 [pool-1-thread-1] DEBUG com.intuit.karate - response time in milliseconds: 401
1 < 201
1 < Date: Sun, 02 Jul 2023 16:39:21 GMT
1 < Content-Type: application/json
1 < Content-Length: 320
1 < Connection: keep-alive
1 < Strict-Transport-Security: max-age=15724800; includeSubDomains
1 < Access-Control-Allow-Origin: *
1 < Access-Control-Allow-Credentials: true
1 < Access-Control-Allow-Methods: GET, PUT, POST, DELETE, PATCH, OPTIONS
1 < Access-Control-Allow-Headers: DNT,Keep-Alive,User-Agent,X-Requested-With,If-Modified-Since,Cache-Control,Content-Type,Range,Authorization
1 < Access-Control-Max-Age: 1728000
{"serial":"3424234233kj","connection_type":"directa","storage_system":"interno","condition":"nuevo","owner":"RF","location":"Almacen ","manufacturer":"yes","purchase":"2022-07-28 03:08:49.340514","i_max":6345.654,"i_b":21.5,"i_n":876.5,"seals":545.65,"id":425,"created_at":"2023-07-02T16:39:21.393646","updated_at":null}

11:39:20.983 [pool-1-thread-1] DEBUG com.jayway.jsonpath.internal.path.CompiledPath - Evaluating path: $['id']
11:39:20.985 [pool-1-thread-1] DEBUG com.jayway.jsonpath.internal.path.CompiledPath - Evaluating path: $
11:39:20.986 [pool-1-thread-1] DEBUG karate.org.apache.http.client.protocol.RequestAddCookies - CookieSpec selected: karate
11:39:20.986 [pool-1-thread-1] DEBUG karate.org.apache.http.client.protocol.RequestAuthCache - Auth cache not set in the context
11:39:20.986 [pool-1-thread-1] DEBUG com.intuit.karate - request:
2 > PATCH https://ops.enerbit.dev/learning/api/v1/meters/425
2 > Content-Type: application/json; charset=UTF-8
2 > Content-Length: 260
2 > Host: ops.enerbit.dev
2 > Connection: Keep-Alive
2 > User-Agent: Apache-HttpClient/4.5.13 (Java/1.8.0_202)
2 > Accept-Encoding: gzip,deflate
{"serial":"3424234233kj","connection_type":"directa","storage_system":"interno","condition":"nuevo","owner":"RF","location":"Almacen ","manufacturer":"yes","purchase":"2022-07-28 03:08:49.340514","i_max":6345.654,"i_b":25362,"i_n":58652,"seals":"invalid data"}

11:39:20.986 [pool-1-thread-1] DEBUG karate.org.apache.http.impl.conn.PoolingHttpClientConnectionManager - Connection request: [route: {s}->https://ops.enerbit.dev:443][total available: 0; route allocated: 0 of 5; total allocated: 0 of 10]
11:39:20.986 [pool-1-thread-1] DEBUG karate.org.apache.http.impl.conn.PoolingHttpClientConnectionManager - Connection leased: [id: 31][route: {s}->https://ops.enerbit.dev:443][total available: 0; route allocated: 1 of 5; total allocated: 1 of 10]
11:39:20.986 [pool-1-thread-1] DEBUG karate.org.apache.http.impl.execchain.MainClientExec - Opening connection {s}->https://ops.enerbit.dev:443
11:39:20.986 [pool-1-thread-1] DEBUG karate.org.apache.http.impl.conn.DefaultHttpClientConnectionOperator - Connecting to ops.enerbit.dev/20.65.19.185:443
11:39:20.986 [pool-1-thread-1] DEBUG karate.org.apache.http.conn.ssl.SSLConnectionSocketFactory - Connecting socket to ops.enerbit.dev/20.65.19.185:443 with timeout 30000
11:39:21.068 [pool-1-thread-1] DEBUG karate.org.apache.http.conn.ssl.SSLConnectionSocketFactory - Enabled protocols: [TLSv1, TLSv1.1, TLSv1.2]
11:39:21.068 [pool-1-thread-1] DEBUG karate.org.apache.http.conn.ssl.SSLConnectionSocketFactory - Enabled cipher suites:[TLS_ECDHE_ECDSA_WITH_AES_256_CBC_SHA384, TLS_ECDHE_RSA_WITH_AES_256_CBC_SHA384, TLS_RSA_WITH_AES_256_CBC_SHA256, TLS_ECDH_ECDSA_WITH_AES_256_CBC_SHA384, TLS_ECDH_RSA_WITH_AES_256_CBC_SHA384, TLS_DHE_RSA_WITH_AES_256_CBC_SHA256, TLS_DHE_DSS_WITH_AES_256_CBC_SHA256, TLS_ECDHE_ECDSA_WITH_AES_256_CBC_SHA, TLS_ECDHE_RSA_WITH_AES_256_CBC_SHA, TLS_RSA_WITH_AES_256_CBC_SHA, TLS_ECDH_ECDSA_WITH_AES_256_CBC_SHA, TLS_ECDH_RSA_WITH_AES_256_CBC_SHA, TLS_DHE_RSA_WITH_AES_256_CBC_SHA, TLS_DHE_DSS_WITH_AES_256_CBC_SHA, TLS_ECDHE_ECDSA_WITH_AES_128_CBC_SHA256, TLS_ECDHE_RSA_WITH_AES_128_CBC_SHA256, TLS_RSA_WITH_AES_128_CBC_SHA256, TLS_ECDH_ECDSA_WITH_AES_128_CBC_SHA256, TLS_ECDH_RSA_WITH_AES_128_CBC_SHA256, TLS_DHE_RSA_WITH_AES_128_CBC_SHA256, TLS_DHE_DSS_WITH_AES_128_CBC_SHA256, TLS_ECDHE_ECDSA_WITH_AES_128_CBC_SHA, TLS_ECDHE_RSA_WITH_AES_128_CBC_SHA, TLS_RSA_WITH_AES_128_CBC_SHA, TLS_ECDH_ECDSA_WITH_AES_128_CBC_SHA, TLS_ECDH_RSA_WITH_AES_128_CBC_SHA, TLS_DHE_RSA_WITH_AES_128_CBC_SHA, TLS_DHE_DSS_WITH_AES_128_CBC_SHA, TLS_ECDHE_ECDSA_WITH_AES_256_GCM_SHA384, TLS_ECDHE_ECDSA_WITH_AES_128_GCM_SHA256, TLS_ECDHE_RSA_WITH_AES_256_GCM_SHA384, TLS_RSA_WITH_AES_256_GCM_SHA384, TLS_ECDH_ECDSA_WITH_AES_256_GCM_SHA384, TLS_ECDH_RSA_WITH_AES_256_GCM_SHA384, TLS_DHE_RSA_WITH_AES_256_GCM_SHA384, TLS_DHE_DSS_WITH_AES_256_GCM_SHA384, TLS_ECDHE_RSA_WITH_AES_128_GCM_SHA256, TLS_RSA_WITH_AES_128_GCM_SHA256, TLS_ECDH_ECDSA_WITH_AES_128_GCM_SHA256, TLS_ECDH_RSA_WITH_AES_128_GCM_SHA256, TLS_DHE_RSA_WITH_AES_128_GCM_SHA256, TLS_DHE_DSS_WITH_AES_128_GCM_SHA256]
11:39:21.068 [pool-1-thread-1] DEBUG karate.org.apache.http.conn.ssl.SSLConnectionSocketFactory - Starting handshake
11:39:21.115 [pool-1-thread-2] DEBUG karate.org.apache.http.wire - http-outgoing-30 << "HTTP/1.1 201 Created[\r][\n]"
11:39:21.115 [pool-1-thread-2] DEBUG karate.org.apache.http.wire - http-outgoing-30 << "Date: Sun, 02 Jul 2023 16:39:21 GMT[\r][\n]"
11:39:21.115 [pool-1-thread-2] DEBUG karate.org.apache.http.wire - http-outgoing-30 << "Content-Type: application/json[\r][\n]"
11:39:21.115 [pool-1-thread-2] DEBUG karate.org.apache.http.wire - http-outgoing-30 << "Content-Length: 320[\r][\n]"
11:39:21.115 [pool-1-thread-2] DEBUG karate.org.apache.http.wire - http-outgoing-30 << "Connection: keep-alive[\r][\n]"
11:39:21.115 [pool-1-thread-2] DEBUG karate.org.apache.http.wire - http-outgoing-30 << "Strict-Transport-Security: max-age=15724800; includeSubDomains[\r][\n]"
11:39:21.115 [pool-1-thread-2] DEBUG karate.org.apache.http.wire - http-outgoing-30 << "Access-Control-Allow-Origin: *[\r][\n]"
11:39:21.115 [pool-1-thread-2] DEBUG karate.org.apache.http.wire - http-outgoing-30 << "Access-Control-Allow-Credentials: true[\r][\n]"
11:39:21.115 [pool-1-thread-2] DEBUG karate.org.apache.http.wire - http-outgoing-30 << "Access-Control-Allow-Methods: GET, PUT, POST, DELETE, PATCH, OPTIONS[\r][\n]"
11:39:21.115 [pool-1-thread-2] DEBUG karate.org.apache.http.wire - http-outgoing-30 << "Access-Control-Allow-Headers: DNT,Keep-Alive,User-Agent,X-Requested-With,If-Modified-Since,Cache-Control,Content-Type,Range,Authorization[\r][\n]"
11:39:21.115 [pool-1-thread-2] DEBUG karate.org.apache.http.wire - http-outgoing-30 << "Access-Control-Max-Age: 1728000[\r][\n]"
11:39:21.115 [pool-1-thread-2] DEBUG karate.org.apache.http.wire - http-outgoing-30 << "[\r][\n]"
11:39:21.115 [pool-1-thread-2] DEBUG karate.org.apache.http.wire - http-outgoing-30 << "{"serial":"3424234233kj","connection_type":"directa","storage_system":"interno","condition":"nuevo","owner":"RF","location":"Almacen ","manufacturer":"yes","purchase":"2022-07-28 03:08:49.340514","i_max":6345.654,"i_b":21.5,"i_n":876.5,"seals":545.65,"id":426,"created_at":"2023-07-02T16:39:21.606448","updated_at":null}"
11:39:21.115 [pool-1-thread-2] DEBUG karate.org.apache.http.headers - http-outgoing-30 << HTTP/1.1 201 Created
11:39:21.115 [pool-1-thread-2] DEBUG karate.org.apache.http.headers - http-outgoing-30 << Date: Sun, 02 Jul 2023 16:39:21 GMT
11:39:21.115 [pool-1-thread-2] DEBUG karate.org.apache.http.headers - http-outgoing-30 << Content-Type: application/json
11:39:21.115 [pool-1-thread-2] DEBUG karate.org.apache.http.headers - http-outgoing-30 << Content-Length: 320
11:39:21.115 [pool-1-thread-2] DEBUG karate.org.apache.http.headers - http-outgoing-30 << Connection: keep-alive
11:39:21.115 [pool-1-thread-2] DEBUG karate.org.apache.http.headers - http-outgoing-30 << Strict-Transport-Security: max-age=15724800; includeSubDomains
11:39:21.115 [pool-1-thread-2] DEBUG karate.org.apache.http.headers - http-outgoing-30 << Access-Control-Allow-Origin: *
11:39:21.115 [pool-1-thread-2] DEBUG karate.org.apache.http.headers - http-outgoing-30 << Access-Control-Allow-Credentials: true
11:39:21.115 [pool-1-thread-2] DEBUG karate.org.apache.http.headers - http-outgoing-30 << Access-Control-Allow-Methods: GET, PUT, POST, DELETE, PATCH, OPTIONS
11:39:21.115 [pool-1-thread-2] DEBUG karate.org.apache.http.headers - http-outgoing-30 << Access-Control-Allow-Headers: DNT,Keep-Alive,User-Agent,X-Requested-With,If-Modified-Since,Cache-Control,Content-Type,Range,Authorization
11:39:21.115 [pool-1-thread-2] DEBUG karate.org.apache.http.headers - http-outgoing-30 << Access-Control-Max-Age: 1728000
11:39:21.115 [pool-1-thread-2] DEBUG karate.org.apache.http.impl.execchain.MainClientExec - Connection can be kept alive indefinitely
11:39:21.115 [pool-1-thread-2] DEBUG karate.org.apache.http.impl.conn.PoolingHttpClientConnectionManager - Connection [id: 30][route: {s}->https://ops.enerbit.dev:443] can be kept alive indefinitely
11:39:21.115 [pool-1-thread-2] DEBUG karate.org.apache.http.impl.conn.DefaultManagedHttpClientConnection - http-outgoing-30: set socket timeout to 0
11:39:21.115 [pool-1-thread-2] DEBUG karate.org.apache.http.impl.conn.PoolingHttpClientConnectionManager - Connection released: [id: 30][route: {s}->https://ops.enerbit.dev:443][total available: 1; route allocated: 1 of 5; total allocated: 1 of 10]
11:39:21.115 [pool-1-thread-2] DEBUG com.intuit.karate - response time in milliseconds: 385
1 < 201
1 < Date: Sun, 02 Jul 2023 16:39:21 GMT
1 < Content-Type: application/json
1 < Content-Length: 320
1 < Connection: keep-alive
1 < Strict-Transport-Security: max-age=15724800; includeSubDomains
1 < Access-Control-Allow-Origin: *
1 < Access-Control-Allow-Credentials: true
1 < Access-Control-Allow-Methods: GET, PUT, POST, DELETE, PATCH, OPTIONS
1 < Access-Control-Allow-Headers: DNT,Keep-Alive,User-Agent,X-Requested-With,If-Modified-Since,Cache-Control,Content-Type,Range,Authorization
1 < Access-Control-Max-Age: 1728000
{"serial":"3424234233kj","connection_type":"directa","storage_system":"interno","condition":"nuevo","owner":"RF","location":"Almacen ","manufacturer":"yes","purchase":"2022-07-28 03:08:49.340514","i_max":6345.654,"i_b":21.5,"i_n":876.5,"seals":545.65,"id":426,"created_at":"2023-07-02T16:39:21.606448","updated_at":null}

11:39:21.119 [pool-1-thread-2] DEBUG com.jayway.jsonpath.internal.path.CompiledPath - Evaluating path: $
11:39:21.120 [pool-1-thread-2] DEBUG karate.org.apache.http.client.protocol.RequestAddCookies - CookieSpec selected: karate
11:39:21.120 [pool-1-thread-2] DEBUG karate.org.apache.http.client.protocol.RequestAuthCache - Auth cache not set in the context
11:39:21.120 [pool-1-thread-2] DEBUG com.intuit.karate - request:
1 > POST https://ops.enerbit.dev/learning/api/v1/meters
1 > Content-Type: application/json; charset=UTF-8
1 > Content-Length: 2
1 > Host: ops.enerbit.dev
1 > Connection: Keep-Alive
1 > User-Agent: Apache-HttpClient/4.5.13 (Java/1.8.0_202)
1 > Accept-Encoding: gzip,deflate
{}

11:39:21.121 [pool-1-thread-2] DEBUG karate.org.apache.http.impl.conn.PoolingHttpClientConnectionManager - Connection request: [route: {s}->https://ops.enerbit.dev:443][total available: 0; route allocated: 0 of 5; total allocated: 0 of 10]
11:39:21.122 [pool-1-thread-2] DEBUG karate.org.apache.http.impl.conn.PoolingHttpClientConnectionManager - Connection leased: [id: 32][route: {s}->https://ops.enerbit.dev:443][total available: 0; route allocated: 1 of 5; total allocated: 1 of 10]
11:39:21.122 [pool-1-thread-2] DEBUG karate.org.apache.http.impl.execchain.MainClientExec - Opening connection {s}->https://ops.enerbit.dev:443
11:39:21.122 [pool-1-thread-2] DEBUG karate.org.apache.http.impl.conn.DefaultHttpClientConnectionOperator - Connecting to ops.enerbit.dev/20.65.19.185:443
11:39:21.123 [pool-1-thread-2] DEBUG karate.org.apache.http.conn.ssl.SSLConnectionSocketFactory - Connecting socket to ops.enerbit.dev/20.65.19.185:443 with timeout 30000
11:39:21.189 [pool-1-thread-1] DEBUG karate.org.apache.http.conn.ssl.SSLConnectionSocketFactory - Secure session established
11:39:21.189 [pool-1-thread-1] DEBUG karate.org.apache.http.conn.ssl.SSLConnectionSocketFactory -  negotiated protocol: TLSv1.2
11:39:21.189 [pool-1-thread-1] DEBUG karate.org.apache.http.conn.ssl.SSLConnectionSocketFactory -  negotiated cipher suite: TLS_ECDHE_RSA_WITH_AES_128_GCM_SHA256
11:39:21.189 [pool-1-thread-1] DEBUG karate.org.apache.http.conn.ssl.SSLConnectionSocketFactory -  peer principal: CN=ops.enerbit.dev
11:39:21.189 [pool-1-thread-1] DEBUG karate.org.apache.http.conn.ssl.SSLConnectionSocketFactory -  peer alternative names: [ops.enerbit.dev]
11:39:21.189 [pool-1-thread-1] DEBUG karate.org.apache.http.conn.ssl.SSLConnectionSocketFactory -  issuer principal: CN=R3, O=Let's Encrypt, C=US
11:39:21.190 [pool-1-thread-1] DEBUG karate.org.apache.http.impl.conn.DefaultHttpClientConnectionOperator - Connection established 192.168.1.4:56963<->20.65.19.185:443
11:39:21.190 [pool-1-thread-1] DEBUG karate.org.apache.http.impl.conn.DefaultManagedHttpClientConnection - http-outgoing-31: set socket timeout to 30000
11:39:21.190 [pool-1-thread-1] DEBUG karate.org.apache.http.impl.execchain.MainClientExec - Executing request PATCH /learning/api/v1/meters/425 HTTP/1.1
11:39:21.190 [pool-1-thread-1] DEBUG karate.org.apache.http.impl.execchain.MainClientExec - Target auth state: UNCHALLENGED
11:39:21.190 [pool-1-thread-1] DEBUG karate.org.apache.http.impl.execchain.MainClientExec - Proxy auth state: UNCHALLENGED
11:39:21.190 [pool-1-thread-1] DEBUG karate.org.apache.http.headers - http-outgoing-31 >> PATCH /learning/api/v1/meters/425 HTTP/1.1
11:39:21.190 [pool-1-thread-1] DEBUG karate.org.apache.http.headers - http-outgoing-31 >> Content-Type: application/json; charset=UTF-8
11:39:21.190 [pool-1-thread-1] DEBUG karate.org.apache.http.headers - http-outgoing-31 >> Content-Length: 260
11:39:21.190 [pool-1-thread-1] DEBUG karate.org.apache.http.headers - http-outgoing-31 >> Host: ops.enerbit.dev
11:39:21.190 [pool-1-thread-1] DEBUG karate.org.apache.http.headers - http-outgoing-31 >> Connection: Keep-Alive
11:39:21.190 [pool-1-thread-1] DEBUG karate.org.apache.http.headers - http-outgoing-31 >> User-Agent: Apache-HttpClient/4.5.13 (Java/1.8.0_202)
11:39:21.190 [pool-1-thread-1] DEBUG karate.org.apache.http.headers - http-outgoing-31 >> Accept-Encoding: gzip,deflate
11:39:21.190 [pool-1-thread-1] DEBUG karate.org.apache.http.wire - http-outgoing-31 >> "PATCH /learning/api/v1/meters/425 HTTP/1.1[\r][\n]"
11:39:21.190 [pool-1-thread-1] DEBUG karate.org.apache.http.wire - http-outgoing-31 >> "Content-Type: application/json; charset=UTF-8[\r][\n]"
11:39:21.190 [pool-1-thread-1] DEBUG karate.org.apache.http.wire - http-outgoing-31 >> "Content-Length: 260[\r][\n]"
11:39:21.190 [pool-1-thread-1] DEBUG karate.org.apache.http.wire - http-outgoing-31 >> "Host: ops.enerbit.dev[\r][\n]"
11:39:21.190 [pool-1-thread-1] DEBUG karate.org.apache.http.wire - http-outgoing-31 >> "Connection: Keep-Alive[\r][\n]"
11:39:21.190 [pool-1-thread-1] DEBUG karate.org.apache.http.wire - http-outgoing-31 >> "User-Agent: Apache-HttpClient/4.5.13 (Java/1.8.0_202)[\r][\n]"
11:39:21.190 [pool-1-thread-1] DEBUG karate.org.apache.http.wire - http-outgoing-31 >> "Accept-Encoding: gzip,deflate[\r][\n]"
11:39:21.190 [pool-1-thread-1] DEBUG karate.org.apache.http.wire - http-outgoing-31 >> "[\r][\n]"
11:39:21.190 [pool-1-thread-1] DEBUG karate.org.apache.http.wire - http-outgoing-31 >> "{"serial":"3424234233kj","connection_type":"directa","storage_system":"interno","condition":"nuevo","owner":"RF","location":"Almacen ","manufacturer":"yes","purchase":"2022-07-28 03:08:49.340514","i_max":6345.654,"i_b":25362,"i_n":58652,"seals":"invalid data"}"
11:39:21.203 [pool-1-thread-2] DEBUG karate.org.apache.http.conn.ssl.SSLConnectionSocketFactory - Enabled protocols: [TLSv1, TLSv1.1, TLSv1.2]
11:39:21.203 [pool-1-thread-2] DEBUG karate.org.apache.http.conn.ssl.SSLConnectionSocketFactory - Enabled cipher suites:[TLS_ECDHE_ECDSA_WITH_AES_256_CBC_SHA384, TLS_ECDHE_RSA_WITH_AES_256_CBC_SHA384, TLS_RSA_WITH_AES_256_CBC_SHA256, TLS_ECDH_ECDSA_WITH_AES_256_CBC_SHA384, TLS_ECDH_RSA_WITH_AES_256_CBC_SHA384, TLS_DHE_RSA_WITH_AES_256_CBC_SHA256, TLS_DHE_DSS_WITH_AES_256_CBC_SHA256, TLS_ECDHE_ECDSA_WITH_AES_256_CBC_SHA, TLS_ECDHE_RSA_WITH_AES_256_CBC_SHA, TLS_RSA_WITH_AES_256_CBC_SHA, TLS_ECDH_ECDSA_WITH_AES_256_CBC_SHA, TLS_ECDH_RSA_WITH_AES_256_CBC_SHA, TLS_DHE_RSA_WITH_AES_256_CBC_SHA, TLS_DHE_DSS_WITH_AES_256_CBC_SHA, TLS_ECDHE_ECDSA_WITH_AES_128_CBC_SHA256, TLS_ECDHE_RSA_WITH_AES_128_CBC_SHA256, TLS_RSA_WITH_AES_128_CBC_SHA256, TLS_ECDH_ECDSA_WITH_AES_128_CBC_SHA256, TLS_ECDH_RSA_WITH_AES_128_CBC_SHA256, TLS_DHE_RSA_WITH_AES_128_CBC_SHA256, TLS_DHE_DSS_WITH_AES_128_CBC_SHA256, TLS_ECDHE_ECDSA_WITH_AES_128_CBC_SHA, TLS_ECDHE_RSA_WITH_AES_128_CBC_SHA, TLS_RSA_WITH_AES_128_CBC_SHA, TLS_ECDH_ECDSA_WITH_AES_128_CBC_SHA, TLS_ECDH_RSA_WITH_AES_128_CBC_SHA, TLS_DHE_RSA_WITH_AES_128_CBC_SHA, TLS_DHE_DSS_WITH_AES_128_CBC_SHA, TLS_ECDHE_ECDSA_WITH_AES_256_GCM_SHA384, TLS_ECDHE_ECDSA_WITH_AES_128_GCM_SHA256, TLS_ECDHE_RSA_WITH_AES_256_GCM_SHA384, TLS_RSA_WITH_AES_256_GCM_SHA384, TLS_ECDH_ECDSA_WITH_AES_256_GCM_SHA384, TLS_ECDH_RSA_WITH_AES_256_GCM_SHA384, TLS_DHE_RSA_WITH_AES_256_GCM_SHA384, TLS_DHE_DSS_WITH_AES_256_GCM_SHA384, TLS_ECDHE_RSA_WITH_AES_128_GCM_SHA256, TLS_RSA_WITH_AES_128_GCM_SHA256, TLS_ECDH_ECDSA_WITH_AES_128_GCM_SHA256, TLS_ECDH_RSA_WITH_AES_128_GCM_SHA256, TLS_DHE_RSA_WITH_AES_128_GCM_SHA256, TLS_DHE_DSS_WITH_AES_128_GCM_SHA256]
11:39:21.203 [pool-1-thread-2] DEBUG karate.org.apache.http.conn.ssl.SSLConnectionSocketFactory - Starting handshake
11:39:21.286 [pool-1-thread-1] DEBUG karate.org.apache.http.wire - http-outgoing-31 << "HTTP/1.1 422 Unprocessable Entity[\r][\n]"
11:39:21.286 [pool-1-thread-1] DEBUG karate.org.apache.http.wire - http-outgoing-31 << "Date: Sun, 02 Jul 2023 16:39:21 GMT[\r][\n]"
11:39:21.286 [pool-1-thread-1] DEBUG karate.org.apache.http.wire - http-outgoing-31 << "Content-Type: application/json[\r][\n]"
11:39:21.286 [pool-1-thread-1] DEBUG karate.org.apache.http.wire - http-outgoing-31 << "Content-Length: 98[\r][\n]"
11:39:21.286 [pool-1-thread-1] DEBUG karate.org.apache.http.wire - http-outgoing-31 << "Connection: keep-alive[\r][\n]"
11:39:21.286 [pool-1-thread-1] DEBUG karate.org.apache.http.wire - http-outgoing-31 << "Strict-Transport-Security: max-age=15724800; includeSubDomains[\r][\n]"
11:39:21.286 [pool-1-thread-1] DEBUG karate.org.apache.http.wire - http-outgoing-31 << "Access-Control-Allow-Origin: *[\r][\n]"
11:39:21.286 [pool-1-thread-1] DEBUG karate.org.apache.http.wire - http-outgoing-31 << "Access-Control-Allow-Credentials: true[\r][\n]"
11:39:21.286 [pool-1-thread-1] DEBUG karate.org.apache.http.wire - http-outgoing-31 << "Access-Control-Allow-Methods: GET, PUT, POST, DELETE, PATCH, OPTIONS[\r][\n]"
11:39:21.286 [pool-1-thread-1] DEBUG karate.org.apache.http.wire - http-outgoing-31 << "Access-Control-Allow-Headers: DNT,Keep-Alive,User-Agent,X-Requested-With,If-Modified-Since,Cache-Control,Content-Type,Range,Authorization[\r][\n]"
11:39:21.286 [pool-1-thread-1] DEBUG karate.org.apache.http.wire - http-outgoing-31 << "Access-Control-Max-Age: 1728000[\r][\n]"
11:39:21.286 [pool-1-thread-1] DEBUG karate.org.apache.http.wire - http-outgoing-31 << "[\r][\n]"
11:39:21.286 [pool-1-thread-1] DEBUG karate.org.apache.http.headers - http-outgoing-31 << HTTP/1.1 422 Unprocessable Entity
11:39:21.286 [pool-1-thread-1] DEBUG karate.org.apache.http.headers - http-outgoing-31 << Date: Sun, 02 Jul 2023 16:39:21 GMT
11:39:21.286 [pool-1-thread-1] DEBUG karate.org.apache.http.headers - http-outgoing-31 << Content-Type: application/json
11:39:21.286 [pool-1-thread-1] DEBUG karate.org.apache.http.headers - http-outgoing-31 << Content-Length: 98
11:39:21.286 [pool-1-thread-1] DEBUG karate.org.apache.http.headers - http-outgoing-31 << Connection: keep-alive
11:39:21.286 [pool-1-thread-1] DEBUG karate.org.apache.http.headers - http-outgoing-31 << Strict-Transport-Security: max-age=15724800; includeSubDomains
11:39:21.286 [pool-1-thread-1] DEBUG karate.org.apache.http.headers - http-outgoing-31 << Access-Control-Allow-Origin: *
11:39:21.286 [pool-1-thread-1] DEBUG karate.org.apache.http.headers - http-outgoing-31 << Access-Control-Allow-Credentials: true
11:39:21.286 [pool-1-thread-1] DEBUG karate.org.apache.http.headers - http-outgoing-31 << Access-Control-Allow-Methods: GET, PUT, POST, DELETE, PATCH, OPTIONS
11:39:21.286 [pool-1-thread-1] DEBUG karate.org.apache.http.headers - http-outgoing-31 << Access-Control-Allow-Headers: DNT,Keep-Alive,User-Agent,X-Requested-With,If-Modified-Since,Cache-Control,Content-Type,Range,Authorization
11:39:21.286 [pool-1-thread-1] DEBUG karate.org.apache.http.headers - http-outgoing-31 << Access-Control-Max-Age: 1728000
11:39:21.286 [pool-1-thread-1] DEBUG karate.org.apache.http.impl.execchain.MainClientExec - Connection can be kept alive indefinitely
11:39:21.298 [pool-1-thread-1] DEBUG karate.org.apache.http.wire - http-outgoing-31 << "{"detail":[{"loc":["body","seals"],"msg":"value is not a valid float","type":"type_error.float"}]}"
11:39:21.298 [pool-1-thread-1] DEBUG karate.org.apache.http.impl.conn.PoolingHttpClientConnectionManager - Connection [id: 31][route: {s}->https://ops.enerbit.dev:443] can be kept alive indefinitely
11:39:21.298 [pool-1-thread-1] DEBUG karate.org.apache.http.impl.conn.DefaultManagedHttpClientConnection - http-outgoing-31: set socket timeout to 0
11:39:21.298 [pool-1-thread-1] DEBUG karate.org.apache.http.impl.conn.PoolingHttpClientConnectionManager - Connection released: [id: 31][route: {s}->https://ops.enerbit.dev:443][total available: 1; route allocated: 1 of 5; total allocated: 1 of 10]
11:39:21.298 [pool-1-thread-1] DEBUG com.intuit.karate - response time in milliseconds: 312
2 < 422
2 < Date: Sun, 02 Jul 2023 16:39:21 GMT
2 < Content-Type: application/json
2 < Content-Length: 98
2 < Connection: keep-alive
2 < Strict-Transport-Security: max-age=15724800; includeSubDomains
2 < Access-Control-Allow-Origin: *
2 < Access-Control-Allow-Credentials: true
2 < Access-Control-Allow-Methods: GET, PUT, POST, DELETE, PATCH, OPTIONS
2 < Access-Control-Allow-Headers: DNT,Keep-Alive,User-Agent,X-Requested-With,If-Modified-Since,Cache-Control,Content-Type,Range,Authorization
2 < Access-Control-Max-Age: 1728000
{"detail":[{"loc":["body","seals"],"msg":"value is not a valid float","type":"type_error.float"}]}

11:39:21.300 [pool-2-thread-1] DEBUG com.jayway.jsonpath.internal.path.CompiledPath - Evaluating path: $
11:39:21.300 [pool-2-thread-1] DEBUG com.jayway.jsonpath.internal.path.CompiledPath - Evaluating path: $
11:39:21.300 [pool-2-thread-1] DEBUG com.jayway.jsonpath.internal.path.CompiledPath - Evaluating path: $
11:39:21.300 [pool-2-thread-1] DEBUG com.jayway.jsonpath.internal.path.CompiledPath - Evaluating path: $
11:39:21.300 [pool-2-thread-1] DEBUG com.jayway.jsonpath.internal.path.CompiledPath - Evaluating path: $
11:39:21.300 [pool-2-thread-1] DEBUG com.jayway.jsonpath.internal.path.CompiledPath - Evaluating path: $
11:39:21.301 [pool-2-thread-1] DEBUG com.jayway.jsonpath.internal.path.CompiledPath - Evaluating path: $
11:39:21.301 [pool-2-thread-1] DEBUG com.jayway.jsonpath.internal.path.CompiledPath - Evaluating path: $
11:39:21.301 [pool-2-thread-1] DEBUG com.jayway.jsonpath.internal.path.CompiledPath - Evaluating path: $
11:39:21.301 [pool-2-thread-1] DEBUG com.jayway.jsonpath.internal.path.CompiledPath - Evaluating path: $
11:39:21.301 [pool-2-thread-1] DEBUG com.jayway.jsonpath.internal.path.CompiledPath - Evaluating path: $
11:39:21.306 [pool-1-thread-2] DEBUG karate.org.apache.http.conn.ssl.SSLConnectionSocketFactory - Secure session established
11:39:21.306 [pool-2-thread-1] DEBUG com.jayway.jsonpath.internal.path.CompiledPath - Evaluating path: $
11:39:21.306 [pool-1-thread-2] DEBUG karate.org.apache.http.conn.ssl.SSLConnectionSocketFactory -  negotiated protocol: TLSv1.2
11:39:21.306 [pool-1-thread-2] DEBUG karate.org.apache.http.conn.ssl.SSLConnectionSocketFactory -  negotiated cipher suite: TLS_ECDHE_RSA_WITH_AES_128_GCM_SHA256
11:39:21.306 [pool-1-thread-2] DEBUG karate.org.apache.http.conn.ssl.SSLConnectionSocketFactory -  peer principal: CN=ops.enerbit.dev
11:39:21.306 [pool-1-thread-2] DEBUG karate.org.apache.http.conn.ssl.SSLConnectionSocketFactory -  peer alternative names: [ops.enerbit.dev]
11:39:21.306 [pool-1-thread-2] DEBUG karate.org.apache.http.conn.ssl.SSLConnectionSocketFactory -  issuer principal: CN=R3, O=Let's Encrypt, C=US
11:39:21.307 [pool-2-thread-1] DEBUG com.jayway.jsonpath.internal.path.CompiledPath - Evaluating path: $
11:39:21.307 [pool-1-thread-2] DEBUG karate.org.apache.http.impl.conn.DefaultHttpClientConnectionOperator - Connection established 192.168.1.4:56965<->20.65.19.185:443
11:39:21.307 [pool-1-thread-2] DEBUG karate.org.apache.http.impl.conn.DefaultManagedHttpClientConnection - http-outgoing-32: set socket timeout to 30000
11:39:21.307 [pool-2-thread-1] DEBUG com.jayway.jsonpath.internal.path.CompiledPath - Evaluating path: $
11:39:21.307 [pool-1-thread-2] DEBUG karate.org.apache.http.impl.execchain.MainClientExec - Executing request POST /learning/api/v1/meters HTTP/1.1
11:39:21.307 [pool-1-thread-2] DEBUG karate.org.apache.http.impl.execchain.MainClientExec - Target auth state: UNCHALLENGED
11:39:21.307 [pool-1-thread-2] DEBUG karate.org.apache.http.impl.execchain.MainClientExec - Proxy auth state: UNCHALLENGED
11:39:21.307 [pool-1-thread-2] DEBUG karate.org.apache.http.headers - http-outgoing-32 >> POST /learning/api/v1/meters HTTP/1.1
11:39:21.307 [pool-1-thread-2] DEBUG karate.org.apache.http.headers - http-outgoing-32 >> Content-Type: application/json; charset=UTF-8
11:39:21.307 [pool-1-thread-2] DEBUG karate.org.apache.http.headers - http-outgoing-32 >> Content-Length: 2
11:39:21.307 [pool-1-thread-2] DEBUG karate.org.apache.http.headers - http-outgoing-32 >> Host: ops.enerbit.dev
11:39:21.307 [pool-1-thread-2] DEBUG karate.org.apache.http.headers - http-outgoing-32 >> Connection: Keep-Alive
11:39:21.307 [pool-1-thread-2] DEBUG karate.org.apache.http.headers - http-outgoing-32 >> User-Agent: Apache-HttpClient/4.5.13 (Java/1.8.0_202)
11:39:21.307 [pool-1-thread-2] DEBUG karate.org.apache.http.headers - http-outgoing-32 >> Accept-Encoding: gzip,deflate
11:39:21.307 [pool-1-thread-2] DEBUG karate.org.apache.http.wire - http-outgoing-32 >> "POST /learning/api/v1/meters HTTP/1.1[\r][\n]"
11:39:21.307 [pool-1-thread-2] DEBUG karate.org.apache.http.wire - http-outgoing-32 >> "Content-Type: application/json; charset=UTF-8[\r][\n]"
11:39:21.307 [pool-1-thread-2] DEBUG karate.org.apache.http.wire - http-outgoing-32 >> "Content-Length: 2[\r][\n]"
11:39:21.307 [pool-1-thread-2] DEBUG karate.org.apache.http.wire - http-outgoing-32 >> "Host: ops.enerbit.dev[\r][\n]"
11:39:21.307 [pool-1-thread-2] DEBUG karate.org.apache.http.wire - http-outgoing-32 >> "Connection: Keep-Alive[\r][\n]"
11:39:21.307 [pool-1-thread-2] DEBUG karate.org.apache.http.wire - http-outgoing-32 >> "User-Agent: Apache-HttpClient/4.5.13 (Java/1.8.0_202)[\r][\n]"
11:39:21.307 [pool-1-thread-2] DEBUG karate.org.apache.http.wire - http-outgoing-32 >> "Accept-Encoding: gzip,deflate[\r][\n]"
11:39:21.307 [pool-1-thread-2] DEBUG karate.org.apache.http.wire - http-outgoing-32 >> "[\r][\n]"
11:39:21.307 [pool-1-thread-2] DEBUG karate.org.apache.http.wire - http-outgoing-32 >> "{}"
11:39:21.307 [pool-2-thread-1] DEBUG com.jayway.jsonpath.internal.path.CompiledPath - Evaluating path: $
11:39:21.309 [pool-2-thread-1] DEBUG com.jayway.jsonpath.internal.path.CompiledPath - Evaluating path: $
11:39:21.310 [pool-2-thread-1] DEBUG com.jayway.jsonpath.internal.path.CompiledPath - Evaluating path: $
11:39:21.310 [pool-2-thread-1] DEBUG com.jayway.jsonpath.internal.path.CompiledPath - Evaluating path: $
11:39:21.310 [pool-2-thread-1] DEBUG com.jayway.jsonpath.internal.path.CompiledPath - Evaluating path: $
11:39:21.311 [pool-2-thread-1] DEBUG com.jayway.jsonpath.internal.path.CompiledPath - Evaluating path: $
11:39:21.311 [pool-2-thread-1] DEBUG com.jayway.jsonpath.internal.path.CompiledPath - Evaluating path: $
11:39:21.311 [pool-2-thread-1] DEBUG com.jayway.jsonpath.internal.path.CompiledPath - Evaluating path: $
11:39:21.314 [pool-2-thread-1] DEBUG karate.org.thymeleaf.TemplateEngine - [THYMELEAF] INITIALIZING TEMPLATE ENGINE
11:39:21.317 [pool-1-thread-1] DEBUG com.jayway.jsonpath.internal.path.CompiledPath - Evaluating path: $
11:39:21.318 [pool-1-thread-1] DEBUG com.jayway.jsonpath.internal.path.CompiledPath - Evaluating path: $
11:39:21.319 [pool-1-thread-1] DEBUG karate.org.apache.http.client.protocol.RequestAddCookies - CookieSpec selected: karate
11:39:21.319 [pool-1-thread-1] DEBUG karate.org.apache.http.client.protocol.RequestAuthCache - Auth cache not set in the context
11:39:21.319 [pool-1-thread-1] DEBUG com.intuit.karate - request:
1 > POST https://ops.enerbit.dev/learning/api/v1/meters
1 > Content-Type: application/json; charset=UTF-8
1 > Content-Length: 256
1 > Host: ops.enerbit.dev
1 > Connection: Keep-Alive
1 > User-Agent: Apache-HttpClient/4.5.13 (Java/1.8.0_202)
1 > Accept-Encoding: gzip,deflate
{"serial":"3424234233kj","connection_type":"invalid data","storage_system":"interno","condition":"nuevo","owner":"RF","location":"Almacen ","manufacturer":"yes","purchase":"2022-07-28 03:08:49.340514","i_max":6345.654,"i_b":21.5,"i_n":876.5,"seals":545.65}

11:39:21.320 [pool-1-thread-1] DEBUG karate.org.apache.http.impl.conn.PoolingHttpClientConnectionManager - Connection request: [route: {s}->https://ops.enerbit.dev:443][total available: 0; route allocated: 0 of 5; total allocated: 0 of 10]
11:39:21.320 [pool-1-thread-1] DEBUG karate.org.apache.http.impl.conn.PoolingHttpClientConnectionManager - Connection leased: [id: 33][route: {s}->https://ops.enerbit.dev:443][total available: 0; route allocated: 1 of 5; total allocated: 1 of 10]
11:39:21.320 [pool-1-thread-1] DEBUG karate.org.apache.http.impl.execchain.MainClientExec - Opening connection {s}->https://ops.enerbit.dev:443
11:39:21.320 [pool-1-thread-1] DEBUG karate.org.apache.http.impl.conn.DefaultHttpClientConnectionOperator - Connecting to ops.enerbit.dev/20.65.19.185:443
11:39:21.320 [pool-1-thread-1] DEBUG karate.org.apache.http.conn.ssl.SSLConnectionSocketFactory - Connecting socket to ops.enerbit.dev/20.65.19.185:443 with timeout 30000
11:39:21.332 [pool-2-thread-1] DEBUG karate.org.thymeleaf.TemplateEngine.CONFIG - Initializing Thymeleaf Template engine configuration...
[THYMELEAF] TEMPLATE ENGINE CONFIGURATION:
[THYMELEAF] * Thymeleaf version: 3.0.14.RELEASE (built 2021-12-08T00:45:29+0000)
[THYMELEAF] * Cache Manager implementation: karate.org.thymeleaf.cache.StandardCacheManager
[THYMELEAF] * Template resolvers:
[THYMELEAF]     * [1] com.intuit.karate.template.ResourceHtmlTemplateResolver
[THYMELEAF] * Message resolvers:
[THYMELEAF]     * karate.org.thymeleaf.messageresolver.StandardMessageResolver
[THYMELEAF] * Link builders:
[THYMELEAF]     * karate.org.thymeleaf.linkbuilder.StandardLinkBuilder
[THYMELEAF] * Dialect [1 of 2]: Standard (com.intuit.karate.template.KarateStandardDialect)
[THYMELEAF]     * Prefix: "th"
[THYMELEAF]     * Processors for Template Mode: HTML
[THYMELEAF]         * Element Tag Processors by [matching element and attribute name] [precedence]:
[THYMELEAF]             * [* {th:include,data-th-include}] [100]: karate.org.thymeleaf.standard.processor.StandardIncludeTagProcessor
[THYMELEAF]             * [* {th:insert,data-th-insert}] [100]: karate.org.thymeleaf.standard.processor.StandardInsertTagProcessor
[THYMELEAF]             * [* {th:replace,data-th-replace}] [100]: karate.org.thymeleaf.standard.processor.StandardReplaceTagProcessor
[THYMELEAF]             * [* {th:substituteby,data-th-substituteby}] [100]: karate.org.thymeleaf.standard.processor.StandardSubstituteByTagProcessor
[THYMELEAF]             * [* {th:each,data-th-each}] [200]: com.intuit.karate.template.KarateEachTagProcessor
[THYMELEAF]             * [* {th:switch,data-th-switch}] [250]: karate.org.thymeleaf.standard.processor.StandardSwitchTagProcessor
[THYMELEAF]             * [* {th:case,data-th-case}] [275]: karate.org.thymeleaf.standard.processor.StandardCaseTagProcessor
[THYMELEAF]             * [* {th:if,data-th-if}] [300]: karate.org.thymeleaf.standard.processor.StandardIfTagProcessor
[THYMELEAF]             * [* {th:unless,data-th-unless}] [400]: karate.org.thymeleaf.standard.processor.StandardUnlessTagProcessor
[THYMELEAF]             * [* {th:object,data-th-object}] [500]: karate.org.thymeleaf.standard.processor.StandardObjectTagProcessor
[THYMELEAF]             * [* {th:with,data-th-with}] [600]: com.intuit.karate.template.KarateWithTagProcessor
[THYMELEAF]             * [* {th:attr,data-th-attr}] [700]: com.intuit.karate.template.KarateAttributeTagProcessor.KarateAttrTagProcessor
[THYMELEAF]             * [* {th:attrappend,data-th-attrappend}] [900]: com.intuit.karate.template.KarateAttributeTagProcessor.KarateAttrappendTagProcessor
[THYMELEAF]             * [* {th:attrprepend,data-th-attrprepend}] [900]: com.intuit.karate.template.KarateAttributeTagProcessor.KarateAttrprependTagProcessor
[THYMELEAF]             * [* {th:alt-title,data-th-alt-title}] [990]: karate.org.thymeleaf.standard.processor.StandardAltTitleTagProcessor
[THYMELEAF]             * [* {th:lang-xmllang,data-th-lang-xmllang}] [990]: karate.org.thymeleaf.standard.processor.StandardLangXmlLangTagProcessor
[THYMELEAF]             * [* {th:action,data-th-action}] [1000]: karate.org.thymeleaf.standard.processor.StandardActionTagProcessor
[THYMELEAF]             * [* {th:open,data-th-open}] [1000]: karate.org.thymeleaf.standard.processor.StandardConditionalFixedValueTagProcessor
[THYMELEAF]             * [* {th:formnovalidate,data-th-formnovalidate}] [1000]: karate.org.thymeleaf.standard.processor.StandardConditionalFixedValueTagProcessor
[THYMELEAF]             * [* {th:scoped,data-th-scoped}] [1000]: karate.org.thymeleaf.standard.processor.StandardConditionalFixedValueTagProcessor
[THYMELEAF]             * [* {th:novalidate,data-th-novalidate}] [1000]: karate.org.thymeleaf.standard.processor.StandardConditionalFixedValueTagProcessor
[THYMELEAF]             * [* {th:selected,data-th-selected}] [1000]: karate.org.thymeleaf.standard.processor.StandardConditionalFixedValueTagProcessor
[THYMELEAF]             * [* {th:declare,data-th-declare}] [1000]: karate.org.thymeleaf.standard.processor.StandardConditionalFixedValueTagProcessor
[THYMELEAF]             * [* {th:seamless,data-th-seamless}] [1000]: karate.org.thymeleaf.standard.processor.StandardConditionalFixedValueTagProcessor
[THYMELEAF]             * [* {th:reversed,data-th-reversed}] [1000]: karate.org.thymeleaf.standard.processor.StandardConditionalFixedValueTagProcessor
[THYMELEAF]             * [* {th:readonly,data-th-readonly}] [1000]: karate.org.thymeleaf.standard.processor.StandardConditionalFixedValueTagProcessor
[THYMELEAF]             * [* {th:default,data-th-default}] [1000]: karate.org.thymeleaf.standard.processor.StandardConditionalFixedValueTagProcessor
[THYMELEAF]             * [* {th:loop,data-th-loop}] [1000]: karate.org.thymeleaf.standard.processor.StandardConditionalFixedValueTagProcessor
[THYMELEAF]             * [* {th:autofocus,data-th-autofocus}] [1000]: karate.org.thymeleaf.standard.processor.StandardConditionalFixedValueTagProcessor
[THYMELEAF]             * [* {th:async,data-th-async}] [1000]: karate.org.thymeleaf.standard.processor.StandardConditionalFixedValueTagProcessor
[THYMELEAF]             * [* {th:ismap,data-th-ismap}] [1000]: karate.org.thymeleaf.standard.processor.StandardConditionalFixedValueTagProcessor
[THYMELEAF]             * [* {th:required,data-th-required}] [1000]: karate.org.thymeleaf.standard.processor.StandardConditionalFixedValueTagProcessor
[THYMELEAF]             * [* {th:autoplay,data-th-autoplay}] [1000]: karate.org.thymeleaf.standard.processor.StandardConditionalFixedValueTagProcessor
[THYMELEAF]             * [* {th:hidden,data-th-hidden}] [1000]: karate.org.thymeleaf.standard.processor.StandardConditionalFixedValueTagProcessor
[THYMELEAF]             * [* {th:disabled,data-th-disabled}] [1000]: karate.org.thymeleaf.standard.processor.StandardConditionalFixedValueTagProcessor
[THYMELEAF]             * [* {th:checked,data-th-checked}] [1000]: karate.org.thymeleaf.standard.processor.StandardConditionalFixedValueTagProcessor
[THYMELEAF]             * [* {th:controls,data-th-controls}] [1000]: karate.org.thymeleaf.standard.processor.StandardConditionalFixedValueTagProcessor
[THYMELEAF]             * [* {th:defer,data-th-defer}] [1000]: karate.org.thymeleaf.standard.processor.StandardConditionalFixedValueTagProcessor
[THYMELEAF]             * [* {th:multiple,data-th-multiple}] [1000]: karate.org.thymeleaf.standard.processor.StandardConditionalFixedValueTagProcessor
[THYMELEAF]             * [* {th:nowrap,data-th-nowrap}] [1000]: karate.org.thymeleaf.standard.processor.StandardConditionalFixedValueTagProcessor
[THYMELEAF]             * [* {th:pubdate,data-th-pubdate}] [1000]: karate.org.thymeleaf.standard.processor.StandardConditionalFixedValueTagProcessor
[THYMELEAF]             * [* {th:ondrag,data-th-ondrag}] [1000]: karate.org.thymeleaf.standard.processor.StandardDOMEventAttributeTagProcessor
[THYMELEAF]             * [* {th:onmousemove,data-th-onmousemove}] [1000]: karate.org.thymeleaf.standard.processor.StandardDOMEventAttributeTagProcessor
[THYMELEAF]             * [* {th:onsubmit,data-th-onsubmit}] [1000]: karate.org.thymeleaf.standard.processor.StandardDOMEventAttributeTagProcessor
[THYMELEAF]             * [* {th:onblur,data-th-onblur}] [1000]: karate.org.thymeleaf.standard.processor.StandardDOMEventAttributeTagProcessor
[THYMELEAF]             * [* {th:onshow,data-th-onshow}] [1000]: karate.org.thymeleaf.standard.processor.StandardDOMEventAttributeTagProcessor
[THYMELEAF]             * [* {th:onemptied,data-th-onemptied}] [1000]: karate.org.thymeleaf.standard.processor.StandardDOMEventAttributeTagProcessor
[THYMELEAF]             * [* {th:onhashchange,data-th-onhashchange}] [1000]: karate.org.thymeleaf.standard.processor.StandardDOMEventAttributeTagProcessor
[THYMELEAF]             * [* {th:onundo,data-th-onundo}] [1000]: karate.org.thymeleaf.standard.processor.StandardDOMEventAttributeTagProcessor
[THYMELEAF]             * [* {th:ondragend,data-th-ondragend}] [1000]: karate.org.thymeleaf.standard.processor.StandardDOMEventAttributeTagProcessor
[THYMELEAF]             * [* {th:oninput,data-th-oninput}] [1000]: karate.org.thymeleaf.standard.processor.StandardDOMEventAttributeTagProcessor
[THYMELEAF]             * [* {th:onsuspend,data-th-onsuspend}] [1000]: karate.org.thymeleaf.standard.processor.StandardDOMEventAttributeTagProcessor
[THYMELEAF]             * [* {th:onreset,data-th-onreset}] [1000]: karate.org.thymeleaf.standard.processor.StandardDOMEventAttributeTagProcessor
[THYMELEAF]             * [* {th:onkeypress,data-th-onkeypress}] [1000]: karate.org.thymeleaf.standard.processor.StandardDOMEventAttributeTagProcessor
[THYMELEAF]             * [* {th:onstalled,data-th-onstalled}] [1000]: karate.org.thymeleaf.standard.processor.StandardDOMEventAttributeTagProcessor
[THYMELEAF]             * [* {th:onloadeddata,data-th-onloadeddata}] [1000]: karate.org.thymeleaf.standard.processor.StandardDOMEventAttributeTagProcessor
[THYMELEAF]             * [* {th:onchange,data-th-onchange}] [1000]: karate.org.thymeleaf.standard.processor.StandardDOMEventAttributeTagProcessor
[THYMELEAF]             * [* {th:onafterprint,data-th-onafterprint}] [1000]: karate.org.thymeleaf.standard.processor.StandardDOMEventAttributeTagProcessor
[THYMELEAF]             * [* {th:ondblclick,data-th-ondblclick}] [1000]: karate.org.thymeleaf.standard.processor.StandardDOMEventAttributeTagProcessor
[THYMELEAF]             * [* {th:oncontextmenu,data-th-oncontextmenu}] [1000]: karate.org.thymeleaf.standard.processor.StandardDOMEventAttributeTagProcessor
[THYMELEAF]             * [* {th:ondurationchange,data-th-ondurationchange}] [1000]: karate.org.thymeleaf.standard.processor.StandardDOMEventAttributeTagProcessor
[THYMELEAF]             * [* {th:onmousedown,data-th-onmousedown}] [1000]: karate.org.thymeleaf.standard.processor.StandardDOMEventAttributeTagProcessor
[THYMELEAF]             * [* {th:onplay,data-th-onplay}] [1000]: karate.org.thymeleaf.standard.processor.StandardDOMEventAttributeTagProcessor
[THYMELEAF]             * [* {th:onmouseover,data-th-onmouseover}] [1000]: karate.org.thymeleaf.standard.processor.StandardDOMEventAttributeTagProcessor
[THYMELEAF]             * [* {th:ondragenter,data-th-ondragenter}] [1000]: karate.org.thymeleaf.standard.processor.StandardDOMEventAttributeTagProcessor
[THYMELEAF]             * [* {th:onbeforeunload,data-th-onbeforeunload}] [1000]: karate.org.thymeleaf.standard.processor.StandardDOMEventAttributeTagProcessor
[THYMELEAF]             * [* {th:onprogress,data-th-onprogress}] [1000]: karate.org.thymeleaf.standard.processor.StandardDOMEventAttributeTagProcessor
[THYMELEAF]             * [* {th:onratechange,data-th-onratechange}] [1000]: karate.org.thymeleaf.standard.processor.StandardDOMEventAttributeTagProcessor
[THYMELEAF]             * [* {th:onseeking,data-th-onseeking}] [1000]: karate.org.thymeleaf.standard.processor.StandardDOMEventAttributeTagProcessor
[THYMELEAF]             * [* {th:onfocus,data-th-onfocus}] [1000]: karate.org.thymeleaf.standard.processor.StandardDOMEventAttributeTagProcessor
[THYMELEAF]             * [* {th:onmouseout,data-th-onmouseout}] [1000]: karate.org.thymeleaf.standard.processor.StandardDOMEventAttributeTagProcessor
[THYMELEAF]             * [* {th:onvolumechange,data-th-onvolumechange}] [1000]: karate.org.thymeleaf.standard.processor.StandardDOMEventAttributeTagProcessor
[THYMELEAF]             * [* {th:onscroll,data-th-onscroll}] [1000]: karate.org.thymeleaf.standard.processor.StandardDOMEventAttributeTagProcessor
[THYMELEAF]             * [* {th:onselect,data-th-onselect}] [1000]: karate.org.thymeleaf.standard.processor.StandardDOMEventAttributeTagProcessor
[THYMELEAF]             * [* {th:onloadedmetadata,data-th-onloadedmetadata}] [1000]: karate.org.thymeleaf.standard.processor.StandardDOMEventAttributeTagProcessor
[THYMELEAF]             * [* {th:onunload,data-th-onunload}] [1000]: karate.org.thymeleaf.standard.processor.StandardDOMEventAttributeTagProcessor
[THYMELEAF]             * [* {th:onresize,data-th-onresize}] [1000]: karate.org.thymeleaf.standard.processor.StandardDOMEventAttributeTagProcessor
[THYMELEAF]             * [* {th:ondragover,data-th-ondragover}] [1000]: karate.org.thymeleaf.standard.processor.StandardDOMEventAttributeTagProcessor
[THYMELEAF]             * [* {th:onmousewheel,data-th-onmousewheel}] [1000]: karate.org.thymeleaf.standard.processor.StandardDOMEventAttributeTagProcessor
[THYMELEAF]             * [* {th:onplaying,data-th-onplaying}] [1000]: karate.org.thymeleaf.standard.processor.StandardDOMEventAttributeTagProcessor
[THYMELEAF]             * [* {th:onpopstate,data-th-onpopstate}] [1000]: karate.org.thymeleaf.standard.processor.StandardDOMEventAttributeTagProcessor
[THYMELEAF]             * [* {th:onload,data-th-onload}] [1000]: karate.org.thymeleaf.standard.processor.StandardDOMEventAttributeTagProcessor
[THYMELEAF]             * [* {th:onreadystatechange,data-th-onreadystatechange}] [1000]: karate.org.thymeleaf.standard.processor.StandardDOMEventAttributeTagProcessor
[THYMELEAF]             * [* {th:onseeked,data-th-onseeked}] [1000]: karate.org.thymeleaf.standard.processor.StandardDOMEventAttributeTagProcessor
[THYMELEAF]             * [* {th:onbeforeprint,data-th-onbeforeprint}] [1000]: karate.org.thymeleaf.standard.processor.StandardDOMEventAttributeTagProcessor
[THYMELEAF]             * [* {th:onwaiting,data-th-onwaiting}] [1000]: karate.org.thymeleaf.standard.processor.StandardDOMEventAttributeTagProcessor
[THYMELEAF]             * [* {th:onloadstart,data-th-onloadstart}] [1000]: karate.org.thymeleaf.standard.processor.StandardDOMEventAttributeTagProcessor
[THYMELEAF]             * [* {th:oninvalid,data-th-oninvalid}] [1000]: karate.org.thymeleaf.standard.processor.StandardDOMEventAttributeTagProcessor
[THYMELEAF]             * [* {th:ondragleave,data-th-ondragleave}] [1000]: karate.org.thymeleaf.standard.processor.StandardDOMEventAttributeTagProcessor
[THYMELEAF]             * [* {th:ontimeupdate,data-th-ontimeupdate}] [1000]: karate.org.thymeleaf.standard.processor.StandardDOMEventAttributeTagProcessor
[THYMELEAF]             * [* {th:onkeydown,data-th-onkeydown}] [1000]: karate.org.thymeleaf.standard.processor.StandardDOMEventAttributeTagProcessor
[THYMELEAF]             * [* {th:onended,data-th-onended}] [1000]: karate.org.thymeleaf.standard.processor.StandardDOMEventAttributeTagProcessor
[THYMELEAF]             * [* {th:onclick,data-th-onclick}] [1000]: karate.org.thymeleaf.standard.processor.StandardDOMEventAttributeTagProcessor
[THYMELEAF]             * [* {th:onerror,data-th-onerror}] [1000]: karate.org.thymeleaf.standard.processor.StandardDOMEventAttributeTagProcessor
[THYMELEAF]             * [* {th:ondrop,data-th-ondrop}] [1000]: karate.org.thymeleaf.standard.processor.StandardDOMEventAttributeTagProcessor
[THYMELEAF]             * [* {th:onforminput,data-th-onforminput}] [1000]: karate.org.thymeleaf.standard.processor.StandardDOMEventAttributeTagProcessor
[THYMELEAF]             * [* {th:onstorage,data-th-onstorage}] [1000]: karate.org.thymeleaf.standard.processor.StandardDOMEventAttributeTagProcessor
[THYMELEAF]             * [* {th:oncanplaythrough,data-th-oncanplaythrough}] [1000]: karate.org.thymeleaf.standard.processor.StandardDOMEventAttributeTagProcessor
[THYMELEAF]             * [* {th:onmessage,data-th-onmessage}] [1000]: karate.org.thymeleaf.standard.processor.StandardDOMEventAttributeTagProcessor
[THYMELEAF]             * [* {th:onredo,data-th-onredo}] [1000]: karate.org.thymeleaf.standard.processor.StandardDOMEventAttributeTagProcessor
[THYMELEAF]             * [* {th:onformchange,data-th-onformchange}] [1000]: karate.org.thymeleaf.standard.processor.StandardDOMEventAttributeTagProcessor
[THYMELEAF]             * [* {th:onabort,data-th-onabort}] [1000]: karate.org.thymeleaf.standard.processor.StandardDOMEventAttributeTagProcessor
[THYMELEAF]             * [* {th:onoffline,data-th-onoffline}] [1000]: karate.org.thymeleaf.standard.processor.StandardDOMEventAttributeTagProcessor
[THYMELEAF]             * [* {th:oncanplay,data-th-oncanplay}] [1000]: karate.org.thymeleaf.standard.processor.StandardDOMEventAttributeTagProcessor
[THYMELEAF]             * [* {th:ononline,data-th-ononline}] [1000]: karate.org.thymeleaf.standard.processor.StandardDOMEventAttributeTagProcessor
[THYMELEAF]             * [* {th:onkeyup,data-th-onkeyup}] [1000]: karate.org.thymeleaf.standard.processor.StandardDOMEventAttributeTagProcessor
[THYMELEAF]             * [* {th:onpause,data-th-onpause}] [1000]: karate.org.thymeleaf.standard.processor.StandardDOMEventAttributeTagProcessor
[THYMELEAF]             * [* {th:ondragstart,data-th-ondragstart}] [1000]: karate.org.thymeleaf.standard.processor.StandardDOMEventAttributeTagProcessor
[THYMELEAF]             * [* {th:onmouseup,data-th-onmouseup}] [1000]: karate.org.thymeleaf.standard.processor.StandardDOMEventAttributeTagProcessor
[THYMELEAF]             * [* {th:href,data-th-href}] [1000]: karate.org.thymeleaf.standard.processor.StandardHrefTagProcessor
[THYMELEAF]             * [* {th:inline,data-th-inline}] [1000]: karate.org.thymeleaf.standard.processor.StandardInlineHTMLTagProcessor
[THYMELEAF]             * [* {th:method,data-th-method}] [1000]: karate.org.thymeleaf.standard.processor.StandardMethodTagProcessor
[THYMELEAF]             * [* {th:name,data-th-name}] [1000]: karate.org.thymeleaf.standard.processor.StandardNonRemovableAttributeTagProcessor
[THYMELEAF]             * [* {th:type,data-th-type}] [1000]: karate.org.thymeleaf.standard.processor.StandardNonRemovableAttributeTagProcessor
[THYMELEAF]             * [* {th:width,data-th-width}] [1000]: karate.org.thymeleaf.standard.processor.StandardRemovableAttributeTagProcessor
[THYMELEAF]             * [* {th:high,data-th-high}] [1000]: karate.org.thymeleaf.standard.processor.StandardRemovableAttributeTagProcessor
[THYMELEAF]             * [* {th:datetime,data-th-datetime}] [1000]: karate.org.thymeleaf.standard.processor.StandardRemovableAttributeTagProcessor
[THYMELEAF]             * [* {th:scrolling,data-th-scrolling}] [1000]: karate.org.thymeleaf.standard.processor.StandardRemovableAttributeTagProcessor
[THYMELEAF]             * [* {th:max,data-th-max}] [1000]: karate.org.thymeleaf.standard.processor.StandardRemovableAttributeTagProcessor
[THYMELEAF]             * [* {th:valuetype,data-th-valuetype}] [1000]: karate.org.thymeleaf.standard.processor.StandardRemovableAttributeTagProcessor
[THYMELEAF]             * [* {th:headers,data-th-headers}] [1000]: karate.org.thymeleaf.standard.processor.StandardRemovableAttributeTagProcessor
[THYMELEAF]             * [* {th:form,data-th-form}] [1000]: karate.org.thymeleaf.standard.processor.StandardRemovableAttributeTagProcessor
[THYMELEAF]             * [* {th:content,data-th-content}] [1000]: karate.org.thymeleaf.standard.processor.StandardRemovableAttributeTagProcessor
[THYMELEAF]             * [* {th:class,data-th-class}] [1000]: karate.org.thymeleaf.standard.processor.StandardRemovableAttributeTagProcessor
[THYMELEAF]             * [* {th:sandbox,data-th-sandbox}] [1000]: karate.org.thymeleaf.standard.processor.StandardRemovableAttributeTagProcessor
[THYMELEAF]             * [* {th:cellspacing,data-th-cellspacing}] [1000]: karate.org.thymeleaf.standard.processor.StandardRemovableAttributeTagProcessor
[THYMELEAF]             * [* {th:start,data-th-start}] [1000]: karate.org.thymeleaf.standard.processor.StandardRemovableAttributeTagProcessor
[THYMELEAF]             * [* {th:http-equiv,data-th-http-equiv}] [1000]: karate.org.thymeleaf.standard.processor.StandardRemovableAttributeTagProcessor
[THYMELEAF]             * [* {th:step,data-th-step}] [1000]: karate.org.thymeleaf.standard.processor.StandardRemovableAttributeTagProcessor
[THYMELEAF]             * [* {th:accesskey,data-th-accesskey}] [1000]: karate.org.thymeleaf.standard.processor.StandardRemovableAttributeTagProcessor
[THYMELEAF]             * [* {th:challenge,data-th-challenge}] [1000]: karate.org.thymeleaf.standard.processor.StandardRemovableAttributeTagProcessor
[THYMELEAF]             * [* {th:usemap,data-th-usemap}] [1000]: karate.org.thymeleaf.standard.processor.StandardRemovableAttributeTagProcessor
[THYMELEAF]             * [* {th:sizes,data-th-sizes}] [1000]: karate.org.thymeleaf.standard.processor.StandardRemovableAttributeTagProcessor
[THYMELEAF]             * [* {th:axis,data-th-axis}] [1000]: karate.org.thymeleaf.standard.processor.StandardRemovableAttributeTagProcessor
[THYMELEAF]             * [* {th:border,data-th-border}] [1000]: karate.org.thymeleaf.standard.processor.StandardRemovableAttributeTagProcessor
[THYMELEAF]             * [* {th:scheme,data-th-scheme}] [1000]: karate.org.thymeleaf.standard.processor.StandardRemovableAttributeTagProcessor
[THYMELEAF]             * [* {th:formmethod,data-th-formmethod}] [1000]: karate.org.thymeleaf.standard.processor.StandardRemovableAttributeTagProcessor
[THYMELEAF]             * [* {th:cols,data-th-cols}] [1000]: karate.org.thymeleaf.standard.processor.StandardRemovableAttributeTagProcessor
[THYMELEAF]             * [* {th:kind,data-th-kind}] [1000]: karate.org.thymeleaf.standard.processor.StandardRemovableAttributeTagProcessor
[THYMELEAF]             * [* {th:formenctype,data-th-formenctype}] [1000]: karate.org.thymeleaf.standard.processor.StandardRemovableAttributeTagProcessor
[THYMELEAF]             * [* {th:classid,data-th-classid}] [1000]: karate.org.thymeleaf.standard.processor.StandardRemovableAttributeTagProcessor
[THYMELEAF]             * [* {th:media,data-th-media}] [1000]: karate.org.thymeleaf.standard.processor.StandardRemovableAttributeTagProcessor
[THYMELEAF]             * [* {th:longdesc,data-th-longdesc}] [1000]: karate.org.thymeleaf.standard.processor.StandardRemovableAttributeTagProcessor
[THYMELEAF]             * [* {th:codetype,data-th-codetype}] [1000]: karate.org.thymeleaf.standard.processor.StandardRemovableAttributeTagProcessor
[THYMELEAF]             * [* {th:for,data-th-for}] [1000]: karate.org.thymeleaf.standard.processor.StandardRemovableAttributeTagProcessor
[THYMELEAF]             * [* {th:preload,data-th-preload}] [1000]: karate.org.thymeleaf.standard.processor.StandardRemovableAttributeTagProcessor
[THYMELEAF]             * [* {th:draggable,data-th-draggable}] [1000]: karate.org.thymeleaf.standard.processor.StandardRemovableAttributeTagProcessor
[THYMELEAF]             * [* {th:rev,data-th-rev}] [1000]: karate.org.thymeleaf.standard.processor.StandardRemovableAttributeTagProcessor
[THYMELEAF]             * [* {th:radiogroup,data-th-radiogroup}] [1000]: karate.org.thymeleaf.standard.processor.StandardRemovableAttributeTagProcessor
[THYMELEAF]             * [* {th:audio,data-th-audio}] [1000]: karate.org.thymeleaf.standard.processor.StandardRemovableAttributeTagProcessor
[THYMELEAF]             * [* {th:manifest,data-th-manifest}] [1000]: karate.org.thymeleaf.standard.processor.StandardRemovableAttributeTagProcessor
[THYMELEAF]             * [* {th:hspace,data-th-hspace}] [1000]: karate.org.thymeleaf.standard.processor.StandardRemovableAttributeTagProcessor
[THYMELEAF]             * [* {th:accept,data-th-accept}] [1000]: karate.org.thymeleaf.standard.processor.StandardRemovableAttributeTagProcessor
[THYMELEAF]             * [* {th:marginheight,data-th-marginheight}] [1000]: karate.org.thymeleaf.standard.processor.StandardRemovableAttributeTagProcessor
[THYMELEAF]             * [* {th:label,data-th-label}] [1000]: karate.org.thymeleaf.standard.processor.StandardRemovableAttributeTagProcessor
[THYMELEAF]             * [* {th:contextmenu,data-th-contextmenu}] [1000]: karate.org.thymeleaf.standard.processor.StandardRemovableAttributeTagProcessor
[THYMELEAF]             * [* {th:icon,data-th-icon}] [1000]: karate.org.thymeleaf.standard.processor.StandardRemovableAttributeTagProcessor
[THYMELEAF]             * [* {th:poster,data-th-poster}] [1000]: karate.org.thymeleaf.standard.processor.StandardRemovableAttributeTagProcessor
[THYMELEAF]             * [* {th:abbr,data-th-abbr}] [1000]: karate.org.thymeleaf.standard.processor.StandardRemovableAttributeTagProcessor
[THYMELEAF]             * [* {th:align,data-th-align}] [1000]: karate.org.thymeleaf.standard.processor.StandardRemovableAttributeTagProcessor
[THYMELEAF]             * [* {th:lang,data-th-lang}] [1000]: karate.org.thymeleaf.standard.processor.StandardRemovableAttributeTagProcessor
[THYMELEAF]             * [* {th:height,data-th-height}] [1000]: karate.org.thymeleaf.standard.processor.StandardRemovableAttributeTagProcessor
[THYMELEAF]             * [* {th:marginwidth,data-th-marginwidth}] [1000]: karate.org.thymeleaf.standard.processor.StandardRemovableAttributeTagProcessor
[THYMELEAF]             * [* {th:summary,data-th-summary}] [1000]: karate.org.thymeleaf.standard.processor.StandardRemovableAttributeTagProcessor
[THYMELEAF]             * [* {th:wrap,data-th-wrap}] [1000]: karate.org.thymeleaf.standard.processor.StandardRemovableAttributeTagProcessor
[THYMELEAF]             * [* {th:low,data-th-low}] [1000]: karate.org.thymeleaf.standard.processor.StandardRemovableAttributeTagProcessor
[THYMELEAF]             * [* {th:maxlength,data-th-maxlength}] [1000]: karate.org.thymeleaf.standard.processor.StandardRemovableAttributeTagProcessor
[THYMELEAF]             * [* {th:tabindex,data-th-tabindex}] [1000]: karate.org.thymeleaf.standard.processor.StandardRemovableAttributeTagProcessor
[THYMELEAF]             * [* {th:spellcheck,data-th-spellcheck}] [1000]: karate.org.thymeleaf.standard.processor.StandardRemovableAttributeTagProcessor
[THYMELEAF]             * [* {th:enctype,data-th-enctype}] [1000]: karate.org.thymeleaf.standard.processor.StandardRemovableAttributeTagProcessor
[THYMELEAF]             * [* {th:rules,data-th-rules}] [1000]: karate.org.thymeleaf.standard.processor.StandardRemovableAttributeTagProcessor
[THYMELEAF]             * [* {th:min,data-th-min}] [1000]: karate.org.thymeleaf.standard.processor.StandardRemovableAttributeTagProcessor
[THYMELEAF]             * [* {th:size,data-th-size}] [1000]: karate.org.thymeleaf.standard.processor.StandardRemovableAttributeTagProcessor
[THYMELEAF]             * [* {th:frame,data-th-frame}] [1000]: karate.org.thymeleaf.standard.processor.StandardRemovableAttributeTagProcessor
[THYMELEAF]             * [* {th:colspan,data-th-colspan}] [1000]: karate.org.thymeleaf.standard.processor.StandardRemovableAttributeTagProcessor
[THYMELEAF]             * [* {th:rel,data-th-rel}] [1000]: karate.org.thymeleaf.standard.processor.StandardRemovableAttributeTagProcessor
[THYMELEAF]             * [* {th:pattern,data-th-pattern}] [1000]: karate.org.thymeleaf.standard.processor.StandardRemovableAttributeTagProcessor
[THYMELEAF]             * [* {th:codebase,data-th-codebase}] [1000]: karate.org.thymeleaf.standard.processor.StandardRemovableAttributeTagProcessor
[THYMELEAF]             * [* {th:standby,data-th-standby}] [1000]: karate.org.thymeleaf.standard.processor.StandardRemovableAttributeTagProcessor
[THYMELEAF]             * [* {th:accept-charset,data-th-accept-charset}] [1000]: karate.org.thymeleaf.standard.processor.StandardRemovableAttributeTagProcessor
[THYMELEAF]             * [* {th:bgcolor,data-th-bgcolor}] [1000]: karate.org.thymeleaf.standard.processor.StandardRemovableAttributeTagProcessor
[THYMELEAF]             * [* {th:charset,data-th-charset}] [1000]: karate.org.thymeleaf.standard.processor.StandardRemovableAttributeTagProcessor
[THYMELEAF]             * [* {th:optimum,data-th-optimum}] [1000]: karate.org.thymeleaf.standard.processor.StandardRemovableAttributeTagProcessor
[THYMELEAF]             * [* {th:compact,data-th-compact}] [1000]: karate.org.thymeleaf.standard.processor.StandardRemovableAttributeTagProcessor
[THYMELEAF]             * [* {th:dir,data-th-dir}] [1000]: karate.org.thymeleaf.standard.processor.StandardRemovableAttributeTagProcessor
[THYMELEAF]             * [* {th:data,data-th-data}] [1000]: karate.org.thymeleaf.standard.processor.StandardRemovableAttributeTagProcessor
[THYMELEAF]             * [* {th:span,data-th-span}] [1000]: karate.org.thymeleaf.standard.processor.StandardRemovableAttributeTagProcessor
[THYMELEAF]             * [* {th:cellpadding,data-th-cellpadding}] [1000]: karate.org.thymeleaf.standard.processor.StandardRemovableAttributeTagProcessor
[THYMELEAF]             * [* {th:vspace,data-th-vspace}] [1000]: karate.org.thymeleaf.standard.processor.StandardRemovableAttributeTagProcessor
[THYMELEAF]             * [* {th:hreflang,data-th-hreflang}] [1000]: karate.org.thymeleaf.standard.processor.StandardRemovableAttributeTagProcessor
[THYMELEAF]             * [* {th:alt,data-th-alt}] [1000]: karate.org.thymeleaf.standard.processor.StandardRemovableAttributeTagProcessor
[THYMELEAF]             * [* {th:keytype,data-th-keytype}] [1000]: karate.org.thymeleaf.standard.processor.StandardRemovableAttributeTagProcessor
[THYMELEAF]             * [* {th:srclang,data-th-srclang}] [1000]: karate.org.thymeleaf.standard.processor.StandardRemovableAttributeTagProcessor
[THYMELEAF]             * [* {th:cite,data-th-cite}] [1000]: karate.org.thymeleaf.standard.processor.StandardRemovableAttributeTagProcessor
[THYMELEAF]             * [* {th:title,data-th-title}] [1000]: karate.org.thymeleaf.standard.processor.StandardRemovableAttributeTagProcessor
[THYMELEAF]             * [* {th:rowspan,data-th-rowspan}] [1000]: karate.org.thymeleaf.standard.processor.StandardRemovableAttributeTagProcessor
[THYMELEAF]             * [* {th:contenteditable,data-th-contenteditable}] [1000]: karate.org.thymeleaf.standard.processor.StandardRemovableAttributeTagProcessor
[THYMELEAF]             * [* {th:target,data-th-target}] [1000]: karate.org.thymeleaf.standard.processor.StandardRemovableAttributeTagProcessor
[THYMELEAF]             * [* {th:list,data-th-list}] [1000]: karate.org.thymeleaf.standard.processor.StandardRemovableAttributeTagProcessor
[THYMELEAF]             * [* {th:placeholder,data-th-placeholder}] [1000]: karate.org.thymeleaf.standard.processor.StandardRemovableAttributeTagProcessor
[THYMELEAF]             * [* {th:id,data-th-id}] [1000]: karate.org.thymeleaf.standard.processor.StandardRemovableAttributeTagProcessor
[THYMELEAF]             * [* {th:formtarget,data-th-formtarget}] [1000]: karate.org.thymeleaf.standard.processor.StandardRemovableAttributeTagProcessor
[THYMELEAF]             * [* {th:rows,data-th-rows}] [1000]: karate.org.thymeleaf.standard.processor.StandardRemovableAttributeTagProcessor
[THYMELEAF]             * [* {th:frameborder,data-th-frameborder}] [1000]: karate.org.thymeleaf.standard.processor.StandardRemovableAttributeTagProcessor
[THYMELEAF]             * [* {th:formaction,data-th-formaction}] [1000]: karate.org.thymeleaf.standard.processor.StandardRemovableAttributeTagProcessor
[THYMELEAF]             * [* {th:scope,data-th-scope}] [1000]: karate.org.thymeleaf.standard.processor.StandardRemovableAttributeTagProcessor
[THYMELEAF]             * [* {th:archive,data-th-archive}] [1000]: karate.org.thymeleaf.standard.processor.StandardRemovableAttributeTagProcessor
[THYMELEAF]             * [* {th:autocomplete,data-th-autocomplete}] [1000]: karate.org.thymeleaf.standard.processor.StandardRemovableAttributeTagProcessor
[THYMELEAF]             * [* {th:background,data-th-background}] [1000]: karate.org.thymeleaf.standard.processor.StandardRemovableAttributeTagProcessor
[THYMELEAF]             * [* {th:dropzone,data-th-dropzone}] [1000]: karate.org.thymeleaf.standard.processor.StandardRemovableAttributeTagProcessor
[THYMELEAF]             * [* {th:style,data-th-style}] [1000]: karate.org.thymeleaf.standard.processor.StandardRemovableAttributeTagProcessor
[THYMELEAF]             * [* {th:src,data-th-src}] [1000]: karate.org.thymeleaf.standard.processor.StandardSrcTagProcessor
[THYMELEAF]             * [* {th:value,data-th-value}] [1000]: karate.org.thymeleaf.standard.processor.StandardValueTagProcessor
[THYMELEAF]             * [* {th:xmlbase,data-th-xmlbase}] [1000]: karate.org.thymeleaf.standard.processor.StandardXmlBaseTagProcessor
[THYMELEAF]             * [* {th:xmllang,data-th-xmllang}] [1000]: karate.org.thymeleaf.standard.processor.StandardXmlLangTagProcessor
[THYMELEAF]             * [* {xmlns:th}] [1000]: karate.org.thymeleaf.standard.processor.StandardXmlNsTagProcessor
[THYMELEAF]             * [* {th:xmlspace,data-th-xmlspace}] [1000]: karate.org.thymeleaf.standard.processor.StandardXmlSpaceTagProcessor
[THYMELEAF]             * [* {th:classappend,data-th-classappend}] [1100]: karate.org.thymeleaf.standard.processor.StandardClassappendTagProcessor
[THYMELEAF]             * [* {th:styleappend,data-th-styleappend}] [1100]: karate.org.thymeleaf.standard.processor.StandardStyleappendTagProcessor
[THYMELEAF]             * [* {th:text,data-th-text}] [1300]: karate.org.thymeleaf.standard.processor.StandardTextTagProcessor
[THYMELEAF]             * [* {th:utext,data-th-utext}] [1400]: karate.org.thymeleaf.standard.processor.StandardUtextTagProcessor
[THYMELEAF]             * [* {th:fragment,data-th-fragment}] [1500]: karate.org.thymeleaf.standard.processor.StandardFragmentTagProcessor
[THYMELEAF]             * [* {th:assert,data-th-assert}] [1550]: karate.org.thymeleaf.standard.processor.StandardAssertTagProcessor
[THYMELEAF]             * [* {th:remove,data-th-remove}] [1600]: karate.org.thymeleaf.standard.processor.StandardRemoveTagProcessor
[THYMELEAF]             * [* {th:ref,data-th-ref}] [10000]: karate.org.thymeleaf.standard.processor.StandardRefAttributeTagProcessor
[THYMELEAF]             * [{th:block,th-block} *] [100000]: karate.org.thymeleaf.standard.processor.StandardBlockTagProcessor
[THYMELEAF]             * [* th:*] [2147483647]: karate.org.thymeleaf.standard.processor.StandardDefaultAttributesTagProcessor
[THYMELEAF]         * Text Processors by [precedence]:
[THYMELEAF]             * [1000]: karate.org.thymeleaf.standard.processor.StandardInliningTextProcessor
[THYMELEAF]         * DOCTYPE Processors by [precedence]:
[THYMELEAF]             * [1000]: karate.org.thymeleaf.standard.processor.StandardTranslationDocTypeProcessor
[THYMELEAF]         * CDATA Section Processors by [precedence]:
[THYMELEAF]             * [1000]: karate.org.thymeleaf.standard.processor.StandardInliningCDATASectionProcessor
[THYMELEAF]         * Comment Processors by [precedence]:
[THYMELEAF]             * [1000]: karate.org.thymeleaf.standard.processor.StandardInliningCommentProcessor
[THYMELEAF]             * [1100]: karate.org.thymeleaf.standard.processor.StandardConditionalCommentProcessor
[THYMELEAF]     * Processors for Template Mode: XML
[THYMELEAF]         * Element Tag Processors by [matching element and attribute name] [precedence]:
[THYMELEAF]             * [* {th:include}] [100]: karate.org.thymeleaf.standard.processor.StandardIncludeTagProcessor
[THYMELEAF]             * [* {th:insert}] [100]: karate.org.thymeleaf.standard.processor.StandardInsertTagProcessor
[THYMELEAF]             * [* {th:replace}] [100]: karate.org.thymeleaf.standard.processor.StandardReplaceTagProcessor
[THYMELEAF]             * [* {th:substituteby}] [100]: karate.org.thymeleaf.standard.processor.StandardSubstituteByTagProcessor
[THYMELEAF]             * [* {th:each}] [200]: com.intuit.karate.template.KarateEachTagProcessor
[THYMELEAF]             * [* {th:switch}] [250]: karate.org.thymeleaf.standard.processor.StandardSwitchTagProcessor
[THYMELEAF]             * [* {th:case}] [275]: karate.org.thymeleaf.standard.processor.StandardCaseTagProcessor
[THYMELEAF]             * [* {th:if}] [300]: karate.org.thymeleaf.standard.processor.StandardIfTagProcessor
[THYMELEAF]             * [* {th:unless}] [400]: karate.org.thymeleaf.standard.processor.StandardUnlessTagProcessor
[THYMELEAF]             * [* {th:object}] [500]: karate.org.thymeleaf.standard.processor.StandardObjectTagProcessor
[THYMELEAF]             * [* {th:with}] [600]: com.intuit.karate.template.KarateWithTagProcessor
[THYMELEAF]             * [* {th:attr}] [700]: com.intuit.karate.template.KarateAttributeTagProcessor.KarateAttrTagProcessor
[THYMELEAF]             * [* {th:attrappend}] [900]: com.intuit.karate.template.KarateAttributeTagProcessor.KarateAttrappendTagProcessor
[THYMELEAF]             * [* {th:attrprepend}] [900]: com.intuit.karate.template.KarateAttributeTagProcessor.KarateAttrprependTagProcessor
[THYMELEAF]             * [* {th:inline}] [1000]: karate.org.thymeleaf.standard.processor.StandardInlineXMLTagProcessor
[THYMELEAF]             * [* {xmlns:th}] [1000]: karate.org.thymeleaf.standard.processor.StandardXmlNsTagProcessor
[THYMELEAF]             * [* {th:text}] [1300]: karate.org.thymeleaf.standard.processor.StandardTextTagProcessor
[THYMELEAF]             * [* {th:utext}] [1400]: karate.org.thymeleaf.standard.processor.StandardUtextTagProcessor
[THYMELEAF]             * [* {th:fragment}] [1500]: karate.org.thymeleaf.standard.processor.StandardFragmentTagProcessor
[THYMELEAF]             * [* {th:assert}] [1550]: karate.org.thymeleaf.standard.processor.StandardAssertTagProcessor
[THYMELEAF]             * [* {th:remove}] [1600]: karate.org.thymeleaf.standard.processor.StandardRemoveTagProcessor
[THYMELEAF]             * [* {th:ref}] [10000]: karate.org.thymeleaf.standard.processor.StandardRefAttributeTagProcessor
[THYMELEAF]             * [{th:block} *] [100000]: karate.org.thymeleaf.standard.processor.StandardBlockTagProcessor
[THYMELEAF]             * [* th:*] [2147483647]: karate.org.thymeleaf.standard.processor.StandardDefaultAttributesTagProcessor
[THYMELEAF]         * Text Processors by [precedence]:
[THYMELEAF]             * [1000]: karate.org.thymeleaf.standard.processor.StandardInliningTextProcessor
[THYMELEAF]         * CDATA Section Processors by [precedence]:
[THYMELEAF]             * [1000]: karate.org.thymeleaf.standard.processor.StandardInliningCDATASectionProcessor
[THYMELEAF]         * Comment Processors by [precedence]:
[THYMELEAF]             * [1000]: karate.org.thymeleaf.standard.processor.StandardInliningCommentProcessor
[THYMELEAF]     * Processors for Template Mode: TEXT
[THYMELEAF]         * Element Tag Processors by [matching element and attribute name] [precedence]:
[THYMELEAF]             * [* {th:insert}] [100]: karate.org.thymeleaf.standard.processor.StandardInsertTagProcessor
[THYMELEAF]             * [* {th:replace}] [100]: karate.org.thymeleaf.standard.processor.StandardReplaceTagProcessor
[THYMELEAF]             * [* {th:each}] [200]: com.intuit.karate.template.KarateEachTagProcessor
[THYMELEAF]             * [* {th:switch}] [250]: karate.org.thymeleaf.standard.processor.StandardSwitchTagProcessor
[THYMELEAF]             * [* {th:case}] [275]: karate.org.thymeleaf.standard.processor.StandardCaseTagProcessor
[THYMELEAF]             * [* {th:if}] [300]: karate.org.thymeleaf.standard.processor.StandardIfTagProcessor
[THYMELEAF]             * [* {th:unless}] [400]: karate.org.thymeleaf.standard.processor.StandardUnlessTagProcessor
[THYMELEAF]             * [* {th:object}] [500]: karate.org.thymeleaf.standard.processor.StandardObjectTagProcessor
[THYMELEAF]             * [* {th:with}] [600]: com.intuit.karate.template.KarateWithTagProcessor
[THYMELEAF]             * [* {th:inline}] [1000]: karate.org.thymeleaf.standard.processor.StandardInlineTextualTagProcessor
[THYMELEAF]             * [* {th:text}] [1300]: karate.org.thymeleaf.standard.processor.StandardTextTagProcessor
[THYMELEAF]             * [* {th:utext}] [1400]: karate.org.thymeleaf.standard.processor.StandardUtextTagProcessor
[THYMELEAF]             * [* {th:assert}] [1550]: karate.org.thymeleaf.standard.processor.StandardAssertTagProcessor
[THYMELEAF]             * [* {th:remove}] [1600]: karate.org.thymeleaf.standard.processor.StandardRemoveTagProcessor
[THYMELEAF]             * [{th:block} *] [100000]: karate.org.thymeleaf.standard.processor.StandardBlockTagProcessor
[THYMELEAF]             * [* 100000] [karate.org.thymeleaf.standard.processor.StandardBlockTagProcessor]: {}
[THYMELEAF]         * Text Processors by [precedence]:
[THYMELEAF]             * [1000]: karate.org.thymeleaf.standard.processor.StandardInliningTextProcessor
[THYMELEAF]     * Processors for Template Mode: JAVASCRIPT
[THYMELEAF]         * Element Tag Processors by [matching element and attribute name] [precedence]:
[THYMELEAF]             * [* {th:insert}] [100]: karate.org.thymeleaf.standard.processor.StandardInsertTagProcessor
[THYMELEAF]             * [* {th:replace}] [100]: karate.org.thymeleaf.standard.processor.StandardReplaceTagProcessor
[THYMELEAF]             * [* {th:each}] [200]: com.intuit.karate.template.KarateEachTagProcessor
[THYMELEAF]             * [* {th:switch}] [250]: karate.org.thymeleaf.standard.processor.StandardSwitchTagProcessor
[THYMELEAF]             * [* {th:case}] [275]: karate.org.thymeleaf.standard.processor.StandardCaseTagProcessor
[THYMELEAF]             * [* {th:if}] [300]: karate.org.thymeleaf.standard.processor.StandardIfTagProcessor
[THYMELEAF]             * [* {th:unless}] [400]: karate.org.thymeleaf.standard.processor.StandardUnlessTagProcessor
[THYMELEAF]             * [* {th:object}] [500]: karate.org.thymeleaf.standard.processor.StandardObjectTagProcessor
[THYMELEAF]             * [* {th:with}] [600]: com.intuit.karate.template.KarateWithTagProcessor
[THYMELEAF]             * [* {th:inline}] [1000]: karate.org.thymeleaf.standard.processor.StandardInlineTextualTagProcessor
[THYMELEAF]             * [* {th:text}] [1300]: karate.org.thymeleaf.standard.processor.StandardTextTagProcessor
[THYMELEAF]             * [* {th:utext}] [1400]: karate.org.thymeleaf.standard.processor.StandardUtextTagProcessor
[THYMELEAF]             * [* {th:assert}] [1550]: karate.org.thymeleaf.standard.processor.StandardAssertTagProcessor
[THYMELEAF]             * [* {th:remove}] [1600]: karate.org.thymeleaf.standard.processor.StandardRemoveTagProcessor
[THYMELEAF]             * [* 100000] [karate.org.thymeleaf.standard.processor.StandardBlockTagProcessor]: {}
[THYMELEAF]             * [{th:block} *] [100000]: karate.org.thymeleaf.standard.processor.StandardBlockTagProcessor
[THYMELEAF]         * Text Processors by [precedence]:
[THYMELEAF]             * [1000]: karate.org.thymeleaf.standard.processor.StandardInliningTextProcessor
[THYMELEAF]     * Processors for Template Mode: CSS
[THYMELEAF]         * Element Tag Processors by [matching element and attribute name] [precedence]:
[THYMELEAF]             * [* {th:insert}] [100]: karate.org.thymeleaf.standard.processor.StandardInsertTagProcessor
[THYMELEAF]             * [* {th:replace}] [100]: karate.org.thymeleaf.standard.processor.StandardReplaceTagProcessor
[THYMELEAF]             * [* {th:each}] [200]: com.intuit.karate.template.KarateEachTagProcessor
[THYMELEAF]             * [* {th:switch}] [250]: karate.org.thymeleaf.standard.processor.StandardSwitchTagProcessor
[THYMELEAF]             * [* {th:case}] [275]: karate.org.thymeleaf.standard.processor.StandardCaseTagProcessor
[THYMELEAF]             * [* {th:if}] [300]: karate.org.thymeleaf.standard.processor.StandardIfTagProcessor
[THYMELEAF]             * [* {th:unless}] [400]: karate.org.thymeleaf.standard.processor.StandardUnlessTagProcessor
[THYMELEAF]             * [* {th:object}] [500]: karate.org.thymeleaf.standard.processor.StandardObjectTagProcessor
[THYMELEAF]             * [* {th:with}] [600]: com.intuit.karate.template.KarateWithTagProcessor
[THYMELEAF]             * [* {th:inline}] [1000]: karate.org.thymeleaf.standard.processor.StandardInlineTextualTagProcessor
[THYMELEAF]             * [* {th:text}] [1300]: karate.org.thymeleaf.standard.processor.StandardTextTagProcessor
[THYMELEAF]             * [* {th:utext}] [1400]: karate.org.thymeleaf.standard.processor.StandardUtextTagProcessor
[THYMELEAF]             * [* {th:assert}] [1550]: karate.org.thymeleaf.standard.processor.StandardAssertTagProcessor
[THYMELEAF]             * [* {th:remove}] [1600]: karate.org.thymeleaf.standard.processor.StandardRemoveTagProcessor
[THYMELEAF]             * [{th:block} *] [100000]: karate.org.thymeleaf.standard.processor.StandardBlockTagProcessor
[THYMELEAF]             * [* 100000] [karate.org.thymeleaf.standard.processor.StandardBlockTagProcessor]: {}
[THYMELEAF]         * Text Processors by [precedence]:
[THYMELEAF]             * [1000]: karate.org.thymeleaf.standard.processor.StandardInliningTextProcessor
[THYMELEAF]     * Expression Objects:
[THYMELEAF]         * #ctx
[THYMELEAF]         * #root
[THYMELEAF]         * #vars
[THYMELEAF]         * #object
[THYMELEAF]         * #locale
[THYMELEAF]         * #request
[THYMELEAF]         * #response
[THYMELEAF]         * #session
[THYMELEAF]         * #servletContext
[THYMELEAF]         * #conversions
[THYMELEAF]         * #uris
[THYMELEAF]         * #calendars
[THYMELEAF]         * #dates
[THYMELEAF]         * #bools
[THYMELEAF]         * #numbers
[THYMELEAF]         * #objects
[THYMELEAF]         * #strings
[THYMELEAF]         * #arrays
[THYMELEAF]         * #lists
[THYMELEAF]         * #sets
[THYMELEAF]         * #maps
[THYMELEAF]         * #aggregates
[THYMELEAF]         * #messages
[THYMELEAF]         * #ids
[THYMELEAF]         * #execInfo
[THYMELEAF]         * #httpServletRequest
[THYMELEAF]         * #httpSession
[THYMELEAF]     * Execution Attributes:
[THYMELEAF]         * "StandardExpressionParser": com.intuit.karate.template.KarateStandardDialect@6ef9fd51
[THYMELEAF]         * "StandardJavaScriptSerializer": karate.org.thymeleaf.standard.serializer.StandardJavaScriptSerializer@7fa021e0
[THYMELEAF]         * "StandardCSSSerializer": karate.org.thymeleaf.standard.serializer.StandardCSSSerializer@4afe69df
[THYMELEAF]         * "StandardVariableExpressionEvaluator": com.intuit.karate.template.KarateStandardDialect@6ef9fd51
[THYMELEAF]         * "StandardConversionService": karate.org.thymeleaf.standard.expression.StandardConversionService@5ffe08
[THYMELEAF] * Dialect [2 of 2]: karate (com.intuit.karate.template.KarateScriptDialect)
[THYMELEAF]     * Prefix: "ka"
[THYMELEAF]     * Processors for Template Mode: HTML
[THYMELEAF]         * Element Tag Processors by [matching element and attribute name] [precedence]:
[THYMELEAF]             * [* {src}] [1000]: com.intuit.karate.template.KaScriptAttrProcessor
[THYMELEAF]         * Element Model Processors by [matching element and attribute name] [precedence]:
[THYMELEAF]             * [{script} {ka:scope,data-ka-scope}] [1000]: com.intuit.karate.template.KaScriptElemProcessor
[THYMELEAF]             * [* {ka:set,data-ka-set}] [1000]: com.intuit.karate.template.KaSetElemProcessor
[THYMELEAF] TEMPLATE ENGINE CONFIGURED OK
11:39:21.333 [pool-2-thread-1] DEBUG karate.org.thymeleaf.TemplateEngine - [THYMELEAF] TEMPLATE ENGINE INITIALIZED
11:39:21.397 [pool-1-thread-2] DEBUG karate.org.apache.http.wire - http-outgoing-32 << "HTTP/1.1 500 Internal Server Error[\r][\n]"
11:39:21.397 [pool-1-thread-2] DEBUG karate.org.apache.http.wire - http-outgoing-32 << "Date: Sun, 02 Jul 2023 16:39:21 GMT[\r][\n]"
11:39:21.397 [pool-1-thread-2] DEBUG karate.org.apache.http.wire - http-outgoing-32 << "Content-Type: text/plain; charset=utf-8[\r][\n]"
11:39:21.397 [pool-1-thread-2] DEBUG karate.org.apache.http.wire - http-outgoing-32 << "Content-Length: 21[\r][\n]"
11:39:21.397 [pool-1-thread-2] DEBUG karate.org.apache.http.wire - http-outgoing-32 << "Connection: keep-alive[\r][\n]"
11:39:21.397 [pool-1-thread-2] DEBUG karate.org.apache.http.wire - http-outgoing-32 << "Strict-Transport-Security: max-age=15724800; includeSubDomains[\r][\n]"
11:39:21.397 [pool-1-thread-2] DEBUG karate.org.apache.http.wire - http-outgoing-32 << "Access-Control-Allow-Origin: *[\r][\n]"
11:39:21.397 [pool-1-thread-2] DEBUG karate.org.apache.http.wire - http-outgoing-32 << "Access-Control-Allow-Credentials: true[\r][\n]"
11:39:21.397 [pool-1-thread-2] DEBUG karate.org.apache.http.wire - http-outgoing-32 << "Access-Control-Allow-Methods: GET, PUT, POST, DELETE, PATCH, OPTIONS[\r][\n]"
11:39:21.397 [pool-1-thread-2] DEBUG karate.org.apache.http.wire - http-outgoing-32 << "Access-Control-Allow-Headers: DNT,Keep-Alive,User-Agent,X-Requested-With,If-Modified-Since,Cache-Control,Content-Type,Range,Authorization[\r][\n]"
11:39:21.397 [pool-1-thread-2] DEBUG karate.org.apache.http.wire - http-outgoing-32 << "Access-Control-Max-Age: 1728000[\r][\n]"
11:39:21.397 [pool-1-thread-2] DEBUG karate.org.apache.http.wire - http-outgoing-32 << "[\r][\n]"
11:39:21.397 [pool-1-thread-2] DEBUG karate.org.apache.http.wire - http-outgoing-32 << "Internal Server Error"
11:39:21.397 [pool-1-thread-2] DEBUG karate.org.apache.http.headers - http-outgoing-32 << HTTP/1.1 500 Internal Server Error
11:39:21.397 [pool-1-thread-2] DEBUG karate.org.apache.http.headers - http-outgoing-32 << Date: Sun, 02 Jul 2023 16:39:21 GMT
11:39:21.397 [pool-1-thread-2] DEBUG karate.org.apache.http.headers - http-outgoing-32 << Content-Type: text/plain; charset=utf-8
11:39:21.397 [pool-1-thread-2] DEBUG karate.org.apache.http.headers - http-outgoing-32 << Content-Length: 21
11:39:21.397 [pool-1-thread-2] DEBUG karate.org.apache.http.headers - http-outgoing-32 << Connection: keep-alive
11:39:21.397 [pool-1-thread-2] DEBUG karate.org.apache.http.headers - http-outgoing-32 << Strict-Transport-Security: max-age=15724800; includeSubDomains
11:39:21.397 [pool-1-thread-2] DEBUG karate.org.apache.http.headers - http-outgoing-32 << Access-Control-Allow-Origin: *
11:39:21.397 [pool-1-thread-2] DEBUG karate.org.apache.http.headers - http-outgoing-32 << Access-Control-Allow-Credentials: true
11:39:21.397 [pool-1-thread-2] DEBUG karate.org.apache.http.headers - http-outgoing-32 << Access-Control-Allow-Methods: GET, PUT, POST, DELETE, PATCH, OPTIONS
11:39:21.397 [pool-1-thread-2] DEBUG karate.org.apache.http.headers - http-outgoing-32 << Access-Control-Allow-Headers: DNT,Keep-Alive,User-Agent,X-Requested-With,If-Modified-Since,Cache-Control,Content-Type,Range,Authorization
11:39:21.397 [pool-1-thread-2] DEBUG karate.org.apache.http.headers - http-outgoing-32 << Access-Control-Max-Age: 1728000
11:39:21.397 [pool-1-thread-2] DEBUG karate.org.apache.http.impl.execchain.MainClientExec - Connection can be kept alive indefinitely
11:39:21.397 [pool-1-thread-2] DEBUG karate.org.apache.http.impl.conn.PoolingHttpClientConnectionManager - Connection [id: 32][route: {s}->https://ops.enerbit.dev:443] can be kept alive indefinitely
11:39:21.397 [pool-1-thread-2] DEBUG karate.org.apache.http.impl.conn.DefaultManagedHttpClientConnection - http-outgoing-32: set socket timeout to 0
11:39:21.397 [pool-1-thread-2] DEBUG karate.org.apache.http.impl.conn.PoolingHttpClientConnectionManager - Connection released: [id: 32][route: {s}->https://ops.enerbit.dev:443][total available: 1; route allocated: 1 of 5; total allocated: 1 of 10]
11:39:21.397 [pool-1-thread-2] DEBUG com.intuit.karate - response time in milliseconds: 276
1 < 500
1 < Date: Sun, 02 Jul 2023 16:39:21 GMT
1 < Content-Type: text/plain; charset=utf-8
1 < Content-Length: 21
1 < Connection: keep-alive
1 < Strict-Transport-Security: max-age=15724800; includeSubDomains
1 < Access-Control-Allow-Origin: *
1 < Access-Control-Allow-Credentials: true
1 < Access-Control-Allow-Methods: GET, PUT, POST, DELETE, PATCH, OPTIONS
1 < Access-Control-Allow-Headers: DNT,Keep-Alive,User-Agent,X-Requested-With,If-Modified-Since,Cache-Control,Content-Type,Range,Authorization
1 < Access-Control-Max-Age: 1728000
Internal Server Error

11:39:21.402 [pool-1-thread-1] DEBUG karate.org.apache.http.conn.ssl.SSLConnectionSocketFactory - Enabled protocols: [TLSv1, TLSv1.1, TLSv1.2]
11:39:21.402 [pool-1-thread-1] DEBUG karate.org.apache.http.conn.ssl.SSLConnectionSocketFactory - Enabled cipher suites:[TLS_ECDHE_ECDSA_WITH_AES_256_CBC_SHA384, TLS_ECDHE_RSA_WITH_AES_256_CBC_SHA384, TLS_RSA_WITH_AES_256_CBC_SHA256, TLS_ECDH_ECDSA_WITH_AES_256_CBC_SHA384, TLS_ECDH_RSA_WITH_AES_256_CBC_SHA384, TLS_DHE_RSA_WITH_AES_256_CBC_SHA256, TLS_DHE_DSS_WITH_AES_256_CBC_SHA256, TLS_ECDHE_ECDSA_WITH_AES_256_CBC_SHA, TLS_ECDHE_RSA_WITH_AES_256_CBC_SHA, TLS_RSA_WITH_AES_256_CBC_SHA, TLS_ECDH_ECDSA_WITH_AES_256_CBC_SHA, TLS_ECDH_RSA_WITH_AES_256_CBC_SHA, TLS_DHE_RSA_WITH_AES_256_CBC_SHA, TLS_DHE_DSS_WITH_AES_256_CBC_SHA, TLS_ECDHE_ECDSA_WITH_AES_128_CBC_SHA256, TLS_ECDHE_RSA_WITH_AES_128_CBC_SHA256, TLS_RSA_WITH_AES_128_CBC_SHA256, TLS_ECDH_ECDSA_WITH_AES_128_CBC_SHA256, TLS_ECDH_RSA_WITH_AES_128_CBC_SHA256, TLS_DHE_RSA_WITH_AES_128_CBC_SHA256, TLS_DHE_DSS_WITH_AES_128_CBC_SHA256, TLS_ECDHE_ECDSA_WITH_AES_128_CBC_SHA, TLS_ECDHE_RSA_WITH_AES_128_CBC_SHA, TLS_RSA_WITH_AES_128_CBC_SHA, TLS_ECDH_ECDSA_WITH_AES_128_CBC_SHA, TLS_ECDH_RSA_WITH_AES_128_CBC_SHA, TLS_DHE_RSA_WITH_AES_128_CBC_SHA, TLS_DHE_DSS_WITH_AES_128_CBC_SHA, TLS_ECDHE_ECDSA_WITH_AES_256_GCM_SHA384, TLS_ECDHE_ECDSA_WITH_AES_128_GCM_SHA256, TLS_ECDHE_RSA_WITH_AES_256_GCM_SHA384, TLS_RSA_WITH_AES_256_GCM_SHA384, TLS_ECDH_ECDSA_WITH_AES_256_GCM_SHA384, TLS_ECDH_RSA_WITH_AES_256_GCM_SHA384, TLS_DHE_RSA_WITH_AES_256_GCM_SHA384, TLS_DHE_DSS_WITH_AES_256_GCM_SHA384, TLS_ECDHE_RSA_WITH_AES_128_GCM_SHA256, TLS_RSA_WITH_AES_128_GCM_SHA256, TLS_ECDH_ECDSA_WITH_AES_128_GCM_SHA256, TLS_ECDH_RSA_WITH_AES_128_GCM_SHA256, TLS_DHE_RSA_WITH_AES_128_GCM_SHA256, TLS_DHE_DSS_WITH_AES_128_GCM_SHA256]
11:39:21.402 [pool-1-thread-1] DEBUG karate.org.apache.http.conn.ssl.SSLConnectionSocketFactory - Starting handshake
11:39:21.417 [pool-1-thread-2] DEBUG com.jayway.jsonpath.internal.path.CompiledPath - Evaluating path: $
11:39:21.418 [pool-1-thread-2] DEBUG com.jayway.jsonpath.internal.path.CompiledPath - Evaluating path: $
11:39:21.420 [pool-1-thread-2] DEBUG karate.org.apache.http.client.protocol.RequestAddCookies - CookieSpec selected: karate
11:39:21.420 [pool-1-thread-2] DEBUG karate.org.apache.http.client.protocol.RequestAuthCache - Auth cache not set in the context
11:39:21.420 [pool-1-thread-2] DEBUG com.intuit.karate - request:
1 > POST https://ops.enerbit.dev/learning/api/v1/meters
1 > Content-Type: application/json; charset=UTF-8
1 > Content-Length: 256
1 > Host: ops.enerbit.dev
1 > Connection: Keep-Alive
1 > User-Agent: Apache-HttpClient/4.5.13 (Java/1.8.0_202)
1 > Accept-Encoding: gzip,deflate
{"serial":"3424234233kj","connection_type":"directa","storage_system":"invalid data","condition":"nuevo","owner":"RF","location":"Almacen ","manufacturer":"yes","purchase":"2022-07-28 03:08:49.340514","i_max":6345.654,"i_b":21.5,"i_n":876.5,"seals":545.65}

11:39:21.420 [pool-1-thread-2] DEBUG karate.org.apache.http.impl.conn.PoolingHttpClientConnectionManager - Connection request: [route: {s}->https://ops.enerbit.dev:443][total available: 0; route allocated: 0 of 5; total allocated: 0 of 10]
11:39:21.420 [pool-1-thread-2] DEBUG karate.org.apache.http.impl.conn.PoolingHttpClientConnectionManager - Connection leased: [id: 34][route: {s}->https://ops.enerbit.dev:443][total available: 0; route allocated: 1 of 5; total allocated: 1 of 10]
11:39:21.420 [pool-1-thread-2] DEBUG karate.org.apache.http.impl.execchain.MainClientExec - Opening connection {s}->https://ops.enerbit.dev:443
11:39:21.421 [pool-1-thread-2] DEBUG karate.org.apache.http.impl.conn.DefaultHttpClientConnectionOperator - Connecting to ops.enerbit.dev/20.65.19.185:443
11:39:21.421 [pool-1-thread-2] DEBUG karate.org.apache.http.conn.ssl.SSLConnectionSocketFactory - Connecting socket to ops.enerbit.dev/20.65.19.185:443 with timeout 30000
11:39:21.454 [Finalizer] DEBUG karate.org.apache.http.impl.conn.PoolingHttpClientConnectionManager - Connection manager is shutting down
11:39:21.455 [Finalizer] DEBUG karate.org.apache.http.impl.conn.DefaultManagedHttpClientConnection - http-outgoing-14: Close connection
11:39:21.458 [Finalizer] DEBUG karate.org.apache.http.impl.conn.PoolingHttpClientConnectionManager - Connection manager shut down
11:39:21.458 [Finalizer] DEBUG karate.org.apache.http.impl.conn.PoolingHttpClientConnectionManager - Connection manager is shutting down
11:39:21.458 [Finalizer] DEBUG karate.org.apache.http.impl.conn.DefaultManagedHttpClientConnection - http-outgoing-15: Close connection
11:39:21.460 [Finalizer] DEBUG karate.org.apache.http.impl.conn.PoolingHttpClientConnectionManager - Connection manager shut down
11:39:21.460 [Finalizer] DEBUG karate.org.apache.http.impl.conn.PoolingHttpClientConnectionManager - Connection manager is shutting down
11:39:21.460 [Finalizer] DEBUG karate.org.apache.http.impl.conn.DefaultManagedHttpClientConnection - http-outgoing-16: Close connection
11:39:21.462 [Finalizer] DEBUG karate.org.apache.http.impl.conn.PoolingHttpClientConnectionManager - Connection manager shut down
11:39:21.462 [Finalizer] DEBUG karate.org.apache.http.impl.conn.PoolingHttpClientConnectionManager - Connection manager is shutting down
11:39:21.462 [Finalizer] DEBUG karate.org.apache.http.impl.conn.DefaultManagedHttpClientConnection - http-outgoing-17: Close connection
11:39:21.466 [Finalizer] DEBUG karate.org.apache.http.impl.conn.PoolingHttpClientConnectionManager - Connection manager shut down
11:39:21.466 [Finalizer] DEBUG karate.org.apache.http.impl.conn.PoolingHttpClientConnectionManager - Connection manager is shutting down
11:39:21.466 [Finalizer] DEBUG karate.org.apache.http.impl.conn.DefaultManagedHttpClientConnection - http-outgoing-18: Close connection
11:39:21.468 [Finalizer] DEBUG karate.org.apache.http.impl.conn.PoolingHttpClientConnectionManager - Connection manager shut down
11:39:21.468 [Finalizer] DEBUG karate.org.apache.http.impl.conn.PoolingHttpClientConnectionManager - Connection manager is shutting down
11:39:21.468 [Finalizer] DEBUG karate.org.apache.http.impl.conn.DefaultManagedHttpClientConnection - http-outgoing-19: Close connection
11:39:21.470 [Finalizer] DEBUG karate.org.apache.http.impl.conn.PoolingHttpClientConnectionManager - Connection manager shut down
11:39:21.470 [Finalizer] DEBUG karate.org.apache.http.impl.conn.PoolingHttpClientConnectionManager - Connection manager is shutting down
11:39:21.470 [Finalizer] DEBUG karate.org.apache.http.impl.conn.DefaultManagedHttpClientConnection - http-outgoing-20: Close connection
11:39:21.473 [Finalizer] DEBUG karate.org.apache.http.impl.conn.PoolingHttpClientConnectionManager - Connection manager shut down
11:39:21.473 [Finalizer] DEBUG karate.org.apache.http.impl.conn.PoolingHttpClientConnectionManager - Connection manager is shutting down
11:39:21.473 [Finalizer] DEBUG karate.org.apache.http.impl.conn.DefaultManagedHttpClientConnection - http-outgoing-21: Close connection
11:39:21.475 [Finalizer] DEBUG karate.org.apache.http.impl.conn.PoolingHttpClientConnectionManager - Connection manager shut down
11:39:21.475 [Finalizer] DEBUG karate.org.apache.http.impl.conn.PoolingHttpClientConnectionManager - Connection manager is shutting down
11:39:21.475 [Finalizer] DEBUG karate.org.apache.http.impl.conn.DefaultManagedHttpClientConnection - http-outgoing-22: Close connection
11:39:21.481 [Finalizer] DEBUG karate.org.apache.http.impl.conn.PoolingHttpClientConnectionManager - Connection manager shut down
11:39:21.481 [Finalizer] DEBUG karate.org.apache.http.impl.conn.PoolingHttpClientConnectionManager - Connection manager is shutting down
11:39:21.481 [Finalizer] DEBUG karate.org.apache.http.impl.conn.DefaultManagedHttpClientConnection - http-outgoing-23: Close connection
11:39:21.483 [Finalizer] DEBUG karate.org.apache.http.impl.conn.PoolingHttpClientConnectionManager - Connection manager shut down
11:39:21.483 [Finalizer] DEBUG karate.org.apache.http.impl.conn.PoolingHttpClientConnectionManager - Connection manager is shutting down
11:39:21.483 [Finalizer] DEBUG karate.org.apache.http.impl.conn.DefaultManagedHttpClientConnection - http-outgoing-24: Close connection
11:39:21.487 [Finalizer] DEBUG karate.org.apache.http.impl.conn.PoolingHttpClientConnectionManager - Connection manager shut down
11:39:21.487 [Finalizer] DEBUG karate.org.apache.http.impl.conn.PoolingHttpClientConnectionManager - Connection manager is shutting down
11:39:21.487 [Finalizer] DEBUG karate.org.apache.http.impl.conn.DefaultManagedHttpClientConnection - http-outgoing-25: Close connection
11:39:21.488 [Finalizer] DEBUG karate.org.apache.http.impl.conn.PoolingHttpClientConnectionManager - Connection manager shut down
11:39:21.488 [Finalizer] DEBUG karate.org.apache.http.impl.conn.PoolingHttpClientConnectionManager - Connection manager is shutting down
11:39:21.488 [Finalizer] DEBUG karate.org.apache.http.impl.conn.DefaultManagedHttpClientConnection - http-outgoing-26: Close connection
11:39:21.494 [Finalizer] DEBUG karate.org.apache.http.impl.conn.PoolingHttpClientConnectionManager - Connection manager shut down
11:39:21.494 [Finalizer] DEBUG karate.org.apache.http.impl.conn.PoolingHttpClientConnectionManager - Connection manager is shutting down
11:39:21.494 [Finalizer] DEBUG karate.org.apache.http.impl.conn.DefaultManagedHttpClientConnection - http-outgoing-27: Close connection
11:39:21.496 [Finalizer] DEBUG karate.org.apache.http.impl.conn.PoolingHttpClientConnectionManager - Connection manager shut down
11:39:21.497 [Finalizer] DEBUG karate.org.apache.http.impl.conn.PoolingHttpClientConnectionManager - Connection manager is shutting down
11:39:21.497 [Finalizer] DEBUG karate.org.apache.http.impl.conn.DefaultManagedHttpClientConnection - http-outgoing-28: Close connection
11:39:21.499 [Finalizer] DEBUG karate.org.apache.http.impl.conn.PoolingHttpClientConnectionManager - Connection manager shut down
11:39:21.499 [Finalizer] DEBUG karate.org.apache.http.impl.conn.PoolingHttpClientConnectionManager - Connection manager is shutting down
11:39:21.499 [Finalizer] DEBUG karate.org.apache.http.impl.conn.DefaultManagedHttpClientConnection - http-outgoing-29: Close connection
11:39:21.501 [pool-1-thread-2] DEBUG karate.org.apache.http.conn.ssl.SSLConnectionSocketFactory - Enabled protocols: [TLSv1, TLSv1.1, TLSv1.2]
11:39:21.501 [pool-1-thread-2] DEBUG karate.org.apache.http.conn.ssl.SSLConnectionSocketFactory - Enabled cipher suites:[TLS_ECDHE_ECDSA_WITH_AES_256_CBC_SHA384, TLS_ECDHE_RSA_WITH_AES_256_CBC_SHA384, TLS_RSA_WITH_AES_256_CBC_SHA256, TLS_ECDH_ECDSA_WITH_AES_256_CBC_SHA384, TLS_ECDH_RSA_WITH_AES_256_CBC_SHA384, TLS_DHE_RSA_WITH_AES_256_CBC_SHA256, TLS_DHE_DSS_WITH_AES_256_CBC_SHA256, TLS_ECDHE_ECDSA_WITH_AES_256_CBC_SHA, TLS_ECDHE_RSA_WITH_AES_256_CBC_SHA, TLS_RSA_WITH_AES_256_CBC_SHA, TLS_ECDH_ECDSA_WITH_AES_256_CBC_SHA, TLS_ECDH_RSA_WITH_AES_256_CBC_SHA, TLS_DHE_RSA_WITH_AES_256_CBC_SHA, TLS_DHE_DSS_WITH_AES_256_CBC_SHA, TLS_ECDHE_ECDSA_WITH_AES_128_CBC_SHA256, TLS_ECDHE_RSA_WITH_AES_128_CBC_SHA256, TLS_RSA_WITH_AES_128_CBC_SHA256, TLS_ECDH_ECDSA_WITH_AES_128_CBC_SHA256, TLS_ECDH_RSA_WITH_AES_128_CBC_SHA256, TLS_DHE_RSA_WITH_AES_128_CBC_SHA256, TLS_DHE_DSS_WITH_AES_128_CBC_SHA256, TLS_ECDHE_ECDSA_WITH_AES_128_CBC_SHA, TLS_ECDHE_RSA_WITH_AES_128_CBC_SHA, TLS_RSA_WITH_AES_128_CBC_SHA, TLS_ECDH_ECDSA_WITH_AES_128_CBC_SHA, TLS_ECDH_RSA_WITH_AES_128_CBC_SHA, TLS_DHE_RSA_WITH_AES_128_CBC_SHA, TLS_DHE_DSS_WITH_AES_128_CBC_SHA, TLS_ECDHE_ECDSA_WITH_AES_256_GCM_SHA384, TLS_ECDHE_ECDSA_WITH_AES_128_GCM_SHA256, TLS_ECDHE_RSA_WITH_AES_256_GCM_SHA384, TLS_RSA_WITH_AES_256_GCM_SHA384, TLS_ECDH_ECDSA_WITH_AES_256_GCM_SHA384, TLS_ECDH_RSA_WITH_AES_256_GCM_SHA384, TLS_DHE_RSA_WITH_AES_256_GCM_SHA384, TLS_DHE_DSS_WITH_AES_256_GCM_SHA384, TLS_ECDHE_RSA_WITH_AES_128_GCM_SHA256, TLS_RSA_WITH_AES_128_GCM_SHA256, TLS_ECDH_ECDSA_WITH_AES_128_GCM_SHA256, TLS_ECDH_RSA_WITH_AES_128_GCM_SHA256, TLS_DHE_RSA_WITH_AES_128_GCM_SHA256, TLS_DHE_DSS_WITH_AES_128_GCM_SHA256]
11:39:21.501 [pool-1-thread-2] DEBUG karate.org.apache.http.conn.ssl.SSLConnectionSocketFactory - Starting handshake
11:39:21.501 [Finalizer] DEBUG karate.org.apache.http.impl.conn.PoolingHttpClientConnectionManager - Connection manager shut down
11:39:21.501 [Finalizer] DEBUG karate.org.apache.http.impl.conn.PoolingHttpClientConnectionManager - Connection manager is shutting down
11:39:21.501 [Finalizer] DEBUG karate.org.apache.http.impl.conn.DefaultManagedHttpClientConnection - http-outgoing-30: Close connection
11:39:21.502 [Finalizer] DEBUG karate.org.apache.http.impl.conn.PoolingHttpClientConnectionManager - Connection manager shut down
11:39:21.502 [Finalizer] DEBUG karate.org.apache.http.impl.conn.PoolingHttpClientConnectionManager - Connection manager is shutting down
11:39:21.502 [Finalizer] DEBUG karate.org.apache.http.impl.conn.DefaultManagedHttpClientConnection - http-outgoing-31: Close connection
11:39:21.503 [Finalizer] DEBUG karate.org.apache.http.impl.conn.PoolingHttpClientConnectionManager - Connection manager shut down
11:39:21.503 [Finalizer] DEBUG karate.org.apache.http.impl.conn.PoolingHttpClientConnectionManager - Connection manager is shutting down
11:39:21.503 [Finalizer] DEBUG karate.org.apache.http.impl.conn.DefaultManagedHttpClientConnection - http-outgoing-32: Close connection
11:39:21.504 [Finalizer] DEBUG karate.org.apache.http.impl.conn.PoolingHttpClientConnectionManager - Connection manager shut down
11:39:21.508 [Finalizer] DEBUG karate.org.apache.http.impl.conn.PoolingHttpClientConnectionManager - Connection manager is shutting down
11:39:21.508 [Finalizer] DEBUG karate.org.apache.http.impl.conn.DefaultManagedHttpClientConnection - http-outgoing-12: Close connection
11:39:21.508 [Finalizer] DEBUG karate.org.apache.http.impl.conn.PoolingHttpClientConnectionManager - Connection manager shut down
11:39:21.508 [Finalizer] DEBUG karate.org.apache.http.impl.conn.PoolingHttpClientConnectionManager - Connection manager is shutting down
11:39:21.508 [Finalizer] DEBUG karate.org.apache.http.impl.conn.DefaultManagedHttpClientConnection - http-outgoing-13: Close connection
11:39:21.508 [Finalizer] DEBUG karate.org.apache.http.impl.conn.PoolingHttpClientConnectionManager - Connection manager shut down
11:39:21.509 [Finalizer] DEBUG karate.org.apache.http.impl.conn.PoolingHttpClientConnectionManager - Connection manager is shutting down
11:39:21.509 [Finalizer] DEBUG karate.org.apache.http.impl.conn.DefaultManagedHttpClientConnection - http-outgoing-10: Close connection
11:39:21.509 [Finalizer] DEBUG karate.org.apache.http.impl.conn.PoolingHttpClientConnectionManager - Connection manager shut down
11:39:21.509 [Finalizer] DEBUG karate.org.apache.http.impl.conn.PoolingHttpClientConnectionManager - Connection manager is shutting down
11:39:21.509 [Finalizer] DEBUG karate.org.apache.http.impl.conn.DefaultManagedHttpClientConnection - http-outgoing-11: Close connection
11:39:21.509 [Finalizer] DEBUG karate.org.apache.http.impl.conn.PoolingHttpClientConnectionManager - Connection manager shut down
11:39:21.509 [Finalizer] DEBUG karate.org.apache.http.impl.conn.PoolingHttpClientConnectionManager - Connection manager is shutting down
11:39:21.509 [Finalizer] DEBUG karate.org.apache.http.impl.conn.DefaultManagedHttpClientConnection - http-outgoing-9: Close connection
11:39:21.509 [Finalizer] DEBUG karate.org.apache.http.impl.conn.PoolingHttpClientConnectionManager - Connection manager shut down
11:39:21.509 [Finalizer] DEBUG karate.org.apache.http.impl.conn.PoolingHttpClientConnectionManager - Connection manager is shutting down
11:39:21.510 [Finalizer] DEBUG karate.org.apache.http.impl.conn.DefaultManagedHttpClientConnection - http-outgoing-8: Close connection
11:39:21.510 [Finalizer] DEBUG karate.org.apache.http.impl.conn.PoolingHttpClientConnectionManager - Connection manager shut down
11:39:21.510 [Finalizer] DEBUG karate.org.apache.http.impl.conn.PoolingHttpClientConnectionManager - Connection manager is shutting down
11:39:21.510 [Finalizer] DEBUG karate.org.apache.http.impl.conn.DefaultManagedHttpClientConnection - http-outgoing-7: Close connection
11:39:21.510 [Finalizer] DEBUG karate.org.apache.http.impl.conn.PoolingHttpClientConnectionManager - Connection manager shut down
11:39:21.511 [Finalizer] DEBUG karate.org.apache.http.impl.conn.PoolingHttpClientConnectionManager - Connection manager is shutting down
11:39:21.511 [Finalizer] DEBUG karate.org.apache.http.impl.conn.DefaultManagedHttpClientConnection - http-outgoing-2: Close connection
11:39:21.512 [Finalizer] DEBUG karate.org.apache.http.impl.conn.PoolingHttpClientConnectionManager - Connection manager shut down
11:39:21.512 [Finalizer] DEBUG karate.org.apache.http.impl.conn.PoolingHttpClientConnectionManager - Connection manager is shutting down
11:39:21.512 [Finalizer] DEBUG karate.org.apache.http.impl.conn.DefaultManagedHttpClientConnection - http-outgoing-3: Close connection
11:39:21.512 [Finalizer] DEBUG karate.org.apache.http.impl.conn.PoolingHttpClientConnectionManager - Connection manager shut down
11:39:21.513 [Finalizer] DEBUG karate.org.apache.http.impl.conn.PoolingHttpClientConnectionManager - Connection manager is shutting down
11:39:21.513 [Finalizer] DEBUG karate.org.apache.http.impl.conn.DefaultManagedHttpClientConnection - http-outgoing-4: Close connection
11:39:21.513 [Finalizer] DEBUG karate.org.apache.http.impl.conn.PoolingHttpClientConnectionManager - Connection manager shut down
11:39:21.513 [Finalizer] DEBUG karate.org.apache.http.impl.conn.PoolingHttpClientConnectionManager - Connection manager is shutting down
11:39:21.513 [Finalizer] DEBUG karate.org.apache.http.impl.conn.DefaultManagedHttpClientConnection - http-outgoing-5: Close connection
11:39:21.513 [Finalizer] DEBUG karate.org.apache.http.impl.conn.PoolingHttpClientConnectionManager - Connection manager shut down
11:39:21.513 [Finalizer] DEBUG karate.org.apache.http.impl.conn.PoolingHttpClientConnectionManager - Connection manager is shutting down
11:39:21.513 [Finalizer] DEBUG karate.org.apache.http.impl.conn.DefaultManagedHttpClientConnection - http-outgoing-6: Close connection
11:39:21.514 [Finalizer] DEBUG karate.org.apache.http.impl.conn.PoolingHttpClientConnectionManager - Connection manager shut down
11:39:21.529 [pool-1-thread-1] DEBUG karate.org.apache.http.conn.ssl.SSLConnectionSocketFactory - Secure session established
11:39:21.529 [pool-1-thread-1] DEBUG karate.org.apache.http.conn.ssl.SSLConnectionSocketFactory -  negotiated protocol: TLSv1.2
11:39:21.529 [pool-1-thread-1] DEBUG karate.org.apache.http.conn.ssl.SSLConnectionSocketFactory -  negotiated cipher suite: TLS_ECDHE_RSA_WITH_AES_128_GCM_SHA256
11:39:21.529 [pool-1-thread-1] DEBUG karate.org.apache.http.conn.ssl.SSLConnectionSocketFactory -  peer principal: CN=ops.enerbit.dev
11:39:21.529 [pool-1-thread-1] DEBUG karate.org.apache.http.conn.ssl.SSLConnectionSocketFactory -  peer alternative names: [ops.enerbit.dev]
11:39:21.529 [pool-1-thread-1] DEBUG karate.org.apache.http.conn.ssl.SSLConnectionSocketFactory -  issuer principal: CN=R3, O=Let's Encrypt, C=US
11:39:21.529 [pool-1-thread-1] DEBUG karate.org.apache.http.impl.conn.DefaultHttpClientConnectionOperator - Connection established 192.168.1.4:56966<->20.65.19.185:443
11:39:21.529 [pool-1-thread-1] DEBUG karate.org.apache.http.impl.conn.DefaultManagedHttpClientConnection - http-outgoing-33: set socket timeout to 30000
11:39:21.529 [pool-1-thread-1] DEBUG karate.org.apache.http.impl.execchain.MainClientExec - Executing request POST /learning/api/v1/meters HTTP/1.1
11:39:21.529 [pool-1-thread-1] DEBUG karate.org.apache.http.impl.execchain.MainClientExec - Target auth state: UNCHALLENGED
11:39:21.529 [pool-1-thread-1] DEBUG karate.org.apache.http.impl.execchain.MainClientExec - Proxy auth state: UNCHALLENGED
11:39:21.529 [pool-1-thread-1] DEBUG karate.org.apache.http.headers - http-outgoing-33 >> POST /learning/api/v1/meters HTTP/1.1
11:39:21.529 [pool-1-thread-1] DEBUG karate.org.apache.http.headers - http-outgoing-33 >> Content-Type: application/json; charset=UTF-8
11:39:21.529 [pool-1-thread-1] DEBUG karate.org.apache.http.headers - http-outgoing-33 >> Content-Length: 256
11:39:21.529 [pool-1-thread-1] DEBUG karate.org.apache.http.headers - http-outgoing-33 >> Host: ops.enerbit.dev
11:39:21.529 [pool-1-thread-1] DEBUG karate.org.apache.http.headers - http-outgoing-33 >> Connection: Keep-Alive
11:39:21.529 [pool-1-thread-1] DEBUG karate.org.apache.http.headers - http-outgoing-33 >> User-Agent: Apache-HttpClient/4.5.13 (Java/1.8.0_202)
11:39:21.529 [pool-1-thread-1] DEBUG karate.org.apache.http.headers - http-outgoing-33 >> Accept-Encoding: gzip,deflate
11:39:21.529 [pool-1-thread-1] DEBUG karate.org.apache.http.wire - http-outgoing-33 >> "POST /learning/api/v1/meters HTTP/1.1[\r][\n]"
11:39:21.529 [pool-1-thread-1] DEBUG karate.org.apache.http.wire - http-outgoing-33 >> "Content-Type: application/json; charset=UTF-8[\r][\n]"
11:39:21.529 [pool-1-thread-1] DEBUG karate.org.apache.http.wire - http-outgoing-33 >> "Content-Length: 256[\r][\n]"
11:39:21.529 [pool-1-thread-1] DEBUG karate.org.apache.http.wire - http-outgoing-33 >> "Host: ops.enerbit.dev[\r][\n]"
11:39:21.529 [pool-1-thread-1] DEBUG karate.org.apache.http.wire - http-outgoing-33 >> "Connection: Keep-Alive[\r][\n]"
11:39:21.529 [pool-1-thread-1] DEBUG karate.org.apache.http.wire - http-outgoing-33 >> "User-Agent: Apache-HttpClient/4.5.13 (Java/1.8.0_202)[\r][\n]"
11:39:21.529 [pool-1-thread-1] DEBUG karate.org.apache.http.wire - http-outgoing-33 >> "Accept-Encoding: gzip,deflate[\r][\n]"
11:39:21.529 [pool-1-thread-1] DEBUG karate.org.apache.http.wire - http-outgoing-33 >> "[\r][\n]"
11:39:21.530 [pool-1-thread-1] DEBUG karate.org.apache.http.wire - http-outgoing-33 >> "{"serial":"3424234233kj","connection_type":"invalid data","storage_system":"interno","condition":"nuevo","owner":"RF","location":"Almacen ","manufacturer":"yes","purchase":"2022-07-28 03:08:49.340514","i_max":6345.654,"i_b":21.5,"i_n":876.5,"seals":545.65}"
11:39:21.639 [pool-1-thread-2] DEBUG karate.org.apache.http.conn.ssl.SSLConnectionSocketFactory - Secure session established
11:39:21.639 [pool-1-thread-2] DEBUG karate.org.apache.http.conn.ssl.SSLConnectionSocketFactory -  negotiated protocol: TLSv1.2
11:39:21.639 [pool-1-thread-2] DEBUG karate.org.apache.http.conn.ssl.SSLConnectionSocketFactory -  negotiated cipher suite: TLS_ECDHE_RSA_WITH_AES_128_GCM_SHA256
11:39:21.639 [pool-1-thread-2] DEBUG karate.org.apache.http.conn.ssl.SSLConnectionSocketFactory -  peer principal: CN=ops.enerbit.dev
11:39:21.639 [pool-1-thread-2] DEBUG karate.org.apache.http.conn.ssl.SSLConnectionSocketFactory -  peer alternative names: [ops.enerbit.dev]
11:39:21.639 [pool-1-thread-2] DEBUG karate.org.apache.http.conn.ssl.SSLConnectionSocketFactory -  issuer principal: CN=R3, O=Let's Encrypt, C=US
11:39:21.639 [pool-1-thread-2] DEBUG karate.org.apache.http.impl.conn.DefaultHttpClientConnectionOperator - Connection established 192.168.1.4:56967<->20.65.19.185:443
11:39:21.639 [pool-1-thread-2] DEBUG karate.org.apache.http.impl.conn.DefaultManagedHttpClientConnection - http-outgoing-34: set socket timeout to 30000
11:39:21.639 [pool-1-thread-2] DEBUG karate.org.apache.http.impl.execchain.MainClientExec - Executing request POST /learning/api/v1/meters HTTP/1.1
11:39:21.639 [pool-1-thread-2] DEBUG karate.org.apache.http.impl.execchain.MainClientExec - Target auth state: UNCHALLENGED
11:39:21.639 [pool-1-thread-2] DEBUG karate.org.apache.http.impl.execchain.MainClientExec - Proxy auth state: UNCHALLENGED
11:39:21.639 [pool-1-thread-2] DEBUG karate.org.apache.http.headers - http-outgoing-34 >> POST /learning/api/v1/meters HTTP/1.1
11:39:21.639 [pool-1-thread-2] DEBUG karate.org.apache.http.headers - http-outgoing-34 >> Content-Type: application/json; charset=UTF-8
11:39:21.639 [pool-1-thread-2] DEBUG karate.org.apache.http.headers - http-outgoing-34 >> Content-Length: 256
11:39:21.639 [pool-1-thread-2] DEBUG karate.org.apache.http.headers - http-outgoing-34 >> Host: ops.enerbit.dev
11:39:21.639 [pool-1-thread-2] DEBUG karate.org.apache.http.headers - http-outgoing-34 >> Connection: Keep-Alive
11:39:21.640 [pool-1-thread-2] DEBUG karate.org.apache.http.headers - http-outgoing-34 >> User-Agent: Apache-HttpClient/4.5.13 (Java/1.8.0_202)
11:39:21.640 [pool-1-thread-2] DEBUG karate.org.apache.http.headers - http-outgoing-34 >> Accept-Encoding: gzip,deflate
11:39:21.640 [pool-1-thread-2] DEBUG karate.org.apache.http.wire - http-outgoing-34 >> "POST /learning/api/v1/meters HTTP/1.1[\r][\n]"
11:39:21.640 [pool-1-thread-2] DEBUG karate.org.apache.http.wire - http-outgoing-34 >> "Content-Type: application/json; charset=UTF-8[\r][\n]"
11:39:21.640 [pool-1-thread-2] DEBUG karate.org.apache.http.wire - http-outgoing-34 >> "Content-Length: 256[\r][\n]"
11:39:21.640 [pool-1-thread-2] DEBUG karate.org.apache.http.wire - http-outgoing-34 >> "Host: ops.enerbit.dev[\r][\n]"
11:39:21.640 [pool-1-thread-2] DEBUG karate.org.apache.http.wire - http-outgoing-34 >> "Connection: Keep-Alive[\r][\n]"
11:39:21.640 [pool-1-thread-2] DEBUG karate.org.apache.http.wire - http-outgoing-34 >> "User-Agent: Apache-HttpClient/4.5.13 (Java/1.8.0_202)[\r][\n]"
11:39:21.640 [pool-1-thread-2] DEBUG karate.org.apache.http.wire - http-outgoing-34 >> "Accept-Encoding: gzip,deflate[\r][\n]"
11:39:21.640 [pool-1-thread-2] DEBUG karate.org.apache.http.wire - http-outgoing-34 >> "[\r][\n]"
11:39:21.640 [pool-1-thread-2] DEBUG karate.org.apache.http.wire - http-outgoing-34 >> "{"serial":"3424234233kj","connection_type":"directa","storage_system":"invalid data","condition":"nuevo","owner":"RF","location":"Almacen ","manufacturer":"yes","purchase":"2022-07-28 03:08:49.340514","i_max":6345.654,"i_b":21.5,"i_n":876.5,"seals":545.65}"
11:39:21.644 [pool-1-thread-1] DEBUG karate.org.apache.http.wire - http-outgoing-33 << "HTTP/1.1 422 Unprocessable Entity[\r][\n]"
11:39:21.644 [pool-1-thread-1] DEBUG karate.org.apache.http.wire - http-outgoing-33 << "Date: Sun, 02 Jul 2023 16:39:22 GMT[\r][\n]"
11:39:21.644 [pool-1-thread-1] DEBUG karate.org.apache.http.wire - http-outgoing-33 << "Content-Type: application/json[\r][\n]"
11:39:21.644 [pool-1-thread-1] DEBUG karate.org.apache.http.wire - http-outgoing-33 << "Content-Length: 232[\r][\n]"
11:39:21.644 [pool-1-thread-1] DEBUG karate.org.apache.http.wire - http-outgoing-33 << "Connection: keep-alive[\r][\n]"
11:39:21.644 [pool-1-thread-1] DEBUG karate.org.apache.http.wire - http-outgoing-33 << "Strict-Transport-Security: max-age=15724800; includeSubDomains[\r][\n]"
11:39:21.644 [pool-1-thread-1] DEBUG karate.org.apache.http.wire - http-outgoing-33 << "Access-Control-Allow-Origin: *[\r][\n]"
11:39:21.644 [pool-1-thread-1] DEBUG karate.org.apache.http.wire - http-outgoing-33 << "Access-Control-Allow-Credentials: true[\r][\n]"
11:39:21.644 [pool-1-thread-1] DEBUG karate.org.apache.http.wire - http-outgoing-33 << "Access-Control-Allow-Methods: GET, PUT, POST, DELETE, PATCH, OPTIONS[\r][\n]"
11:39:21.644 [pool-1-thread-1] DEBUG karate.org.apache.http.wire - http-outgoing-33 << "Access-Control-Allow-Headers: DNT,Keep-Alive,User-Agent,X-Requested-With,If-Modified-Since,Cache-Control,Content-Type,Range,Authorization[\r][\n]"
11:39:21.644 [pool-1-thread-1] DEBUG karate.org.apache.http.wire - http-outgoing-33 << "Access-Control-Max-Age: 1728000[\r][\n]"
11:39:21.644 [pool-1-thread-1] DEBUG karate.org.apache.http.wire - http-outgoing-33 << "[\r][\n]"
11:39:21.644 [pool-1-thread-1] DEBUG karate.org.apache.http.wire - http-outgoing-33 << "{"detail":[{"loc":["body","connection_type"],"msg":"value is not a valid enumeration member; permitted: 'directa', 'semi-directa', 'indirecta'","type":"type_error.enum","ctx":{"enum_values":["directa","semi-directa","indirecta"]}}]}"
11:39:21.644 [pool-1-thread-1] DEBUG karate.org.apache.http.headers - http-outgoing-33 << HTTP/1.1 422 Unprocessable Entity
11:39:21.644 [pool-1-thread-1] DEBUG karate.org.apache.http.headers - http-outgoing-33 << Date: Sun, 02 Jul 2023 16:39:22 GMT
11:39:21.644 [pool-1-thread-1] DEBUG karate.org.apache.http.headers - http-outgoing-33 << Content-Type: application/json
11:39:21.644 [pool-1-thread-1] DEBUG karate.org.apache.http.headers - http-outgoing-33 << Content-Length: 232
11:39:21.644 [pool-1-thread-1] DEBUG karate.org.apache.http.headers - http-outgoing-33 << Connection: keep-alive
11:39:21.644 [pool-1-thread-1] DEBUG karate.org.apache.http.headers - http-outgoing-33 << Strict-Transport-Security: max-age=15724800; includeSubDomains
11:39:21.644 [pool-1-thread-1] DEBUG karate.org.apache.http.headers - http-outgoing-33 << Access-Control-Allow-Origin: *
11:39:21.644 [pool-1-thread-1] DEBUG karate.org.apache.http.headers - http-outgoing-33 << Access-Control-Allow-Credentials: true
11:39:21.644 [pool-1-thread-1] DEBUG karate.org.apache.http.headers - http-outgoing-33 << Access-Control-Allow-Methods: GET, PUT, POST, DELETE, PATCH, OPTIONS
11:39:21.644 [pool-1-thread-1] DEBUG karate.org.apache.http.headers - http-outgoing-33 << Access-Control-Allow-Headers: DNT,Keep-Alive,User-Agent,X-Requested-With,If-Modified-Since,Cache-Control,Content-Type,Range,Authorization
11:39:21.644 [pool-1-thread-1] DEBUG karate.org.apache.http.headers - http-outgoing-33 << Access-Control-Max-Age: 1728000
11:39:21.644 [pool-1-thread-1] DEBUG karate.org.apache.http.impl.execchain.MainClientExec - Connection can be kept alive indefinitely
11:39:21.644 [pool-1-thread-1] DEBUG karate.org.apache.http.impl.conn.PoolingHttpClientConnectionManager - Connection [id: 33][route: {s}->https://ops.enerbit.dev:443] can be kept alive indefinitely
11:39:21.644 [pool-1-thread-1] DEBUG karate.org.apache.http.impl.conn.DefaultManagedHttpClientConnection - http-outgoing-33: set socket timeout to 0
11:39:21.644 [pool-1-thread-1] DEBUG karate.org.apache.http.impl.conn.PoolingHttpClientConnectionManager - Connection released: [id: 33][route: {s}->https://ops.enerbit.dev:443][total available: 1; route allocated: 1 of 5; total allocated: 1 of 10]
11:39:21.645 [pool-1-thread-1] DEBUG com.intuit.karate - response time in milliseconds: 324
1 < 422
1 < Date: Sun, 02 Jul 2023 16:39:22 GMT
1 < Content-Type: application/json
1 < Content-Length: 232
1 < Connection: keep-alive
1 < Strict-Transport-Security: max-age=15724800; includeSubDomains
1 < Access-Control-Allow-Origin: *
1 < Access-Control-Allow-Credentials: true
1 < Access-Control-Allow-Methods: GET, PUT, POST, DELETE, PATCH, OPTIONS
1 < Access-Control-Allow-Headers: DNT,Keep-Alive,User-Agent,X-Requested-With,If-Modified-Since,Cache-Control,Content-Type,Range,Authorization
1 < Access-Control-Max-Age: 1728000
{"detail":[{"loc":["body","connection_type"],"msg":"value is not a valid enumeration member; permitted: 'directa', 'semi-directa', 'indirecta'","type":"type_error.enum","ctx":{"enum_values":["directa","semi-directa","indirecta"]}}]}

11:39:21.668 [pool-1-thread-1] DEBUG com.jayway.jsonpath.internal.path.CompiledPath - Evaluating path: $
11:39:21.668 [pool-1-thread-1] DEBUG com.jayway.jsonpath.internal.path.CompiledPath - Evaluating path: $
11:39:21.670 [pool-1-thread-1] DEBUG karate.org.apache.http.client.protocol.RequestAddCookies - CookieSpec selected: karate
11:39:21.671 [pool-1-thread-1] DEBUG karate.org.apache.http.client.protocol.RequestAuthCache - Auth cache not set in the context
11:39:21.671 [pool-1-thread-1] DEBUG com.intuit.karate - request:
1 > POST https://ops.enerbit.dev/learning/api/v1/meters
1 > Content-Type: application/json; charset=UTF-8
1 > Content-Length: 258
1 > Host: ops.enerbit.dev
1 > Connection: Keep-Alive
1 > User-Agent: Apache-HttpClient/4.5.13 (Java/1.8.0_202)
1 > Accept-Encoding: gzip,deflate
{"serial":"3424234233kj","connection_type":"directa","storage_system":"interno","condition":"invalid data","owner":"RF","location":"Almacen ","manufacturer":"yes","purchase":"2022-07-28 03:08:49.340514","i_max":6345.654,"i_b":21.5,"i_n":876.5,"seals":545.65}

11:39:21.671 [pool-1-thread-1] DEBUG karate.org.apache.http.impl.conn.PoolingHttpClientConnectionManager - Connection request: [route: {s}->https://ops.enerbit.dev:443][total available: 0; route allocated: 0 of 5; total allocated: 0 of 10]
11:39:21.671 [pool-1-thread-1] DEBUG karate.org.apache.http.impl.conn.PoolingHttpClientConnectionManager - Connection leased: [id: 35][route: {s}->https://ops.enerbit.dev:443][total available: 0; route allocated: 1 of 5; total allocated: 1 of 10]
11:39:21.671 [pool-1-thread-1] DEBUG karate.org.apache.http.impl.execchain.MainClientExec - Opening connection {s}->https://ops.enerbit.dev:443
11:39:21.671 [pool-1-thread-1] DEBUG karate.org.apache.http.impl.conn.DefaultHttpClientConnectionOperator - Connecting to ops.enerbit.dev/20.65.19.185:443
11:39:21.671 [pool-1-thread-1] DEBUG karate.org.apache.http.conn.ssl.SSLConnectionSocketFactory - Connecting socket to ops.enerbit.dev/20.65.19.185:443 with timeout 30000
11:39:21.722 [pool-1-thread-2] DEBUG karate.org.apache.http.wire - http-outgoing-34 << "HTTP/1.1 422 Unprocessable Entity[\r][\n]"
11:39:21.723 [pool-1-thread-2] DEBUG karate.org.apache.http.wire - http-outgoing-34 << "Date: Sun, 02 Jul 2023 16:39:22 GMT[\r][\n]"
11:39:21.723 [pool-1-thread-2] DEBUG karate.org.apache.http.wire - http-outgoing-34 << "Content-Type: application/json[\r][\n]"
11:39:21.723 [pool-1-thread-2] DEBUG karate.org.apache.http.wire - http-outgoing-34 << "Content-Length: 196[\r][\n]"
11:39:21.723 [pool-1-thread-2] DEBUG karate.org.apache.http.wire - http-outgoing-34 << "Connection: keep-alive[\r][\n]"
11:39:21.723 [pool-1-thread-2] DEBUG karate.org.apache.http.wire - http-outgoing-34 << "Strict-Transport-Security: max-age=15724800; includeSubDomains[\r][\n]"
11:39:21.723 [pool-1-thread-2] DEBUG karate.org.apache.http.wire - http-outgoing-34 << "Access-Control-Allow-Origin: *[\r][\n]"
11:39:21.723 [pool-1-thread-2] DEBUG karate.org.apache.http.wire - http-outgoing-34 << "Access-Control-Allow-Credentials: true[\r][\n]"
11:39:21.723 [pool-1-thread-2] DEBUG karate.org.apache.http.wire - http-outgoing-34 << "Access-Control-Allow-Methods: GET, PUT, POST, DELETE, PATCH, OPTIONS[\r][\n]"
11:39:21.723 [pool-1-thread-2] DEBUG karate.org.apache.http.wire - http-outgoing-34 << "Access-Control-Allow-Headers: DNT,Keep-Alive,User-Agent,X-Requested-With,If-Modified-Since,Cache-Control,Content-Type,Range,Authorization[\r][\n]"
11:39:21.723 [pool-1-thread-2] DEBUG karate.org.apache.http.wire - http-outgoing-34 << "Access-Control-Max-Age: 1728000[\r][\n]"
11:39:21.723 [pool-1-thread-2] DEBUG karate.org.apache.http.wire - http-outgoing-34 << "[\r][\n]"
11:39:21.723 [pool-1-thread-2] DEBUG karate.org.apache.http.wire - http-outgoing-34 << "{"detail":[{"loc":["body","storage_system"],"msg":"value is not a valid enumeration member; permitted: 'interno', 'externo'","type":"type_error.enum","ctx":{"enum_values":["interno","externo"]}}]}"
11:39:21.723 [pool-1-thread-2] DEBUG karate.org.apache.http.headers - http-outgoing-34 << HTTP/1.1 422 Unprocessable Entity
11:39:21.723 [pool-1-thread-2] DEBUG karate.org.apache.http.headers - http-outgoing-34 << Date: Sun, 02 Jul 2023 16:39:22 GMT
11:39:21.723 [pool-1-thread-2] DEBUG karate.org.apache.http.headers - http-outgoing-34 << Content-Type: application/json
11:39:21.723 [pool-1-thread-2] DEBUG karate.org.apache.http.headers - http-outgoing-34 << Content-Length: 196
11:39:21.723 [pool-1-thread-2] DEBUG karate.org.apache.http.headers - http-outgoing-34 << Connection: keep-alive
11:39:21.723 [pool-1-thread-2] DEBUG karate.org.apache.http.headers - http-outgoing-34 << Strict-Transport-Security: max-age=15724800; includeSubDomains
11:39:21.723 [pool-1-thread-2] DEBUG karate.org.apache.http.headers - http-outgoing-34 << Access-Control-Allow-Origin: *
11:39:21.723 [pool-1-thread-2] DEBUG karate.org.apache.http.headers - http-outgoing-34 << Access-Control-Allow-Credentials: true
11:39:21.723 [pool-1-thread-2] DEBUG karate.org.apache.http.headers - http-outgoing-34 << Access-Control-Allow-Methods: GET, PUT, POST, DELETE, PATCH, OPTIONS
11:39:21.723 [pool-1-thread-2] DEBUG karate.org.apache.http.headers - http-outgoing-34 << Access-Control-Allow-Headers: DNT,Keep-Alive,User-Agent,X-Requested-With,If-Modified-Since,Cache-Control,Content-Type,Range,Authorization
11:39:21.723 [pool-1-thread-2] DEBUG karate.org.apache.http.headers - http-outgoing-34 << Access-Control-Max-Age: 1728000
11:39:21.723 [pool-1-thread-2] DEBUG karate.org.apache.http.impl.execchain.MainClientExec - Connection can be kept alive indefinitely
11:39:21.724 [pool-1-thread-2] DEBUG karate.org.apache.http.impl.conn.PoolingHttpClientConnectionManager - Connection [id: 34][route: {s}->https://ops.enerbit.dev:443] can be kept alive indefinitely
11:39:21.724 [pool-1-thread-2] DEBUG karate.org.apache.http.impl.conn.DefaultManagedHttpClientConnection - http-outgoing-34: set socket timeout to 0
11:39:21.724 [pool-1-thread-2] DEBUG karate.org.apache.http.impl.conn.PoolingHttpClientConnectionManager - Connection released: [id: 34][route: {s}->https://ops.enerbit.dev:443][total available: 1; route allocated: 1 of 5; total allocated: 1 of 10]
11:39:21.724 [pool-1-thread-2] DEBUG com.intuit.karate - response time in milliseconds: 304
1 < 422
1 < Date: Sun, 02 Jul 2023 16:39:22 GMT
1 < Content-Type: application/json
1 < Content-Length: 196
1 < Connection: keep-alive
1 < Strict-Transport-Security: max-age=15724800; includeSubDomains
1 < Access-Control-Allow-Origin: *
1 < Access-Control-Allow-Credentials: true
1 < Access-Control-Allow-Methods: GET, PUT, POST, DELETE, PATCH, OPTIONS
1 < Access-Control-Allow-Headers: DNT,Keep-Alive,User-Agent,X-Requested-With,If-Modified-Since,Cache-Control,Content-Type,Range,Authorization
1 < Access-Control-Max-Age: 1728000
{"detail":[{"loc":["body","storage_system"],"msg":"value is not a valid enumeration member; permitted: 'interno', 'externo'","type":"type_error.enum","ctx":{"enum_values":["interno","externo"]}}]}

11:39:21.743 [pool-1-thread-2] DEBUG com.jayway.jsonpath.internal.path.CompiledPath - Evaluating path: $
11:39:21.743 [pool-1-thread-2] DEBUG com.jayway.jsonpath.internal.path.CompiledPath - Evaluating path: $
11:39:21.745 [pool-1-thread-2] DEBUG karate.org.apache.http.client.protocol.RequestAddCookies - CookieSpec selected: karate
11:39:21.745 [pool-1-thread-2] DEBUG karate.org.apache.http.client.protocol.RequestAuthCache - Auth cache not set in the context
11:39:21.745 [pool-1-thread-2] DEBUG com.intuit.karate - request:
1 > POST https://ops.enerbit.dev/learning/api/v1/meters
1 > Content-Type: application/json; charset=UTF-8
1 > Content-Length: 261
1 > Host: ops.enerbit.dev
1 > Connection: Keep-Alive
1 > User-Agent: Apache-HttpClient/4.5.13 (Java/1.8.0_202)
1 > Accept-Encoding: gzip,deflate
{"serial":"3424234233kj","connection_type":"directa","storage_system":"interno","condition":"nuevo","owner":"invalid data","location":"Almacen ","manufacturer":"yes","purchase":"2022-07-28 03:08:49.340514","i_max":6345.654,"i_b":21.5,"i_n":876.5,"seals":545.65}

11:39:21.745 [pool-1-thread-2] DEBUG karate.org.apache.http.impl.conn.PoolingHttpClientConnectionManager - Connection request: [route: {s}->https://ops.enerbit.dev:443][total available: 0; route allocated: 0 of 5; total allocated: 0 of 10]
11:39:21.745 [pool-1-thread-2] DEBUG karate.org.apache.http.impl.conn.PoolingHttpClientConnectionManager - Connection leased: [id: 36][route: {s}->https://ops.enerbit.dev:443][total available: 0; route allocated: 1 of 5; total allocated: 1 of 10]
11:39:21.745 [pool-1-thread-2] DEBUG karate.org.apache.http.impl.execchain.MainClientExec - Opening connection {s}->https://ops.enerbit.dev:443
11:39:21.746 [pool-1-thread-2] DEBUG karate.org.apache.http.impl.conn.DefaultHttpClientConnectionOperator - Connecting to ops.enerbit.dev/20.65.19.185:443
11:39:21.746 [pool-1-thread-2] DEBUG karate.org.apache.http.conn.ssl.SSLConnectionSocketFactory - Connecting socket to ops.enerbit.dev/20.65.19.185:443 with timeout 30000
11:39:21.759 [pool-1-thread-1] DEBUG karate.org.apache.http.conn.ssl.SSLConnectionSocketFactory - Enabled protocols: [TLSv1, TLSv1.1, TLSv1.2]
11:39:21.759 [pool-1-thread-1] DEBUG karate.org.apache.http.conn.ssl.SSLConnectionSocketFactory - Enabled cipher suites:[TLS_ECDHE_ECDSA_WITH_AES_256_CBC_SHA384, TLS_ECDHE_RSA_WITH_AES_256_CBC_SHA384, TLS_RSA_WITH_AES_256_CBC_SHA256, TLS_ECDH_ECDSA_WITH_AES_256_CBC_SHA384, TLS_ECDH_RSA_WITH_AES_256_CBC_SHA384, TLS_DHE_RSA_WITH_AES_256_CBC_SHA256, TLS_DHE_DSS_WITH_AES_256_CBC_SHA256, TLS_ECDHE_ECDSA_WITH_AES_256_CBC_SHA, TLS_ECDHE_RSA_WITH_AES_256_CBC_SHA, TLS_RSA_WITH_AES_256_CBC_SHA, TLS_ECDH_ECDSA_WITH_AES_256_CBC_SHA, TLS_ECDH_RSA_WITH_AES_256_CBC_SHA, TLS_DHE_RSA_WITH_AES_256_CBC_SHA, TLS_DHE_DSS_WITH_AES_256_CBC_SHA, TLS_ECDHE_ECDSA_WITH_AES_128_CBC_SHA256, TLS_ECDHE_RSA_WITH_AES_128_CBC_SHA256, TLS_RSA_WITH_AES_128_CBC_SHA256, TLS_ECDH_ECDSA_WITH_AES_128_CBC_SHA256, TLS_ECDH_RSA_WITH_AES_128_CBC_SHA256, TLS_DHE_RSA_WITH_AES_128_CBC_SHA256, TLS_DHE_DSS_WITH_AES_128_CBC_SHA256, TLS_ECDHE_ECDSA_WITH_AES_128_CBC_SHA, TLS_ECDHE_RSA_WITH_AES_128_CBC_SHA, TLS_RSA_WITH_AES_128_CBC_SHA, TLS_ECDH_ECDSA_WITH_AES_128_CBC_SHA, TLS_ECDH_RSA_WITH_AES_128_CBC_SHA, TLS_DHE_RSA_WITH_AES_128_CBC_SHA, TLS_DHE_DSS_WITH_AES_128_CBC_SHA, TLS_ECDHE_ECDSA_WITH_AES_256_GCM_SHA384, TLS_ECDHE_ECDSA_WITH_AES_128_GCM_SHA256, TLS_ECDHE_RSA_WITH_AES_256_GCM_SHA384, TLS_RSA_WITH_AES_256_GCM_SHA384, TLS_ECDH_ECDSA_WITH_AES_256_GCM_SHA384, TLS_ECDH_RSA_WITH_AES_256_GCM_SHA384, TLS_DHE_RSA_WITH_AES_256_GCM_SHA384, TLS_DHE_DSS_WITH_AES_256_GCM_SHA384, TLS_ECDHE_RSA_WITH_AES_128_GCM_SHA256, TLS_RSA_WITH_AES_128_GCM_SHA256, TLS_ECDH_ECDSA_WITH_AES_128_GCM_SHA256, TLS_ECDH_RSA_WITH_AES_128_GCM_SHA256, TLS_DHE_RSA_WITH_AES_128_GCM_SHA256, TLS_DHE_DSS_WITH_AES_128_GCM_SHA256]
11:39:21.759 [pool-1-thread-1] DEBUG karate.org.apache.http.conn.ssl.SSLConnectionSocketFactory - Starting handshake
11:39:21.831 [pool-1-thread-2] DEBUG karate.org.apache.http.conn.ssl.SSLConnectionSocketFactory - Enabled protocols: [TLSv1, TLSv1.1, TLSv1.2]
11:39:21.831 [pool-1-thread-2] DEBUG karate.org.apache.http.conn.ssl.SSLConnectionSocketFactory - Enabled cipher suites:[TLS_ECDHE_ECDSA_WITH_AES_256_CBC_SHA384, TLS_ECDHE_RSA_WITH_AES_256_CBC_SHA384, TLS_RSA_WITH_AES_256_CBC_SHA256, TLS_ECDH_ECDSA_WITH_AES_256_CBC_SHA384, TLS_ECDH_RSA_WITH_AES_256_CBC_SHA384, TLS_DHE_RSA_WITH_AES_256_CBC_SHA256, TLS_DHE_DSS_WITH_AES_256_CBC_SHA256, TLS_ECDHE_ECDSA_WITH_AES_256_CBC_SHA, TLS_ECDHE_RSA_WITH_AES_256_CBC_SHA, TLS_RSA_WITH_AES_256_CBC_SHA, TLS_ECDH_ECDSA_WITH_AES_256_CBC_SHA, TLS_ECDH_RSA_WITH_AES_256_CBC_SHA, TLS_DHE_RSA_WITH_AES_256_CBC_SHA, TLS_DHE_DSS_WITH_AES_256_CBC_SHA, TLS_ECDHE_ECDSA_WITH_AES_128_CBC_SHA256, TLS_ECDHE_RSA_WITH_AES_128_CBC_SHA256, TLS_RSA_WITH_AES_128_CBC_SHA256, TLS_ECDH_ECDSA_WITH_AES_128_CBC_SHA256, TLS_ECDH_RSA_WITH_AES_128_CBC_SHA256, TLS_DHE_RSA_WITH_AES_128_CBC_SHA256, TLS_DHE_DSS_WITH_AES_128_CBC_SHA256, TLS_ECDHE_ECDSA_WITH_AES_128_CBC_SHA, TLS_ECDHE_RSA_WITH_AES_128_CBC_SHA, TLS_RSA_WITH_AES_128_CBC_SHA, TLS_ECDH_ECDSA_WITH_AES_128_CBC_SHA, TLS_ECDH_RSA_WITH_AES_128_CBC_SHA, TLS_DHE_RSA_WITH_AES_128_CBC_SHA, TLS_DHE_DSS_WITH_AES_128_CBC_SHA, TLS_ECDHE_ECDSA_WITH_AES_256_GCM_SHA384, TLS_ECDHE_ECDSA_WITH_AES_128_GCM_SHA256, TLS_ECDHE_RSA_WITH_AES_256_GCM_SHA384, TLS_RSA_WITH_AES_256_GCM_SHA384, TLS_ECDH_ECDSA_WITH_AES_256_GCM_SHA384, TLS_ECDH_RSA_WITH_AES_256_GCM_SHA384, TLS_DHE_RSA_WITH_AES_256_GCM_SHA384, TLS_DHE_DSS_WITH_AES_256_GCM_SHA384, TLS_ECDHE_RSA_WITH_AES_128_GCM_SHA256, TLS_RSA_WITH_AES_128_GCM_SHA256, TLS_ECDH_ECDSA_WITH_AES_128_GCM_SHA256, TLS_ECDH_RSA_WITH_AES_128_GCM_SHA256, TLS_DHE_RSA_WITH_AES_128_GCM_SHA256, TLS_DHE_DSS_WITH_AES_128_GCM_SHA256]
11:39:21.831 [pool-1-thread-2] DEBUG karate.org.apache.http.conn.ssl.SSLConnectionSocketFactory - Starting handshake
11:39:21.883 [pool-1-thread-1] DEBUG karate.org.apache.http.conn.ssl.SSLConnectionSocketFactory - Secure session established
11:39:21.883 [pool-1-thread-1] DEBUG karate.org.apache.http.conn.ssl.SSLConnectionSocketFactory -  negotiated protocol: TLSv1.2
11:39:21.883 [pool-1-thread-1] DEBUG karate.org.apache.http.conn.ssl.SSLConnectionSocketFactory -  negotiated cipher suite: TLS_ECDHE_RSA_WITH_AES_128_GCM_SHA256
11:39:21.884 [pool-1-thread-1] DEBUG karate.org.apache.http.conn.ssl.SSLConnectionSocketFactory -  peer principal: CN=ops.enerbit.dev
11:39:21.884 [pool-1-thread-1] DEBUG karate.org.apache.http.conn.ssl.SSLConnectionSocketFactory -  peer alternative names: [ops.enerbit.dev]
11:39:21.884 [pool-1-thread-1] DEBUG karate.org.apache.http.conn.ssl.SSLConnectionSocketFactory -  issuer principal: CN=R3, O=Let's Encrypt, C=US
11:39:21.884 [pool-1-thread-1] DEBUG karate.org.apache.http.impl.conn.DefaultHttpClientConnectionOperator - Connection established 192.168.1.4:56968<->20.65.19.185:443
11:39:21.884 [pool-1-thread-1] DEBUG karate.org.apache.http.impl.conn.DefaultManagedHttpClientConnection - http-outgoing-35: set socket timeout to 30000
11:39:21.884 [pool-1-thread-1] DEBUG karate.org.apache.http.impl.execchain.MainClientExec - Executing request POST /learning/api/v1/meters HTTP/1.1
11:39:21.884 [pool-1-thread-1] DEBUG karate.org.apache.http.impl.execchain.MainClientExec - Target auth state: UNCHALLENGED
11:39:21.884 [pool-1-thread-1] DEBUG karate.org.apache.http.impl.execchain.MainClientExec - Proxy auth state: UNCHALLENGED
11:39:21.884 [pool-1-thread-1] DEBUG karate.org.apache.http.headers - http-outgoing-35 >> POST /learning/api/v1/meters HTTP/1.1
11:39:21.884 [pool-1-thread-1] DEBUG karate.org.apache.http.headers - http-outgoing-35 >> Content-Type: application/json; charset=UTF-8
11:39:21.884 [pool-1-thread-1] DEBUG karate.org.apache.http.headers - http-outgoing-35 >> Content-Length: 258
11:39:21.884 [pool-1-thread-1] DEBUG karate.org.apache.http.headers - http-outgoing-35 >> Host: ops.enerbit.dev
11:39:21.884 [pool-1-thread-1] DEBUG karate.org.apache.http.headers - http-outgoing-35 >> Connection: Keep-Alive
11:39:21.884 [pool-1-thread-1] DEBUG karate.org.apache.http.headers - http-outgoing-35 >> User-Agent: Apache-HttpClient/4.5.13 (Java/1.8.0_202)
11:39:21.884 [pool-1-thread-1] DEBUG karate.org.apache.http.headers - http-outgoing-35 >> Accept-Encoding: gzip,deflate
11:39:21.884 [pool-1-thread-1] DEBUG karate.org.apache.http.wire - http-outgoing-35 >> "POST /learning/api/v1/meters HTTP/1.1[\r][\n]"
11:39:21.884 [pool-1-thread-1] DEBUG karate.org.apache.http.wire - http-outgoing-35 >> "Content-Type: application/json; charset=UTF-8[\r][\n]"
11:39:21.884 [pool-1-thread-1] DEBUG karate.org.apache.http.wire - http-outgoing-35 >> "Content-Length: 258[\r][\n]"
11:39:21.884 [pool-1-thread-1] DEBUG karate.org.apache.http.wire - http-outgoing-35 >> "Host: ops.enerbit.dev[\r][\n]"
11:39:21.884 [pool-1-thread-1] DEBUG karate.org.apache.http.wire - http-outgoing-35 >> "Connection: Keep-Alive[\r][\n]"
11:39:21.884 [pool-1-thread-1] DEBUG karate.org.apache.http.wire - http-outgoing-35 >> "User-Agent: Apache-HttpClient/4.5.13 (Java/1.8.0_202)[\r][\n]"
11:39:21.884 [pool-1-thread-1] DEBUG karate.org.apache.http.wire - http-outgoing-35 >> "Accept-Encoding: gzip,deflate[\r][\n]"
11:39:21.884 [pool-1-thread-1] DEBUG karate.org.apache.http.wire - http-outgoing-35 >> "[\r][\n]"
11:39:21.884 [pool-1-thread-1] DEBUG karate.org.apache.http.wire - http-outgoing-35 >> "{"serial":"3424234233kj","connection_type":"directa","storage_system":"interno","condition":"invalid data","owner":"RF","location":"Almacen ","manufacturer":"yes","purchase":"2022-07-28 03:08:49.340514","i_max":6345.654,"i_b":21.5,"i_n":876.5,"seals":545.65}"
11:39:21.948 [pool-1-thread-2] DEBUG karate.org.apache.http.conn.ssl.SSLConnectionSocketFactory - Secure session established
11:39:21.948 [pool-1-thread-2] DEBUG karate.org.apache.http.conn.ssl.SSLConnectionSocketFactory -  negotiated protocol: TLSv1.2
11:39:21.948 [pool-1-thread-2] DEBUG karate.org.apache.http.conn.ssl.SSLConnectionSocketFactory -  negotiated cipher suite: TLS_ECDHE_RSA_WITH_AES_128_GCM_SHA256
11:39:21.948 [pool-1-thread-2] DEBUG karate.org.apache.http.conn.ssl.SSLConnectionSocketFactory -  peer principal: CN=ops.enerbit.dev
11:39:21.948 [pool-1-thread-2] DEBUG karate.org.apache.http.conn.ssl.SSLConnectionSocketFactory -  peer alternative names: [ops.enerbit.dev]
11:39:21.948 [pool-1-thread-2] DEBUG karate.org.apache.http.conn.ssl.SSLConnectionSocketFactory -  issuer principal: CN=R3, O=Let's Encrypt, C=US
11:39:21.948 [pool-1-thread-2] DEBUG karate.org.apache.http.impl.conn.DefaultHttpClientConnectionOperator - Connection established 192.168.1.4:56969<->20.65.19.185:443
11:39:21.948 [pool-1-thread-2] DEBUG karate.org.apache.http.impl.conn.DefaultManagedHttpClientConnection - http-outgoing-36: set socket timeout to 30000
11:39:21.948 [pool-1-thread-2] DEBUG karate.org.apache.http.impl.execchain.MainClientExec - Executing request POST /learning/api/v1/meters HTTP/1.1
11:39:21.948 [pool-1-thread-2] DEBUG karate.org.apache.http.impl.execchain.MainClientExec - Target auth state: UNCHALLENGED
11:39:21.948 [pool-1-thread-2] DEBUG karate.org.apache.http.impl.execchain.MainClientExec - Proxy auth state: UNCHALLENGED
11:39:21.948 [pool-1-thread-2] DEBUG karate.org.apache.http.headers - http-outgoing-36 >> POST /learning/api/v1/meters HTTP/1.1
11:39:21.948 [pool-1-thread-2] DEBUG karate.org.apache.http.headers - http-outgoing-36 >> Content-Type: application/json; charset=UTF-8
11:39:21.948 [pool-1-thread-2] DEBUG karate.org.apache.http.headers - http-outgoing-36 >> Content-Length: 261
11:39:21.948 [pool-1-thread-2] DEBUG karate.org.apache.http.headers - http-outgoing-36 >> Host: ops.enerbit.dev
11:39:21.948 [pool-1-thread-2] DEBUG karate.org.apache.http.headers - http-outgoing-36 >> Connection: Keep-Alive
11:39:21.948 [pool-1-thread-2] DEBUG karate.org.apache.http.headers - http-outgoing-36 >> User-Agent: Apache-HttpClient/4.5.13 (Java/1.8.0_202)
11:39:21.948 [pool-1-thread-2] DEBUG karate.org.apache.http.headers - http-outgoing-36 >> Accept-Encoding: gzip,deflate
11:39:21.948 [pool-1-thread-2] DEBUG karate.org.apache.http.wire - http-outgoing-36 >> "POST /learning/api/v1/meters HTTP/1.1[\r][\n]"
11:39:21.948 [pool-1-thread-2] DEBUG karate.org.apache.http.wire - http-outgoing-36 >> "Content-Type: application/json; charset=UTF-8[\r][\n]"
11:39:21.948 [pool-1-thread-2] DEBUG karate.org.apache.http.wire - http-outgoing-36 >> "Content-Length: 261[\r][\n]"
11:39:21.948 [pool-1-thread-2] DEBUG karate.org.apache.http.wire - http-outgoing-36 >> "Host: ops.enerbit.dev[\r][\n]"
11:39:21.948 [pool-1-thread-2] DEBUG karate.org.apache.http.wire - http-outgoing-36 >> "Connection: Keep-Alive[\r][\n]"
11:39:21.948 [pool-1-thread-2] DEBUG karate.org.apache.http.wire - http-outgoing-36 >> "User-Agent: Apache-HttpClient/4.5.13 (Java/1.8.0_202)[\r][\n]"
11:39:21.948 [pool-1-thread-2] DEBUG karate.org.apache.http.wire - http-outgoing-36 >> "Accept-Encoding: gzip,deflate[\r][\n]"
11:39:21.948 [pool-1-thread-2] DEBUG karate.org.apache.http.wire - http-outgoing-36 >> "[\r][\n]"
11:39:21.949 [pool-1-thread-2] DEBUG karate.org.apache.http.wire - http-outgoing-36 >> "{"serial":"3424234233kj","connection_type":"directa","storage_system":"interno","condition":"nuevo","owner":"invalid data","location":"Almacen ","manufacturer":"yes","purchase":"2022-07-28 03:08:49.340514","i_max":6345.654,"i_b":21.5,"i_n":876.5,"seals":545.65}"
11:39:21.984 [pool-1-thread-1] DEBUG karate.org.apache.http.wire - http-outgoing-35 << "HTTP/1.1 422 Unprocessable Entity[\r][\n]"
11:39:21.984 [pool-1-thread-1] DEBUG karate.org.apache.http.wire - http-outgoing-35 << "Date: Sun, 02 Jul 2023 16:39:22 GMT[\r][\n]"
11:39:21.984 [pool-1-thread-1] DEBUG karate.org.apache.http.wire - http-outgoing-35 << "Content-Type: application/json[\r][\n]"
11:39:21.984 [pool-1-thread-1] DEBUG karate.org.apache.http.wire - http-outgoing-35 << "Content-Length: 183[\r][\n]"
11:39:21.984 [pool-1-thread-1] DEBUG karate.org.apache.http.wire - http-outgoing-35 << "Connection: keep-alive[\r][\n]"
11:39:21.984 [pool-1-thread-1] DEBUG karate.org.apache.http.wire - http-outgoing-35 << "Strict-Transport-Security: max-age=15724800; includeSubDomains[\r][\n]"
11:39:21.984 [pool-1-thread-1] DEBUG karate.org.apache.http.wire - http-outgoing-35 << "Access-Control-Allow-Origin: *[\r][\n]"
11:39:21.984 [pool-1-thread-1] DEBUG karate.org.apache.http.wire - http-outgoing-35 << "Access-Control-Allow-Credentials: true[\r][\n]"
11:39:21.984 [pool-1-thread-1] DEBUG karate.org.apache.http.wire - http-outgoing-35 << "Access-Control-Allow-Methods: GET, PUT, POST, DELETE, PATCH, OPTIONS[\r][\n]"
11:39:21.984 [pool-1-thread-1] DEBUG karate.org.apache.http.wire - http-outgoing-35 << "Access-Control-Allow-Headers: DNT,Keep-Alive,User-Agent,X-Requested-With,If-Modified-Since,Cache-Control,Content-Type,Range,Authorization[\r][\n]"
11:39:21.984 [pool-1-thread-1] DEBUG karate.org.apache.http.wire - http-outgoing-35 << "Access-Control-Max-Age: 1728000[\r][\n]"
11:39:21.984 [pool-1-thread-1] DEBUG karate.org.apache.http.wire - http-outgoing-35 << "[\r][\n]"
11:39:21.984 [pool-1-thread-1] DEBUG karate.org.apache.http.wire - http-outgoing-35 << "{"detail":[{"loc":["body","condition"],"msg":"value is not a valid enumeration member; permitted: 'nuevo', 'usado'","type":"type_error.enum","ctx":{"enum_values":["nuevo","usado"]}}]}"
11:39:21.984 [pool-1-thread-1] DEBUG karate.org.apache.http.headers - http-outgoing-35 << HTTP/1.1 422 Unprocessable Entity
11:39:21.984 [pool-1-thread-1] DEBUG karate.org.apache.http.headers - http-outgoing-35 << Date: Sun, 02 Jul 2023 16:39:22 GMT
11:39:21.984 [pool-1-thread-1] DEBUG karate.org.apache.http.headers - http-outgoing-35 << Content-Type: application/json
11:39:21.984 [pool-1-thread-1] DEBUG karate.org.apache.http.headers - http-outgoing-35 << Content-Length: 183
11:39:21.984 [pool-1-thread-1] DEBUG karate.org.apache.http.headers - http-outgoing-35 << Connection: keep-alive
11:39:21.984 [pool-1-thread-1] DEBUG karate.org.apache.http.headers - http-outgoing-35 << Strict-Transport-Security: max-age=15724800; includeSubDomains
11:39:21.984 [pool-1-thread-1] DEBUG karate.org.apache.http.headers - http-outgoing-35 << Access-Control-Allow-Origin: *
11:39:21.984 [pool-1-thread-1] DEBUG karate.org.apache.http.headers - http-outgoing-35 << Access-Control-Allow-Credentials: true
11:39:21.984 [pool-1-thread-1] DEBUG karate.org.apache.http.headers - http-outgoing-35 << Access-Control-Allow-Methods: GET, PUT, POST, DELETE, PATCH, OPTIONS
11:39:21.984 [pool-1-thread-1] DEBUG karate.org.apache.http.headers - http-outgoing-35 << Access-Control-Allow-Headers: DNT,Keep-Alive,User-Agent,X-Requested-With,If-Modified-Since,Cache-Control,Content-Type,Range,Authorization
11:39:21.984 [pool-1-thread-1] DEBUG karate.org.apache.http.headers - http-outgoing-35 << Access-Control-Max-Age: 1728000
11:39:21.984 [pool-1-thread-1] DEBUG karate.org.apache.http.impl.execchain.MainClientExec - Connection can be kept alive indefinitely
11:39:21.984 [pool-1-thread-1] DEBUG karate.org.apache.http.impl.conn.PoolingHttpClientConnectionManager - Connection [id: 35][route: {s}->https://ops.enerbit.dev:443] can be kept alive indefinitely
11:39:21.984 [pool-1-thread-1] DEBUG karate.org.apache.http.impl.conn.DefaultManagedHttpClientConnection - http-outgoing-35: set socket timeout to 0
11:39:21.984 [pool-1-thread-1] DEBUG karate.org.apache.http.impl.conn.PoolingHttpClientConnectionManager - Connection released: [id: 35][route: {s}->https://ops.enerbit.dev:443][total available: 1; route allocated: 1 of 5; total allocated: 1 of 10]
11:39:21.985 [pool-1-thread-1] DEBUG com.intuit.karate - response time in milliseconds: 313
1 < 422
1 < Date: Sun, 02 Jul 2023 16:39:22 GMT
1 < Content-Type: application/json
1 < Content-Length: 183
1 < Connection: keep-alive
1 < Strict-Transport-Security: max-age=15724800; includeSubDomains
1 < Access-Control-Allow-Origin: *
1 < Access-Control-Allow-Credentials: true
1 < Access-Control-Allow-Methods: GET, PUT, POST, DELETE, PATCH, OPTIONS
1 < Access-Control-Allow-Headers: DNT,Keep-Alive,User-Agent,X-Requested-With,If-Modified-Since,Cache-Control,Content-Type,Range,Authorization
1 < Access-Control-Max-Age: 1728000
{"detail":[{"loc":["body","condition"],"msg":"value is not a valid enumeration member; permitted: 'nuevo', 'usado'","type":"type_error.enum","ctx":{"enum_values":["nuevo","usado"]}}]}

11:39:22.006 [pool-1-thread-1] DEBUG com.jayway.jsonpath.internal.path.CompiledPath - Evaluating path: $
11:39:22.007 [pool-1-thread-1] DEBUG com.jayway.jsonpath.internal.path.CompiledPath - Evaluating path: $
11:39:22.008 [pool-1-thread-1] DEBUG karate.org.apache.http.client.protocol.RequestAddCookies - CookieSpec selected: karate
11:39:22.009 [pool-1-thread-1] DEBUG karate.org.apache.http.client.protocol.RequestAuthCache - Auth cache not set in the context
11:39:22.009 [pool-1-thread-1] DEBUG com.intuit.karate - request:
1 > POST https://ops.enerbit.dev/learning/api/v1/meters
1 > Content-Type: application/json; charset=UTF-8
1 > Content-Length: 249
1 > Host: ops.enerbit.dev
1 > Connection: Keep-Alive
1 > User-Agent: Apache-HttpClient/4.5.13 (Java/1.8.0_202)
1 > Accept-Encoding: gzip,deflate
{"serial":"3424234233kj","connection_type":"directa","storage_system":"interno","condition":"nuevo","owner":"RF","location":"","manufacturer":"yes","purchase":"2022-07-28 03:08:49.340514","i_max":"Invalid data","i_b":21.5,"i_n":876.5,"seals":545.65}

11:39:22.009 [pool-1-thread-1] DEBUG karate.org.apache.http.impl.conn.PoolingHttpClientConnectionManager - Connection request: [route: {s}->https://ops.enerbit.dev:443][total available: 0; route allocated: 0 of 5; total allocated: 0 of 10]
11:39:22.009 [pool-1-thread-1] DEBUG karate.org.apache.http.impl.conn.PoolingHttpClientConnectionManager - Connection leased: [id: 37][route: {s}->https://ops.enerbit.dev:443][total available: 0; route allocated: 1 of 5; total allocated: 1 of 10]
11:39:22.009 [pool-1-thread-1] DEBUG karate.org.apache.http.impl.execchain.MainClientExec - Opening connection {s}->https://ops.enerbit.dev:443
11:39:22.009 [pool-1-thread-1] DEBUG karate.org.apache.http.impl.conn.DefaultHttpClientConnectionOperator - Connecting to ops.enerbit.dev/20.65.19.185:443
11:39:22.010 [pool-1-thread-1] DEBUG karate.org.apache.http.conn.ssl.SSLConnectionSocketFactory - Connecting socket to ops.enerbit.dev/20.65.19.185:443 with timeout 30000
11:39:22.041 [pool-1-thread-2] DEBUG karate.org.apache.http.wire - http-outgoing-36 << "HTTP/1.1 422 Unprocessable Entity[\r][\n]"
11:39:22.041 [pool-1-thread-2] DEBUG karate.org.apache.http.wire - http-outgoing-36 << "Date: Sun, 02 Jul 2023 16:39:22 GMT[\r][\n]"
11:39:22.041 [pool-1-thread-2] DEBUG karate.org.apache.http.wire - http-outgoing-36 << "Content-Type: application/json[\r][\n]"
11:39:22.041 [pool-1-thread-2] DEBUG karate.org.apache.http.wire - http-outgoing-36 << "Content-Length: 167[\r][\n]"
11:39:22.041 [pool-1-thread-2] DEBUG karate.org.apache.http.wire - http-outgoing-36 << "Connection: keep-alive[\r][\n]"
11:39:22.041 [pool-1-thread-2] DEBUG karate.org.apache.http.wire - http-outgoing-36 << "Strict-Transport-Security: max-age=15724800; includeSubDomains[\r][\n]"
11:39:22.041 [pool-1-thread-2] DEBUG karate.org.apache.http.wire - http-outgoing-36 << "Access-Control-Allow-Origin: *[\r][\n]"
11:39:22.041 [pool-1-thread-2] DEBUG karate.org.apache.http.wire - http-outgoing-36 << "Access-Control-Allow-Credentials: true[\r][\n]"
11:39:22.041 [pool-1-thread-2] DEBUG karate.org.apache.http.wire - http-outgoing-36 << "Access-Control-Allow-Methods: GET, PUT, POST, DELETE, PATCH, OPTIONS[\r][\n]"
11:39:22.041 [pool-1-thread-2] DEBUG karate.org.apache.http.wire - http-outgoing-36 << "Access-Control-Allow-Headers: DNT,Keep-Alive,User-Agent,X-Requested-With,If-Modified-Since,Cache-Control,Content-Type,Range,Authorization[\r][\n]"
11:39:22.041 [pool-1-thread-2] DEBUG karate.org.apache.http.wire - http-outgoing-36 << "Access-Control-Max-Age: 1728000[\r][\n]"
11:39:22.041 [pool-1-thread-2] DEBUG karate.org.apache.http.wire - http-outgoing-36 << "[\r][\n]"
11:39:22.041 [pool-1-thread-2] DEBUG karate.org.apache.http.wire - http-outgoing-36 << "{"detail":[{"loc":["body","owner"],"msg":"value is not a valid enumeration member; permitted: 'RF', 'OR'","type":"type_error.enum","ctx":{"enum_values":["RF","OR"]}}]}"
11:39:22.041 [pool-1-thread-2] DEBUG karate.org.apache.http.headers - http-outgoing-36 << HTTP/1.1 422 Unprocessable Entity
11:39:22.041 [pool-1-thread-2] DEBUG karate.org.apache.http.headers - http-outgoing-36 << Date: Sun, 02 Jul 2023 16:39:22 GMT
11:39:22.041 [pool-1-thread-2] DEBUG karate.org.apache.http.headers - http-outgoing-36 << Content-Type: application/json
11:39:22.041 [pool-1-thread-2] DEBUG karate.org.apache.http.headers - http-outgoing-36 << Content-Length: 167
11:39:22.041 [pool-1-thread-2] DEBUG karate.org.apache.http.headers - http-outgoing-36 << Connection: keep-alive
11:39:22.041 [pool-1-thread-2] DEBUG karate.org.apache.http.headers - http-outgoing-36 << Strict-Transport-Security: max-age=15724800; includeSubDomains
11:39:22.041 [pool-1-thread-2] DEBUG karate.org.apache.http.headers - http-outgoing-36 << Access-Control-Allow-Origin: *
11:39:22.041 [pool-1-thread-2] DEBUG karate.org.apache.http.headers - http-outgoing-36 << Access-Control-Allow-Credentials: true
11:39:22.041 [pool-1-thread-2] DEBUG karate.org.apache.http.headers - http-outgoing-36 << Access-Control-Allow-Methods: GET, PUT, POST, DELETE, PATCH, OPTIONS
11:39:22.041 [pool-1-thread-2] DEBUG karate.org.apache.http.headers - http-outgoing-36 << Access-Control-Allow-Headers: DNT,Keep-Alive,User-Agent,X-Requested-With,If-Modified-Since,Cache-Control,Content-Type,Range,Authorization
11:39:22.041 [pool-1-thread-2] DEBUG karate.org.apache.http.headers - http-outgoing-36 << Access-Control-Max-Age: 1728000
11:39:22.041 [pool-1-thread-2] DEBUG karate.org.apache.http.impl.execchain.MainClientExec - Connection can be kept alive indefinitely
11:39:22.041 [pool-1-thread-2] DEBUG karate.org.apache.http.impl.conn.PoolingHttpClientConnectionManager - Connection [id: 36][route: {s}->https://ops.enerbit.dev:443] can be kept alive indefinitely
11:39:22.042 [pool-1-thread-2] DEBUG karate.org.apache.http.impl.conn.DefaultManagedHttpClientConnection - http-outgoing-36: set socket timeout to 0
11:39:22.042 [pool-1-thread-2] DEBUG karate.org.apache.http.impl.conn.PoolingHttpClientConnectionManager - Connection released: [id: 36][route: {s}->https://ops.enerbit.dev:443][total available: 1; route allocated: 1 of 5; total allocated: 1 of 10]
11:39:22.042 [pool-1-thread-2] DEBUG com.intuit.karate - response time in milliseconds: 297
1 < 422
1 < Date: Sun, 02 Jul 2023 16:39:22 GMT
1 < Content-Type: application/json
1 < Content-Length: 167
1 < Connection: keep-alive
1 < Strict-Transport-Security: max-age=15724800; includeSubDomains
1 < Access-Control-Allow-Origin: *
1 < Access-Control-Allow-Credentials: true
1 < Access-Control-Allow-Methods: GET, PUT, POST, DELETE, PATCH, OPTIONS
1 < Access-Control-Allow-Headers: DNT,Keep-Alive,User-Agent,X-Requested-With,If-Modified-Since,Cache-Control,Content-Type,Range,Authorization
1 < Access-Control-Max-Age: 1728000
{"detail":[{"loc":["body","owner"],"msg":"value is not a valid enumeration member; permitted: 'RF', 'OR'","type":"type_error.enum","ctx":{"enum_values":["RF","OR"]}}]}

11:39:22.060 [pool-1-thread-2] DEBUG com.jayway.jsonpath.internal.path.CompiledPath - Evaluating path: $
11:39:22.060 [pool-1-thread-2] DEBUG com.jayway.jsonpath.internal.path.CompiledPath - Evaluating path: $
11:39:22.062 [pool-1-thread-2] DEBUG karate.org.apache.http.client.protocol.RequestAddCookies - CookieSpec selected: karate
11:39:22.062 [pool-1-thread-2] DEBUG karate.org.apache.http.client.protocol.RequestAuthCache - Auth cache not set in the context
11:39:22.062 [pool-1-thread-2] DEBUG com.intuit.karate - request:
1 > POST https://ops.enerbit.dev/learning/api/v1/meters
1 > Content-Type: application/json; charset=UTF-8
1 > Content-Length: 261
1 > Host: ops.enerbit.dev
1 > Connection: Keep-Alive
1 > User-Agent: Apache-HttpClient/4.5.13 (Java/1.8.0_202)
1 > Accept-Encoding: gzip,deflate
{"serial":"3424234233kj","connection_type":"directa","storage_system":"interno","condition":"nuevo","owner":"RF","location":"Almacen ","manufacturer":"yes","purchase":"2022-07-28 03:08:49.340514","i_max":6345.654,"i_b":"Invalid data","i_n":876.5,"seals":545.65}

11:39:22.062 [pool-1-thread-2] DEBUG karate.org.apache.http.impl.conn.PoolingHttpClientConnectionManager - Connection request: [route: {s}->https://ops.enerbit.dev:443][total available: 0; route allocated: 0 of 5; total allocated: 0 of 10]
11:39:22.062 [pool-1-thread-2] DEBUG karate.org.apache.http.impl.conn.PoolingHttpClientConnectionManager - Connection leased: [id: 38][route: {s}->https://ops.enerbit.dev:443][total available: 0; route allocated: 1 of 5; total allocated: 1 of 10]
11:39:22.062 [pool-1-thread-2] DEBUG karate.org.apache.http.impl.execchain.MainClientExec - Opening connection {s}->https://ops.enerbit.dev:443
11:39:22.063 [pool-1-thread-2] DEBUG karate.org.apache.http.impl.conn.DefaultHttpClientConnectionOperator - Connecting to ops.enerbit.dev/20.65.19.185:443
11:39:22.063 [pool-1-thread-2] DEBUG karate.org.apache.http.conn.ssl.SSLConnectionSocketFactory - Connecting socket to ops.enerbit.dev/20.65.19.185:443 with timeout 30000
---------------------------------------------------------
feature: classpath:meterManagerTest/meterPatch/meter-patch.feature
scenarios: 11 | passed: 11 | failed:  0 | time: 10,2904
---------------------------------------------------------

11:39:22.088 [pool-2-thread-1] INFO com.intuit.karate.Suite - <<pass>> feature 3 of 5 (2 remaining) classpath:meterManagerTest/meterPatch/meter-patch.feature
11:39:22.092 [pool-1-thread-1] DEBUG karate.org.apache.http.conn.ssl.SSLConnectionSocketFactory - Enabled protocols: [TLSv1, TLSv1.1, TLSv1.2]
11:39:22.092 [pool-1-thread-1] DEBUG karate.org.apache.http.conn.ssl.SSLConnectionSocketFactory - Enabled cipher suites:[TLS_ECDHE_ECDSA_WITH_AES_256_CBC_SHA384, TLS_ECDHE_RSA_WITH_AES_256_CBC_SHA384, TLS_RSA_WITH_AES_256_CBC_SHA256, TLS_ECDH_ECDSA_WITH_AES_256_CBC_SHA384, TLS_ECDH_RSA_WITH_AES_256_CBC_SHA384, TLS_DHE_RSA_WITH_AES_256_CBC_SHA256, TLS_DHE_DSS_WITH_AES_256_CBC_SHA256, TLS_ECDHE_ECDSA_WITH_AES_256_CBC_SHA, TLS_ECDHE_RSA_WITH_AES_256_CBC_SHA, TLS_RSA_WITH_AES_256_CBC_SHA, TLS_ECDH_ECDSA_WITH_AES_256_CBC_SHA, TLS_ECDH_RSA_WITH_AES_256_CBC_SHA, TLS_DHE_RSA_WITH_AES_256_CBC_SHA, TLS_DHE_DSS_WITH_AES_256_CBC_SHA, TLS_ECDHE_ECDSA_WITH_AES_128_CBC_SHA256, TLS_ECDHE_RSA_WITH_AES_128_CBC_SHA256, TLS_RSA_WITH_AES_128_CBC_SHA256, TLS_ECDH_ECDSA_WITH_AES_128_CBC_SHA256, TLS_ECDH_RSA_WITH_AES_128_CBC_SHA256, TLS_DHE_RSA_WITH_AES_128_CBC_SHA256, TLS_DHE_DSS_WITH_AES_128_CBC_SHA256, TLS_ECDHE_ECDSA_WITH_AES_128_CBC_SHA, TLS_ECDHE_RSA_WITH_AES_128_CBC_SHA, TLS_RSA_WITH_AES_128_CBC_SHA, TLS_ECDH_ECDSA_WITH_AES_128_CBC_SHA, TLS_ECDH_RSA_WITH_AES_128_CBC_SHA, TLS_DHE_RSA_WITH_AES_128_CBC_SHA, TLS_DHE_DSS_WITH_AES_128_CBC_SHA, TLS_ECDHE_ECDSA_WITH_AES_256_GCM_SHA384, TLS_ECDHE_ECDSA_WITH_AES_128_GCM_SHA256, TLS_ECDHE_RSA_WITH_AES_256_GCM_SHA384, TLS_RSA_WITH_AES_256_GCM_SHA384, TLS_ECDH_ECDSA_WITH_AES_256_GCM_SHA384, TLS_ECDH_RSA_WITH_AES_256_GCM_SHA384, TLS_DHE_RSA_WITH_AES_256_GCM_SHA384, TLS_DHE_DSS_WITH_AES_256_GCM_SHA384, TLS_ECDHE_RSA_WITH_AES_128_GCM_SHA256, TLS_RSA_WITH_AES_128_GCM_SHA256, TLS_ECDH_ECDSA_WITH_AES_128_GCM_SHA256, TLS_ECDH_RSA_WITH_AES_128_GCM_SHA256, TLS_DHE_RSA_WITH_AES_128_GCM_SHA256, TLS_DHE_DSS_WITH_AES_128_GCM_SHA256]
11:39:22.092 [pool-1-thread-1] DEBUG karate.org.apache.http.conn.ssl.SSLConnectionSocketFactory - Starting handshake
11:39:22.141 [pool-1-thread-2] DEBUG karate.org.apache.http.conn.ssl.SSLConnectionSocketFactory - Enabled protocols: [TLSv1, TLSv1.1, TLSv1.2]
11:39:22.141 [pool-1-thread-2] DEBUG karate.org.apache.http.conn.ssl.SSLConnectionSocketFactory - Enabled cipher suites:[TLS_ECDHE_ECDSA_WITH_AES_256_CBC_SHA384, TLS_ECDHE_RSA_WITH_AES_256_CBC_SHA384, TLS_RSA_WITH_AES_256_CBC_SHA256, TLS_ECDH_ECDSA_WITH_AES_256_CBC_SHA384, TLS_ECDH_RSA_WITH_AES_256_CBC_SHA384, TLS_DHE_RSA_WITH_AES_256_CBC_SHA256, TLS_DHE_DSS_WITH_AES_256_CBC_SHA256, TLS_ECDHE_ECDSA_WITH_AES_256_CBC_SHA, TLS_ECDHE_RSA_WITH_AES_256_CBC_SHA, TLS_RSA_WITH_AES_256_CBC_SHA, TLS_ECDH_ECDSA_WITH_AES_256_CBC_SHA, TLS_ECDH_RSA_WITH_AES_256_CBC_SHA, TLS_DHE_RSA_WITH_AES_256_CBC_SHA, TLS_DHE_DSS_WITH_AES_256_CBC_SHA, TLS_ECDHE_ECDSA_WITH_AES_128_CBC_SHA256, TLS_ECDHE_RSA_WITH_AES_128_CBC_SHA256, TLS_RSA_WITH_AES_128_CBC_SHA256, TLS_ECDH_ECDSA_WITH_AES_128_CBC_SHA256, TLS_ECDH_RSA_WITH_AES_128_CBC_SHA256, TLS_DHE_RSA_WITH_AES_128_CBC_SHA256, TLS_DHE_DSS_WITH_AES_128_CBC_SHA256, TLS_ECDHE_ECDSA_WITH_AES_128_CBC_SHA, TLS_ECDHE_RSA_WITH_AES_128_CBC_SHA, TLS_RSA_WITH_AES_128_CBC_SHA, TLS_ECDH_ECDSA_WITH_AES_128_CBC_SHA, TLS_ECDH_RSA_WITH_AES_128_CBC_SHA, TLS_DHE_RSA_WITH_AES_128_CBC_SHA, TLS_DHE_DSS_WITH_AES_128_CBC_SHA, TLS_ECDHE_ECDSA_WITH_AES_256_GCM_SHA384, TLS_ECDHE_ECDSA_WITH_AES_128_GCM_SHA256, TLS_ECDHE_RSA_WITH_AES_256_GCM_SHA384, TLS_RSA_WITH_AES_256_GCM_SHA384, TLS_ECDH_ECDSA_WITH_AES_256_GCM_SHA384, TLS_ECDH_RSA_WITH_AES_256_GCM_SHA384, TLS_DHE_RSA_WITH_AES_256_GCM_SHA384, TLS_DHE_DSS_WITH_AES_256_GCM_SHA384, TLS_ECDHE_RSA_WITH_AES_128_GCM_SHA256, TLS_RSA_WITH_AES_128_GCM_SHA256, TLS_ECDH_ECDSA_WITH_AES_128_GCM_SHA256, TLS_ECDH_RSA_WITH_AES_128_GCM_SHA256, TLS_DHE_RSA_WITH_AES_128_GCM_SHA256, TLS_DHE_DSS_WITH_AES_128_GCM_SHA256]
11:39:22.141 [pool-1-thread-2] DEBUG karate.org.apache.http.conn.ssl.SSLConnectionSocketFactory - Starting handshake
11:39:22.192 [pool-1-thread-1] DEBUG karate.org.apache.http.conn.ssl.SSLConnectionSocketFactory - Secure session established
11:39:22.193 [pool-1-thread-1] DEBUG karate.org.apache.http.conn.ssl.SSLConnectionSocketFactory -  negotiated protocol: TLSv1.2
11:39:22.193 [pool-1-thread-1] DEBUG karate.org.apache.http.conn.ssl.SSLConnectionSocketFactory -  negotiated cipher suite: TLS_ECDHE_RSA_WITH_AES_128_GCM_SHA256
11:39:22.193 [pool-1-thread-1] DEBUG karate.org.apache.http.conn.ssl.SSLConnectionSocketFactory -  peer principal: CN=ops.enerbit.dev
11:39:22.193 [pool-1-thread-1] DEBUG karate.org.apache.http.conn.ssl.SSLConnectionSocketFactory -  peer alternative names: [ops.enerbit.dev]
11:39:22.193 [pool-1-thread-1] DEBUG karate.org.apache.http.conn.ssl.SSLConnectionSocketFactory -  issuer principal: CN=R3, O=Let's Encrypt, C=US
11:39:22.193 [pool-1-thread-1] DEBUG karate.org.apache.http.impl.conn.DefaultHttpClientConnectionOperator - Connection established 192.168.1.4:56970<->20.65.19.185:443
11:39:22.193 [pool-1-thread-1] DEBUG karate.org.apache.http.impl.conn.DefaultManagedHttpClientConnection - http-outgoing-37: set socket timeout to 30000
11:39:22.194 [pool-1-thread-1] DEBUG karate.org.apache.http.impl.execchain.MainClientExec - Executing request POST /learning/api/v1/meters HTTP/1.1
11:39:22.194 [pool-1-thread-1] DEBUG karate.org.apache.http.impl.execchain.MainClientExec - Target auth state: UNCHALLENGED
11:39:22.194 [pool-1-thread-1] DEBUG karate.org.apache.http.impl.execchain.MainClientExec - Proxy auth state: UNCHALLENGED
11:39:22.194 [pool-1-thread-1] DEBUG karate.org.apache.http.headers - http-outgoing-37 >> POST /learning/api/v1/meters HTTP/1.1
11:39:22.194 [pool-1-thread-1] DEBUG karate.org.apache.http.headers - http-outgoing-37 >> Content-Type: application/json; charset=UTF-8
11:39:22.194 [pool-1-thread-1] DEBUG karate.org.apache.http.headers - http-outgoing-37 >> Content-Length: 249
11:39:22.194 [pool-1-thread-1] DEBUG karate.org.apache.http.headers - http-outgoing-37 >> Host: ops.enerbit.dev
11:39:22.194 [pool-1-thread-1] DEBUG karate.org.apache.http.headers - http-outgoing-37 >> Connection: Keep-Alive
11:39:22.194 [pool-1-thread-1] DEBUG karate.org.apache.http.headers - http-outgoing-37 >> User-Agent: Apache-HttpClient/4.5.13 (Java/1.8.0_202)
11:39:22.194 [pool-1-thread-1] DEBUG karate.org.apache.http.headers - http-outgoing-37 >> Accept-Encoding: gzip,deflate
11:39:22.194 [pool-1-thread-1] DEBUG karate.org.apache.http.wire - http-outgoing-37 >> "POST /learning/api/v1/meters HTTP/1.1[\r][\n]"
11:39:22.194 [pool-1-thread-1] DEBUG karate.org.apache.http.wire - http-outgoing-37 >> "Content-Type: application/json; charset=UTF-8[\r][\n]"
11:39:22.194 [pool-1-thread-1] DEBUG karate.org.apache.http.wire - http-outgoing-37 >> "Content-Length: 249[\r][\n]"
11:39:22.194 [pool-1-thread-1] DEBUG karate.org.apache.http.wire - http-outgoing-37 >> "Host: ops.enerbit.dev[\r][\n]"
11:39:22.194 [pool-1-thread-1] DEBUG karate.org.apache.http.wire - http-outgoing-37 >> "Connection: Keep-Alive[\r][\n]"
11:39:22.194 [pool-1-thread-1] DEBUG karate.org.apache.http.wire - http-outgoing-37 >> "User-Agent: Apache-HttpClient/4.5.13 (Java/1.8.0_202)[\r][\n]"
11:39:22.194 [pool-1-thread-1] DEBUG karate.org.apache.http.wire - http-outgoing-37 >> "Accept-Encoding: gzip,deflate[\r][\n]"
11:39:22.194 [pool-1-thread-1] DEBUG karate.org.apache.http.wire - http-outgoing-37 >> "[\r][\n]"
11:39:22.194 [pool-1-thread-1] DEBUG karate.org.apache.http.wire - http-outgoing-37 >> "{"serial":"3424234233kj","connection_type":"directa","storage_system":"interno","condition":"nuevo","owner":"RF","location":"","manufacturer":"yes","purchase":"2022-07-28 03:08:49.340514","i_max":"Invalid data","i_b":21.5,"i_n":876.5,"seals":545.65}"
11:39:22.252 [pool-1-thread-2] DEBUG karate.org.apache.http.conn.ssl.SSLConnectionSocketFactory - Secure session established
11:39:22.253 [pool-1-thread-2] DEBUG karate.org.apache.http.conn.ssl.SSLConnectionSocketFactory -  negotiated protocol: TLSv1.2
11:39:22.253 [pool-1-thread-2] DEBUG karate.org.apache.http.conn.ssl.SSLConnectionSocketFactory -  negotiated cipher suite: TLS_ECDHE_RSA_WITH_AES_128_GCM_SHA256
11:39:22.253 [pool-1-thread-2] DEBUG karate.org.apache.http.conn.ssl.SSLConnectionSocketFactory -  peer principal: CN=ops.enerbit.dev
11:39:22.253 [pool-1-thread-2] DEBUG karate.org.apache.http.conn.ssl.SSLConnectionSocketFactory -  peer alternative names: [ops.enerbit.dev]
11:39:22.253 [pool-1-thread-2] DEBUG karate.org.apache.http.conn.ssl.SSLConnectionSocketFactory -  issuer principal: CN=R3, O=Let's Encrypt, C=US
11:39:22.253 [pool-1-thread-2] DEBUG karate.org.apache.http.impl.conn.DefaultHttpClientConnectionOperator - Connection established 192.168.1.4:56972<->20.65.19.185:443
11:39:22.253 [pool-1-thread-2] DEBUG karate.org.apache.http.impl.conn.DefaultManagedHttpClientConnection - http-outgoing-38: set socket timeout to 30000
11:39:22.253 [pool-1-thread-2] DEBUG karate.org.apache.http.impl.execchain.MainClientExec - Executing request POST /learning/api/v1/meters HTTP/1.1
11:39:22.253 [pool-1-thread-2] DEBUG karate.org.apache.http.impl.execchain.MainClientExec - Target auth state: UNCHALLENGED
11:39:22.253 [pool-1-thread-2] DEBUG karate.org.apache.http.impl.execchain.MainClientExec - Proxy auth state: UNCHALLENGED
11:39:22.253 [pool-1-thread-2] DEBUG karate.org.apache.http.headers - http-outgoing-38 >> POST /learning/api/v1/meters HTTP/1.1
11:39:22.253 [pool-1-thread-2] DEBUG karate.org.apache.http.headers - http-outgoing-38 >> Content-Type: application/json; charset=UTF-8
11:39:22.253 [pool-1-thread-2] DEBUG karate.org.apache.http.headers - http-outgoing-38 >> Content-Length: 261
11:39:22.253 [pool-1-thread-2] DEBUG karate.org.apache.http.headers - http-outgoing-38 >> Host: ops.enerbit.dev
11:39:22.253 [pool-1-thread-2] DEBUG karate.org.apache.http.headers - http-outgoing-38 >> Connection: Keep-Alive
11:39:22.253 [pool-1-thread-2] DEBUG karate.org.apache.http.headers - http-outgoing-38 >> User-Agent: Apache-HttpClient/4.5.13 (Java/1.8.0_202)
11:39:22.253 [pool-1-thread-2] DEBUG karate.org.apache.http.headers - http-outgoing-38 >> Accept-Encoding: gzip,deflate
11:39:22.253 [pool-1-thread-2] DEBUG karate.org.apache.http.wire - http-outgoing-38 >> "POST /learning/api/v1/meters HTTP/1.1[\r][\n]"
11:39:22.253 [pool-1-thread-2] DEBUG karate.org.apache.http.wire - http-outgoing-38 >> "Content-Type: application/json; charset=UTF-8[\r][\n]"
11:39:22.253 [pool-1-thread-2] DEBUG karate.org.apache.http.wire - http-outgoing-38 >> "Content-Length: 261[\r][\n]"
11:39:22.253 [pool-1-thread-2] DEBUG karate.org.apache.http.wire - http-outgoing-38 >> "Host: ops.enerbit.dev[\r][\n]"
11:39:22.253 [pool-1-thread-2] DEBUG karate.org.apache.http.wire - http-outgoing-38 >> "Connection: Keep-Alive[\r][\n]"
11:39:22.253 [pool-1-thread-2] DEBUG karate.org.apache.http.wire - http-outgoing-38 >> "User-Agent: Apache-HttpClient/4.5.13 (Java/1.8.0_202)[\r][\n]"
11:39:22.253 [pool-1-thread-2] DEBUG karate.org.apache.http.wire - http-outgoing-38 >> "Accept-Encoding: gzip,deflate[\r][\n]"
11:39:22.253 [pool-1-thread-2] DEBUG karate.org.apache.http.wire - http-outgoing-38 >> "[\r][\n]"
11:39:22.253 [pool-1-thread-2] DEBUG karate.org.apache.http.wire - http-outgoing-38 >> "{"serial":"3424234233kj","connection_type":"directa","storage_system":"interno","condition":"nuevo","owner":"RF","location":"Almacen ","manufacturer":"yes","purchase":"2022-07-28 03:08:49.340514","i_max":6345.654,"i_b":"Invalid data","i_n":876.5,"seals":545.65}"
11:39:22.302 [pool-1-thread-1] DEBUG karate.org.apache.http.wire - http-outgoing-37 << "HTTP/1.1 422 Unprocessable Entity[\r][\n]"
11:39:22.302 [pool-1-thread-1] DEBUG karate.org.apache.http.wire - http-outgoing-37 << "Date: Sun, 02 Jul 2023 16:39:22 GMT[\r][\n]"
11:39:22.302 [pool-1-thread-1] DEBUG karate.org.apache.http.wire - http-outgoing-37 << "Content-Type: application/json[\r][\n]"
11:39:22.302 [pool-1-thread-1] DEBUG karate.org.apache.http.wire - http-outgoing-37 << "Content-Length: 98[\r][\n]"
11:39:22.302 [pool-1-thread-1] DEBUG karate.org.apache.http.wire - http-outgoing-37 << "Connection: keep-alive[\r][\n]"
11:39:22.302 [pool-1-thread-1] DEBUG karate.org.apache.http.wire - http-outgoing-37 << "Strict-Transport-Security: max-age=15724800; includeSubDomains[\r][\n]"
11:39:22.302 [pool-1-thread-1] DEBUG karate.org.apache.http.wire - http-outgoing-37 << "Access-Control-Allow-Origin: *[\r][\n]"
11:39:22.302 [pool-1-thread-1] DEBUG karate.org.apache.http.wire - http-outgoing-37 << "Access-Control-Allow-Credentials: true[\r][\n]"
11:39:22.302 [pool-1-thread-1] DEBUG karate.org.apache.http.wire - http-outgoing-37 << "Access-Control-Allow-Methods: GET, PUT, POST, DELETE, PATCH, OPTIONS[\r][\n]"
11:39:22.302 [pool-1-thread-1] DEBUG karate.org.apache.http.wire - http-outgoing-37 << "Access-Control-Allow-Headers: DNT,Keep-Alive,User-Agent,X-Requested-With,If-Modified-Since,Cache-Control,Content-Type,Range,Authorization[\r][\n]"
11:39:22.302 [pool-1-thread-1] DEBUG karate.org.apache.http.wire - http-outgoing-37 << "Access-Control-Max-Age: 1728000[\r][\n]"
11:39:22.302 [pool-1-thread-1] DEBUG karate.org.apache.http.wire - http-outgoing-37 << "[\r][\n]"
11:39:22.302 [pool-1-thread-1] DEBUG karate.org.apache.http.wire - http-outgoing-37 << "{"detail":[{"loc":["body","i_max"],"msg":"value is not a valid float","type":"type_error.float"}]}"
11:39:22.302 [pool-1-thread-1] DEBUG karate.org.apache.http.headers - http-outgoing-37 << HTTP/1.1 422 Unprocessable Entity
11:39:22.302 [pool-1-thread-1] DEBUG karate.org.apache.http.headers - http-outgoing-37 << Date: Sun, 02 Jul 2023 16:39:22 GMT
11:39:22.302 [pool-1-thread-1] DEBUG karate.org.apache.http.headers - http-outgoing-37 << Content-Type: application/json
11:39:22.302 [pool-1-thread-1] DEBUG karate.org.apache.http.headers - http-outgoing-37 << Content-Length: 98
11:39:22.302 [pool-1-thread-1] DEBUG karate.org.apache.http.headers - http-outgoing-37 << Connection: keep-alive
11:39:22.302 [pool-1-thread-1] DEBUG karate.org.apache.http.headers - http-outgoing-37 << Strict-Transport-Security: max-age=15724800; includeSubDomains
11:39:22.302 [pool-1-thread-1] DEBUG karate.org.apache.http.headers - http-outgoing-37 << Access-Control-Allow-Origin: *
11:39:22.302 [pool-1-thread-1] DEBUG karate.org.apache.http.headers - http-outgoing-37 << Access-Control-Allow-Credentials: true
11:39:22.302 [pool-1-thread-1] DEBUG karate.org.apache.http.headers - http-outgoing-37 << Access-Control-Allow-Methods: GET, PUT, POST, DELETE, PATCH, OPTIONS
11:39:22.302 [pool-1-thread-1] DEBUG karate.org.apache.http.headers - http-outgoing-37 << Access-Control-Allow-Headers: DNT,Keep-Alive,User-Agent,X-Requested-With,If-Modified-Since,Cache-Control,Content-Type,Range,Authorization
11:39:22.302 [pool-1-thread-1] DEBUG karate.org.apache.http.headers - http-outgoing-37 << Access-Control-Max-Age: 1728000
11:39:22.302 [pool-1-thread-1] DEBUG karate.org.apache.http.impl.execchain.MainClientExec - Connection can be kept alive indefinitely
11:39:22.302 [pool-1-thread-1] DEBUG karate.org.apache.http.impl.conn.PoolingHttpClientConnectionManager - Connection [id: 37][route: {s}->https://ops.enerbit.dev:443] can be kept alive indefinitely
11:39:22.302 [pool-1-thread-1] DEBUG karate.org.apache.http.impl.conn.DefaultManagedHttpClientConnection - http-outgoing-37: set socket timeout to 0
11:39:22.303 [pool-1-thread-1] DEBUG karate.org.apache.http.impl.conn.PoolingHttpClientConnectionManager - Connection released: [id: 37][route: {s}->https://ops.enerbit.dev:443][total available: 1; route allocated: 1 of 5; total allocated: 1 of 10]
11:39:22.303 [pool-1-thread-1] DEBUG com.intuit.karate - response time in milliseconds: 294
1 < 422
1 < Date: Sun, 02 Jul 2023 16:39:22 GMT
1 < Content-Type: application/json
1 < Content-Length: 98
1 < Connection: keep-alive
1 < Strict-Transport-Security: max-age=15724800; includeSubDomains
1 < Access-Control-Allow-Origin: *
1 < Access-Control-Allow-Credentials: true
1 < Access-Control-Allow-Methods: GET, PUT, POST, DELETE, PATCH, OPTIONS
1 < Access-Control-Allow-Headers: DNT,Keep-Alive,User-Agent,X-Requested-With,If-Modified-Since,Cache-Control,Content-Type,Range,Authorization
1 < Access-Control-Max-Age: 1728000
{"detail":[{"loc":["body","i_max"],"msg":"value is not a valid float","type":"type_error.float"}]}

11:39:22.315 [pool-1-thread-1] DEBUG com.jayway.jsonpath.internal.path.CompiledPath - Evaluating path: $
11:39:22.316 [pool-1-thread-1] DEBUG com.jayway.jsonpath.internal.path.CompiledPath - Evaluating path: $
11:39:22.317 [pool-1-thread-1] DEBUG karate.org.apache.http.client.protocol.RequestAddCookies - CookieSpec selected: karate
11:39:22.318 [pool-1-thread-1] DEBUG karate.org.apache.http.client.protocol.RequestAuthCache - Auth cache not set in the context
11:39:22.318 [pool-1-thread-1] DEBUG com.intuit.karate - request:
1 > POST https://ops.enerbit.dev/learning/api/v1/meters
1 > Content-Type: application/json; charset=UTF-8
1 > Content-Length: 261
1 > Host: ops.enerbit.dev
1 > Connection: Keep-Alive
1 > User-Agent: Apache-HttpClient/4.5.13 (Java/1.8.0_202)
1 > Accept-Encoding: gzip,deflate
{"serial":"3424234233kj","connection_type":"directa","storage_system":"interno","condition":"nuevo","owner":"RF","location":"Almacen ","manufacturer":"yes","purchase":"2022-07-28 03:08:49.340514","i_max":6345.654,"i_b":25362,"i_n":"invalid data","seals":545.65}

11:39:22.318 [pool-1-thread-1] DEBUG karate.org.apache.http.impl.conn.PoolingHttpClientConnectionManager - Connection request: [route: {s}->https://ops.enerbit.dev:443][total available: 0; route allocated: 0 of 5; total allocated: 0 of 10]
11:39:22.318 [pool-1-thread-1] DEBUG karate.org.apache.http.impl.conn.PoolingHttpClientConnectionManager - Connection leased: [id: 39][route: {s}->https://ops.enerbit.dev:443][total available: 0; route allocated: 1 of 5; total allocated: 1 of 10]
11:39:22.318 [pool-1-thread-1] DEBUG karate.org.apache.http.impl.execchain.MainClientExec - Opening connection {s}->https://ops.enerbit.dev:443
11:39:22.318 [pool-1-thread-1] DEBUG karate.org.apache.http.impl.conn.DefaultHttpClientConnectionOperator - Connecting to ops.enerbit.dev/20.65.19.185:443
11:39:22.318 [pool-1-thread-1] DEBUG karate.org.apache.http.conn.ssl.SSLConnectionSocketFactory - Connecting socket to ops.enerbit.dev/20.65.19.185:443 with timeout 30000
11:39:22.334 [pool-1-thread-2] DEBUG karate.org.apache.http.wire - http-outgoing-38 << "HTTP/1.1 422 Unprocessable Entity[\r][\n]"
11:39:22.334 [pool-1-thread-2] DEBUG karate.org.apache.http.wire - http-outgoing-38 << "Date: Sun, 02 Jul 2023 16:39:22 GMT[\r][\n]"
11:39:22.334 [pool-1-thread-2] DEBUG karate.org.apache.http.wire - http-outgoing-38 << "Content-Type: application/json[\r][\n]"
11:39:22.334 [pool-1-thread-2] DEBUG karate.org.apache.http.wire - http-outgoing-38 << "Content-Length: 96[\r][\n]"
11:39:22.334 [pool-1-thread-2] DEBUG karate.org.apache.http.wire - http-outgoing-38 << "Connection: keep-alive[\r][\n]"
11:39:22.334 [pool-1-thread-2] DEBUG karate.org.apache.http.wire - http-outgoing-38 << "Strict-Transport-Security: max-age=15724800; includeSubDomains[\r][\n]"
11:39:22.334 [pool-1-thread-2] DEBUG karate.org.apache.http.wire - http-outgoing-38 << "Access-Control-Allow-Origin: *[\r][\n]"
11:39:22.334 [pool-1-thread-2] DEBUG karate.org.apache.http.wire - http-outgoing-38 << "Access-Control-Allow-Credentials: true[\r][\n]"
11:39:22.334 [pool-1-thread-2] DEBUG karate.org.apache.http.wire - http-outgoing-38 << "Access-Control-Allow-Methods: GET, PUT, POST, DELETE, PATCH, OPTIONS[\r][\n]"
11:39:22.334 [pool-1-thread-2] DEBUG karate.org.apache.http.wire - http-outgoing-38 << "Access-Control-Allow-Headers: DNT,Keep-Alive,User-Agent,X-Requested-With,If-Modified-Since,Cache-Control,Content-Type,Range,Authorization[\r][\n]"
11:39:22.334 [pool-1-thread-2] DEBUG karate.org.apache.http.wire - http-outgoing-38 << "Access-Control-Max-Age: 1728000[\r][\n]"
11:39:22.334 [pool-1-thread-2] DEBUG karate.org.apache.http.wire - http-outgoing-38 << "[\r][\n]"
11:39:22.334 [pool-1-thread-2] DEBUG karate.org.apache.http.wire - http-outgoing-38 << "{"detail":[{"loc":["body","i_b"],"msg":"value is not a valid float","type":"type_error.float"}]}"
11:39:22.334 [pool-1-thread-2] DEBUG karate.org.apache.http.headers - http-outgoing-38 << HTTP/1.1 422 Unprocessable Entity
11:39:22.334 [pool-1-thread-2] DEBUG karate.org.apache.http.headers - http-outgoing-38 << Date: Sun, 02 Jul 2023 16:39:22 GMT
11:39:22.334 [pool-1-thread-2] DEBUG karate.org.apache.http.headers - http-outgoing-38 << Content-Type: application/json
11:39:22.334 [pool-1-thread-2] DEBUG karate.org.apache.http.headers - http-outgoing-38 << Content-Length: 96
11:39:22.334 [pool-1-thread-2] DEBUG karate.org.apache.http.headers - http-outgoing-38 << Connection: keep-alive
11:39:22.334 [pool-1-thread-2] DEBUG karate.org.apache.http.headers - http-outgoing-38 << Strict-Transport-Security: max-age=15724800; includeSubDomains
11:39:22.334 [pool-1-thread-2] DEBUG karate.org.apache.http.headers - http-outgoing-38 << Access-Control-Allow-Origin: *
11:39:22.334 [pool-1-thread-2] DEBUG karate.org.apache.http.headers - http-outgoing-38 << Access-Control-Allow-Credentials: true
11:39:22.334 [pool-1-thread-2] DEBUG karate.org.apache.http.headers - http-outgoing-38 << Access-Control-Allow-Methods: GET, PUT, POST, DELETE, PATCH, OPTIONS
11:39:22.335 [pool-1-thread-2] DEBUG karate.org.apache.http.headers - http-outgoing-38 << Access-Control-Allow-Headers: DNT,Keep-Alive,User-Agent,X-Requested-With,If-Modified-Since,Cache-Control,Content-Type,Range,Authorization
11:39:22.335 [pool-1-thread-2] DEBUG karate.org.apache.http.headers - http-outgoing-38 << Access-Control-Max-Age: 1728000
11:39:22.335 [pool-1-thread-2] DEBUG karate.org.apache.http.impl.execchain.MainClientExec - Connection can be kept alive indefinitely
11:39:22.335 [pool-1-thread-2] DEBUG karate.org.apache.http.impl.conn.PoolingHttpClientConnectionManager - Connection [id: 38][route: {s}->https://ops.enerbit.dev:443] can be kept alive indefinitely
11:39:22.335 [pool-1-thread-2] DEBUG karate.org.apache.http.impl.conn.DefaultManagedHttpClientConnection - http-outgoing-38: set socket timeout to 0
11:39:22.335 [pool-1-thread-2] DEBUG karate.org.apache.http.impl.conn.PoolingHttpClientConnectionManager - Connection released: [id: 38][route: {s}->https://ops.enerbit.dev:443][total available: 1; route allocated: 1 of 5; total allocated: 1 of 10]
11:39:22.335 [pool-1-thread-2] DEBUG com.intuit.karate - response time in milliseconds: 273
1 < 422
1 < Date: Sun, 02 Jul 2023 16:39:22 GMT
1 < Content-Type: application/json
1 < Content-Length: 96
1 < Connection: keep-alive
1 < Strict-Transport-Security: max-age=15724800; includeSubDomains
1 < Access-Control-Allow-Origin: *
1 < Access-Control-Allow-Credentials: true
1 < Access-Control-Allow-Methods: GET, PUT, POST, DELETE, PATCH, OPTIONS
1 < Access-Control-Allow-Headers: DNT,Keep-Alive,User-Agent,X-Requested-With,If-Modified-Since,Cache-Control,Content-Type,Range,Authorization
1 < Access-Control-Max-Age: 1728000
{"detail":[{"loc":["body","i_b"],"msg":"value is not a valid float","type":"type_error.float"}]}

11:39:22.350 [pool-1-thread-2] DEBUG com.jayway.jsonpath.internal.path.CompiledPath - Evaluating path: $
11:39:22.350 [pool-1-thread-2] DEBUG com.jayway.jsonpath.internal.path.CompiledPath - Evaluating path: $
11:39:22.352 [pool-1-thread-2] DEBUG karate.org.apache.http.client.protocol.RequestAddCookies - CookieSpec selected: karate
11:39:22.352 [pool-1-thread-2] DEBUG karate.org.apache.http.client.protocol.RequestAuthCache - Auth cache not set in the context
11:39:22.352 [pool-1-thread-2] DEBUG com.intuit.karate - request:
1 > POST https://ops.enerbit.dev/learning/api/v1/meters
1 > Content-Type: application/json; charset=UTF-8
1 > Content-Length: 260
1 > Host: ops.enerbit.dev
1 > Connection: Keep-Alive
1 > User-Agent: Apache-HttpClient/4.5.13 (Java/1.8.0_202)
1 > Accept-Encoding: gzip,deflate
{"serial":"3424234233kj","connection_type":"directa","storage_system":"interno","condition":"nuevo","owner":"RF","location":"Almacen ","manufacturer":"yes","purchase":"2022-07-28 03:08:49.340514","i_max":6345.654,"i_b":25362,"i_n":58652,"seals":"invalid data"}

11:39:22.352 [pool-1-thread-2] DEBUG karate.org.apache.http.impl.conn.PoolingHttpClientConnectionManager - Connection request: [route: {s}->https://ops.enerbit.dev:443][total available: 0; route allocated: 0 of 5; total allocated: 0 of 10]
11:39:22.352 [pool-1-thread-2] DEBUG karate.org.apache.http.impl.conn.PoolingHttpClientConnectionManager - Connection leased: [id: 40][route: {s}->https://ops.enerbit.dev:443][total available: 0; route allocated: 1 of 5; total allocated: 1 of 10]
11:39:22.352 [pool-1-thread-2] DEBUG karate.org.apache.http.impl.execchain.MainClientExec - Opening connection {s}->https://ops.enerbit.dev:443
11:39:22.352 [pool-1-thread-2] DEBUG karate.org.apache.http.impl.conn.DefaultHttpClientConnectionOperator - Connecting to ops.enerbit.dev/20.65.19.185:443
11:39:22.353 [pool-1-thread-2] DEBUG karate.org.apache.http.conn.ssl.SSLConnectionSocketFactory - Connecting socket to ops.enerbit.dev/20.65.19.185:443 with timeout 30000
11:39:22.396 [pool-1-thread-1] DEBUG karate.org.apache.http.conn.ssl.SSLConnectionSocketFactory - Enabled protocols: [TLSv1, TLSv1.1, TLSv1.2]
11:39:22.396 [pool-1-thread-1] DEBUG karate.org.apache.http.conn.ssl.SSLConnectionSocketFactory - Enabled cipher suites:[TLS_ECDHE_ECDSA_WITH_AES_256_CBC_SHA384, TLS_ECDHE_RSA_WITH_AES_256_CBC_SHA384, TLS_RSA_WITH_AES_256_CBC_SHA256, TLS_ECDH_ECDSA_WITH_AES_256_CBC_SHA384, TLS_ECDH_RSA_WITH_AES_256_CBC_SHA384, TLS_DHE_RSA_WITH_AES_256_CBC_SHA256, TLS_DHE_DSS_WITH_AES_256_CBC_SHA256, TLS_ECDHE_ECDSA_WITH_AES_256_CBC_SHA, TLS_ECDHE_RSA_WITH_AES_256_CBC_SHA, TLS_RSA_WITH_AES_256_CBC_SHA, TLS_ECDH_ECDSA_WITH_AES_256_CBC_SHA, TLS_ECDH_RSA_WITH_AES_256_CBC_SHA, TLS_DHE_RSA_WITH_AES_256_CBC_SHA, TLS_DHE_DSS_WITH_AES_256_CBC_SHA, TLS_ECDHE_ECDSA_WITH_AES_128_CBC_SHA256, TLS_ECDHE_RSA_WITH_AES_128_CBC_SHA256, TLS_RSA_WITH_AES_128_CBC_SHA256, TLS_ECDH_ECDSA_WITH_AES_128_CBC_SHA256, TLS_ECDH_RSA_WITH_AES_128_CBC_SHA256, TLS_DHE_RSA_WITH_AES_128_CBC_SHA256, TLS_DHE_DSS_WITH_AES_128_CBC_SHA256, TLS_ECDHE_ECDSA_WITH_AES_128_CBC_SHA, TLS_ECDHE_RSA_WITH_AES_128_CBC_SHA, TLS_RSA_WITH_AES_128_CBC_SHA, TLS_ECDH_ECDSA_WITH_AES_128_CBC_SHA, TLS_ECDH_RSA_WITH_AES_128_CBC_SHA, TLS_DHE_RSA_WITH_AES_128_CBC_SHA, TLS_DHE_DSS_WITH_AES_128_CBC_SHA, TLS_ECDHE_ECDSA_WITH_AES_256_GCM_SHA384, TLS_ECDHE_ECDSA_WITH_AES_128_GCM_SHA256, TLS_ECDHE_RSA_WITH_AES_256_GCM_SHA384, TLS_RSA_WITH_AES_256_GCM_SHA384, TLS_ECDH_ECDSA_WITH_AES_256_GCM_SHA384, TLS_ECDH_RSA_WITH_AES_256_GCM_SHA384, TLS_DHE_RSA_WITH_AES_256_GCM_SHA384, TLS_DHE_DSS_WITH_AES_256_GCM_SHA384, TLS_ECDHE_RSA_WITH_AES_128_GCM_SHA256, TLS_RSA_WITH_AES_128_GCM_SHA256, TLS_ECDH_ECDSA_WITH_AES_128_GCM_SHA256, TLS_ECDH_RSA_WITH_AES_128_GCM_SHA256, TLS_DHE_RSA_WITH_AES_128_GCM_SHA256, TLS_DHE_DSS_WITH_AES_128_GCM_SHA256]
11:39:22.396 [pool-1-thread-1] DEBUG karate.org.apache.http.conn.ssl.SSLConnectionSocketFactory - Starting handshake
11:39:22.432 [pool-1-thread-2] DEBUG karate.org.apache.http.conn.ssl.SSLConnectionSocketFactory - Enabled protocols: [TLSv1, TLSv1.1, TLSv1.2]
11:39:22.432 [pool-1-thread-2] DEBUG karate.org.apache.http.conn.ssl.SSLConnectionSocketFactory - Enabled cipher suites:[TLS_ECDHE_ECDSA_WITH_AES_256_CBC_SHA384, TLS_ECDHE_RSA_WITH_AES_256_CBC_SHA384, TLS_RSA_WITH_AES_256_CBC_SHA256, TLS_ECDH_ECDSA_WITH_AES_256_CBC_SHA384, TLS_ECDH_RSA_WITH_AES_256_CBC_SHA384, TLS_DHE_RSA_WITH_AES_256_CBC_SHA256, TLS_DHE_DSS_WITH_AES_256_CBC_SHA256, TLS_ECDHE_ECDSA_WITH_AES_256_CBC_SHA, TLS_ECDHE_RSA_WITH_AES_256_CBC_SHA, TLS_RSA_WITH_AES_256_CBC_SHA, TLS_ECDH_ECDSA_WITH_AES_256_CBC_SHA, TLS_ECDH_RSA_WITH_AES_256_CBC_SHA, TLS_DHE_RSA_WITH_AES_256_CBC_SHA, TLS_DHE_DSS_WITH_AES_256_CBC_SHA, TLS_ECDHE_ECDSA_WITH_AES_128_CBC_SHA256, TLS_ECDHE_RSA_WITH_AES_128_CBC_SHA256, TLS_RSA_WITH_AES_128_CBC_SHA256, TLS_ECDH_ECDSA_WITH_AES_128_CBC_SHA256, TLS_ECDH_RSA_WITH_AES_128_CBC_SHA256, TLS_DHE_RSA_WITH_AES_128_CBC_SHA256, TLS_DHE_DSS_WITH_AES_128_CBC_SHA256, TLS_ECDHE_ECDSA_WITH_AES_128_CBC_SHA, TLS_ECDHE_RSA_WITH_AES_128_CBC_SHA, TLS_RSA_WITH_AES_128_CBC_SHA, TLS_ECDH_ECDSA_WITH_AES_128_CBC_SHA, TLS_ECDH_RSA_WITH_AES_128_CBC_SHA, TLS_DHE_RSA_WITH_AES_128_CBC_SHA, TLS_DHE_DSS_WITH_AES_128_CBC_SHA, TLS_ECDHE_ECDSA_WITH_AES_256_GCM_SHA384, TLS_ECDHE_ECDSA_WITH_AES_128_GCM_SHA256, TLS_ECDHE_RSA_WITH_AES_256_GCM_SHA384, TLS_RSA_WITH_AES_256_GCM_SHA384, TLS_ECDH_ECDSA_WITH_AES_256_GCM_SHA384, TLS_ECDH_RSA_WITH_AES_256_GCM_SHA384, TLS_DHE_RSA_WITH_AES_256_GCM_SHA384, TLS_DHE_DSS_WITH_AES_256_GCM_SHA384, TLS_ECDHE_RSA_WITH_AES_128_GCM_SHA256, TLS_RSA_WITH_AES_128_GCM_SHA256, TLS_ECDH_ECDSA_WITH_AES_128_GCM_SHA256, TLS_ECDH_RSA_WITH_AES_128_GCM_SHA256, TLS_DHE_RSA_WITH_AES_128_GCM_SHA256, TLS_DHE_DSS_WITH_AES_128_GCM_SHA256]
11:39:22.432 [pool-1-thread-2] DEBUG karate.org.apache.http.conn.ssl.SSLConnectionSocketFactory - Starting handshake
11:39:22.495 [pool-1-thread-1] DEBUG karate.org.apache.http.conn.ssl.SSLConnectionSocketFactory - Secure session established
11:39:22.495 [pool-1-thread-1] DEBUG karate.org.apache.http.conn.ssl.SSLConnectionSocketFactory -  negotiated protocol: TLSv1.2
11:39:22.495 [pool-1-thread-1] DEBUG karate.org.apache.http.conn.ssl.SSLConnectionSocketFactory -  negotiated cipher suite: TLS_ECDHE_RSA_WITH_AES_128_GCM_SHA256
11:39:22.495 [pool-1-thread-1] DEBUG karate.org.apache.http.conn.ssl.SSLConnectionSocketFactory -  peer principal: CN=ops.enerbit.dev
11:39:22.495 [pool-1-thread-1] DEBUG karate.org.apache.http.conn.ssl.SSLConnectionSocketFactory -  peer alternative names: [ops.enerbit.dev]
11:39:22.495 [pool-1-thread-1] DEBUG karate.org.apache.http.conn.ssl.SSLConnectionSocketFactory -  issuer principal: CN=R3, O=Let's Encrypt, C=US
11:39:22.495 [pool-1-thread-1] DEBUG karate.org.apache.http.impl.conn.DefaultHttpClientConnectionOperator - Connection established 192.168.1.4:56973<->20.65.19.185:443
11:39:22.495 [pool-1-thread-1] DEBUG karate.org.apache.http.impl.conn.DefaultManagedHttpClientConnection - http-outgoing-39: set socket timeout to 30000
11:39:22.495 [pool-1-thread-1] DEBUG karate.org.apache.http.impl.execchain.MainClientExec - Executing request POST /learning/api/v1/meters HTTP/1.1
11:39:22.495 [pool-1-thread-1] DEBUG karate.org.apache.http.impl.execchain.MainClientExec - Target auth state: UNCHALLENGED
11:39:22.495 [pool-1-thread-1] DEBUG karate.org.apache.http.impl.execchain.MainClientExec - Proxy auth state: UNCHALLENGED
11:39:22.495 [pool-1-thread-1] DEBUG karate.org.apache.http.headers - http-outgoing-39 >> POST /learning/api/v1/meters HTTP/1.1
11:39:22.495 [pool-1-thread-1] DEBUG karate.org.apache.http.headers - http-outgoing-39 >> Content-Type: application/json; charset=UTF-8
11:39:22.495 [pool-1-thread-1] DEBUG karate.org.apache.http.headers - http-outgoing-39 >> Content-Length: 261
11:39:22.495 [pool-1-thread-1] DEBUG karate.org.apache.http.headers - http-outgoing-39 >> Host: ops.enerbit.dev
11:39:22.495 [pool-1-thread-1] DEBUG karate.org.apache.http.headers - http-outgoing-39 >> Connection: Keep-Alive
11:39:22.495 [pool-1-thread-1] DEBUG karate.org.apache.http.headers - http-outgoing-39 >> User-Agent: Apache-HttpClient/4.5.13 (Java/1.8.0_202)
11:39:22.495 [pool-1-thread-1] DEBUG karate.org.apache.http.headers - http-outgoing-39 >> Accept-Encoding: gzip,deflate
11:39:22.495 [pool-1-thread-1] DEBUG karate.org.apache.http.wire - http-outgoing-39 >> "POST /learning/api/v1/meters HTTP/1.1[\r][\n]"
11:39:22.495 [pool-1-thread-1] DEBUG karate.org.apache.http.wire - http-outgoing-39 >> "Content-Type: application/json; charset=UTF-8[\r][\n]"
11:39:22.495 [pool-1-thread-1] DEBUG karate.org.apache.http.wire - http-outgoing-39 >> "Content-Length: 261[\r][\n]"
11:39:22.495 [pool-1-thread-1] DEBUG karate.org.apache.http.wire - http-outgoing-39 >> "Host: ops.enerbit.dev[\r][\n]"
11:39:22.495 [pool-1-thread-1] DEBUG karate.org.apache.http.wire - http-outgoing-39 >> "Connection: Keep-Alive[\r][\n]"
11:39:22.495 [pool-1-thread-1] DEBUG karate.org.apache.http.wire - http-outgoing-39 >> "User-Agent: Apache-HttpClient/4.5.13 (Java/1.8.0_202)[\r][\n]"
11:39:22.495 [pool-1-thread-1] DEBUG karate.org.apache.http.wire - http-outgoing-39 >> "Accept-Encoding: gzip,deflate[\r][\n]"
11:39:22.495 [pool-1-thread-1] DEBUG karate.org.apache.http.wire - http-outgoing-39 >> "[\r][\n]"
11:39:22.495 [pool-1-thread-1] DEBUG karate.org.apache.http.wire - http-outgoing-39 >> "{"serial":"3424234233kj","connection_type":"directa","storage_system":"interno","condition":"nuevo","owner":"RF","location":"Almacen ","manufacturer":"yes","purchase":"2022-07-28 03:08:49.340514","i_max":6345.654,"i_b":25362,"i_n":"invalid data","seals":545.65}"
11:39:22.534 [pool-1-thread-2] DEBUG karate.org.apache.http.conn.ssl.SSLConnectionSocketFactory - Secure session established
11:39:22.534 [pool-1-thread-2] DEBUG karate.org.apache.http.conn.ssl.SSLConnectionSocketFactory -  negotiated protocol: TLSv1.2
11:39:22.534 [pool-1-thread-2] DEBUG karate.org.apache.http.conn.ssl.SSLConnectionSocketFactory -  negotiated cipher suite: TLS_ECDHE_RSA_WITH_AES_128_GCM_SHA256
11:39:22.534 [pool-1-thread-2] DEBUG karate.org.apache.http.conn.ssl.SSLConnectionSocketFactory -  peer principal: CN=ops.enerbit.dev
11:39:22.534 [pool-1-thread-2] DEBUG karate.org.apache.http.conn.ssl.SSLConnectionSocketFactory -  peer alternative names: [ops.enerbit.dev]
11:39:22.534 [pool-1-thread-2] DEBUG karate.org.apache.http.conn.ssl.SSLConnectionSocketFactory -  issuer principal: CN=R3, O=Let's Encrypt, C=US
11:39:22.534 [pool-1-thread-2] DEBUG karate.org.apache.http.impl.conn.DefaultHttpClientConnectionOperator - Connection established 192.168.1.4:56974<->20.65.19.185:443
11:39:22.534 [pool-1-thread-2] DEBUG karate.org.apache.http.impl.conn.DefaultManagedHttpClientConnection - http-outgoing-40: set socket timeout to 30000
11:39:22.534 [pool-1-thread-2] DEBUG karate.org.apache.http.impl.execchain.MainClientExec - Executing request POST /learning/api/v1/meters HTTP/1.1
11:39:22.534 [pool-1-thread-2] DEBUG karate.org.apache.http.impl.execchain.MainClientExec - Target auth state: UNCHALLENGED
11:39:22.534 [pool-1-thread-2] DEBUG karate.org.apache.http.impl.execchain.MainClientExec - Proxy auth state: UNCHALLENGED
11:39:22.534 [pool-1-thread-2] DEBUG karate.org.apache.http.headers - http-outgoing-40 >> POST /learning/api/v1/meters HTTP/1.1
11:39:22.534 [pool-1-thread-2] DEBUG karate.org.apache.http.headers - http-outgoing-40 >> Content-Type: application/json; charset=UTF-8
11:39:22.534 [pool-1-thread-2] DEBUG karate.org.apache.http.headers - http-outgoing-40 >> Content-Length: 260
11:39:22.534 [pool-1-thread-2] DEBUG karate.org.apache.http.headers - http-outgoing-40 >> Host: ops.enerbit.dev
11:39:22.534 [pool-1-thread-2] DEBUG karate.org.apache.http.headers - http-outgoing-40 >> Connection: Keep-Alive
11:39:22.534 [pool-1-thread-2] DEBUG karate.org.apache.http.headers - http-outgoing-40 >> User-Agent: Apache-HttpClient/4.5.13 (Java/1.8.0_202)
11:39:22.534 [pool-1-thread-2] DEBUG karate.org.apache.http.headers - http-outgoing-40 >> Accept-Encoding: gzip,deflate
11:39:22.534 [pool-1-thread-2] DEBUG karate.org.apache.http.wire - http-outgoing-40 >> "POST /learning/api/v1/meters HTTP/1.1[\r][\n]"
11:39:22.534 [pool-1-thread-2] DEBUG karate.org.apache.http.wire - http-outgoing-40 >> "Content-Type: application/json; charset=UTF-8[\r][\n]"
11:39:22.534 [pool-1-thread-2] DEBUG karate.org.apache.http.wire - http-outgoing-40 >> "Content-Length: 260[\r][\n]"
11:39:22.534 [pool-1-thread-2] DEBUG karate.org.apache.http.wire - http-outgoing-40 >> "Host: ops.enerbit.dev[\r][\n]"
11:39:22.534 [pool-1-thread-2] DEBUG karate.org.apache.http.wire - http-outgoing-40 >> "Connection: Keep-Alive[\r][\n]"
11:39:22.534 [pool-1-thread-2] DEBUG karate.org.apache.http.wire - http-outgoing-40 >> "User-Agent: Apache-HttpClient/4.5.13 (Java/1.8.0_202)[\r][\n]"
11:39:22.534 [pool-1-thread-2] DEBUG karate.org.apache.http.wire - http-outgoing-40 >> "Accept-Encoding: gzip,deflate[\r][\n]"
11:39:22.534 [pool-1-thread-2] DEBUG karate.org.apache.http.wire - http-outgoing-40 >> "[\r][\n]"
11:39:22.534 [pool-1-thread-2] DEBUG karate.org.apache.http.wire - http-outgoing-40 >> "{"serial":"3424234233kj","connection_type":"directa","storage_system":"interno","condition":"nuevo","owner":"RF","location":"Almacen ","manufacturer":"yes","purchase":"2022-07-28 03:08:49.340514","i_max":6345.654,"i_b":25362,"i_n":58652,"seals":"invalid data"}"
11:39:22.598 [pool-1-thread-1] DEBUG karate.org.apache.http.wire - http-outgoing-39 << "HTTP/1.1 422 Unprocessable Entity[\r][\n]"
11:39:22.598 [pool-1-thread-1] DEBUG karate.org.apache.http.wire - http-outgoing-39 << "Date: Sun, 02 Jul 2023 16:39:23 GMT[\r][\n]"
11:39:22.598 [pool-1-thread-1] DEBUG karate.org.apache.http.wire - http-outgoing-39 << "Content-Type: application/json[\r][\n]"
11:39:22.598 [pool-1-thread-1] DEBUG karate.org.apache.http.wire - http-outgoing-39 << "Content-Length: 96[\r][\n]"
11:39:22.598 [pool-1-thread-1] DEBUG karate.org.apache.http.wire - http-outgoing-39 << "Connection: keep-alive[\r][\n]"
11:39:22.598 [pool-1-thread-1] DEBUG karate.org.apache.http.wire - http-outgoing-39 << "Strict-Transport-Security: max-age=15724800; includeSubDomains[\r][\n]"
11:39:22.598 [pool-1-thread-1] DEBUG karate.org.apache.http.wire - http-outgoing-39 << "Access-Control-Allow-Origin: *[\r][\n]"
11:39:22.598 [pool-1-thread-1] DEBUG karate.org.apache.http.wire - http-outgoing-39 << "Access-Control-Allow-Credentials: true[\r][\n]"
11:39:22.598 [pool-1-thread-1] DEBUG karate.org.apache.http.wire - http-outgoing-39 << "Access-Control-Allow-Methods: GET, PUT, POST, DELETE, PATCH, OPTIONS[\r][\n]"
11:39:22.598 [pool-1-thread-1] DEBUG karate.org.apache.http.wire - http-outgoing-39 << "Access-Control-Allow-Headers: DNT,Keep-Alive,User-Agent,X-Requested-With,If-Modified-Since,Cache-Control,Content-Type,Range,Authorization[\r][\n]"
11:39:22.598 [pool-1-thread-1] DEBUG karate.org.apache.http.wire - http-outgoing-39 << "Access-Control-Max-Age: 1728000[\r][\n]"
11:39:22.598 [pool-1-thread-1] DEBUG karate.org.apache.http.wire - http-outgoing-39 << "[\r][\n]"
11:39:22.598 [pool-1-thread-1] DEBUG karate.org.apache.http.wire - http-outgoing-39 << "{"detail":[{"loc":["body","i_n"],"msg":"value is not a valid float","type":"type_error.float"}]}"
11:39:22.598 [pool-1-thread-1] DEBUG karate.org.apache.http.headers - http-outgoing-39 << HTTP/1.1 422 Unprocessable Entity
11:39:22.598 [pool-1-thread-1] DEBUG karate.org.apache.http.headers - http-outgoing-39 << Date: Sun, 02 Jul 2023 16:39:23 GMT
11:39:22.598 [pool-1-thread-1] DEBUG karate.org.apache.http.headers - http-outgoing-39 << Content-Type: application/json
11:39:22.598 [pool-1-thread-1] DEBUG karate.org.apache.http.headers - http-outgoing-39 << Content-Length: 96
11:39:22.598 [pool-1-thread-1] DEBUG karate.org.apache.http.headers - http-outgoing-39 << Connection: keep-alive
11:39:22.598 [pool-1-thread-1] DEBUG karate.org.apache.http.headers - http-outgoing-39 << Strict-Transport-Security: max-age=15724800; includeSubDomains
11:39:22.598 [pool-1-thread-1] DEBUG karate.org.apache.http.headers - http-outgoing-39 << Access-Control-Allow-Origin: *
11:39:22.598 [pool-1-thread-1] DEBUG karate.org.apache.http.headers - http-outgoing-39 << Access-Control-Allow-Credentials: true
11:39:22.598 [pool-1-thread-1] DEBUG karate.org.apache.http.headers - http-outgoing-39 << Access-Control-Allow-Methods: GET, PUT, POST, DELETE, PATCH, OPTIONS
11:39:22.598 [pool-1-thread-1] DEBUG karate.org.apache.http.headers - http-outgoing-39 << Access-Control-Allow-Headers: DNT,Keep-Alive,User-Agent,X-Requested-With,If-Modified-Since,Cache-Control,Content-Type,Range,Authorization
11:39:22.598 [pool-1-thread-1] DEBUG karate.org.apache.http.headers - http-outgoing-39 << Access-Control-Max-Age: 1728000
11:39:22.598 [pool-1-thread-1] DEBUG karate.org.apache.http.impl.execchain.MainClientExec - Connection can be kept alive indefinitely
11:39:22.599 [pool-1-thread-1] DEBUG karate.org.apache.http.impl.conn.PoolingHttpClientConnectionManager - Connection [id: 39][route: {s}->https://ops.enerbit.dev:443] can be kept alive indefinitely
11:39:22.599 [pool-1-thread-1] DEBUG karate.org.apache.http.impl.conn.DefaultManagedHttpClientConnection - http-outgoing-39: set socket timeout to 0
11:39:22.599 [pool-1-thread-1] DEBUG karate.org.apache.http.impl.conn.PoolingHttpClientConnectionManager - Connection released: [id: 39][route: {s}->https://ops.enerbit.dev:443][total available: 1; route allocated: 1 of 5; total allocated: 1 of 10]
11:39:22.599 [pool-1-thread-1] DEBUG com.intuit.karate - response time in milliseconds: 281
1 < 422
1 < Date: Sun, 02 Jul 2023 16:39:23 GMT
1 < Content-Type: application/json
1 < Content-Length: 96
1 < Connection: keep-alive
1 < Strict-Transport-Security: max-age=15724800; includeSubDomains
1 < Access-Control-Allow-Origin: *
1 < Access-Control-Allow-Credentials: true
1 < Access-Control-Allow-Methods: GET, PUT, POST, DELETE, PATCH, OPTIONS
1 < Access-Control-Allow-Headers: DNT,Keep-Alive,User-Agent,X-Requested-With,If-Modified-Since,Cache-Control,Content-Type,Range,Authorization
1 < Access-Control-Max-Age: 1728000
{"detail":[{"loc":["body","i_n"],"msg":"value is not a valid float","type":"type_error.float"}]}

11:39:22.628 [pool-1-thread-2] DEBUG karate.org.apache.http.wire - http-outgoing-40 << "HTTP/1.1 422 Unprocessable Entity[\r][\n]"
11:39:22.628 [pool-1-thread-2] DEBUG karate.org.apache.http.wire - http-outgoing-40 << "Date: Sun, 02 Jul 2023 16:39:23 GMT[\r][\n]"
11:39:22.628 [pool-1-thread-2] DEBUG karate.org.apache.http.wire - http-outgoing-40 << "Content-Type: application/json[\r][\n]"
11:39:22.628 [pool-1-thread-2] DEBUG karate.org.apache.http.wire - http-outgoing-40 << "Content-Length: 98[\r][\n]"
11:39:22.628 [pool-1-thread-2] DEBUG karate.org.apache.http.wire - http-outgoing-40 << "Connection: keep-alive[\r][\n]"
11:39:22.628 [pool-1-thread-2] DEBUG karate.org.apache.http.wire - http-outgoing-40 << "Strict-Transport-Security: max-age=15724800; includeSubDomains[\r][\n]"
11:39:22.629 [pool-1-thread-2] DEBUG karate.org.apache.http.wire - http-outgoing-40 << "Access-Control-Allow-Origin: *[\r][\n]"
11:39:22.629 [pool-1-thread-2] DEBUG karate.org.apache.http.wire - http-outgoing-40 << "Access-Control-Allow-Credentials: true[\r][\n]"
11:39:22.629 [pool-1-thread-2] DEBUG karate.org.apache.http.wire - http-outgoing-40 << "Access-Control-Allow-Methods: GET, PUT, POST, DELETE, PATCH, OPTIONS[\r][\n]"
11:39:22.629 [pool-1-thread-2] DEBUG karate.org.apache.http.wire - http-outgoing-40 << "Access-Control-Allow-Headers: DNT,Keep-Alive,User-Agent,X-Requested-With,If-Modified-Since,Cache-Control,Content-Type,Range,Authorization[\r][\n]"
11:39:22.629 [pool-1-thread-2] DEBUG karate.org.apache.http.wire - http-outgoing-40 << "Access-Control-Max-Age: 1728000[\r][\n]"
11:39:22.629 [pool-1-thread-2] DEBUG karate.org.apache.http.wire - http-outgoing-40 << "[\r][\n]"
11:39:22.629 [pool-1-thread-2] DEBUG karate.org.apache.http.wire - http-outgoing-40 << "{"detail":[{"loc":["body","seals"],"msg":"value is not a valid float","type":"type_error.float"}]}"
11:39:22.629 [pool-1-thread-2] DEBUG karate.org.apache.http.headers - http-outgoing-40 << HTTP/1.1 422 Unprocessable Entity
11:39:22.629 [pool-1-thread-2] DEBUG karate.org.apache.http.headers - http-outgoing-40 << Date: Sun, 02 Jul 2023 16:39:23 GMT
11:39:22.629 [pool-1-thread-2] DEBUG karate.org.apache.http.headers - http-outgoing-40 << Content-Type: application/json
11:39:22.629 [pool-1-thread-2] DEBUG karate.org.apache.http.headers - http-outgoing-40 << Content-Length: 98
11:39:22.629 [pool-1-thread-2] DEBUG karate.org.apache.http.headers - http-outgoing-40 << Connection: keep-alive
11:39:22.629 [pool-1-thread-2] DEBUG karate.org.apache.http.headers - http-outgoing-40 << Strict-Transport-Security: max-age=15724800; includeSubDomains
11:39:22.629 [pool-1-thread-2] DEBUG karate.org.apache.http.headers - http-outgoing-40 << Access-Control-Allow-Origin: *
11:39:22.629 [pool-1-thread-2] DEBUG karate.org.apache.http.headers - http-outgoing-40 << Access-Control-Allow-Credentials: true
11:39:22.629 [pool-1-thread-2] DEBUG karate.org.apache.http.headers - http-outgoing-40 << Access-Control-Allow-Methods: GET, PUT, POST, DELETE, PATCH, OPTIONS
11:39:22.629 [pool-1-thread-2] DEBUG karate.org.apache.http.headers - http-outgoing-40 << Access-Control-Allow-Headers: DNT,Keep-Alive,User-Agent,X-Requested-With,If-Modified-Since,Cache-Control,Content-Type,Range,Authorization
11:39:22.629 [pool-1-thread-2] DEBUG karate.org.apache.http.headers - http-outgoing-40 << Access-Control-Max-Age: 1728000
11:39:22.629 [pool-1-thread-2] DEBUG karate.org.apache.http.impl.execchain.MainClientExec - Connection can be kept alive indefinitely
11:39:22.629 [pool-1-thread-2] DEBUG karate.org.apache.http.impl.conn.PoolingHttpClientConnectionManager - Connection [id: 40][route: {s}->https://ops.enerbit.dev:443] can be kept alive indefinitely
11:39:22.629 [pool-1-thread-2] DEBUG karate.org.apache.http.impl.conn.DefaultManagedHttpClientConnection - http-outgoing-40: set socket timeout to 0
11:39:22.629 [pool-1-thread-2] DEBUG karate.org.apache.http.impl.conn.PoolingHttpClientConnectionManager - Connection released: [id: 40][route: {s}->https://ops.enerbit.dev:443][total available: 1; route allocated: 1 of 5; total allocated: 1 of 10]
11:39:22.629 [pool-1-thread-2] DEBUG com.intuit.karate - response time in milliseconds: 277
1 < 422
1 < Date: Sun, 02 Jul 2023 16:39:23 GMT
1 < Content-Type: application/json
1 < Content-Length: 98
1 < Connection: keep-alive
1 < Strict-Transport-Security: max-age=15724800; includeSubDomains
1 < Access-Control-Allow-Origin: *
1 < Access-Control-Allow-Credentials: true
1 < Access-Control-Allow-Methods: GET, PUT, POST, DELETE, PATCH, OPTIONS
1 < Access-Control-Allow-Headers: DNT,Keep-Alive,User-Agent,X-Requested-With,If-Modified-Since,Cache-Control,Content-Type,Range,Authorization
1 < Access-Control-Max-Age: 1728000
{"detail":[{"loc":["body","seals"],"msg":"value is not a valid float","type":"type_error.float"}]}

11:39:22.636 [pool-2-thread-1] DEBUG karate.org.thymeleaf.TemplateEngine - [THYMELEAF] INITIALIZING TEMPLATE ENGINE
11:39:22.650 [pool-2-thread-1] DEBUG karate.org.thymeleaf.TemplateEngine.CONFIG - Initializing Thymeleaf Template engine configuration...
[THYMELEAF] TEMPLATE ENGINE CONFIGURATION:
[THYMELEAF] * Thymeleaf version: 3.0.14.RELEASE (built 2021-12-08T00:45:29+0000)
[THYMELEAF] * Cache Manager implementation: karate.org.thymeleaf.cache.StandardCacheManager
[THYMELEAF] * Template resolvers:
[THYMELEAF]     * [1] com.intuit.karate.template.ResourceHtmlTemplateResolver
[THYMELEAF] * Message resolvers:
[THYMELEAF]     * karate.org.thymeleaf.messageresolver.StandardMessageResolver
[THYMELEAF] * Link builders:
[THYMELEAF]     * karate.org.thymeleaf.linkbuilder.StandardLinkBuilder
[THYMELEAF] * Dialect [1 of 2]: Standard (com.intuit.karate.template.KarateStandardDialect)
[THYMELEAF]     * Prefix: "th"
[THYMELEAF]     * Processors for Template Mode: HTML
[THYMELEAF]         * Element Tag Processors by [matching element and attribute name] [precedence]:
[THYMELEAF]             * [* {th:include,data-th-include}] [100]: karate.org.thymeleaf.standard.processor.StandardIncludeTagProcessor
[THYMELEAF]             * [* {th:insert,data-th-insert}] [100]: karate.org.thymeleaf.standard.processor.StandardInsertTagProcessor
[THYMELEAF]             * [* {th:replace,data-th-replace}] [100]: karate.org.thymeleaf.standard.processor.StandardReplaceTagProcessor
[THYMELEAF]             * [* {th:substituteby,data-th-substituteby}] [100]: karate.org.thymeleaf.standard.processor.StandardSubstituteByTagProcessor
[THYMELEAF]             * [* {th:each,data-th-each}] [200]: com.intuit.karate.template.KarateEachTagProcessor
[THYMELEAF]             * [* {th:switch,data-th-switch}] [250]: karate.org.thymeleaf.standard.processor.StandardSwitchTagProcessor
[THYMELEAF]             * [* {th:case,data-th-case}] [275]: karate.org.thymeleaf.standard.processor.StandardCaseTagProcessor
[THYMELEAF]             * [* {th:if,data-th-if}] [300]: karate.org.thymeleaf.standard.processor.StandardIfTagProcessor
[THYMELEAF]             * [* {th:unless,data-th-unless}] [400]: karate.org.thymeleaf.standard.processor.StandardUnlessTagProcessor
[THYMELEAF]             * [* {th:object,data-th-object}] [500]: karate.org.thymeleaf.standard.processor.StandardObjectTagProcessor
[THYMELEAF]             * [* {th:with,data-th-with}] [600]: com.intuit.karate.template.KarateWithTagProcessor
[THYMELEAF]             * [* {th:attr,data-th-attr}] [700]: com.intuit.karate.template.KarateAttributeTagProcessor.KarateAttrTagProcessor
[THYMELEAF]             * [* {th:attrappend,data-th-attrappend}] [900]: com.intuit.karate.template.KarateAttributeTagProcessor.KarateAttrappendTagProcessor
[THYMELEAF]             * [* {th:attrprepend,data-th-attrprepend}] [900]: com.intuit.karate.template.KarateAttributeTagProcessor.KarateAttrprependTagProcessor
[THYMELEAF]             * [* {th:alt-title,data-th-alt-title}] [990]: karate.org.thymeleaf.standard.processor.StandardAltTitleTagProcessor
[THYMELEAF]             * [* {th:lang-xmllang,data-th-lang-xmllang}] [990]: karate.org.thymeleaf.standard.processor.StandardLangXmlLangTagProcessor
[THYMELEAF]             * [* {th:action,data-th-action}] [1000]: karate.org.thymeleaf.standard.processor.StandardActionTagProcessor
[THYMELEAF]             * [* {th:autofocus,data-th-autofocus}] [1000]: karate.org.thymeleaf.standard.processor.StandardConditionalFixedValueTagProcessor
[THYMELEAF]             * [* {th:loop,data-th-loop}] [1000]: karate.org.thymeleaf.standard.processor.StandardConditionalFixedValueTagProcessor
[THYMELEAF]             * [* {th:nowrap,data-th-nowrap}] [1000]: karate.org.thymeleaf.standard.processor.StandardConditionalFixedValueTagProcessor
[THYMELEAF]             * [* {th:pubdate,data-th-pubdate}] [1000]: karate.org.thymeleaf.standard.processor.StandardConditionalFixedValueTagProcessor
[THYMELEAF]             * [* {th:seamless,data-th-seamless}] [1000]: karate.org.thymeleaf.standard.processor.StandardConditionalFixedValueTagProcessor
[THYMELEAF]             * [* {th:scoped,data-th-scoped}] [1000]: karate.org.thymeleaf.standard.processor.StandardConditionalFixedValueTagProcessor
[THYMELEAF]             * [* {th:autoplay,data-th-autoplay}] [1000]: karate.org.thymeleaf.standard.processor.StandardConditionalFixedValueTagProcessor
[THYMELEAF]             * [* {th:default,data-th-default}] [1000]: karate.org.thymeleaf.standard.processor.StandardConditionalFixedValueTagProcessor
[THYMELEAF]             * [* {th:formnovalidate,data-th-formnovalidate}] [1000]: karate.org.thymeleaf.standard.processor.StandardConditionalFixedValueTagProcessor
[THYMELEAF]             * [* {th:novalidate,data-th-novalidate}] [1000]: karate.org.thymeleaf.standard.processor.StandardConditionalFixedValueTagProcessor
[THYMELEAF]             * [* {th:declare,data-th-declare}] [1000]: karate.org.thymeleaf.standard.processor.StandardConditionalFixedValueTagProcessor
[THYMELEAF]             * [* {th:hidden,data-th-hidden}] [1000]: karate.org.thymeleaf.standard.processor.StandardConditionalFixedValueTagProcessor
[THYMELEAF]             * [* {th:ismap,data-th-ismap}] [1000]: karate.org.thymeleaf.standard.processor.StandardConditionalFixedValueTagProcessor
[THYMELEAF]             * [* {th:readonly,data-th-readonly}] [1000]: karate.org.thymeleaf.standard.processor.StandardConditionalFixedValueTagProcessor
[THYMELEAF]             * [* {th:multiple,data-th-multiple}] [1000]: karate.org.thymeleaf.standard.processor.StandardConditionalFixedValueTagProcessor
[THYMELEAF]             * [* {th:selected,data-th-selected}] [1000]: karate.org.thymeleaf.standard.processor.StandardConditionalFixedValueTagProcessor
[THYMELEAF]             * [* {th:required,data-th-required}] [1000]: karate.org.thymeleaf.standard.processor.StandardConditionalFixedValueTagProcessor
[THYMELEAF]             * [* {th:defer,data-th-defer}] [1000]: karate.org.thymeleaf.standard.processor.StandardConditionalFixedValueTagProcessor
[THYMELEAF]             * [* {th:async,data-th-async}] [1000]: karate.org.thymeleaf.standard.processor.StandardConditionalFixedValueTagProcessor
[THYMELEAF]             * [* {th:open,data-th-open}] [1000]: karate.org.thymeleaf.standard.processor.StandardConditionalFixedValueTagProcessor
[THYMELEAF]             * [* {th:disabled,data-th-disabled}] [1000]: karate.org.thymeleaf.standard.processor.StandardConditionalFixedValueTagProcessor
[THYMELEAF]             * [* {th:checked,data-th-checked}] [1000]: karate.org.thymeleaf.standard.processor.StandardConditionalFixedValueTagProcessor
[THYMELEAF]             * [* {th:reversed,data-th-reversed}] [1000]: karate.org.thymeleaf.standard.processor.StandardConditionalFixedValueTagProcessor
[THYMELEAF]             * [* {th:controls,data-th-controls}] [1000]: karate.org.thymeleaf.standard.processor.StandardConditionalFixedValueTagProcessor
[THYMELEAF]             * [* {th:onchange,data-th-onchange}] [1000]: karate.org.thymeleaf.standard.processor.StandardDOMEventAttributeTagProcessor
[THYMELEAF]             * [* {th:onmouseup,data-th-onmouseup}] [1000]: karate.org.thymeleaf.standard.processor.StandardDOMEventAttributeTagProcessor
[THYMELEAF]             * [* {th:onreadystatechange,data-th-onreadystatechange}] [1000]: karate.org.thymeleaf.standard.processor.StandardDOMEventAttributeTagProcessor
[THYMELEAF]             * [* {th:onreset,data-th-onreset}] [1000]: karate.org.thymeleaf.standard.processor.StandardDOMEventAttributeTagProcessor
[THYMELEAF]             * [* {th:oninvalid,data-th-oninvalid}] [1000]: karate.org.thymeleaf.standard.processor.StandardDOMEventAttributeTagProcessor
[THYMELEAF]             * [* {th:ondrag,data-th-ondrag}] [1000]: karate.org.thymeleaf.standard.processor.StandardDOMEventAttributeTagProcessor
[THYMELEAF]             * [* {th:ondragover,data-th-ondragover}] [1000]: karate.org.thymeleaf.standard.processor.StandardDOMEventAttributeTagProcessor
[THYMELEAF]             * [* {th:onerror,data-th-onerror}] [1000]: karate.org.thymeleaf.standard.processor.StandardDOMEventAttributeTagProcessor
[THYMELEAF]             * [* {th:onformchange,data-th-onformchange}] [1000]: karate.org.thymeleaf.standard.processor.StandardDOMEventAttributeTagProcessor
[THYMELEAF]             * [* {th:onunload,data-th-onunload}] [1000]: karate.org.thymeleaf.standard.processor.StandardDOMEventAttributeTagProcessor
[THYMELEAF]             * [* {th:ondragend,data-th-ondragend}] [1000]: karate.org.thymeleaf.standard.processor.StandardDOMEventAttributeTagProcessor
[THYMELEAF]             * [* {th:onfocus,data-th-onfocus}] [1000]: karate.org.thymeleaf.standard.processor.StandardDOMEventAttributeTagProcessor
[THYMELEAF]             * [* {th:onpause,data-th-onpause}] [1000]: karate.org.thymeleaf.standard.processor.StandardDOMEventAttributeTagProcessor
[THYMELEAF]             * [* {th:oninput,data-th-oninput}] [1000]: karate.org.thymeleaf.standard.processor.StandardDOMEventAttributeTagProcessor
[THYMELEAF]             * [* {th:onoffline,data-th-onoffline}] [1000]: karate.org.thymeleaf.standard.processor.StandardDOMEventAttributeTagProcessor
[THYMELEAF]             * [* {th:onemptied,data-th-onemptied}] [1000]: karate.org.thymeleaf.standard.processor.StandardDOMEventAttributeTagProcessor
[THYMELEAF]             * [* {th:ondrop,data-th-ondrop}] [1000]: karate.org.thymeleaf.standard.processor.StandardDOMEventAttributeTagProcessor
[THYMELEAF]             * [* {th:onload,data-th-onload}] [1000]: karate.org.thymeleaf.standard.processor.StandardDOMEventAttributeTagProcessor
[THYMELEAF]             * [* {th:onplay,data-th-onplay}] [1000]: karate.org.thymeleaf.standard.processor.StandardDOMEventAttributeTagProcessor
[THYMELEAF]             * [* {th:onsubmit,data-th-onsubmit}] [1000]: karate.org.thymeleaf.standard.processor.StandardDOMEventAttributeTagProcessor
[THYMELEAF]             * [* {th:onundo,data-th-onundo}] [1000]: karate.org.thymeleaf.standard.processor.StandardDOMEventAttributeTagProcessor
[THYMELEAF]             * [* {th:onabort,data-th-onabort}] [1000]: karate.org.thymeleaf.standard.processor.StandardDOMEventAttributeTagProcessor
[THYMELEAF]             * [* {th:onloadeddata,data-th-onloadeddata}] [1000]: karate.org.thymeleaf.standard.processor.StandardDOMEventAttributeTagProcessor
[THYMELEAF]             * [* {th:onseeking,data-th-onseeking}] [1000]: karate.org.thymeleaf.standard.processor.StandardDOMEventAttributeTagProcessor
[THYMELEAF]             * [* {th:onmousewheel,data-th-onmousewheel}] [1000]: karate.org.thymeleaf.standard.processor.StandardDOMEventAttributeTagProcessor
[THYMELEAF]             * [* {th:onstalled,data-th-onstalled}] [1000]: karate.org.thymeleaf.standard.processor.StandardDOMEventAttributeTagProcessor
[THYMELEAF]             * [* {th:onmouseover,data-th-onmouseover}] [1000]: karate.org.thymeleaf.standard.processor.StandardDOMEventAttributeTagProcessor
[THYMELEAF]             * [* {th:onredo,data-th-onredo}] [1000]: karate.org.thymeleaf.standard.processor.StandardDOMEventAttributeTagProcessor
[THYMELEAF]             * [* {th:ondragstart,data-th-ondragstart}] [1000]: karate.org.thymeleaf.standard.processor.StandardDOMEventAttributeTagProcessor
[THYMELEAF]             * [* {th:onloadedmetadata,data-th-onloadedmetadata}] [1000]: karate.org.thymeleaf.standard.processor.StandardDOMEventAttributeTagProcessor
[THYMELEAF]             * [* {th:ondurationchange,data-th-ondurationchange}] [1000]: karate.org.thymeleaf.standard.processor.StandardDOMEventAttributeTagProcessor
[THYMELEAF]             * [* {th:onafterprint,data-th-onafterprint}] [1000]: karate.org.thymeleaf.standard.processor.StandardDOMEventAttributeTagProcessor
[THYMELEAF]             * [* {th:onselect,data-th-onselect}] [1000]: karate.org.thymeleaf.standard.processor.StandardDOMEventAttributeTagProcessor
[THYMELEAF]             * [* {th:onstorage,data-th-onstorage}] [1000]: karate.org.thymeleaf.standard.processor.StandardDOMEventAttributeTagProcessor
[THYMELEAF]             * [* {th:onprogress,data-th-onprogress}] [1000]: karate.org.thymeleaf.standard.processor.StandardDOMEventAttributeTagProcessor
[THYMELEAF]             * [* {th:onkeydown,data-th-onkeydown}] [1000]: karate.org.thymeleaf.standard.processor.StandardDOMEventAttributeTagProcessor
[THYMELEAF]             * [* {th:oncanplay,data-th-oncanplay}] [1000]: karate.org.thymeleaf.standard.processor.StandardDOMEventAttributeTagProcessor
[THYMELEAF]             * [* {th:onmousedown,data-th-onmousedown}] [1000]: karate.org.thymeleaf.standard.processor.StandardDOMEventAttributeTagProcessor
[THYMELEAF]             * [* {th:onclick,data-th-onclick}] [1000]: karate.org.thymeleaf.standard.processor.StandardDOMEventAttributeTagProcessor
[THYMELEAF]             * [* {th:onmessage,data-th-onmessage}] [1000]: karate.org.thymeleaf.standard.processor.StandardDOMEventAttributeTagProcessor
[THYMELEAF]             * [* {th:onblur,data-th-onblur}] [1000]: karate.org.thymeleaf.standard.processor.StandardDOMEventAttributeTagProcessor
[THYMELEAF]             * [* {th:onresize,data-th-onresize}] [1000]: karate.org.thymeleaf.standard.processor.StandardDOMEventAttributeTagProcessor
[THYMELEAF]             * [* {th:onbeforeprint,data-th-onbeforeprint}] [1000]: karate.org.thymeleaf.standard.processor.StandardDOMEventAttributeTagProcessor
[THYMELEAF]             * [* {th:onpopstate,data-th-onpopstate}] [1000]: karate.org.thymeleaf.standard.processor.StandardDOMEventAttributeTagProcessor
[THYMELEAF]             * [* {th:onforminput,data-th-onforminput}] [1000]: karate.org.thymeleaf.standard.processor.StandardDOMEventAttributeTagProcessor
[THYMELEAF]             * [* {th:ondblclick,data-th-ondblclick}] [1000]: karate.org.thymeleaf.standard.processor.StandardDOMEventAttributeTagProcessor
[THYMELEAF]             * [* {th:onratechange,data-th-onratechange}] [1000]: karate.org.thymeleaf.standard.processor.StandardDOMEventAttributeTagProcessor
[THYMELEAF]             * [* {th:onmouseout,data-th-onmouseout}] [1000]: karate.org.thymeleaf.standard.processor.StandardDOMEventAttributeTagProcessor
[THYMELEAF]             * [* {th:ononline,data-th-ononline}] [1000]: karate.org.thymeleaf.standard.processor.StandardDOMEventAttributeTagProcessor
[THYMELEAF]             * [* {th:onshow,data-th-onshow}] [1000]: karate.org.thymeleaf.standard.processor.StandardDOMEventAttributeTagProcessor
[THYMELEAF]             * [* {th:onseeked,data-th-onseeked}] [1000]: karate.org.thymeleaf.standard.processor.StandardDOMEventAttributeTagProcessor
[THYMELEAF]             * [* {th:onplaying,data-th-onplaying}] [1000]: karate.org.thymeleaf.standard.processor.StandardDOMEventAttributeTagProcessor
[THYMELEAF]             * [* {th:onsuspend,data-th-onsuspend}] [1000]: karate.org.thymeleaf.standard.processor.StandardDOMEventAttributeTagProcessor
[THYMELEAF]             * [* {th:onhashchange,data-th-onhashchange}] [1000]: karate.org.thymeleaf.standard.processor.StandardDOMEventAttributeTagProcessor
[THYMELEAF]             * [* {th:oncanplaythrough,data-th-oncanplaythrough}] [1000]: karate.org.thymeleaf.standard.processor.StandardDOMEventAttributeTagProcessor
[THYMELEAF]             * [* {th:onkeyup,data-th-onkeyup}] [1000]: karate.org.thymeleaf.standard.processor.StandardDOMEventAttributeTagProcessor
[THYMELEAF]             * [* {th:onbeforeunload,data-th-onbeforeunload}] [1000]: karate.org.thymeleaf.standard.processor.StandardDOMEventAttributeTagProcessor
[THYMELEAF]             * [* {th:onended,data-th-onended}] [1000]: karate.org.thymeleaf.standard.processor.StandardDOMEventAttributeTagProcessor
[THYMELEAF]             * [* {th:onwaiting,data-th-onwaiting}] [1000]: karate.org.thymeleaf.standard.processor.StandardDOMEventAttributeTagProcessor
[THYMELEAF]             * [* {th:onloadstart,data-th-onloadstart}] [1000]: karate.org.thymeleaf.standard.processor.StandardDOMEventAttributeTagProcessor
[THYMELEAF]             * [* {th:ontimeupdate,data-th-ontimeupdate}] [1000]: karate.org.thymeleaf.standard.processor.StandardDOMEventAttributeTagProcessor
[THYMELEAF]             * [* {th:onmousemove,data-th-onmousemove}] [1000]: karate.org.thymeleaf.standard.processor.StandardDOMEventAttributeTagProcessor
[THYMELEAF]             * [* {th:ondragleave,data-th-ondragleave}] [1000]: karate.org.thymeleaf.standard.processor.StandardDOMEventAttributeTagProcessor
[THYMELEAF]             * [* {th:onscroll,data-th-onscroll}] [1000]: karate.org.thymeleaf.standard.processor.StandardDOMEventAttributeTagProcessor
[THYMELEAF]             * [* {th:ondragenter,data-th-ondragenter}] [1000]: karate.org.thymeleaf.standard.processor.StandardDOMEventAttributeTagProcessor
[THYMELEAF]             * [* {th:onkeypress,data-th-onkeypress}] [1000]: karate.org.thymeleaf.standard.processor.StandardDOMEventAttributeTagProcessor
[THYMELEAF]             * [* {th:onvolumechange,data-th-onvolumechange}] [1000]: karate.org.thymeleaf.standard.processor.StandardDOMEventAttributeTagProcessor
[THYMELEAF]             * [* {th:oncontextmenu,data-th-oncontextmenu}] [1000]: karate.org.thymeleaf.standard.processor.StandardDOMEventAttributeTagProcessor
[THYMELEAF]             * [* {th:href,data-th-href}] [1000]: karate.org.thymeleaf.standard.processor.StandardHrefTagProcessor
[THYMELEAF]             * [* {th:inline,data-th-inline}] [1000]: karate.org.thymeleaf.standard.processor.StandardInlineHTMLTagProcessor
[THYMELEAF]             * [* {th:method,data-th-method}] [1000]: karate.org.thymeleaf.standard.processor.StandardMethodTagProcessor
[THYMELEAF]             * [* {th:name,data-th-name}] [1000]: karate.org.thymeleaf.standard.processor.StandardNonRemovableAttributeTagProcessor
[THYMELEAF]             * [* {th:type,data-th-type}] [1000]: karate.org.thymeleaf.standard.processor.StandardNonRemovableAttributeTagProcessor
[THYMELEAF]             * [* {th:sizes,data-th-sizes}] [1000]: karate.org.thymeleaf.standard.processor.StandardRemovableAttributeTagProcessor
[THYMELEAF]             * [* {th:compact,data-th-compact}] [1000]: karate.org.thymeleaf.standard.processor.StandardRemovableAttributeTagProcessor
[THYMELEAF]             * [* {th:max,data-th-max}] [1000]: karate.org.thymeleaf.standard.processor.StandardRemovableAttributeTagProcessor
[THYMELEAF]             * [* {th:bgcolor,data-th-bgcolor}] [1000]: karate.org.thymeleaf.standard.processor.StandardRemovableAttributeTagProcessor
[THYMELEAF]             * [* {th:autocomplete,data-th-autocomplete}] [1000]: karate.org.thymeleaf.standard.processor.StandardRemovableAttributeTagProcessor
[THYMELEAF]             * [* {th:cellpadding,data-th-cellpadding}] [1000]: karate.org.thymeleaf.standard.processor.StandardRemovableAttributeTagProcessor
[THYMELEAF]             * [* {th:hreflang,data-th-hreflang}] [1000]: karate.org.thymeleaf.standard.processor.StandardRemovableAttributeTagProcessor
[THYMELEAF]             * [* {th:size,data-th-size}] [1000]: karate.org.thymeleaf.standard.processor.StandardRemovableAttributeTagProcessor
[THYMELEAF]             * [* {th:classid,data-th-classid}] [1000]: karate.org.thymeleaf.standard.processor.StandardRemovableAttributeTagProcessor
[THYMELEAF]             * [* {th:form,data-th-form}] [1000]: karate.org.thymeleaf.standard.processor.StandardRemovableAttributeTagProcessor
[THYMELEAF]             * [* {th:tabindex,data-th-tabindex}] [1000]: karate.org.thymeleaf.standard.processor.StandardRemovableAttributeTagProcessor
[THYMELEAF]             * [* {th:longdesc,data-th-longdesc}] [1000]: karate.org.thymeleaf.standard.processor.StandardRemovableAttributeTagProcessor
[THYMELEAF]             * [* {th:abbr,data-th-abbr}] [1000]: karate.org.thymeleaf.standard.processor.StandardRemovableAttributeTagProcessor
[THYMELEAF]             * [* {th:background,data-th-background}] [1000]: karate.org.thymeleaf.standard.processor.StandardRemovableAttributeTagProcessor
[THYMELEAF]             * [* {th:manifest,data-th-manifest}] [1000]: karate.org.thymeleaf.standard.processor.StandardRemovableAttributeTagProcessor
[THYMELEAF]             * [* {th:optimum,data-th-optimum}] [1000]: karate.org.thymeleaf.standard.processor.StandardRemovableAttributeTagProcessor
[THYMELEAF]             * [* {th:icon,data-th-icon}] [1000]: karate.org.thymeleaf.standard.processor.StandardRemovableAttributeTagProcessor
[THYMELEAF]             * [* {th:marginwidth,data-th-marginwidth}] [1000]: karate.org.thymeleaf.standard.processor.StandardRemovableAttributeTagProcessor
[THYMELEAF]             * [* {th:frameborder,data-th-frameborder}] [1000]: karate.org.thymeleaf.standard.processor.StandardRemovableAttributeTagProcessor
[THYMELEAF]             * [* {th:label,data-th-label}] [1000]: karate.org.thymeleaf.standard.processor.StandardRemovableAttributeTagProcessor
[THYMELEAF]             * [* {th:rows,data-th-rows}] [1000]: karate.org.thymeleaf.standard.processor.StandardRemovableAttributeTagProcessor
[THYMELEAF]             * [* {th:target,data-th-target}] [1000]: karate.org.thymeleaf.standard.processor.StandardRemovableAttributeTagProcessor
[THYMELEAF]             * [* {th:standby,data-th-standby}] [1000]: karate.org.thymeleaf.standard.processor.StandardRemovableAttributeTagProcessor
[THYMELEAF]             * [* {th:contenteditable,data-th-contenteditable}] [1000]: karate.org.thymeleaf.standard.processor.StandardRemovableAttributeTagProcessor
[THYMELEAF]             * [* {th:start,data-th-start}] [1000]: karate.org.thymeleaf.standard.processor.StandardRemovableAttributeTagProcessor
[THYMELEAF]             * [* {th:radiogroup,data-th-radiogroup}] [1000]: karate.org.thymeleaf.standard.processor.StandardRemovableAttributeTagProcessor
[THYMELEAF]             * [* {th:http-equiv,data-th-http-equiv}] [1000]: karate.org.thymeleaf.standard.processor.StandardRemovableAttributeTagProcessor
[THYMELEAF]             * [* {th:rules,data-th-rules}] [1000]: karate.org.thymeleaf.standard.processor.StandardRemovableAttributeTagProcessor
[THYMELEAF]             * [* {th:datetime,data-th-datetime}] [1000]: karate.org.thymeleaf.standard.processor.StandardRemovableAttributeTagProcessor
[THYMELEAF]             * [* {th:formaction,data-th-formaction}] [1000]: karate.org.thymeleaf.standard.processor.StandardRemovableAttributeTagProcessor
[THYMELEAF]             * [* {th:draggable,data-th-draggable}] [1000]: karate.org.thymeleaf.standard.processor.StandardRemovableAttributeTagProcessor
[THYMELEAF]             * [* {th:dropzone,data-th-dropzone}] [1000]: karate.org.thymeleaf.standard.processor.StandardRemovableAttributeTagProcessor
[THYMELEAF]             * [* {th:marginheight,data-th-marginheight}] [1000]: karate.org.thymeleaf.standard.processor.StandardRemovableAttributeTagProcessor
[THYMELEAF]             * [* {th:media,data-th-media}] [1000]: karate.org.thymeleaf.standard.processor.StandardRemovableAttributeTagProcessor
[THYMELEAF]             * [* {th:step,data-th-step}] [1000]: karate.org.thymeleaf.standard.processor.StandardRemovableAttributeTagProcessor
[THYMELEAF]             * [* {th:summary,data-th-summary}] [1000]: karate.org.thymeleaf.standard.processor.StandardRemovableAttributeTagProcessor
[THYMELEAF]             * [* {th:pattern,data-th-pattern}] [1000]: karate.org.thymeleaf.standard.processor.StandardRemovableAttributeTagProcessor
[THYMELEAF]             * [* {th:poster,data-th-poster}] [1000]: karate.org.thymeleaf.standard.processor.StandardRemovableAttributeTagProcessor
[THYMELEAF]             * [* {th:kind,data-th-kind}] [1000]: karate.org.thymeleaf.standard.processor.StandardRemovableAttributeTagProcessor
[THYMELEAF]             * [* {th:scrolling,data-th-scrolling}] [1000]: karate.org.thymeleaf.standard.processor.StandardRemovableAttributeTagProcessor
[THYMELEAF]             * [* {th:preload,data-th-preload}] [1000]: karate.org.thymeleaf.standard.processor.StandardRemovableAttributeTagProcessor
[THYMELEAF]             * [* {th:colspan,data-th-colspan}] [1000]: karate.org.thymeleaf.standard.processor.StandardRemovableAttributeTagProcessor
[THYMELEAF]             * [* {th:scope,data-th-scope}] [1000]: karate.org.thymeleaf.standard.processor.StandardRemovableAttributeTagProcessor
[THYMELEAF]             * [* {th:axis,data-th-axis}] [1000]: karate.org.thymeleaf.standard.processor.StandardRemovableAttributeTagProcessor
[THYMELEAF]             * [* {th:archive,data-th-archive}] [1000]: karate.org.thymeleaf.standard.processor.StandardRemovableAttributeTagProcessor
[THYMELEAF]             * [* {th:headers,data-th-headers}] [1000]: karate.org.thymeleaf.standard.processor.StandardRemovableAttributeTagProcessor
[THYMELEAF]             * [* {th:placeholder,data-th-placeholder}] [1000]: karate.org.thymeleaf.standard.processor.StandardRemovableAttributeTagProcessor
[THYMELEAF]             * [* {th:high,data-th-high}] [1000]: karate.org.thymeleaf.standard.processor.StandardRemovableAttributeTagProcessor
[THYMELEAF]             * [* {th:height,data-th-height}] [1000]: karate.org.thymeleaf.standard.processor.StandardRemovableAttributeTagProcessor
[THYMELEAF]             * [* {th:formmethod,data-th-formmethod}] [1000]: karate.org.thymeleaf.standard.processor.StandardRemovableAttributeTagProcessor
[THYMELEAF]             * [* {th:codebase,data-th-codebase}] [1000]: karate.org.thymeleaf.standard.processor.StandardRemovableAttributeTagProcessor
[THYMELEAF]             * [* {th:valuetype,data-th-valuetype}] [1000]: karate.org.thymeleaf.standard.processor.StandardRemovableAttributeTagProcessor
[THYMELEAF]             * [* {th:span,data-th-span}] [1000]: karate.org.thymeleaf.standard.processor.StandardRemovableAttributeTagProcessor
[THYMELEAF]             * [* {th:cite,data-th-cite}] [1000]: karate.org.thymeleaf.standard.processor.StandardRemovableAttributeTagProcessor
[THYMELEAF]             * [* {th:formtarget,data-th-formtarget}] [1000]: karate.org.thymeleaf.standard.processor.StandardRemovableAttributeTagProcessor
[THYMELEAF]             * [* {th:accesskey,data-th-accesskey}] [1000]: karate.org.thymeleaf.standard.processor.StandardRemovableAttributeTagProcessor
[THYMELEAF]             * [* {th:accept,data-th-accept}] [1000]: karate.org.thymeleaf.standard.processor.StandardRemovableAttributeTagProcessor
[THYMELEAF]             * [* {th:codetype,data-th-codetype}] [1000]: karate.org.thymeleaf.standard.processor.StandardRemovableAttributeTagProcessor
[THYMELEAF]             * [* {th:low,data-th-low}] [1000]: karate.org.thymeleaf.standard.processor.StandardRemovableAttributeTagProcessor
[THYMELEAF]             * [* {th:hspace,data-th-hspace}] [1000]: karate.org.thymeleaf.standard.processor.StandardRemovableAttributeTagProcessor
[THYMELEAF]             * [* {th:spellcheck,data-th-spellcheck}] [1000]: karate.org.thymeleaf.standard.processor.StandardRemovableAttributeTagProcessor
[THYMELEAF]             * [* {th:srclang,data-th-srclang}] [1000]: karate.org.thymeleaf.standard.processor.StandardRemovableAttributeTagProcessor
[THYMELEAF]             * [* {th:wrap,data-th-wrap}] [1000]: karate.org.thymeleaf.standard.processor.StandardRemovableAttributeTagProcessor
[THYMELEAF]             * [* {th:list,data-th-list}] [1000]: karate.org.thymeleaf.standard.processor.StandardRemovableAttributeTagProcessor
[THYMELEAF]             * [* {th:border,data-th-border}] [1000]: karate.org.thymeleaf.standard.processor.StandardRemovableAttributeTagProcessor
[THYMELEAF]             * [* {th:class,data-th-class}] [1000]: karate.org.thymeleaf.standard.processor.StandardRemovableAttributeTagProcessor
[THYMELEAF]             * [* {th:contextmenu,data-th-contextmenu}] [1000]: karate.org.thymeleaf.standard.processor.StandardRemovableAttributeTagProcessor
[THYMELEAF]             * [* {th:width,data-th-width}] [1000]: karate.org.thymeleaf.standard.processor.StandardRemovableAttributeTagProcessor
[THYMELEAF]             * [* {th:for,data-th-for}] [1000]: karate.org.thymeleaf.standard.processor.StandardRemovableAttributeTagProcessor
[THYMELEAF]             * [* {th:cols,data-th-cols}] [1000]: karate.org.thymeleaf.standard.processor.StandardRemovableAttributeTagProcessor
[THYMELEAF]             * [* {th:lang,data-th-lang}] [1000]: karate.org.thymeleaf.standard.processor.StandardRemovableAttributeTagProcessor
[THYMELEAF]             * [* {th:dir,data-th-dir}] [1000]: karate.org.thymeleaf.standard.processor.StandardRemovableAttributeTagProcessor
[THYMELEAF]             * [* {th:audio,data-th-audio}] [1000]: karate.org.thymeleaf.standard.processor.StandardRemovableAttributeTagProcessor
[THYMELEAF]             * [* {th:vspace,data-th-vspace}] [1000]: karate.org.thymeleaf.standard.processor.StandardRemovableAttributeTagProcessor
[THYMELEAF]             * [* {th:charset,data-th-charset}] [1000]: karate.org.thymeleaf.standard.processor.StandardRemovableAttributeTagProcessor
[THYMELEAF]             * [* {th:challenge,data-th-challenge}] [1000]: karate.org.thymeleaf.standard.processor.StandardRemovableAttributeTagProcessor
[THYMELEAF]             * [* {th:content,data-th-content}] [1000]: karate.org.thymeleaf.standard.processor.StandardRemovableAttributeTagProcessor
[THYMELEAF]             * [* {th:enctype,data-th-enctype}] [1000]: karate.org.thymeleaf.standard.processor.StandardRemovableAttributeTagProcessor
[THYMELEAF]             * [* {th:usemap,data-th-usemap}] [1000]: karate.org.thymeleaf.standard.processor.StandardRemovableAttributeTagProcessor
[THYMELEAF]             * [* {th:alt,data-th-alt}] [1000]: karate.org.thymeleaf.standard.processor.StandardRemovableAttributeTagProcessor
[THYMELEAF]             * [* {th:id,data-th-id}] [1000]: karate.org.thymeleaf.standard.processor.StandardRemovableAttributeTagProcessor
[THYMELEAF]             * [* {th:frame,data-th-frame}] [1000]: karate.org.thymeleaf.standard.processor.StandardRemovableAttributeTagProcessor
[THYMELEAF]             * [* {th:rowspan,data-th-rowspan}] [1000]: karate.org.thymeleaf.standard.processor.StandardRemovableAttributeTagProcessor
[THYMELEAF]             * [* {th:cellspacing,data-th-cellspacing}] [1000]: karate.org.thymeleaf.standard.processor.StandardRemovableAttributeTagProcessor
[THYMELEAF]             * [* {th:sandbox,data-th-sandbox}] [1000]: karate.org.thymeleaf.standard.processor.StandardRemovableAttributeTagProcessor
[THYMELEAF]             * [* {th:accept-charset,data-th-accept-charset}] [1000]: karate.org.thymeleaf.standard.processor.StandardRemovableAttributeTagProcessor
[THYMELEAF]             * [* {th:keytype,data-th-keytype}] [1000]: karate.org.thymeleaf.standard.processor.StandardRemovableAttributeTagProcessor
[THYMELEAF]             * [* {th:align,data-th-align}] [1000]: karate.org.thymeleaf.standard.processor.StandardRemovableAttributeTagProcessor
[THYMELEAF]             * [* {th:scheme,data-th-scheme}] [1000]: karate.org.thymeleaf.standard.processor.StandardRemovableAttributeTagProcessor
[THYMELEAF]             * [* {th:maxlength,data-th-maxlength}] [1000]: karate.org.thymeleaf.standard.processor.StandardRemovableAttributeTagProcessor
[THYMELEAF]             * [* {th:formenctype,data-th-formenctype}] [1000]: karate.org.thymeleaf.standard.processor.StandardRemovableAttributeTagProcessor
[THYMELEAF]             * [* {th:rev,data-th-rev}] [1000]: karate.org.thymeleaf.standard.processor.StandardRemovableAttributeTagProcessor
[THYMELEAF]             * [* {th:rel,data-th-rel}] [1000]: karate.org.thymeleaf.standard.processor.StandardRemovableAttributeTagProcessor
[THYMELEAF]             * [* {th:data,data-th-data}] [1000]: karate.org.thymeleaf.standard.processor.StandardRemovableAttributeTagProcessor
[THYMELEAF]             * [* {th:title,data-th-title}] [1000]: karate.org.thymeleaf.standard.processor.StandardRemovableAttributeTagProcessor
[THYMELEAF]             * [* {th:style,data-th-style}] [1000]: karate.org.thymeleaf.standard.processor.StandardRemovableAttributeTagProcessor
[THYMELEAF]             * [* {th:min,data-th-min}] [1000]: karate.org.thymeleaf.standard.processor.StandardRemovableAttributeTagProcessor
[THYMELEAF]             * [* {th:src,data-th-src}] [1000]: karate.org.thymeleaf.standard.processor.StandardSrcTagProcessor
[THYMELEAF]             * [* {th:value,data-th-value}] [1000]: karate.org.thymeleaf.standard.processor.StandardValueTagProcessor
[THYMELEAF]             * [* {th:xmlbase,data-th-xmlbase}] [1000]: karate.org.thymeleaf.standard.processor.StandardXmlBaseTagProcessor
[THYMELEAF]             * [* {th:xmllang,data-th-xmllang}] [1000]: karate.org.thymeleaf.standard.processor.StandardXmlLangTagProcessor
[THYMELEAF]             * [* {xmlns:th}] [1000]: karate.org.thymeleaf.standard.processor.StandardXmlNsTagProcessor
[THYMELEAF]             * [* {th:xmlspace,data-th-xmlspace}] [1000]: karate.org.thymeleaf.standard.processor.StandardXmlSpaceTagProcessor
[THYMELEAF]             * [* {th:classappend,data-th-classappend}] [1100]: karate.org.thymeleaf.standard.processor.StandardClassappendTagProcessor
[THYMELEAF]             * [* {th:styleappend,data-th-styleappend}] [1100]: karate.org.thymeleaf.standard.processor.StandardStyleappendTagProcessor
[THYMELEAF]             * [* {th:text,data-th-text}] [1300]: karate.org.thymeleaf.standard.processor.StandardTextTagProcessor
[THYMELEAF]             * [* {th:utext,data-th-utext}] [1400]: karate.org.thymeleaf.standard.processor.StandardUtextTagProcessor
[THYMELEAF]             * [* {th:fragment,data-th-fragment}] [1500]: karate.org.thymeleaf.standard.processor.StandardFragmentTagProcessor
[THYMELEAF]             * [* {th:assert,data-th-assert}] [1550]: karate.org.thymeleaf.standard.processor.StandardAssertTagProcessor
[THYMELEAF]             * [* {th:remove,data-th-remove}] [1600]: karate.org.thymeleaf.standard.processor.StandardRemoveTagProcessor
[THYMELEAF]             * [* {th:ref,data-th-ref}] [10000]: karate.org.thymeleaf.standard.processor.StandardRefAttributeTagProcessor
[THYMELEAF]             * [{th:block,th-block} *] [100000]: karate.org.thymeleaf.standard.processor.StandardBlockTagProcessor
[THYMELEAF]             * [* th:*] [2147483647]: karate.org.thymeleaf.standard.processor.StandardDefaultAttributesTagProcessor
[THYMELEAF]         * Text Processors by [precedence]:
[THYMELEAF]             * [1000]: karate.org.thymeleaf.standard.processor.StandardInliningTextProcessor
[THYMELEAF]         * DOCTYPE Processors by [precedence]:
[THYMELEAF]             * [1000]: karate.org.thymeleaf.standard.processor.StandardTranslationDocTypeProcessor
[THYMELEAF]         * CDATA Section Processors by [precedence]:
[THYMELEAF]             * [1000]: karate.org.thymeleaf.standard.processor.StandardInliningCDATASectionProcessor
[THYMELEAF]         * Comment Processors by [precedence]:
[THYMELEAF]             * [1000]: karate.org.thymeleaf.standard.processor.StandardInliningCommentProcessor
[THYMELEAF]             * [1100]: karate.org.thymeleaf.standard.processor.StandardConditionalCommentProcessor
[THYMELEAF]     * Processors for Template Mode: XML
[THYMELEAF]         * Element Tag Processors by [matching element and attribute name] [precedence]:
[THYMELEAF]             * [* {th:include}] [100]: karate.org.thymeleaf.standard.processor.StandardIncludeTagProcessor
[THYMELEAF]             * [* {th:insert}] [100]: karate.org.thymeleaf.standard.processor.StandardInsertTagProcessor
[THYMELEAF]             * [* {th:replace}] [100]: karate.org.thymeleaf.standard.processor.StandardReplaceTagProcessor
[THYMELEAF]             * [* {th:substituteby}] [100]: karate.org.thymeleaf.standard.processor.StandardSubstituteByTagProcessor
[THYMELEAF]             * [* {th:each}] [200]: com.intuit.karate.template.KarateEachTagProcessor
[THYMELEAF]             * [* {th:switch}] [250]: karate.org.thymeleaf.standard.processor.StandardSwitchTagProcessor
[THYMELEAF]             * [* {th:case}] [275]: karate.org.thymeleaf.standard.processor.StandardCaseTagProcessor
[THYMELEAF]             * [* {th:if}] [300]: karate.org.thymeleaf.standard.processor.StandardIfTagProcessor
[THYMELEAF]             * [* {th:unless}] [400]: karate.org.thymeleaf.standard.processor.StandardUnlessTagProcessor
[THYMELEAF]             * [* {th:object}] [500]: karate.org.thymeleaf.standard.processor.StandardObjectTagProcessor
[THYMELEAF]             * [* {th:with}] [600]: com.intuit.karate.template.KarateWithTagProcessor
[THYMELEAF]             * [* {th:attr}] [700]: com.intuit.karate.template.KarateAttributeTagProcessor.KarateAttrTagProcessor
[THYMELEAF]             * [* {th:attrappend}] [900]: com.intuit.karate.template.KarateAttributeTagProcessor.KarateAttrappendTagProcessor
[THYMELEAF]             * [* {th:attrprepend}] [900]: com.intuit.karate.template.KarateAttributeTagProcessor.KarateAttrprependTagProcessor
[THYMELEAF]             * [* {th:inline}] [1000]: karate.org.thymeleaf.standard.processor.StandardInlineXMLTagProcessor
[THYMELEAF]             * [* {xmlns:th}] [1000]: karate.org.thymeleaf.standard.processor.StandardXmlNsTagProcessor
[THYMELEAF]             * [* {th:text}] [1300]: karate.org.thymeleaf.standard.processor.StandardTextTagProcessor
[THYMELEAF]             * [* {th:utext}] [1400]: karate.org.thymeleaf.standard.processor.StandardUtextTagProcessor
[THYMELEAF]             * [* {th:fragment}] [1500]: karate.org.thymeleaf.standard.processor.StandardFragmentTagProcessor
[THYMELEAF]             * [* {th:assert}] [1550]: karate.org.thymeleaf.standard.processor.StandardAssertTagProcessor
[THYMELEAF]             * [* {th:remove}] [1600]: karate.org.thymeleaf.standard.processor.StandardRemoveTagProcessor
[THYMELEAF]             * [* {th:ref}] [10000]: karate.org.thymeleaf.standard.processor.StandardRefAttributeTagProcessor
[THYMELEAF]             * [{th:block} *] [100000]: karate.org.thymeleaf.standard.processor.StandardBlockTagProcessor
[THYMELEAF]             * [* th:*] [2147483647]: karate.org.thymeleaf.standard.processor.StandardDefaultAttributesTagProcessor
[THYMELEAF]         * Text Processors by [precedence]:
[THYMELEAF]             * [1000]: karate.org.thymeleaf.standard.processor.StandardInliningTextProcessor
[THYMELEAF]         * CDATA Section Processors by [precedence]:
[THYMELEAF]             * [1000]: karate.org.thymeleaf.standard.processor.StandardInliningCDATASectionProcessor
[THYMELEAF]         * Comment Processors by [precedence]:
[THYMELEAF]             * [1000]: karate.org.thymeleaf.standard.processor.StandardInliningCommentProcessor
[THYMELEAF]     * Processors for Template Mode: TEXT
[THYMELEAF]         * Element Tag Processors by [matching element and attribute name] [precedence]:
[THYMELEAF]             * [* {th:insert}] [100]: karate.org.thymeleaf.standard.processor.StandardInsertTagProcessor
[THYMELEAF]             * [* {th:replace}] [100]: karate.org.thymeleaf.standard.processor.StandardReplaceTagProcessor
[THYMELEAF]             * [* {th:each}] [200]: com.intuit.karate.template.KarateEachTagProcessor
[THYMELEAF]             * [* {th:switch}] [250]: karate.org.thymeleaf.standard.processor.StandardSwitchTagProcessor
[THYMELEAF]             * [* {th:case}] [275]: karate.org.thymeleaf.standard.processor.StandardCaseTagProcessor
[THYMELEAF]             * [* {th:if}] [300]: karate.org.thymeleaf.standard.processor.StandardIfTagProcessor
[THYMELEAF]             * [* {th:unless}] [400]: karate.org.thymeleaf.standard.processor.StandardUnlessTagProcessor
[THYMELEAF]             * [* {th:object}] [500]: karate.org.thymeleaf.standard.processor.StandardObjectTagProcessor
[THYMELEAF]             * [* {th:with}] [600]: com.intuit.karate.template.KarateWithTagProcessor
[THYMELEAF]             * [* {th:inline}] [1000]: karate.org.thymeleaf.standard.processor.StandardInlineTextualTagProcessor
[THYMELEAF]             * [* {th:text}] [1300]: karate.org.thymeleaf.standard.processor.StandardTextTagProcessor
[THYMELEAF]             * [* {th:utext}] [1400]: karate.org.thymeleaf.standard.processor.StandardUtextTagProcessor
[THYMELEAF]             * [* {th:assert}] [1550]: karate.org.thymeleaf.standard.processor.StandardAssertTagProcessor
[THYMELEAF]             * [* {th:remove}] [1600]: karate.org.thymeleaf.standard.processor.StandardRemoveTagProcessor
[THYMELEAF]             * [* 100000] [karate.org.thymeleaf.standard.processor.StandardBlockTagProcessor]: {}
[THYMELEAF]             * [{th:block} *] [100000]: karate.org.thymeleaf.standard.processor.StandardBlockTagProcessor
[THYMELEAF]         * Text Processors by [precedence]:
[THYMELEAF]             * [1000]: karate.org.thymeleaf.standard.processor.StandardInliningTextProcessor
[THYMELEAF]     * Processors for Template Mode: JAVASCRIPT
[THYMELEAF]         * Element Tag Processors by [matching element and attribute name] [precedence]:
[THYMELEAF]             * [* {th:insert}] [100]: karate.org.thymeleaf.standard.processor.StandardInsertTagProcessor
[THYMELEAF]             * [* {th:replace}] [100]: karate.org.thymeleaf.standard.processor.StandardReplaceTagProcessor
[THYMELEAF]             * [* {th:each}] [200]: com.intuit.karate.template.KarateEachTagProcessor
[THYMELEAF]             * [* {th:switch}] [250]: karate.org.thymeleaf.standard.processor.StandardSwitchTagProcessor
[THYMELEAF]             * [* {th:case}] [275]: karate.org.thymeleaf.standard.processor.StandardCaseTagProcessor
[THYMELEAF]             * [* {th:if}] [300]: karate.org.thymeleaf.standard.processor.StandardIfTagProcessor
[THYMELEAF]             * [* {th:unless}] [400]: karate.org.thymeleaf.standard.processor.StandardUnlessTagProcessor
[THYMELEAF]             * [* {th:object}] [500]: karate.org.thymeleaf.standard.processor.StandardObjectTagProcessor
[THYMELEAF]             * [* {th:with}] [600]: com.intuit.karate.template.KarateWithTagProcessor
[THYMELEAF]             * [* {th:inline}] [1000]: karate.org.thymeleaf.standard.processor.StandardInlineTextualTagProcessor
[THYMELEAF]             * [* {th:text}] [1300]: karate.org.thymeleaf.standard.processor.StandardTextTagProcessor
[THYMELEAF]             * [* {th:utext}] [1400]: karate.org.thymeleaf.standard.processor.StandardUtextTagProcessor
[THYMELEAF]             * [* {th:assert}] [1550]: karate.org.thymeleaf.standard.processor.StandardAssertTagProcessor
[THYMELEAF]             * [* {th:remove}] [1600]: karate.org.thymeleaf.standard.processor.StandardRemoveTagProcessor
[THYMELEAF]             * [{th:block} *] [100000]: karate.org.thymeleaf.standard.processor.StandardBlockTagProcessor
[THYMELEAF]             * [* 100000] [karate.org.thymeleaf.standard.processor.StandardBlockTagProcessor]: {}
[THYMELEAF]         * Text Processors by [precedence]:
[THYMELEAF]             * [1000]: karate.org.thymeleaf.standard.processor.StandardInliningTextProcessor
[THYMELEAF]     * Processors for Template Mode: CSS
[THYMELEAF]         * Element Tag Processors by [matching element and attribute name] [precedence]:
[THYMELEAF]             * [* {th:insert}] [100]: karate.org.thymeleaf.standard.processor.StandardInsertTagProcessor
[THYMELEAF]             * [* {th:replace}] [100]: karate.org.thymeleaf.standard.processor.StandardReplaceTagProcessor
[THYMELEAF]             * [* {th:each}] [200]: com.intuit.karate.template.KarateEachTagProcessor
[THYMELEAF]             * [* {th:switch}] [250]: karate.org.thymeleaf.standard.processor.StandardSwitchTagProcessor
[THYMELEAF]             * [* {th:case}] [275]: karate.org.thymeleaf.standard.processor.StandardCaseTagProcessor
[THYMELEAF]             * [* {th:if}] [300]: karate.org.thymeleaf.standard.processor.StandardIfTagProcessor
[THYMELEAF]             * [* {th:unless}] [400]: karate.org.thymeleaf.standard.processor.StandardUnlessTagProcessor
[THYMELEAF]             * [* {th:object}] [500]: karate.org.thymeleaf.standard.processor.StandardObjectTagProcessor
[THYMELEAF]             * [* {th:with}] [600]: com.intuit.karate.template.KarateWithTagProcessor
[THYMELEAF]             * [* {th:inline}] [1000]: karate.org.thymeleaf.standard.processor.StandardInlineTextualTagProcessor
[THYMELEAF]             * [* {th:text}] [1300]: karate.org.thymeleaf.standard.processor.StandardTextTagProcessor
[THYMELEAF]             * [* {th:utext}] [1400]: karate.org.thymeleaf.standard.processor.StandardUtextTagProcessor
[THYMELEAF]             * [* {th:assert}] [1550]: karate.org.thymeleaf.standard.processor.StandardAssertTagProcessor
[THYMELEAF]             * [* {th:remove}] [1600]: karate.org.thymeleaf.standard.processor.StandardRemoveTagProcessor
[THYMELEAF]             * [* 100000] [karate.org.thymeleaf.standard.processor.StandardBlockTagProcessor]: {}
[THYMELEAF]             * [{th:block} *] [100000]: karate.org.thymeleaf.standard.processor.StandardBlockTagProcessor
[THYMELEAF]         * Text Processors by [precedence]:
[THYMELEAF]             * [1000]: karate.org.thymeleaf.standard.processor.StandardInliningTextProcessor
[THYMELEAF]     * Expression Objects:
[THYMELEAF]         * #ctx
[THYMELEAF]         * #root
[THYMELEAF]         * #vars
[THYMELEAF]         * #object
[THYMELEAF]         * #locale
[THYMELEAF]         * #request
[THYMELEAF]         * #response
[THYMELEAF]         * #session
[THYMELEAF]         * #servletContext
[THYMELEAF]         * #conversions
[THYMELEAF]         * #uris
[THYMELEAF]         * #calendars
[THYMELEAF]         * #dates
[THYMELEAF]         * #bools
[THYMELEAF]         * #numbers
[THYMELEAF]         * #objects
[THYMELEAF]         * #strings
[THYMELEAF]         * #arrays
[THYMELEAF]         * #lists
[THYMELEAF]         * #sets
[THYMELEAF]         * #maps
[THYMELEAF]         * #aggregates
[THYMELEAF]         * #messages
[THYMELEAF]         * #ids
[THYMELEAF]         * #execInfo
[THYMELEAF]         * #httpServletRequest
[THYMELEAF]         * #httpSession
[THYMELEAF]     * Execution Attributes:
[THYMELEAF]         * "StandardExpressionParser": com.intuit.karate.template.KarateStandardDialect@2b4adc78
[THYMELEAF]         * "StandardJavaScriptSerializer": karate.org.thymeleaf.standard.serializer.StandardJavaScriptSerializer@1ecaa583
[THYMELEAF]         * "StandardCSSSerializer": karate.org.thymeleaf.standard.serializer.StandardCSSSerializer@1e1e9f2
[THYMELEAF]         * "StandardVariableExpressionEvaluator": com.intuit.karate.template.KarateStandardDialect@2b4adc78
[THYMELEAF]         * "StandardConversionService": karate.org.thymeleaf.standard.expression.StandardConversionService@780d6b0a
[THYMELEAF] * Dialect [2 of 2]: karate (com.intuit.karate.template.KarateScriptDialect)
[THYMELEAF]     * Prefix: "ka"
[THYMELEAF]     * Processors for Template Mode: HTML
[THYMELEAF]         * Element Tag Processors by [matching element and attribute name] [precedence]:
[THYMELEAF]             * [* {src}] [1000]: com.intuit.karate.template.KaScriptAttrProcessor
[THYMELEAF]         * Element Model Processors by [matching element and attribute name] [precedence]:
[THYMELEAF]             * [{script} {ka:scope,data-ka-scope}] [1000]: com.intuit.karate.template.KaScriptElemProcessor
[THYMELEAF]             * [* {ka:set,data-ka-set}] [1000]: com.intuit.karate.template.KaSetElemProcessor
[THYMELEAF] TEMPLATE ENGINE CONFIGURED OK
11:39:22.651 [pool-2-thread-1] DEBUG karate.org.thymeleaf.TemplateEngine - [THYMELEAF] TEMPLATE ENGINE INITIALIZED
---------------------------------------------------------
feature: classpath:meterManagerTest/meterPost/meter-post.feature
scenarios: 10 | passed: 10 | failed:  0 | time: 3,1689
---------------------------------------------------------

11:39:22.884 [pool-2-thread-1] INFO com.intuit.karate.Suite - <<pass>> feature 4 of 5 (1 remaining) classpath:meterManagerTest/meterPost/meter-post.feature
11:39:22.913 [Test worker] DEBUG com.jayway.jsonpath.internal.path.CompiledPath - Evaluating path: $
11:39:22.940 [Test worker] DEBUG com.jayway.jsonpath.internal.path.CompiledPath - Evaluating path: $
11:39:22.970 [Test worker] DEBUG com.jayway.jsonpath.internal.path.CompiledPath - Evaluating path: $
11:39:23.028 [Test worker] DEBUG com.jayway.jsonpath.internal.path.CompiledPath - Evaluating path: $
Karate version: 1.2.0.RC4
======================================================
elapsed:  12,62 | threads:    2 | thread time: 19,76 
features:     4 | skipped:    1 | efficiency: 0,78
scenarios:   28 | passed:    28 | failed: 0
======================================================
11:39:23.070 [Test worker] DEBUG karate.org.thymeleaf.TemplateEngine - [THYMELEAF] INITIALIZING TEMPLATE ENGINE
11:39:23.085 [Test worker] DEBUG karate.org.thymeleaf.TemplateEngine.CONFIG - Initializing Thymeleaf Template engine configuration...
[THYMELEAF] TEMPLATE ENGINE CONFIGURATION:
[THYMELEAF] * Thymeleaf version: 3.0.14.RELEASE (built 2021-12-08T00:45:29+0000)
[THYMELEAF] * Cache Manager implementation: karate.org.thymeleaf.cache.StandardCacheManager
[THYMELEAF] * Template resolvers:
[THYMELEAF]     * [1] com.intuit.karate.template.ResourceHtmlTemplateResolver
[THYMELEAF] * Message resolvers:
[THYMELEAF]     * karate.org.thymeleaf.messageresolver.StandardMessageResolver
[THYMELEAF] * Link builders:
[THYMELEAF]     * karate.org.thymeleaf.linkbuilder.StandardLinkBuilder
[THYMELEAF] * Dialect [1 of 2]: Standard (com.intuit.karate.template.KarateStandardDialect)
[THYMELEAF]     * Prefix: "th"
[THYMELEAF]     * Processors for Template Mode: HTML
[THYMELEAF]         * Element Tag Processors by [matching element and attribute name] [precedence]:
[THYMELEAF]             * [* {th:include,data-th-include}] [100]: karate.org.thymeleaf.standard.processor.StandardIncludeTagProcessor
[THYMELEAF]             * [* {th:insert,data-th-insert}] [100]: karate.org.thymeleaf.standard.processor.StandardInsertTagProcessor
[THYMELEAF]             * [* {th:replace,data-th-replace}] [100]: karate.org.thymeleaf.standard.processor.StandardReplaceTagProcessor
[THYMELEAF]             * [* {th:substituteby,data-th-substituteby}] [100]: karate.org.thymeleaf.standard.processor.StandardSubstituteByTagProcessor
[THYMELEAF]             * [* {th:each,data-th-each}] [200]: com.intuit.karate.template.KarateEachTagProcessor
[THYMELEAF]             * [* {th:switch,data-th-switch}] [250]: karate.org.thymeleaf.standard.processor.StandardSwitchTagProcessor
[THYMELEAF]             * [* {th:case,data-th-case}] [275]: karate.org.thymeleaf.standard.processor.StandardCaseTagProcessor
[THYMELEAF]             * [* {th:if,data-th-if}] [300]: karate.org.thymeleaf.standard.processor.StandardIfTagProcessor
[THYMELEAF]             * [* {th:unless,data-th-unless}] [400]: karate.org.thymeleaf.standard.processor.StandardUnlessTagProcessor
[THYMELEAF]             * [* {th:object,data-th-object}] [500]: karate.org.thymeleaf.standard.processor.StandardObjectTagProcessor
[THYMELEAF]             * [* {th:with,data-th-with}] [600]: com.intuit.karate.template.KarateWithTagProcessor
[THYMELEAF]             * [* {th:attr,data-th-attr}] [700]: com.intuit.karate.template.KarateAttributeTagProcessor.KarateAttrTagProcessor
[THYMELEAF]             * [* {th:attrappend,data-th-attrappend}] [900]: com.intuit.karate.template.KarateAttributeTagProcessor.KarateAttrappendTagProcessor
[THYMELEAF]             * [* {th:attrprepend,data-th-attrprepend}] [900]: com.intuit.karate.template.KarateAttributeTagProcessor.KarateAttrprependTagProcessor
[THYMELEAF]             * [* {th:alt-title,data-th-alt-title}] [990]: karate.org.thymeleaf.standard.processor.StandardAltTitleTagProcessor
[THYMELEAF]             * [* {th:lang-xmllang,data-th-lang-xmllang}] [990]: karate.org.thymeleaf.standard.processor.StandardLangXmlLangTagProcessor
[THYMELEAF]             * [* {th:action,data-th-action}] [1000]: karate.org.thymeleaf.standard.processor.StandardActionTagProcessor
[THYMELEAF]             * [* {th:seamless,data-th-seamless}] [1000]: karate.org.thymeleaf.standard.processor.StandardConditionalFixedValueTagProcessor
[THYMELEAF]             * [* {th:open,data-th-open}] [1000]: karate.org.thymeleaf.standard.processor.StandardConditionalFixedValueTagProcessor
[THYMELEAF]             * [* {th:selected,data-th-selected}] [1000]: karate.org.thymeleaf.standard.processor.StandardConditionalFixedValueTagProcessor
[THYMELEAF]             * [* {th:disabled,data-th-disabled}] [1000]: karate.org.thymeleaf.standard.processor.StandardConditionalFixedValueTagProcessor
[THYMELEAF]             * [* {th:readonly,data-th-readonly}] [1000]: karate.org.thymeleaf.standard.processor.StandardConditionalFixedValueTagProcessor
[THYMELEAF]             * [* {th:declare,data-th-declare}] [1000]: karate.org.thymeleaf.standard.processor.StandardConditionalFixedValueTagProcessor
[THYMELEAF]             * [* {th:nowrap,data-th-nowrap}] [1000]: karate.org.thymeleaf.standard.processor.StandardConditionalFixedValueTagProcessor
[THYMELEAF]             * [* {th:default,data-th-default}] [1000]: karate.org.thymeleaf.standard.processor.StandardConditionalFixedValueTagProcessor
[THYMELEAF]             * [* {th:defer,data-th-defer}] [1000]: karate.org.thymeleaf.standard.processor.StandardConditionalFixedValueTagProcessor
[THYMELEAF]             * [* {th:async,data-th-async}] [1000]: karate.org.thymeleaf.standard.processor.StandardConditionalFixedValueTagProcessor
[THYMELEAF]             * [* {th:novalidate,data-th-novalidate}] [1000]: karate.org.thymeleaf.standard.processor.StandardConditionalFixedValueTagProcessor
[THYMELEAF]             * [* {th:checked,data-th-checked}] [1000]: karate.org.thymeleaf.standard.processor.StandardConditionalFixedValueTagProcessor
[THYMELEAF]             * [* {th:loop,data-th-loop}] [1000]: karate.org.thymeleaf.standard.processor.StandardConditionalFixedValueTagProcessor
[THYMELEAF]             * [* {th:formnovalidate,data-th-formnovalidate}] [1000]: karate.org.thymeleaf.standard.processor.StandardConditionalFixedValueTagProcessor
[THYMELEAF]             * [* {th:autoplay,data-th-autoplay}] [1000]: karate.org.thymeleaf.standard.processor.StandardConditionalFixedValueTagProcessor
[THYMELEAF]             * [* {th:scoped,data-th-scoped}] [1000]: karate.org.thymeleaf.standard.processor.StandardConditionalFixedValueTagProcessor
[THYMELEAF]             * [* {th:reversed,data-th-reversed}] [1000]: karate.org.thymeleaf.standard.processor.StandardConditionalFixedValueTagProcessor
[THYMELEAF]             * [* {th:ismap,data-th-ismap}] [1000]: karate.org.thymeleaf.standard.processor.StandardConditionalFixedValueTagProcessor
[THYMELEAF]             * [* {th:required,data-th-required}] [1000]: karate.org.thymeleaf.standard.processor.StandardConditionalFixedValueTagProcessor
[THYMELEAF]             * [* {th:controls,data-th-controls}] [1000]: karate.org.thymeleaf.standard.processor.StandardConditionalFixedValueTagProcessor
[THYMELEAF]             * [* {th:autofocus,data-th-autofocus}] [1000]: karate.org.thymeleaf.standard.processor.StandardConditionalFixedValueTagProcessor
[THYMELEAF]             * [* {th:pubdate,data-th-pubdate}] [1000]: karate.org.thymeleaf.standard.processor.StandardConditionalFixedValueTagProcessor
[THYMELEAF]             * [* {th:hidden,data-th-hidden}] [1000]: karate.org.thymeleaf.standard.processor.StandardConditionalFixedValueTagProcessor
[THYMELEAF]             * [* {th:multiple,data-th-multiple}] [1000]: karate.org.thymeleaf.standard.processor.StandardConditionalFixedValueTagProcessor
[THYMELEAF]             * [* {th:onblur,data-th-onblur}] [1000]: karate.org.thymeleaf.standard.processor.StandardDOMEventAttributeTagProcessor
[THYMELEAF]             * [* {th:ondrag,data-th-ondrag}] [1000]: karate.org.thymeleaf.standard.processor.StandardDOMEventAttributeTagProcessor
[THYMELEAF]             * [* {th:onkeypress,data-th-onkeypress}] [1000]: karate.org.thymeleaf.standard.processor.StandardDOMEventAttributeTagProcessor
[THYMELEAF]             * [* {th:onprogress,data-th-onprogress}] [1000]: karate.org.thymeleaf.standard.processor.StandardDOMEventAttributeTagProcessor
[THYMELEAF]             * [* {th:onerror,data-th-onerror}] [1000]: karate.org.thymeleaf.standard.processor.StandardDOMEventAttributeTagProcessor
[THYMELEAF]             * [* {th:ondragenter,data-th-ondragenter}] [1000]: karate.org.thymeleaf.standard.processor.StandardDOMEventAttributeTagProcessor
[THYMELEAF]             * [* {th:onsubmit,data-th-onsubmit}] [1000]: karate.org.thymeleaf.standard.processor.StandardDOMEventAttributeTagProcessor
[THYMELEAF]             * [* {th:onmouseout,data-th-onmouseout}] [1000]: karate.org.thymeleaf.standard.processor.StandardDOMEventAttributeTagProcessor
[THYMELEAF]             * [* {th:onbeforeprint,data-th-onbeforeprint}] [1000]: karate.org.thymeleaf.standard.processor.StandardDOMEventAttributeTagProcessor
[THYMELEAF]             * [* {th:onseeked,data-th-onseeked}] [1000]: karate.org.thymeleaf.standard.processor.StandardDOMEventAttributeTagProcessor
[THYMELEAF]             * [* {th:onplaying,data-th-onplaying}] [1000]: karate.org.thymeleaf.standard.processor.StandardDOMEventAttributeTagProcessor
[THYMELEAF]             * [* {th:oninput,data-th-oninput}] [1000]: karate.org.thymeleaf.standard.processor.StandardDOMEventAttributeTagProcessor
[THYMELEAF]             * [* {th:ondragstart,data-th-ondragstart}] [1000]: karate.org.thymeleaf.standard.processor.StandardDOMEventAttributeTagProcessor
[THYMELEAF]             * [* {th:onafterprint,data-th-onafterprint}] [1000]: karate.org.thymeleaf.standard.processor.StandardDOMEventAttributeTagProcessor
[THYMELEAF]             * [* {th:onshow,data-th-onshow}] [1000]: karate.org.thymeleaf.standard.processor.StandardDOMEventAttributeTagProcessor
[THYMELEAF]             * [* {th:onundo,data-th-onundo}] [1000]: karate.org.thymeleaf.standard.processor.StandardDOMEventAttributeTagProcessor
[THYMELEAF]             * [* {th:onmessage,data-th-onmessage}] [1000]: karate.org.thymeleaf.standard.processor.StandardDOMEventAttributeTagProcessor
[THYMELEAF]             * [* {th:onmouseup,data-th-onmouseup}] [1000]: karate.org.thymeleaf.standard.processor.StandardDOMEventAttributeTagProcessor
[THYMELEAF]             * [* {th:onfocus,data-th-onfocus}] [1000]: karate.org.thymeleaf.standard.processor.StandardDOMEventAttributeTagProcessor
[THYMELEAF]             * [* {th:onloadeddata,data-th-onloadeddata}] [1000]: karate.org.thymeleaf.standard.processor.StandardDOMEventAttributeTagProcessor
[THYMELEAF]             * [* {th:onseeking,data-th-onseeking}] [1000]: karate.org.thymeleaf.standard.processor.StandardDOMEventAttributeTagProcessor
[THYMELEAF]             * [* {th:onmouseover,data-th-onmouseover}] [1000]: karate.org.thymeleaf.standard.processor.StandardDOMEventAttributeTagProcessor
[THYMELEAF]             * [* {th:onstorage,data-th-onstorage}] [1000]: karate.org.thymeleaf.standard.processor.StandardDOMEventAttributeTagProcessor
[THYMELEAF]             * [* {th:onresize,data-th-onresize}] [1000]: karate.org.thymeleaf.standard.processor.StandardDOMEventAttributeTagProcessor
[THYMELEAF]             * [* {th:onloadstart,data-th-onloadstart}] [1000]: karate.org.thymeleaf.standard.processor.StandardDOMEventAttributeTagProcessor
[THYMELEAF]             * [* {th:onsuspend,data-th-onsuspend}] [1000]: karate.org.thymeleaf.standard.processor.StandardDOMEventAttributeTagProcessor
[THYMELEAF]             * [* {th:onbeforeunload,data-th-onbeforeunload}] [1000]: karate.org.thymeleaf.standard.processor.StandardDOMEventAttributeTagProcessor
[THYMELEAF]             * [* {th:onredo,data-th-onredo}] [1000]: karate.org.thymeleaf.standard.processor.StandardDOMEventAttributeTagProcessor
[THYMELEAF]             * [* {th:onmousedown,data-th-onmousedown}] [1000]: karate.org.thymeleaf.standard.processor.StandardDOMEventAttributeTagProcessor
[THYMELEAF]             * [* {th:onunload,data-th-onunload}] [1000]: karate.org.thymeleaf.standard.processor.StandardDOMEventAttributeTagProcessor
[THYMELEAF]             * [* {th:ontimeupdate,data-th-ontimeupdate}] [1000]: karate.org.thymeleaf.standard.processor.StandardDOMEventAttributeTagProcessor
[THYMELEAF]             * [* {th:onclick,data-th-onclick}] [1000]: karate.org.thymeleaf.standard.processor.StandardDOMEventAttributeTagProcessor
[THYMELEAF]             * [* {th:onended,data-th-onended}] [1000]: karate.org.thymeleaf.standard.processor.StandardDOMEventAttributeTagProcessor
[THYMELEAF]             * [* {th:ondurationchange,data-th-ondurationchange}] [1000]: karate.org.thymeleaf.standard.processor.StandardDOMEventAttributeTagProcessor
[THYMELEAF]             * [* {th:onreadystatechange,data-th-onreadystatechange}] [1000]: karate.org.thymeleaf.standard.processor.StandardDOMEventAttributeTagProcessor
[THYMELEAF]             * [* {th:onforminput,data-th-onforminput}] [1000]: karate.org.thymeleaf.standard.processor.StandardDOMEventAttributeTagProcessor
[THYMELEAF]             * [* {th:oninvalid,data-th-oninvalid}] [1000]: karate.org.thymeleaf.standard.processor.StandardDOMEventAttributeTagProcessor
[THYMELEAF]             * [* {th:onabort,data-th-onabort}] [1000]: karate.org.thymeleaf.standard.processor.StandardDOMEventAttributeTagProcessor
[THYMELEAF]             * [* {th:ondragover,data-th-ondragover}] [1000]: karate.org.thymeleaf.standard.processor.StandardDOMEventAttributeTagProcessor
[THYMELEAF]             * [* {th:onkeyup,data-th-onkeyup}] [1000]: karate.org.thymeleaf.standard.processor.StandardDOMEventAttributeTagProcessor
[THYMELEAF]             * [* {th:ondrop,data-th-ondrop}] [1000]: karate.org.thymeleaf.standard.processor.StandardDOMEventAttributeTagProcessor
[THYMELEAF]             * [* {th:onoffline,data-th-onoffline}] [1000]: karate.org.thymeleaf.standard.processor.StandardDOMEventAttributeTagProcessor
[THYMELEAF]             * [* {th:ononline,data-th-ononline}] [1000]: karate.org.thymeleaf.standard.processor.StandardDOMEventAttributeTagProcessor
[THYMELEAF]             * [* {th:onratechange,data-th-onratechange}] [1000]: karate.org.thymeleaf.standard.processor.StandardDOMEventAttributeTagProcessor
[THYMELEAF]             * [* {th:onscroll,data-th-onscroll}] [1000]: karate.org.thymeleaf.standard.processor.StandardDOMEventAttributeTagProcessor
[THYMELEAF]             * [* {th:onwaiting,data-th-onwaiting}] [1000]: karate.org.thymeleaf.standard.processor.StandardDOMEventAttributeTagProcessor
[THYMELEAF]             * [* {th:onchange,data-th-onchange}] [1000]: karate.org.thymeleaf.standard.processor.StandardDOMEventAttributeTagProcessor
[THYMELEAF]             * [* {th:ondragend,data-th-ondragend}] [1000]: karate.org.thymeleaf.standard.processor.StandardDOMEventAttributeTagProcessor
[THYMELEAF]             * [* {th:onvolumechange,data-th-onvolumechange}] [1000]: karate.org.thymeleaf.standard.processor.StandardDOMEventAttributeTagProcessor
[THYMELEAF]             * [* {th:oncontextmenu,data-th-oncontextmenu}] [1000]: karate.org.thymeleaf.standard.processor.StandardDOMEventAttributeTagProcessor
[THYMELEAF]             * [* {th:onmousewheel,data-th-onmousewheel}] [1000]: karate.org.thymeleaf.standard.processor.StandardDOMEventAttributeTagProcessor
[THYMELEAF]             * [* {th:onpopstate,data-th-onpopstate}] [1000]: karate.org.thymeleaf.standard.processor.StandardDOMEventAttributeTagProcessor
[THYMELEAF]             * [* {th:onplay,data-th-onplay}] [1000]: karate.org.thymeleaf.standard.processor.StandardDOMEventAttributeTagProcessor
[THYMELEAF]             * [* {th:onreset,data-th-onreset}] [1000]: karate.org.thymeleaf.standard.processor.StandardDOMEventAttributeTagProcessor
[THYMELEAF]             * [* {th:onpause,data-th-onpause}] [1000]: karate.org.thymeleaf.standard.processor.StandardDOMEventAttributeTagProcessor
[THYMELEAF]             * [* {th:onselect,data-th-onselect}] [1000]: karate.org.thymeleaf.standard.processor.StandardDOMEventAttributeTagProcessor
[THYMELEAF]             * [* {th:onloadedmetadata,data-th-onloadedmetadata}] [1000]: karate.org.thymeleaf.standard.processor.StandardDOMEventAttributeTagProcessor
[THYMELEAF]             * [* {th:oncanplaythrough,data-th-oncanplaythrough}] [1000]: karate.org.thymeleaf.standard.processor.StandardDOMEventAttributeTagProcessor
[THYMELEAF]             * [* {th:oncanplay,data-th-oncanplay}] [1000]: karate.org.thymeleaf.standard.processor.StandardDOMEventAttributeTagProcessor
[THYMELEAF]             * [* {th:ondragleave,data-th-ondragleave}] [1000]: karate.org.thymeleaf.standard.processor.StandardDOMEventAttributeTagProcessor
[THYMELEAF]             * [* {th:onstalled,data-th-onstalled}] [1000]: karate.org.thymeleaf.standard.processor.StandardDOMEventAttributeTagProcessor
[THYMELEAF]             * [* {th:onemptied,data-th-onemptied}] [1000]: karate.org.thymeleaf.standard.processor.StandardDOMEventAttributeTagProcessor
[THYMELEAF]             * [* {th:onformchange,data-th-onformchange}] [1000]: karate.org.thymeleaf.standard.processor.StandardDOMEventAttributeTagProcessor
[THYMELEAF]             * [* {th:ondblclick,data-th-ondblclick}] [1000]: karate.org.thymeleaf.standard.processor.StandardDOMEventAttributeTagProcessor
[THYMELEAF]             * [* {th:onmousemove,data-th-onmousemove}] [1000]: karate.org.thymeleaf.standard.processor.StandardDOMEventAttributeTagProcessor
[THYMELEAF]             * [* {th:onhashchange,data-th-onhashchange}] [1000]: karate.org.thymeleaf.standard.processor.StandardDOMEventAttributeTagProcessor
[THYMELEAF]             * [* {th:onload,data-th-onload}] [1000]: karate.org.thymeleaf.standard.processor.StandardDOMEventAttributeTagProcessor
[THYMELEAF]             * [* {th:onkeydown,data-th-onkeydown}] [1000]: karate.org.thymeleaf.standard.processor.StandardDOMEventAttributeTagProcessor
[THYMELEAF]             * [* {th:href,data-th-href}] [1000]: karate.org.thymeleaf.standard.processor.StandardHrefTagProcessor
[THYMELEAF]             * [* {th:inline,data-th-inline}] [1000]: karate.org.thymeleaf.standard.processor.StandardInlineHTMLTagProcessor
[THYMELEAF]             * [* {th:method,data-th-method}] [1000]: karate.org.thymeleaf.standard.processor.StandardMethodTagProcessor
[THYMELEAF]             * [* {th:type,data-th-type}] [1000]: karate.org.thymeleaf.standard.processor.StandardNonRemovableAttributeTagProcessor
[THYMELEAF]             * [* {th:name,data-th-name}] [1000]: karate.org.thymeleaf.standard.processor.StandardNonRemovableAttributeTagProcessor
[THYMELEAF]             * [* {th:audio,data-th-audio}] [1000]: karate.org.thymeleaf.standard.processor.StandardRemovableAttributeTagProcessor
[THYMELEAF]             * [* {th:hspace,data-th-hspace}] [1000]: karate.org.thymeleaf.standard.processor.StandardRemovableAttributeTagProcessor
[THYMELEAF]             * [* {th:width,data-th-width}] [1000]: karate.org.thymeleaf.standard.processor.StandardRemovableAttributeTagProcessor
[THYMELEAF]             * [* {th:autocomplete,data-th-autocomplete}] [1000]: karate.org.thymeleaf.standard.processor.StandardRemovableAttributeTagProcessor
[THYMELEAF]             * [* {th:cellspacing,data-th-cellspacing}] [1000]: karate.org.thymeleaf.standard.processor.StandardRemovableAttributeTagProcessor
[THYMELEAF]             * [* {th:keytype,data-th-keytype}] [1000]: karate.org.thymeleaf.standard.processor.StandardRemovableAttributeTagProcessor
[THYMELEAF]             * [* {th:formmethod,data-th-formmethod}] [1000]: karate.org.thymeleaf.standard.processor.StandardRemovableAttributeTagProcessor
[THYMELEAF]             * [* {th:classid,data-th-classid}] [1000]: karate.org.thymeleaf.standard.processor.StandardRemovableAttributeTagProcessor
[THYMELEAF]             * [* {th:contextmenu,data-th-contextmenu}] [1000]: karate.org.thymeleaf.standard.processor.StandardRemovableAttributeTagProcessor
[THYMELEAF]             * [* {th:spellcheck,data-th-spellcheck}] [1000]: karate.org.thymeleaf.standard.processor.StandardRemovableAttributeTagProcessor
[THYMELEAF]             * [* {th:wrap,data-th-wrap}] [1000]: karate.org.thymeleaf.standard.processor.StandardRemovableAttributeTagProcessor
[THYMELEAF]             * [* {th:data,data-th-data}] [1000]: karate.org.thymeleaf.standard.processor.StandardRemovableAttributeTagProcessor
[THYMELEAF]             * [* {th:cols,data-th-cols}] [1000]: karate.org.thymeleaf.standard.processor.StandardRemovableAttributeTagProcessor
[THYMELEAF]             * [* {th:alt,data-th-alt}] [1000]: karate.org.thymeleaf.standard.processor.StandardRemovableAttributeTagProcessor
[THYMELEAF]             * [* {th:challenge,data-th-challenge}] [1000]: karate.org.thymeleaf.standard.processor.StandardRemovableAttributeTagProcessor
[THYMELEAF]             * [* {th:max,data-th-max}] [1000]: karate.org.thymeleaf.standard.processor.StandardRemovableAttributeTagProcessor
[THYMELEAF]             * [* {th:class,data-th-class}] [1000]: karate.org.thymeleaf.standard.processor.StandardRemovableAttributeTagProcessor
[THYMELEAF]             * [* {th:id,data-th-id}] [1000]: karate.org.thymeleaf.standard.processor.StandardRemovableAttributeTagProcessor
[THYMELEAF]             * [* {th:accesskey,data-th-accesskey}] [1000]: karate.org.thymeleaf.standard.processor.StandardRemovableAttributeTagProcessor
[THYMELEAF]             * [* {th:bgcolor,data-th-bgcolor}] [1000]: karate.org.thymeleaf.standard.processor.StandardRemovableAttributeTagProcessor
[THYMELEAF]             * [* {th:target,data-th-target}] [1000]: karate.org.thymeleaf.standard.processor.StandardRemovableAttributeTagProcessor
[THYMELEAF]             * [* {th:list,data-th-list}] [1000]: karate.org.thymeleaf.standard.processor.StandardRemovableAttributeTagProcessor
[THYMELEAF]             * [* {th:archive,data-th-archive}] [1000]: karate.org.thymeleaf.standard.processor.StandardRemovableAttributeTagProcessor
[THYMELEAF]             * [* {th:abbr,data-th-abbr}] [1000]: karate.org.thymeleaf.standard.processor.StandardRemovableAttributeTagProcessor
[THYMELEAF]             * [* {th:srclang,data-th-srclang}] [1000]: karate.org.thymeleaf.standard.processor.StandardRemovableAttributeTagProcessor
[THYMELEAF]             * [* {th:formenctype,data-th-formenctype}] [1000]: karate.org.thymeleaf.standard.processor.StandardRemovableAttributeTagProcessor
[THYMELEAF]             * [* {th:height,data-th-height}] [1000]: karate.org.thymeleaf.standard.processor.StandardRemovableAttributeTagProcessor
[THYMELEAF]             * [* {th:label,data-th-label}] [1000]: karate.org.thymeleaf.standard.processor.StandardRemovableAttributeTagProcessor
[THYMELEAF]             * [* {th:standby,data-th-standby}] [1000]: karate.org.thymeleaf.standard.processor.StandardRemovableAttributeTagProcessor
[THYMELEAF]             * [* {th:enctype,data-th-enctype}] [1000]: karate.org.thymeleaf.standard.processor.StandardRemovableAttributeTagProcessor
[THYMELEAF]             * [* {th:sizes,data-th-sizes}] [1000]: karate.org.thymeleaf.standard.processor.StandardRemovableAttributeTagProcessor
[THYMELEAF]             * [* {th:longdesc,data-th-longdesc}] [1000]: karate.org.thymeleaf.standard.processor.StandardRemovableAttributeTagProcessor
[THYMELEAF]             * [* {th:style,data-th-style}] [1000]: karate.org.thymeleaf.standard.processor.StandardRemovableAttributeTagProcessor
[THYMELEAF]             * [* {th:draggable,data-th-draggable}] [1000]: karate.org.thymeleaf.standard.processor.StandardRemovableAttributeTagProcessor
[THYMELEAF]             * [* {th:min,data-th-min}] [1000]: karate.org.thymeleaf.standard.processor.StandardRemovableAttributeTagProcessor
[THYMELEAF]             * [* {th:frame,data-th-frame}] [1000]: karate.org.thymeleaf.standard.processor.StandardRemovableAttributeTagProcessor
[THYMELEAF]             * [* {th:kind,data-th-kind}] [1000]: karate.org.thymeleaf.standard.processor.StandardRemovableAttributeTagProcessor
[THYMELEAF]             * [* {th:contenteditable,data-th-contenteditable}] [1000]: karate.org.thymeleaf.standard.processor.StandardRemovableAttributeTagProcessor
[THYMELEAF]             * [* {th:poster,data-th-poster}] [1000]: karate.org.thymeleaf.standard.processor.StandardRemovableAttributeTagProcessor
[THYMELEAF]             * [* {th:form,data-th-form}] [1000]: karate.org.thymeleaf.standard.processor.StandardRemovableAttributeTagProcessor
[THYMELEAF]             * [* {th:placeholder,data-th-placeholder}] [1000]: karate.org.thymeleaf.standard.processor.StandardRemovableAttributeTagProcessor
[THYMELEAF]             * [* {th:span,data-th-span}] [1000]: karate.org.thymeleaf.standard.processor.StandardRemovableAttributeTagProcessor
[THYMELEAF]             * [* {th:marginwidth,data-th-marginwidth}] [1000]: karate.org.thymeleaf.standard.processor.StandardRemovableAttributeTagProcessor
[THYMELEAF]             * [* {th:low,data-th-low}] [1000]: karate.org.thymeleaf.standard.processor.StandardRemovableAttributeTagProcessor
[THYMELEAF]             * [* {th:preload,data-th-preload}] [1000]: karate.org.thymeleaf.standard.processor.StandardRemovableAttributeTagProcessor
[THYMELEAF]             * [* {th:dropzone,data-th-dropzone}] [1000]: karate.org.thymeleaf.standard.processor.StandardRemovableAttributeTagProcessor
[THYMELEAF]             * [* {th:formaction,data-th-formaction}] [1000]: karate.org.thymeleaf.standard.processor.StandardRemovableAttributeTagProcessor
[THYMELEAF]             * [* {th:accept,data-th-accept}] [1000]: karate.org.thymeleaf.standard.processor.StandardRemovableAttributeTagProcessor
[THYMELEAF]             * [* {th:for,data-th-for}] [1000]: karate.org.thymeleaf.standard.processor.StandardRemovableAttributeTagProcessor
[THYMELEAF]             * [* {th:summary,data-th-summary}] [1000]: karate.org.thymeleaf.standard.processor.StandardRemovableAttributeTagProcessor
[THYMELEAF]             * [* {th:start,data-th-start}] [1000]: karate.org.thymeleaf.standard.processor.StandardRemovableAttributeTagProcessor
[THYMELEAF]             * [* {th:pattern,data-th-pattern}] [1000]: karate.org.thymeleaf.standard.processor.StandardRemovableAttributeTagProcessor
[THYMELEAF]             * [* {th:scrolling,data-th-scrolling}] [1000]: karate.org.thymeleaf.standard.processor.StandardRemovableAttributeTagProcessor
[THYMELEAF]             * [* {th:cellpadding,data-th-cellpadding}] [1000]: karate.org.thymeleaf.standard.processor.StandardRemovableAttributeTagProcessor
[THYMELEAF]             * [* {th:background,data-th-background}] [1000]: karate.org.thymeleaf.standard.processor.StandardRemovableAttributeTagProcessor
[THYMELEAF]             * [* {th:lang,data-th-lang}] [1000]: karate.org.thymeleaf.standard.processor.StandardRemovableAttributeTagProcessor
[THYMELEAF]             * [* {th:headers,data-th-headers}] [1000]: karate.org.thymeleaf.standard.processor.StandardRemovableAttributeTagProcessor
[THYMELEAF]             * [* {th:formtarget,data-th-formtarget}] [1000]: karate.org.thymeleaf.standard.processor.StandardRemovableAttributeTagProcessor
[THYMELEAF]             * [* {th:codebase,data-th-codebase}] [1000]: karate.org.thymeleaf.standard.processor.StandardRemovableAttributeTagProcessor
[THYMELEAF]             * [* {th:scheme,data-th-scheme}] [1000]: karate.org.thymeleaf.standard.processor.StandardRemovableAttributeTagProcessor
[THYMELEAF]             * [* {th:size,data-th-size}] [1000]: karate.org.thymeleaf.standard.processor.StandardRemovableAttributeTagProcessor
[THYMELEAF]             * [* {th:marginheight,data-th-marginheight}] [1000]: karate.org.thymeleaf.standard.processor.StandardRemovableAttributeTagProcessor
[THYMELEAF]             * [* {th:radiogroup,data-th-radiogroup}] [1000]: karate.org.thymeleaf.standard.processor.StandardRemovableAttributeTagProcessor
[THYMELEAF]             * [* {th:dir,data-th-dir}] [1000]: karate.org.thymeleaf.standard.processor.StandardRemovableAttributeTagProcessor
[THYMELEAF]             * [* {th:icon,data-th-icon}] [1000]: karate.org.thymeleaf.standard.processor.StandardRemovableAttributeTagProcessor
[THYMELEAF]             * [* {th:step,data-th-step}] [1000]: karate.org.thymeleaf.standard.processor.StandardRemovableAttributeTagProcessor
[THYMELEAF]             * [* {th:rules,data-th-rules}] [1000]: karate.org.thymeleaf.standard.processor.StandardRemovableAttributeTagProcessor
[THYMELEAF]             * [* {th:rev,data-th-rev}] [1000]: karate.org.thymeleaf.standard.processor.StandardRemovableAttributeTagProcessor
[THYMELEAF]             * [* {th:vspace,data-th-vspace}] [1000]: karate.org.thymeleaf.standard.processor.StandardRemovableAttributeTagProcessor
[THYMELEAF]             * [* {th:usemap,data-th-usemap}] [1000]: karate.org.thymeleaf.standard.processor.StandardRemovableAttributeTagProcessor
[THYMELEAF]             * [* {th:high,data-th-high}] [1000]: karate.org.thymeleaf.standard.processor.StandardRemovableAttributeTagProcessor
[THYMELEAF]             * [* {th:rowspan,data-th-rowspan}] [1000]: karate.org.thymeleaf.standard.processor.StandardRemovableAttributeTagProcessor
[THYMELEAF]             * [* {th:rows,data-th-rows}] [1000]: karate.org.thymeleaf.standard.processor.StandardRemovableAttributeTagProcessor
[THYMELEAF]             * [* {th:maxlength,data-th-maxlength}] [1000]: karate.org.thymeleaf.standard.processor.StandardRemovableAttributeTagProcessor
[THYMELEAF]             * [* {th:rel,data-th-rel}] [1000]: karate.org.thymeleaf.standard.processor.StandardRemovableAttributeTagProcessor
[THYMELEAF]             * [* {th:datetime,data-th-datetime}] [1000]: karate.org.thymeleaf.standard.processor.StandardRemovableAttributeTagProcessor
[THYMELEAF]             * [* {th:codetype,data-th-codetype}] [1000]: karate.org.thymeleaf.standard.processor.StandardRemovableAttributeTagProcessor
[THYMELEAF]             * [* {th:hreflang,data-th-hreflang}] [1000]: karate.org.thymeleaf.standard.processor.StandardRemovableAttributeTagProcessor
[THYMELEAF]             * [* {th:scope,data-th-scope}] [1000]: karate.org.thymeleaf.standard.processor.StandardRemovableAttributeTagProcessor
[THYMELEAF]             * [* {th:optimum,data-th-optimum}] [1000]: karate.org.thymeleaf.standard.processor.StandardRemovableAttributeTagProcessor
[THYMELEAF]             * [* {th:valuetype,data-th-valuetype}] [1000]: karate.org.thymeleaf.standard.processor.StandardRemovableAttributeTagProcessor
[THYMELEAF]             * [* {th:sandbox,data-th-sandbox}] [1000]: karate.org.thymeleaf.standard.processor.StandardRemovableAttributeTagProcessor
[THYMELEAF]             * [* {th:frameborder,data-th-frameborder}] [1000]: karate.org.thymeleaf.standard.processor.StandardRemovableAttributeTagProcessor
[THYMELEAF]             * [* {th:title,data-th-title}] [1000]: karate.org.thymeleaf.standard.processor.StandardRemovableAttributeTagProcessor
[THYMELEAF]             * [* {th:content,data-th-content}] [1000]: karate.org.thymeleaf.standard.processor.StandardRemovableAttributeTagProcessor
[THYMELEAF]             * [* {th:http-equiv,data-th-http-equiv}] [1000]: karate.org.thymeleaf.standard.processor.StandardRemovableAttributeTagProcessor
[THYMELEAF]             * [* {th:charset,data-th-charset}] [1000]: karate.org.thymeleaf.standard.processor.StandardRemovableAttributeTagProcessor
[THYMELEAF]             * [* {th:colspan,data-th-colspan}] [1000]: karate.org.thymeleaf.standard.processor.StandardRemovableAttributeTagProcessor
[THYMELEAF]             * [* {th:tabindex,data-th-tabindex}] [1000]: karate.org.thymeleaf.standard.processor.StandardRemovableAttributeTagProcessor
[THYMELEAF]             * [* {th:align,data-th-align}] [1000]: karate.org.thymeleaf.standard.processor.StandardRemovableAttributeTagProcessor
[THYMELEAF]             * [* {th:cite,data-th-cite}] [1000]: karate.org.thymeleaf.standard.processor.StandardRemovableAttributeTagProcessor
[THYMELEAF]             * [* {th:border,data-th-border}] [1000]: karate.org.thymeleaf.standard.processor.StandardRemovableAttributeTagProcessor
[THYMELEAF]             * [* {th:compact,data-th-compact}] [1000]: karate.org.thymeleaf.standard.processor.StandardRemovableAttributeTagProcessor
[THYMELEAF]             * [* {th:accept-charset,data-th-accept-charset}] [1000]: karate.org.thymeleaf.standard.processor.StandardRemovableAttributeTagProcessor
[THYMELEAF]             * [* {th:manifest,data-th-manifest}] [1000]: karate.org.thymeleaf.standard.processor.StandardRemovableAttributeTagProcessor
[THYMELEAF]             * [* {th:media,data-th-media}] [1000]: karate.org.thymeleaf.standard.processor.StandardRemovableAttributeTagProcessor
[THYMELEAF]             * [* {th:axis,data-th-axis}] [1000]: karate.org.thymeleaf.standard.processor.StandardRemovableAttributeTagProcessor
[THYMELEAF]             * [* {th:src,data-th-src}] [1000]: karate.org.thymeleaf.standard.processor.StandardSrcTagProcessor
[THYMELEAF]             * [* {th:value,data-th-value}] [1000]: karate.org.thymeleaf.standard.processor.StandardValueTagProcessor
[THYMELEAF]             * [* {th:xmlbase,data-th-xmlbase}] [1000]: karate.org.thymeleaf.standard.processor.StandardXmlBaseTagProcessor
[THYMELEAF]             * [* {th:xmllang,data-th-xmllang}] [1000]: karate.org.thymeleaf.standard.processor.StandardXmlLangTagProcessor
[THYMELEAF]             * [* {xmlns:th}] [1000]: karate.org.thymeleaf.standard.processor.StandardXmlNsTagProcessor
[THYMELEAF]             * [* {th:xmlspace,data-th-xmlspace}] [1000]: karate.org.thymeleaf.standard.processor.StandardXmlSpaceTagProcessor
[THYMELEAF]             * [* {th:classappend,data-th-classappend}] [1100]: karate.org.thymeleaf.standard.processor.StandardClassappendTagProcessor
[THYMELEAF]             * [* {th:styleappend,data-th-styleappend}] [1100]: karate.org.thymeleaf.standard.processor.StandardStyleappendTagProcessor
[THYMELEAF]             * [* {th:text,data-th-text}] [1300]: karate.org.thymeleaf.standard.processor.StandardTextTagProcessor
[THYMELEAF]             * [* {th:utext,data-th-utext}] [1400]: karate.org.thymeleaf.standard.processor.StandardUtextTagProcessor
[THYMELEAF]             * [* {th:fragment,data-th-fragment}] [1500]: karate.org.thymeleaf.standard.processor.StandardFragmentTagProcessor
[THYMELEAF]             * [* {th:assert,data-th-assert}] [1550]: karate.org.thymeleaf.standard.processor.StandardAssertTagProcessor
[THYMELEAF]             * [* {th:remove,data-th-remove}] [1600]: karate.org.thymeleaf.standard.processor.StandardRemoveTagProcessor
[THYMELEAF]             * [* {th:ref,data-th-ref}] [10000]: karate.org.thymeleaf.standard.processor.StandardRefAttributeTagProcessor
[THYMELEAF]             * [{th:block,th-block} *] [100000]: karate.org.thymeleaf.standard.processor.StandardBlockTagProcessor
[THYMELEAF]             * [* th:*] [2147483647]: karate.org.thymeleaf.standard.processor.StandardDefaultAttributesTagProcessor
[THYMELEAF]         * Text Processors by [precedence]:
[THYMELEAF]             * [1000]: karate.org.thymeleaf.standard.processor.StandardInliningTextProcessor
[THYMELEAF]         * DOCTYPE Processors by [precedence]:
[THYMELEAF]             * [1000]: karate.org.thymeleaf.standard.processor.StandardTranslationDocTypeProcessor
[THYMELEAF]         * CDATA Section Processors by [precedence]:
[THYMELEAF]             * [1000]: karate.org.thymeleaf.standard.processor.StandardInliningCDATASectionProcessor
[THYMELEAF]         * Comment Processors by [precedence]:
[THYMELEAF]             * [1000]: karate.org.thymeleaf.standard.processor.StandardInliningCommentProcessor
[THYMELEAF]             * [1100]: karate.org.thymeleaf.standard.processor.StandardConditionalCommentProcessor
[THYMELEAF]     * Processors for Template Mode: XML
[THYMELEAF]         * Element Tag Processors by [matching element and attribute name] [precedence]:
[THYMELEAF]             * [* {th:include}] [100]: karate.org.thymeleaf.standard.processor.StandardIncludeTagProcessor
[THYMELEAF]             * [* {th:insert}] [100]: karate.org.thymeleaf.standard.processor.StandardInsertTagProcessor
[THYMELEAF]             * [* {th:replace}] [100]: karate.org.thymeleaf.standard.processor.StandardReplaceTagProcessor
[THYMELEAF]             * [* {th:substituteby}] [100]: karate.org.thymeleaf.standard.processor.StandardSubstituteByTagProcessor
[THYMELEAF]             * [* {th:each}] [200]: com.intuit.karate.template.KarateEachTagProcessor
[THYMELEAF]             * [* {th:switch}] [250]: karate.org.thymeleaf.standard.processor.StandardSwitchTagProcessor
[THYMELEAF]             * [* {th:case}] [275]: karate.org.thymeleaf.standard.processor.StandardCaseTagProcessor
[THYMELEAF]             * [* {th:if}] [300]: karate.org.thymeleaf.standard.processor.StandardIfTagProcessor
[THYMELEAF]             * [* {th:unless}] [400]: karate.org.thymeleaf.standard.processor.StandardUnlessTagProcessor
[THYMELEAF]             * [* {th:object}] [500]: karate.org.thymeleaf.standard.processor.StandardObjectTagProcessor
[THYMELEAF]             * [* {th:with}] [600]: com.intuit.karate.template.KarateWithTagProcessor
[THYMELEAF]             * [* {th:attr}] [700]: com.intuit.karate.template.KarateAttributeTagProcessor.KarateAttrTagProcessor
[THYMELEAF]             * [* {th:attrappend}] [900]: com.intuit.karate.template.KarateAttributeTagProcessor.KarateAttrappendTagProcessor
[THYMELEAF]             * [* {th:attrprepend}] [900]: com.intuit.karate.template.KarateAttributeTagProcessor.KarateAttrprependTagProcessor
[THYMELEAF]             * [* {th:inline}] [1000]: karate.org.thymeleaf.standard.processor.StandardInlineXMLTagProcessor
[THYMELEAF]             * [* {xmlns:th}] [1000]: karate.org.thymeleaf.standard.processor.StandardXmlNsTagProcessor
[THYMELEAF]             * [* {th:text}] [1300]: karate.org.thymeleaf.standard.processor.StandardTextTagProcessor
[THYMELEAF]             * [* {th:utext}] [1400]: karate.org.thymeleaf.standard.processor.StandardUtextTagProcessor
[THYMELEAF]             * [* {th:fragment}] [1500]: karate.org.thymeleaf.standard.processor.StandardFragmentTagProcessor
[THYMELEAF]             * [* {th:assert}] [1550]: karate.org.thymeleaf.standard.processor.StandardAssertTagProcessor
[THYMELEAF]             * [* {th:remove}] [1600]: karate.org.thymeleaf.standard.processor.StandardRemoveTagProcessor
[THYMELEAF]             * [* {th:ref}] [10000]: karate.org.thymeleaf.standard.processor.StandardRefAttributeTagProcessor
[THYMELEAF]             * [{th:block} *] [100000]: karate.org.thymeleaf.standard.processor.StandardBlockTagProcessor
[THYMELEAF]             * [* th:*] [2147483647]: karate.org.thymeleaf.standard.processor.StandardDefaultAttributesTagProcessor
[THYMELEAF]         * Text Processors by [precedence]:
[THYMELEAF]             * [1000]: karate.org.thymeleaf.standard.processor.StandardInliningTextProcessor
[THYMELEAF]         * CDATA Section Processors by [precedence]:
[THYMELEAF]             * [1000]: karate.org.thymeleaf.standard.processor.StandardInliningCDATASectionProcessor
[THYMELEAF]         * Comment Processors by [precedence]:
[THYMELEAF]             * [1000]: karate.org.thymeleaf.standard.processor.StandardInliningCommentProcessor
[THYMELEAF]     * Processors for Template Mode: TEXT
[THYMELEAF]         * Element Tag Processors by [matching element and attribute name] [precedence]:
[THYMELEAF]             * [* {th:insert}] [100]: karate.org.thymeleaf.standard.processor.StandardInsertTagProcessor
[THYMELEAF]             * [* {th:replace}] [100]: karate.org.thymeleaf.standard.processor.StandardReplaceTagProcessor
[THYMELEAF]             * [* {th:each}] [200]: com.intuit.karate.template.KarateEachTagProcessor
[THYMELEAF]             * [* {th:switch}] [250]: karate.org.thymeleaf.standard.processor.StandardSwitchTagProcessor
[THYMELEAF]             * [* {th:case}] [275]: karate.org.thymeleaf.standard.processor.StandardCaseTagProcessor
[THYMELEAF]             * [* {th:if}] [300]: karate.org.thymeleaf.standard.processor.StandardIfTagProcessor
[THYMELEAF]             * [* {th:unless}] [400]: karate.org.thymeleaf.standard.processor.StandardUnlessTagProcessor
[THYMELEAF]             * [* {th:object}] [500]: karate.org.thymeleaf.standard.processor.StandardObjectTagProcessor
[THYMELEAF]             * [* {th:with}] [600]: com.intuit.karate.template.KarateWithTagProcessor
[THYMELEAF]             * [* {th:inline}] [1000]: karate.org.thymeleaf.standard.processor.StandardInlineTextualTagProcessor
[THYMELEAF]             * [* {th:text}] [1300]: karate.org.thymeleaf.standard.processor.StandardTextTagProcessor
[THYMELEAF]             * [* {th:utext}] [1400]: karate.org.thymeleaf.standard.processor.StandardUtextTagProcessor
[THYMELEAF]             * [* {th:assert}] [1550]: karate.org.thymeleaf.standard.processor.StandardAssertTagProcessor
[THYMELEAF]             * [* {th:remove}] [1600]: karate.org.thymeleaf.standard.processor.StandardRemoveTagProcessor
[THYMELEAF]             * [* 100000] [karate.org.thymeleaf.standard.processor.StandardBlockTagProcessor]: {}
[THYMELEAF]             * [{th:block} *] [100000]: karate.org.thymeleaf.standard.processor.StandardBlockTagProcessor
[THYMELEAF]         * Text Processors by [precedence]:
[THYMELEAF]             * [1000]: karate.org.thymeleaf.standard.processor.StandardInliningTextProcessor
[THYMELEAF]     * Processors for Template Mode: JAVASCRIPT
[THYMELEAF]         * Element Tag Processors by [matching element and attribute name] [precedence]:
[THYMELEAF]             * [* {th:insert}] [100]: karate.org.thymeleaf.standard.processor.StandardInsertTagProcessor
[THYMELEAF]             * [* {th:replace}] [100]: karate.org.thymeleaf.standard.processor.StandardReplaceTagProcessor
[THYMELEAF]             * [* {th:each}] [200]: com.intuit.karate.template.KarateEachTagProcessor
[THYMELEAF]             * [* {th:switch}] [250]: karate.org.thymeleaf.standard.processor.StandardSwitchTagProcessor
[THYMELEAF]             * [* {th:case}] [275]: karate.org.thymeleaf.standard.processor.StandardCaseTagProcessor
[THYMELEAF]             * [* {th:if}] [300]: karate.org.thymeleaf.standard.processor.StandardIfTagProcessor
[THYMELEAF]             * [* {th:unless}] [400]: karate.org.thymeleaf.standard.processor.StandardUnlessTagProcessor
[THYMELEAF]             * [* {th:object}] [500]: karate.org.thymeleaf.standard.processor.StandardObjectTagProcessor
[THYMELEAF]             * [* {th:with}] [600]: com.intuit.karate.template.KarateWithTagProcessor
[THYMELEAF]             * [* {th:inline}] [1000]: karate.org.thymeleaf.standard.processor.StandardInlineTextualTagProcessor
[THYMELEAF]             * [* {th:text}] [1300]: karate.org.thymeleaf.standard.processor.StandardTextTagProcessor
[THYMELEAF]             * [* {th:utext}] [1400]: karate.org.thymeleaf.standard.processor.StandardUtextTagProcessor
[THYMELEAF]             * [* {th:assert}] [1550]: karate.org.thymeleaf.standard.processor.StandardAssertTagProcessor
[THYMELEAF]             * [* {th:remove}] [1600]: karate.org.thymeleaf.standard.processor.StandardRemoveTagProcessor
[THYMELEAF]             * [* 100000] [karate.org.thymeleaf.standard.processor.StandardBlockTagProcessor]: {}
[THYMELEAF]             * [{th:block} *] [100000]: karate.org.thymeleaf.standard.processor.StandardBlockTagProcessor
[THYMELEAF]         * Text Processors by [precedence]:
[THYMELEAF]             * [1000]: karate.org.thymeleaf.standard.processor.StandardInliningTextProcessor
[THYMELEAF]     * Processors for Template Mode: CSS
[THYMELEAF]         * Element Tag Processors by [matching element and attribute name] [precedence]:
[THYMELEAF]             * [* {th:insert}] [100]: karate.org.thymeleaf.standard.processor.StandardInsertTagProcessor
[THYMELEAF]             * [* {th:replace}] [100]: karate.org.thymeleaf.standard.processor.StandardReplaceTagProcessor
[THYMELEAF]             * [* {th:each}] [200]: com.intuit.karate.template.KarateEachTagProcessor
[THYMELEAF]             * [* {th:switch}] [250]: karate.org.thymeleaf.standard.processor.StandardSwitchTagProcessor
[THYMELEAF]             * [* {th:case}] [275]: karate.org.thymeleaf.standard.processor.StandardCaseTagProcessor
[THYMELEAF]             * [* {th:if}] [300]: karate.org.thymeleaf.standard.processor.StandardIfTagProcessor
[THYMELEAF]             * [* {th:unless}] [400]: karate.org.thymeleaf.standard.processor.StandardUnlessTagProcessor
[THYMELEAF]             * [* {th:object}] [500]: karate.org.thymeleaf.standard.processor.StandardObjectTagProcessor
[THYMELEAF]             * [* {th:with}] [600]: com.intuit.karate.template.KarateWithTagProcessor
[THYMELEAF]             * [* {th:inline}] [1000]: karate.org.thymeleaf.standard.processor.StandardInlineTextualTagProcessor
[THYMELEAF]             * [* {th:text}] [1300]: karate.org.thymeleaf.standard.processor.StandardTextTagProcessor
[THYMELEAF]             * [* {th:utext}] [1400]: karate.org.thymeleaf.standard.processor.StandardUtextTagProcessor
[THYMELEAF]             * [* {th:assert}] [1550]: karate.org.thymeleaf.standard.processor.StandardAssertTagProcessor
[THYMELEAF]             * [* {th:remove}] [1600]: karate.org.thymeleaf.standard.processor.StandardRemoveTagProcessor
[THYMELEAF]             * [* 100000] [karate.org.thymeleaf.standard.processor.StandardBlockTagProcessor]: {}
[THYMELEAF]             * [{th:block} *] [100000]: karate.org.thymeleaf.standard.processor.StandardBlockTagProcessor
[THYMELEAF]         * Text Processors by [precedence]:
[THYMELEAF]             * [1000]: karate.org.thymeleaf.standard.processor.StandardInliningTextProcessor
[THYMELEAF]     * Expression Objects:
[THYMELEAF]         * #ctx
[THYMELEAF]         * #root
[THYMELEAF]         * #vars
[THYMELEAF]         * #object
[THYMELEAF]         * #locale
[THYMELEAF]         * #request
[THYMELEAF]         * #response
[THYMELEAF]         * #session
[THYMELEAF]         * #servletContext
[THYMELEAF]         * #conversions
[THYMELEAF]         * #uris
[THYMELEAF]         * #calendars
[THYMELEAF]         * #dates
[THYMELEAF]         * #bools
[THYMELEAF]         * #numbers
[THYMELEAF]         * #objects
[THYMELEAF]         * #strings
[THYMELEAF]         * #arrays
[THYMELEAF]         * #lists
[THYMELEAF]         * #sets
[THYMELEAF]         * #maps
[THYMELEAF]         * #aggregates
[THYMELEAF]         * #messages
[THYMELEAF]         * #ids
[THYMELEAF]         * #execInfo
[THYMELEAF]         * #httpServletRequest
[THYMELEAF]         * #httpSession
[THYMELEAF]     * Execution Attributes:
[THYMELEAF]         * "StandardExpressionParser": com.intuit.karate.template.KarateStandardDialect@311482e3
[THYMELEAF]         * "StandardJavaScriptSerializer": karate.org.thymeleaf.standard.serializer.StandardJavaScriptSerializer@bc03b56
[THYMELEAF]         * "StandardCSSSerializer": karate.org.thymeleaf.standard.serializer.StandardCSSSerializer@d1bce0c
[THYMELEAF]         * "StandardVariableExpressionEvaluator": com.intuit.karate.template.KarateStandardDialect@311482e3
[THYMELEAF]         * "StandardConversionService": karate.org.thymeleaf.standard.expression.StandardConversionService@111cee04
[THYMELEAF] * Dialect [2 of 2]: karate (com.intuit.karate.template.KarateScriptDialect)
[THYMELEAF]     * Prefix: "ka"
[THYMELEAF]     * Processors for Template Mode: HTML
[THYMELEAF]         * Element Tag Processors by [matching element and attribute name] [precedence]:
[THYMELEAF]             * [* {src}] [1000]: com.intuit.karate.template.KaScriptAttrProcessor
[THYMELEAF]         * Element Model Processors by [matching element and attribute name] [precedence]:
[THYMELEAF]             * [{script} {ka:scope,data-ka-scope}] [1000]: com.intuit.karate.template.KaScriptElemProcessor
[THYMELEAF]             * [* {ka:set,data-ka-set}] [1000]: com.intuit.karate.template.KaSetElemProcessor
[THYMELEAF] TEMPLATE ENGINE CONFIGURED OK
11:39:23.086 [Test worker] DEBUG karate.org.thymeleaf.TemplateEngine - [THYMELEAF] TEMPLATE ENGINE INITIALIZED
11:39:23.129 [Test worker] DEBUG karate.org.thymeleaf.TemplateEngine - [THYMELEAF] INITIALIZING TEMPLATE ENGINE
11:39:23.223 [Test worker] DEBUG karate.org.thymeleaf.TemplateEngine.CONFIG - Initializing Thymeleaf Template engine configuration...
[THYMELEAF] TEMPLATE ENGINE CONFIGURATION:
[THYMELEAF] * Thymeleaf version: 3.0.14.RELEASE (built 2021-12-08T00:45:29+0000)
[THYMELEAF] * Cache Manager implementation: karate.org.thymeleaf.cache.StandardCacheManager
[THYMELEAF] * Template resolvers:
[THYMELEAF]     * [1] com.intuit.karate.template.ResourceHtmlTemplateResolver
[THYMELEAF] * Message resolvers:
[THYMELEAF]     * karate.org.thymeleaf.messageresolver.StandardMessageResolver
[THYMELEAF] * Link builders:
[THYMELEAF]     * karate.org.thymeleaf.linkbuilder.StandardLinkBuilder
[THYMELEAF] * Dialect [1 of 2]: Standard (com.intuit.karate.template.KarateStandardDialect)
[THYMELEAF]     * Prefix: "th"
[THYMELEAF]     * Processors for Template Mode: HTML
[THYMELEAF]         * Element Tag Processors by [matching element and attribute name] [precedence]:
[THYMELEAF]             * [* {th:include,data-th-include}] [100]: karate.org.thymeleaf.standard.processor.StandardIncludeTagProcessor
[THYMELEAF]             * [* {th:insert,data-th-insert}] [100]: karate.org.thymeleaf.standard.processor.StandardInsertTagProcessor
[THYMELEAF]             * [* {th:replace,data-th-replace}] [100]: karate.org.thymeleaf.standard.processor.StandardReplaceTagProcessor
[THYMELEAF]             * [* {th:substituteby,data-th-substituteby}] [100]: karate.org.thymeleaf.standard.processor.StandardSubstituteByTagProcessor
[THYMELEAF]             * [* {th:each,data-th-each}] [200]: com.intuit.karate.template.KarateEachTagProcessor
[THYMELEAF]             * [* {th:switch,data-th-switch}] [250]: karate.org.thymeleaf.standard.processor.StandardSwitchTagProcessor
[THYMELEAF]             * [* {th:case,data-th-case}] [275]: karate.org.thymeleaf.standard.processor.StandardCaseTagProcessor
[THYMELEAF]             * [* {th:if,data-th-if}] [300]: karate.org.thymeleaf.standard.processor.StandardIfTagProcessor
[THYMELEAF]             * [* {th:unless,data-th-unless}] [400]: karate.org.thymeleaf.standard.processor.StandardUnlessTagProcessor
[THYMELEAF]             * [* {th:object,data-th-object}] [500]: karate.org.thymeleaf.standard.processor.StandardObjectTagProcessor
[THYMELEAF]             * [* {th:with,data-th-with}] [600]: com.intuit.karate.template.KarateWithTagProcessor
[THYMELEAF]             * [* {th:attr,data-th-attr}] [700]: com.intuit.karate.template.KarateAttributeTagProcessor.KarateAttrTagProcessor
[THYMELEAF]             * [* {th:attrappend,data-th-attrappend}] [900]: com.intuit.karate.template.KarateAttributeTagProcessor.KarateAttrappendTagProcessor
[THYMELEAF]             * [* {th:attrprepend,data-th-attrprepend}] [900]: com.intuit.karate.template.KarateAttributeTagProcessor.KarateAttrprependTagProcessor
[THYMELEAF]             * [* {th:alt-title,data-th-alt-title}] [990]: karate.org.thymeleaf.standard.processor.StandardAltTitleTagProcessor
[THYMELEAF]             * [* {th:lang-xmllang,data-th-lang-xmllang}] [990]: karate.org.thymeleaf.standard.processor.StandardLangXmlLangTagProcessor
[THYMELEAF]             * [* {th:action,data-th-action}] [1000]: karate.org.thymeleaf.standard.processor.StandardActionTagProcessor
[THYMELEAF]             * [* {th:readonly,data-th-readonly}] [1000]: karate.org.thymeleaf.standard.processor.StandardConditionalFixedValueTagProcessor
[THYMELEAF]             * [* {th:async,data-th-async}] [1000]: karate.org.thymeleaf.standard.processor.StandardConditionalFixedValueTagProcessor
[THYMELEAF]             * [* {th:formnovalidate,data-th-formnovalidate}] [1000]: karate.org.thymeleaf.standard.processor.StandardConditionalFixedValueTagProcessor
[THYMELEAF]             * [* {th:multiple,data-th-multiple}] [1000]: karate.org.thymeleaf.standard.processor.StandardConditionalFixedValueTagProcessor
[THYMELEAF]             * [* {th:disabled,data-th-disabled}] [1000]: karate.org.thymeleaf.standard.processor.StandardConditionalFixedValueTagProcessor
[THYMELEAF]             * [* {th:open,data-th-open}] [1000]: karate.org.thymeleaf.standard.processor.StandardConditionalFixedValueTagProcessor
[THYMELEAF]             * [* {th:autoplay,data-th-autoplay}] [1000]: karate.org.thymeleaf.standard.processor.StandardConditionalFixedValueTagProcessor
[THYMELEAF]             * [* {th:scoped,data-th-scoped}] [1000]: karate.org.thymeleaf.standard.processor.StandardConditionalFixedValueTagProcessor
[THYMELEAF]             * [* {th:nowrap,data-th-nowrap}] [1000]: karate.org.thymeleaf.standard.processor.StandardConditionalFixedValueTagProcessor
[THYMELEAF]             * [* {th:selected,data-th-selected}] [1000]: karate.org.thymeleaf.standard.processor.StandardConditionalFixedValueTagProcessor
[THYMELEAF]             * [* {th:defer,data-th-defer}] [1000]: karate.org.thymeleaf.standard.processor.StandardConditionalFixedValueTagProcessor
[THYMELEAF]             * [* {th:loop,data-th-loop}] [1000]: karate.org.thymeleaf.standard.processor.StandardConditionalFixedValueTagProcessor
[THYMELEAF]             * [* {th:novalidate,data-th-novalidate}] [1000]: karate.org.thymeleaf.standard.processor.StandardConditionalFixedValueTagProcessor
[THYMELEAF]             * [* {th:pubdate,data-th-pubdate}] [1000]: karate.org.thymeleaf.standard.processor.StandardConditionalFixedValueTagProcessor
[THYMELEAF]             * [* {th:required,data-th-required}] [1000]: karate.org.thymeleaf.standard.processor.StandardConditionalFixedValueTagProcessor
[THYMELEAF]             * [* {th:reversed,data-th-reversed}] [1000]: karate.org.thymeleaf.standard.processor.StandardConditionalFixedValueTagProcessor
[THYMELEAF]             * [* {th:hidden,data-th-hidden}] [1000]: karate.org.thymeleaf.standard.processor.StandardConditionalFixedValueTagProcessor
[THYMELEAF]             * [* {th:declare,data-th-declare}] [1000]: karate.org.thymeleaf.standard.processor.StandardConditionalFixedValueTagProcessor
[THYMELEAF]             * [* {th:default,data-th-default}] [1000]: karate.org.thymeleaf.standard.processor.StandardConditionalFixedValueTagProcessor
[THYMELEAF]             * [* {th:ismap,data-th-ismap}] [1000]: karate.org.thymeleaf.standard.processor.StandardConditionalFixedValueTagProcessor
[THYMELEAF]             * [* {th:checked,data-th-checked}] [1000]: karate.org.thymeleaf.standard.processor.StandardConditionalFixedValueTagProcessor
[THYMELEAF]             * [* {th:autofocus,data-th-autofocus}] [1000]: karate.org.thymeleaf.standard.processor.StandardConditionalFixedValueTagProcessor
[THYMELEAF]             * [* {th:seamless,data-th-seamless}] [1000]: karate.org.thymeleaf.standard.processor.StandardConditionalFixedValueTagProcessor
[THYMELEAF]             * [* {th:controls,data-th-controls}] [1000]: karate.org.thymeleaf.standard.processor.StandardConditionalFixedValueTagProcessor
[THYMELEAF]             * [* {th:onprogress,data-th-onprogress}] [1000]: karate.org.thymeleaf.standard.processor.StandardDOMEventAttributeTagProcessor
[THYMELEAF]             * [* {th:onmouseover,data-th-onmouseover}] [1000]: karate.org.thymeleaf.standard.processor.StandardDOMEventAttributeTagProcessor
[THYMELEAF]             * [* {th:onmousedown,data-th-onmousedown}] [1000]: karate.org.thymeleaf.standard.processor.StandardDOMEventAttributeTagProcessor
[THYMELEAF]             * [* {th:onkeydown,data-th-onkeydown}] [1000]: karate.org.thymeleaf.standard.processor.StandardDOMEventAttributeTagProcessor
[THYMELEAF]             * [* {th:onresize,data-th-onresize}] [1000]: karate.org.thymeleaf.standard.processor.StandardDOMEventAttributeTagProcessor
[THYMELEAF]             * [* {th:ondragleave,data-th-ondragleave}] [1000]: karate.org.thymeleaf.standard.processor.StandardDOMEventAttributeTagProcessor
[THYMELEAF]             * [* {th:onbeforeprint,data-th-onbeforeprint}] [1000]: karate.org.thymeleaf.standard.processor.StandardDOMEventAttributeTagProcessor
[THYMELEAF]             * [* {th:onclick,data-th-onclick}] [1000]: karate.org.thymeleaf.standard.processor.StandardDOMEventAttributeTagProcessor
[THYMELEAF]             * [* {th:ondragstart,data-th-ondragstart}] [1000]: karate.org.thymeleaf.standard.processor.StandardDOMEventAttributeTagProcessor
[THYMELEAF]             * [* {th:ondrag,data-th-ondrag}] [1000]: karate.org.thymeleaf.standard.processor.StandardDOMEventAttributeTagProcessor
[THYMELEAF]             * [* {th:onratechange,data-th-onratechange}] [1000]: karate.org.thymeleaf.standard.processor.StandardDOMEventAttributeTagProcessor
[THYMELEAF]             * [* {th:onmousemove,data-th-onmousemove}] [1000]: karate.org.thymeleaf.standard.processor.StandardDOMEventAttributeTagProcessor
[THYMELEAF]             * [* {th:oninput,data-th-oninput}] [1000]: karate.org.thymeleaf.standard.processor.StandardDOMEventAttributeTagProcessor
[THYMELEAF]             * [* {th:onsubmit,data-th-onsubmit}] [1000]: karate.org.thymeleaf.standard.processor.StandardDOMEventAttributeTagProcessor
[THYMELEAF]             * [* {th:ononline,data-th-ononline}] [1000]: karate.org.thymeleaf.standard.processor.StandardDOMEventAttributeTagProcessor
[THYMELEAF]             * [* {th:onkeyup,data-th-onkeyup}] [1000]: karate.org.thymeleaf.standard.processor.StandardDOMEventAttributeTagProcessor
[THYMELEAF]             * [* {th:onkeypress,data-th-onkeypress}] [1000]: karate.org.thymeleaf.standard.processor.StandardDOMEventAttributeTagProcessor
[THYMELEAF]             * [* {th:onplaying,data-th-onplaying}] [1000]: karate.org.thymeleaf.standard.processor.StandardDOMEventAttributeTagProcessor
[THYMELEAF]             * [* {th:onpopstate,data-th-onpopstate}] [1000]: karate.org.thymeleaf.standard.processor.StandardDOMEventAttributeTagProcessor
[THYMELEAF]             * [* {th:onreadystatechange,data-th-onreadystatechange}] [1000]: karate.org.thymeleaf.standard.processor.StandardDOMEventAttributeTagProcessor
[THYMELEAF]             * [* {th:onmessage,data-th-onmessage}] [1000]: karate.org.thymeleaf.standard.processor.StandardDOMEventAttributeTagProcessor
[THYMELEAF]             * [* {th:ondragenter,data-th-ondragenter}] [1000]: karate.org.thymeleaf.standard.processor.StandardDOMEventAttributeTagProcessor
[THYMELEAF]             * [* {th:onchange,data-th-onchange}] [1000]: karate.org.thymeleaf.standard.processor.StandardDOMEventAttributeTagProcessor
[THYMELEAF]             * [* {th:onerror,data-th-onerror}] [1000]: karate.org.thymeleaf.standard.processor.StandardDOMEventAttributeTagProcessor
[THYMELEAF]             * [* {th:onemptied,data-th-onemptied}] [1000]: karate.org.thymeleaf.standard.processor.StandardDOMEventAttributeTagProcessor
[THYMELEAF]             * [* {th:onloadeddata,data-th-onloadeddata}] [1000]: karate.org.thymeleaf.standard.processor.StandardDOMEventAttributeTagProcessor
[THYMELEAF]             * [* {th:onsuspend,data-th-onsuspend}] [1000]: karate.org.thymeleaf.standard.processor.StandardDOMEventAttributeTagProcessor
[THYMELEAF]             * [* {th:ondblclick,data-th-ondblclick}] [1000]: karate.org.thymeleaf.standard.processor.StandardDOMEventAttributeTagProcessor
[THYMELEAF]             * [* {th:onunload,data-th-onunload}] [1000]: karate.org.thymeleaf.standard.processor.StandardDOMEventAttributeTagProcessor
[THYMELEAF]             * [* {th:onafterprint,data-th-onafterprint}] [1000]: karate.org.thymeleaf.standard.processor.StandardDOMEventAttributeTagProcessor
[THYMELEAF]             * [* {th:onmouseout,data-th-onmouseout}] [1000]: karate.org.thymeleaf.standard.processor.StandardDOMEventAttributeTagProcessor
[THYMELEAF]             * [* {th:onhashchange,data-th-onhashchange}] [1000]: karate.org.thymeleaf.standard.processor.StandardDOMEventAttributeTagProcessor
[THYMELEAF]             * [* {th:onreset,data-th-onreset}] [1000]: karate.org.thymeleaf.standard.processor.StandardDOMEventAttributeTagProcessor
[THYMELEAF]             * [* {th:oncanplaythrough,data-th-oncanplaythrough}] [1000]: karate.org.thymeleaf.standard.processor.StandardDOMEventAttributeTagProcessor
[THYMELEAF]             * [* {th:onselect,data-th-onselect}] [1000]: karate.org.thymeleaf.standard.processor.StandardDOMEventAttributeTagProcessor
[THYMELEAF]             * [* {th:onseeked,data-th-onseeked}] [1000]: karate.org.thymeleaf.standard.processor.StandardDOMEventAttributeTagProcessor
[THYMELEAF]             * [* {th:ondragover,data-th-ondragover}] [1000]: karate.org.thymeleaf.standard.processor.StandardDOMEventAttributeTagProcessor
[THYMELEAF]             * [* {th:ondragend,data-th-ondragend}] [1000]: karate.org.thymeleaf.standard.processor.StandardDOMEventAttributeTagProcessor
[THYMELEAF]             * [* {th:onundo,data-th-onundo}] [1000]: karate.org.thymeleaf.standard.processor.StandardDOMEventAttributeTagProcessor
[THYMELEAF]             * [* {th:ontimeupdate,data-th-ontimeupdate}] [1000]: karate.org.thymeleaf.standard.processor.StandardDOMEventAttributeTagProcessor
[THYMELEAF]             * [* {th:onoffline,data-th-onoffline}] [1000]: karate.org.thymeleaf.standard.processor.StandardDOMEventAttributeTagProcessor
[THYMELEAF]             * [* {th:onscroll,data-th-onscroll}] [1000]: karate.org.thymeleaf.standard.processor.StandardDOMEventAttributeTagProcessor
[THYMELEAF]             * [* {th:onplay,data-th-onplay}] [1000]: karate.org.thymeleaf.standard.processor.StandardDOMEventAttributeTagProcessor
[THYMELEAF]             * [* {th:onloadedmetadata,data-th-onloadedmetadata}] [1000]: karate.org.thymeleaf.standard.processor.StandardDOMEventAttributeTagProcessor
[THYMELEAF]             * [* {th:ondurationchange,data-th-ondurationchange}] [1000]: karate.org.thymeleaf.standard.processor.StandardDOMEventAttributeTagProcessor
[THYMELEAF]             * [* {th:oncanplay,data-th-oncanplay}] [1000]: karate.org.thymeleaf.standard.processor.StandardDOMEventAttributeTagProcessor
[THYMELEAF]             * [* {th:onredo,data-th-onredo}] [1000]: karate.org.thymeleaf.standard.processor.StandardDOMEventAttributeTagProcessor
[THYMELEAF]             * [* {th:onforminput,data-th-onforminput}] [1000]: karate.org.thymeleaf.standard.processor.StandardDOMEventAttributeTagProcessor
[THYMELEAF]             * [* {th:onabort,data-th-onabort}] [1000]: karate.org.thymeleaf.standard.processor.StandardDOMEventAttributeTagProcessor
[THYMELEAF]             * [* {th:onbeforeunload,data-th-onbeforeunload}] [1000]: karate.org.thymeleaf.standard.processor.StandardDOMEventAttributeTagProcessor
[THYMELEAF]             * [* {th:onended,data-th-onended}] [1000]: karate.org.thymeleaf.standard.processor.StandardDOMEventAttributeTagProcessor
[THYMELEAF]             * [* {th:onload,data-th-onload}] [1000]: karate.org.thymeleaf.standard.processor.StandardDOMEventAttributeTagProcessor
[THYMELEAF]             * [* {th:onseeking,data-th-onseeking}] [1000]: karate.org.thymeleaf.standard.processor.StandardDOMEventAttributeTagProcessor
[THYMELEAF]             * [* {th:onfocus,data-th-onfocus}] [1000]: karate.org.thymeleaf.standard.processor.StandardDOMEventAttributeTagProcessor
[THYMELEAF]             * [* {th:onmousewheel,data-th-onmousewheel}] [1000]: karate.org.thymeleaf.standard.processor.StandardDOMEventAttributeTagProcessor
[THYMELEAF]             * [* {th:onpause,data-th-onpause}] [1000]: karate.org.thymeleaf.standard.processor.StandardDOMEventAttributeTagProcessor
[THYMELEAF]             * [* {th:onmouseup,data-th-onmouseup}] [1000]: karate.org.thymeleaf.standard.processor.StandardDOMEventAttributeTagProcessor
[THYMELEAF]             * [* {th:onvolumechange,data-th-onvolumechange}] [1000]: karate.org.thymeleaf.standard.processor.StandardDOMEventAttributeTagProcessor
[THYMELEAF]             * [* {th:oninvalid,data-th-oninvalid}] [1000]: karate.org.thymeleaf.standard.processor.StandardDOMEventAttributeTagProcessor
[THYMELEAF]             * [* {th:onshow,data-th-onshow}] [1000]: karate.org.thymeleaf.standard.processor.StandardDOMEventAttributeTagProcessor
[THYMELEAF]             * [* {th:onblur,data-th-onblur}] [1000]: karate.org.thymeleaf.standard.processor.StandardDOMEventAttributeTagProcessor
[THYMELEAF]             * [* {th:onloadstart,data-th-onloadstart}] [1000]: karate.org.thymeleaf.standard.processor.StandardDOMEventAttributeTagProcessor
[THYMELEAF]             * [* {th:onformchange,data-th-onformchange}] [1000]: karate.org.thymeleaf.standard.processor.StandardDOMEventAttributeTagProcessor
[THYMELEAF]             * [* {th:oncontextmenu,data-th-oncontextmenu}] [1000]: karate.org.thymeleaf.standard.processor.StandardDOMEventAttributeTagProcessor
[THYMELEAF]             * [* {th:onstalled,data-th-onstalled}] [1000]: karate.org.thymeleaf.standard.processor.StandardDOMEventAttributeTagProcessor
[THYMELEAF]             * [* {th:onstorage,data-th-onstorage}] [1000]: karate.org.thymeleaf.standard.processor.StandardDOMEventAttributeTagProcessor
[THYMELEAF]             * [* {th:onwaiting,data-th-onwaiting}] [1000]: karate.org.thymeleaf.standard.processor.StandardDOMEventAttributeTagProcessor
[THYMELEAF]             * [* {th:ondrop,data-th-ondrop}] [1000]: karate.org.thymeleaf.standard.processor.StandardDOMEventAttributeTagProcessor
[THYMELEAF]             * [* {th:href,data-th-href}] [1000]: karate.org.thymeleaf.standard.processor.StandardHrefTagProcessor
[THYMELEAF]             * [* {th:inline,data-th-inline}] [1000]: karate.org.thymeleaf.standard.processor.StandardInlineHTMLTagProcessor
[THYMELEAF]             * [* {th:method,data-th-method}] [1000]: karate.org.thymeleaf.standard.processor.StandardMethodTagProcessor
[THYMELEAF]             * [* {th:name,data-th-name}] [1000]: karate.org.thymeleaf.standard.processor.StandardNonRemovableAttributeTagProcessor
[THYMELEAF]             * [* {th:type,data-th-type}] [1000]: karate.org.thymeleaf.standard.processor.StandardNonRemovableAttributeTagProcessor
[THYMELEAF]             * [* {th:formmethod,data-th-formmethod}] [1000]: karate.org.thymeleaf.standard.processor.StandardRemovableAttributeTagProcessor
[THYMELEAF]             * [* {th:radiogroup,data-th-radiogroup}] [1000]: karate.org.thymeleaf.standard.processor.StandardRemovableAttributeTagProcessor
[THYMELEAF]             * [* {th:codebase,data-th-codebase}] [1000]: karate.org.thymeleaf.standard.processor.StandardRemovableAttributeTagProcessor
[THYMELEAF]             * [* {th:classid,data-th-classid}] [1000]: karate.org.thymeleaf.standard.processor.StandardRemovableAttributeTagProcessor
[THYMELEAF]             * [* {th:marginwidth,data-th-marginwidth}] [1000]: karate.org.thymeleaf.standard.processor.StandardRemovableAttributeTagProcessor
[THYMELEAF]             * [* {th:optimum,data-th-optimum}] [1000]: karate.org.thymeleaf.standard.processor.StandardRemovableAttributeTagProcessor
[THYMELEAF]             * [* {th:background,data-th-background}] [1000]: karate.org.thymeleaf.standard.processor.StandardRemovableAttributeTagProcessor
[THYMELEAF]             * [* {th:hspace,data-th-hspace}] [1000]: karate.org.thymeleaf.standard.processor.StandardRemovableAttributeTagProcessor
[THYMELEAF]             * [* {th:accept-charset,data-th-accept-charset}] [1000]: karate.org.thymeleaf.standard.processor.StandardRemovableAttributeTagProcessor
[THYMELEAF]             * [* {th:width,data-th-width}] [1000]: karate.org.thymeleaf.standard.processor.StandardRemovableAttributeTagProcessor
[THYMELEAF]             * [* {th:enctype,data-th-enctype}] [1000]: karate.org.thymeleaf.standard.processor.StandardRemovableAttributeTagProcessor
[THYMELEAF]             * [* {th:rowspan,data-th-rowspan}] [1000]: karate.org.thymeleaf.standard.processor.StandardRemovableAttributeTagProcessor
[THYMELEAF]             * [* {th:max,data-th-max}] [1000]: karate.org.thymeleaf.standard.processor.StandardRemovableAttributeTagProcessor
[THYMELEAF]             * [* {th:formaction,data-th-formaction}] [1000]: karate.org.thymeleaf.standard.processor.StandardRemovableAttributeTagProcessor
[THYMELEAF]             * [* {th:kind,data-th-kind}] [1000]: karate.org.thymeleaf.standard.processor.StandardRemovableAttributeTagProcessor
[THYMELEAF]             * [* {th:step,data-th-step}] [1000]: karate.org.thymeleaf.standard.processor.StandardRemovableAttributeTagProcessor
[THYMELEAF]             * [* {th:valuetype,data-th-valuetype}] [1000]: karate.org.thymeleaf.standard.processor.StandardRemovableAttributeTagProcessor
[THYMELEAF]             * [* {th:contenteditable,data-th-contenteditable}] [1000]: karate.org.thymeleaf.standard.processor.StandardRemovableAttributeTagProcessor
[THYMELEAF]             * [* {th:poster,data-th-poster}] [1000]: karate.org.thymeleaf.standard.processor.StandardRemovableAttributeTagProcessor
[THYMELEAF]             * [* {th:lang,data-th-lang}] [1000]: karate.org.thymeleaf.standard.processor.StandardRemovableAttributeTagProcessor
[THYMELEAF]             * [* {th:standby,data-th-standby}] [1000]: karate.org.thymeleaf.standard.processor.StandardRemovableAttributeTagProcessor
[THYMELEAF]             * [* {th:span,data-th-span}] [1000]: karate.org.thymeleaf.standard.processor.StandardRemovableAttributeTagProcessor
[THYMELEAF]             * [* {th:cellspacing,data-th-cellspacing}] [1000]: karate.org.thymeleaf.standard.processor.StandardRemovableAttributeTagProcessor
[THYMELEAF]             * [* {th:accept,data-th-accept}] [1000]: karate.org.thymeleaf.standard.processor.StandardRemovableAttributeTagProcessor
[THYMELEAF]             * [* {th:rules,data-th-rules}] [1000]: karate.org.thymeleaf.standard.processor.StandardRemovableAttributeTagProcessor
[THYMELEAF]             * [* {th:list,data-th-list}] [1000]: karate.org.thymeleaf.standard.processor.StandardRemovableAttributeTagProcessor
[THYMELEAF]             * [* {th:manifest,data-th-manifest}] [1000]: karate.org.thymeleaf.standard.processor.StandardRemovableAttributeTagProcessor
[THYMELEAF]             * [* {th:archive,data-th-archive}] [1000]: karate.org.thymeleaf.standard.processor.StandardRemovableAttributeTagProcessor
[THYMELEAF]             * [* {th:codetype,data-th-codetype}] [1000]: karate.org.thymeleaf.standard.processor.StandardRemovableAttributeTagProcessor
[THYMELEAF]             * [* {th:sandbox,data-th-sandbox}] [1000]: karate.org.thymeleaf.standard.processor.StandardRemovableAttributeTagProcessor
[THYMELEAF]             * [* {th:usemap,data-th-usemap}] [1000]: karate.org.thymeleaf.standard.processor.StandardRemovableAttributeTagProcessor
[THYMELEAF]             * [* {th:datetime,data-th-datetime}] [1000]: karate.org.thymeleaf.standard.processor.StandardRemovableAttributeTagProcessor
[THYMELEAF]             * [* {th:title,data-th-title}] [1000]: karate.org.thymeleaf.standard.processor.StandardRemovableAttributeTagProcessor
[THYMELEAF]             * [* {th:scope,data-th-scope}] [1000]: karate.org.thymeleaf.standard.processor.StandardRemovableAttributeTagProcessor
[THYMELEAF]             * [* {th:height,data-th-height}] [1000]: karate.org.thymeleaf.standard.processor.StandardRemovableAttributeTagProcessor
[THYMELEAF]             * [* {th:headers,data-th-headers}] [1000]: karate.org.thymeleaf.standard.processor.StandardRemovableAttributeTagProcessor
[THYMELEAF]             * [* {th:spellcheck,data-th-spellcheck}] [1000]: karate.org.thymeleaf.standard.processor.StandardRemovableAttributeTagProcessor
[THYMELEAF]             * [* {th:cellpadding,data-th-cellpadding}] [1000]: karate.org.thymeleaf.standard.processor.StandardRemovableAttributeTagProcessor
[THYMELEAF]             * [* {th:maxlength,data-th-maxlength}] [1000]: karate.org.thymeleaf.standard.processor.StandardRemovableAttributeTagProcessor
[THYMELEAF]             * [* {th:colspan,data-th-colspan}] [1000]: karate.org.thymeleaf.standard.processor.StandardRemovableAttributeTagProcessor
[THYMELEAF]             * [* {th:label,data-th-label}] [1000]: karate.org.thymeleaf.standard.processor.StandardRemovableAttributeTagProcessor
[THYMELEAF]             * [* {th:formenctype,data-th-formenctype}] [1000]: karate.org.thymeleaf.standard.processor.StandardRemovableAttributeTagProcessor
[THYMELEAF]             * [* {th:srclang,data-th-srclang}] [1000]: karate.org.thymeleaf.standard.processor.StandardRemovableAttributeTagProcessor
[THYMELEAF]             * [* {th:summary,data-th-summary}] [1000]: karate.org.thymeleaf.standard.processor.StandardRemovableAttributeTagProcessor
[THYMELEAF]             * [* {th:draggable,data-th-draggable}] [1000]: karate.org.thymeleaf.standard.processor.StandardRemovableAttributeTagProcessor
[THYMELEAF]             * [* {th:scheme,data-th-scheme}] [1000]: karate.org.thymeleaf.standard.processor.StandardRemovableAttributeTagProcessor
[THYMELEAF]             * [* {th:style,data-th-style}] [1000]: karate.org.thymeleaf.standard.processor.StandardRemovableAttributeTagProcessor
[THYMELEAF]             * [* {th:low,data-th-low}] [1000]: karate.org.thymeleaf.standard.processor.StandardRemovableAttributeTagProcessor
[THYMELEAF]             * [* {th:bgcolor,data-th-bgcolor}] [1000]: karate.org.thymeleaf.standard.processor.StandardRemovableAttributeTagProcessor
[THYMELEAF]             * [* {th:accesskey,data-th-accesskey}] [1000]: karate.org.thymeleaf.standard.processor.StandardRemovableAttributeTagProcessor
[THYMELEAF]             * [* {th:cols,data-th-cols}] [1000]: karate.org.thymeleaf.standard.processor.StandardRemovableAttributeTagProcessor
[THYMELEAF]             * [* {th:frame,data-th-frame}] [1000]: karate.org.thymeleaf.standard.processor.StandardRemovableAttributeTagProcessor
[THYMELEAF]             * [* {th:preload,data-th-preload}] [1000]: karate.org.thymeleaf.standard.processor.StandardRemovableAttributeTagProcessor
[THYMELEAF]             * [* {th:scrolling,data-th-scrolling}] [1000]: karate.org.thymeleaf.standard.processor.StandardRemovableAttributeTagProcessor
[THYMELEAF]             * [* {th:sizes,data-th-sizes}] [1000]: karate.org.thymeleaf.standard.processor.StandardRemovableAttributeTagProcessor
[THYMELEAF]             * [* {th:target,data-th-target}] [1000]: karate.org.thymeleaf.standard.processor.StandardRemovableAttributeTagProcessor
[THYMELEAF]             * [* {th:size,data-th-size}] [1000]: karate.org.thymeleaf.standard.processor.StandardRemovableAttributeTagProcessor
[THYMELEAF]             * [* {th:compact,data-th-compact}] [1000]: karate.org.thymeleaf.standard.processor.StandardRemovableAttributeTagProcessor
[THYMELEAF]             * [* {th:media,data-th-media}] [1000]: karate.org.thymeleaf.standard.processor.StandardRemovableAttributeTagProcessor
[THYMELEAF]             * [* {th:dropzone,data-th-dropzone}] [1000]: karate.org.thymeleaf.standard.processor.StandardRemovableAttributeTagProcessor
[THYMELEAF]             * [* {th:dir,data-th-dir}] [1000]: karate.org.thymeleaf.standard.processor.StandardRemovableAttributeTagProcessor
[THYMELEAF]             * [* {th:cite,data-th-cite}] [1000]: karate.org.thymeleaf.standard.processor.StandardRemovableAttributeTagProcessor
[THYMELEAF]             * [* {th:align,data-th-align}] [1000]: karate.org.thymeleaf.standard.processor.StandardRemovableAttributeTagProcessor
[THYMELEAF]             * [* {th:http-equiv,data-th-http-equiv}] [1000]: karate.org.thymeleaf.standard.processor.StandardRemovableAttributeTagProcessor
[THYMELEAF]             * [* {th:challenge,data-th-challenge}] [1000]: karate.org.thymeleaf.standard.processor.StandardRemovableAttributeTagProcessor
[THYMELEAF]             * [* {th:keytype,data-th-keytype}] [1000]: karate.org.thymeleaf.standard.processor.StandardRemovableAttributeTagProcessor
[THYMELEAF]             * [* {th:vspace,data-th-vspace}] [1000]: karate.org.thymeleaf.standard.processor.StandardRemovableAttributeTagProcessor
[THYMELEAF]             * [* {th:placeholder,data-th-placeholder}] [1000]: karate.org.thymeleaf.standard.processor.StandardRemovableAttributeTagProcessor
[THYMELEAF]             * [* {th:frameborder,data-th-frameborder}] [1000]: karate.org.thymeleaf.standard.processor.StandardRemovableAttributeTagProcessor
[THYMELEAF]             * [* {th:hreflang,data-th-hreflang}] [1000]: karate.org.thymeleaf.standard.processor.StandardRemovableAttributeTagProcessor
[THYMELEAF]             * [* {th:min,data-th-min}] [1000]: karate.org.thymeleaf.standard.processor.StandardRemovableAttributeTagProcessor
[THYMELEAF]             * [* {th:rel,data-th-rel}] [1000]: karate.org.thymeleaf.standard.processor.StandardRemovableAttributeTagProcessor
[THYMELEAF]             * [* {th:data,data-th-data}] [1000]: karate.org.thymeleaf.standard.processor.StandardRemovableAttributeTagProcessor
[THYMELEAF]             * [* {th:axis,data-th-axis}] [1000]: karate.org.thymeleaf.standard.processor.StandardRemovableAttributeTagProcessor
[THYMELEAF]             * [* {th:autocomplete,data-th-autocomplete}] [1000]: karate.org.thymeleaf.standard.processor.StandardRemovableAttributeTagProcessor
[THYMELEAF]             * [* {th:abbr,data-th-abbr}] [1000]: karate.org.thymeleaf.standard.processor.StandardRemovableAttributeTagProcessor
[THYMELEAF]             * [* {th:id,data-th-id}] [1000]: karate.org.thymeleaf.standard.processor.StandardRemovableAttributeTagProcessor
[THYMELEAF]             * [* {th:wrap,data-th-wrap}] [1000]: karate.org.thymeleaf.standard.processor.StandardRemovableAttributeTagProcessor
[THYMELEAF]             * [* {th:marginheight,data-th-marginheight}] [1000]: karate.org.thymeleaf.standard.processor.StandardRemovableAttributeTagProcessor
[THYMELEAF]             * [* {th:longdesc,data-th-longdesc}] [1000]: karate.org.thymeleaf.standard.processor.StandardRemovableAttributeTagProcessor
[THYMELEAF]             * [* {th:for,data-th-for}] [1000]: karate.org.thymeleaf.standard.processor.StandardRemovableAttributeTagProcessor
[THYMELEAF]             * [* {th:content,data-th-content}] [1000]: karate.org.thymeleaf.standard.processor.StandardRemovableAttributeTagProcessor
[THYMELEAF]             * [* {th:audio,data-th-audio}] [1000]: karate.org.thymeleaf.standard.processor.StandardRemovableAttributeTagProcessor
[THYMELEAF]             * [* {th:icon,data-th-icon}] [1000]: karate.org.thymeleaf.standard.processor.StandardRemovableAttributeTagProcessor
[THYMELEAF]             * [* {th:class,data-th-class}] [1000]: karate.org.thymeleaf.standard.processor.StandardRemovableAttributeTagProcessor
[THYMELEAF]             * [* {th:start,data-th-start}] [1000]: karate.org.thymeleaf.standard.processor.StandardRemovableAttributeTagProcessor
[THYMELEAF]             * [* {th:tabindex,data-th-tabindex}] [1000]: karate.org.thymeleaf.standard.processor.StandardRemovableAttributeTagProcessor
[THYMELEAF]             * [* {th:contextmenu,data-th-contextmenu}] [1000]: karate.org.thymeleaf.standard.processor.StandardRemovableAttributeTagProcessor
[THYMELEAF]             * [* {th:border,data-th-border}] [1000]: karate.org.thymeleaf.standard.processor.StandardRemovableAttributeTagProcessor
[THYMELEAF]             * [* {th:charset,data-th-charset}] [1000]: karate.org.thymeleaf.standard.processor.StandardRemovableAttributeTagProcessor
[THYMELEAF]             * [* {th:formtarget,data-th-formtarget}] [1000]: karate.org.thymeleaf.standard.processor.StandardRemovableAttributeTagProcessor
[THYMELEAF]             * [* {th:form,data-th-form}] [1000]: karate.org.thymeleaf.standard.processor.StandardRemovableAttributeTagProcessor
[THYMELEAF]             * [* {th:pattern,data-th-pattern}] [1000]: karate.org.thymeleaf.standard.processor.StandardRemovableAttributeTagProcessor
[THYMELEAF]             * [* {th:alt,data-th-alt}] [1000]: karate.org.thymeleaf.standard.processor.StandardRemovableAttributeTagProcessor
[THYMELEAF]             * [* {th:high,data-th-high}] [1000]: karate.org.thymeleaf.standard.processor.StandardRemovableAttributeTagProcessor
[THYMELEAF]             * [* {th:rows,data-th-rows}] [1000]: karate.org.thymeleaf.standard.processor.StandardRemovableAttributeTagProcessor
[THYMELEAF]             * [* {th:rev,data-th-rev}] [1000]: karate.org.thymeleaf.standard.processor.StandardRemovableAttributeTagProcessor
[THYMELEAF]             * [* {th:src,data-th-src}] [1000]: karate.org.thymeleaf.standard.processor.StandardSrcTagProcessor
[THYMELEAF]             * [* {th:value,data-th-value}] [1000]: karate.org.thymeleaf.standard.processor.StandardValueTagProcessor
[THYMELEAF]             * [* {th:xmlbase,data-th-xmlbase}] [1000]: karate.org.thymeleaf.standard.processor.StandardXmlBaseTagProcessor
[THYMELEAF]             * [* {th:xmllang,data-th-xmllang}] [1000]: karate.org.thymeleaf.standard.processor.StandardXmlLangTagProcessor
[THYMELEAF]             * [* {xmlns:th}] [1000]: karate.org.thymeleaf.standard.processor.StandardXmlNsTagProcessor
[THYMELEAF]             * [* {th:xmlspace,data-th-xmlspace}] [1000]: karate.org.thymeleaf.standard.processor.StandardXmlSpaceTagProcessor
[THYMELEAF]             * [* {th:classappend,data-th-classappend}] [1100]: karate.org.thymeleaf.standard.processor.StandardClassappendTagProcessor
[THYMELEAF]             * [* {th:styleappend,data-th-styleappend}] [1100]: karate.org.thymeleaf.standard.processor.StandardStyleappendTagProcessor
[THYMELEAF]             * [* {th:text,data-th-text}] [1300]: karate.org.thymeleaf.standard.processor.StandardTextTagProcessor
[THYMELEAF]             * [* {th:utext,data-th-utext}] [1400]: karate.org.thymeleaf.standard.processor.StandardUtextTagProcessor
[THYMELEAF]             * [* {th:fragment,data-th-fragment}] [1500]: karate.org.thymeleaf.standard.processor.StandardFragmentTagProcessor
[THYMELEAF]             * [* {th:assert,data-th-assert}] [1550]: karate.org.thymeleaf.standard.processor.StandardAssertTagProcessor
[THYMELEAF]             * [* {th:remove,data-th-remove}] [1600]: karate.org.thymeleaf.standard.processor.StandardRemoveTagProcessor
[THYMELEAF]             * [* {th:ref,data-th-ref}] [10000]: karate.org.thymeleaf.standard.processor.StandardRefAttributeTagProcessor
[THYMELEAF]             * [{th:block,th-block} *] [100000]: karate.org.thymeleaf.standard.processor.StandardBlockTagProcessor
[THYMELEAF]             * [* th:*] [2147483647]: karate.org.thymeleaf.standard.processor.StandardDefaultAttributesTagProcessor
[THYMELEAF]         * Text Processors by [precedence]:
[THYMELEAF]             * [1000]: karate.org.thymeleaf.standard.processor.StandardInliningTextProcessor
[THYMELEAF]         * DOCTYPE Processors by [precedence]:
[THYMELEAF]             * [1000]: karate.org.thymeleaf.standard.processor.StandardTranslationDocTypeProcessor
[THYMELEAF]         * CDATA Section Processors by [precedence]:
[THYMELEAF]             * [1000]: karate.org.thymeleaf.standard.processor.StandardInliningCDATASectionProcessor
[THYMELEAF]         * Comment Processors by [precedence]:
[THYMELEAF]             * [1000]: karate.org.thymeleaf.standard.processor.StandardInliningCommentProcessor
[THYMELEAF]             * [1100]: karate.org.thymeleaf.standard.processor.StandardConditionalCommentProcessor
[THYMELEAF]     * Processors for Template Mode: XML
[THYMELEAF]         * Element Tag Processors by [matching element and attribute name] [precedence]:
[THYMELEAF]             * [* {th:include}] [100]: karate.org.thymeleaf.standard.processor.StandardIncludeTagProcessor
[THYMELEAF]             * [* {th:insert}] [100]: karate.org.thymeleaf.standard.processor.StandardInsertTagProcessor
[THYMELEAF]             * [* {th:replace}] [100]: karate.org.thymeleaf.standard.processor.StandardReplaceTagProcessor
[THYMELEAF]             * [* {th:substituteby}] [100]: karate.org.thymeleaf.standard.processor.StandardSubstituteByTagProcessor
[THYMELEAF]             * [* {th:each}] [200]: com.intuit.karate.template.KarateEachTagProcessor
[THYMELEAF]             * [* {th:switch}] [250]: karate.org.thymeleaf.standard.processor.StandardSwitchTagProcessor
[THYMELEAF]             * [* {th:case}] [275]: karate.org.thymeleaf.standard.processor.StandardCaseTagProcessor
[THYMELEAF]             * [* {th:if}] [300]: karate.org.thymeleaf.standard.processor.StandardIfTagProcessor
[THYMELEAF]             * [* {th:unless}] [400]: karate.org.thymeleaf.standard.processor.StandardUnlessTagProcessor
[THYMELEAF]             * [* {th:object}] [500]: karate.org.thymeleaf.standard.processor.StandardObjectTagProcessor
[THYMELEAF]             * [* {th:with}] [600]: com.intuit.karate.template.KarateWithTagProcessor
[THYMELEAF]             * [* {th:attr}] [700]: com.intuit.karate.template.KarateAttributeTagProcessor.KarateAttrTagProcessor
[THYMELEAF]             * [* {th:attrappend}] [900]: com.intuit.karate.template.KarateAttributeTagProcessor.KarateAttrappendTagProcessor
[THYMELEAF]             * [* {th:attrprepend}] [900]: com.intuit.karate.template.KarateAttributeTagProcessor.KarateAttrprependTagProcessor
[THYMELEAF]             * [* {th:inline}] [1000]: karate.org.thymeleaf.standard.processor.StandardInlineXMLTagProcessor
[THYMELEAF]             * [* {xmlns:th}] [1000]: karate.org.thymeleaf.standard.processor.StandardXmlNsTagProcessor
[THYMELEAF]             * [* {th:text}] [1300]: karate.org.thymeleaf.standard.processor.StandardTextTagProcessor
[THYMELEAF]             * [* {th:utext}] [1400]: karate.org.thymeleaf.standard.processor.StandardUtextTagProcessor
[THYMELEAF]             * [* {th:fragment}] [1500]: karate.org.thymeleaf.standard.processor.StandardFragmentTagProcessor
[THYMELEAF]             * [* {th:assert}] [1550]: karate.org.thymeleaf.standard.processor.StandardAssertTagProcessor
[THYMELEAF]             * [* {th:remove}] [1600]: karate.org.thymeleaf.standard.processor.StandardRemoveTagProcessor
[THYMELEAF]             * [* {th:ref}] [10000]: karate.org.thymeleaf.standard.processor.StandardRefAttributeTagProcessor
[THYMELEAF]             * [{th:block} *] [100000]: karate.org.thymeleaf.standard.processor.StandardBlockTagProcessor
[THYMELEAF]             * [* th:*] [2147483647]: karate.org.thymeleaf.standard.processor.StandardDefaultAttributesTagProcessor
[THYMELEAF]         * Text Processors by [precedence]:
[THYMELEAF]             * [1000]: karate.org.thymeleaf.standard.processor.StandardInliningTextProcessor
[THYMELEAF]         * CDATA Section Processors by [precedence]:
[THYMELEAF]             * [1000]: karate.org.thymeleaf.standard.processor.StandardInliningCDATASectionProcessor
[THYMELEAF]         * Comment Processors by [precedence]:
[THYMELEAF]             * [1000]: karate.org.thymeleaf.standard.processor.StandardInliningCommentProcessor
[THYMELEAF]     * Processors for Template Mode: TEXT
[THYMELEAF]         * Element Tag Processors by [matching element and attribute name] [precedence]:
[THYMELEAF]             * [* {th:insert}] [100]: karate.org.thymeleaf.standard.processor.StandardInsertTagProcessor
[THYMELEAF]             * [* {th:replace}] [100]: karate.org.thymeleaf.standard.processor.StandardReplaceTagProcessor
[THYMELEAF]             * [* {th:each}] [200]: com.intuit.karate.template.KarateEachTagProcessor
[THYMELEAF]             * [* {th:switch}] [250]: karate.org.thymeleaf.standard.processor.StandardSwitchTagProcessor
[THYMELEAF]             * [* {th:case}] [275]: karate.org.thymeleaf.standard.processor.StandardCaseTagProcessor
[THYMELEAF]             * [* {th:if}] [300]: karate.org.thymeleaf.standard.processor.StandardIfTagProcessor
[THYMELEAF]             * [* {th:unless}] [400]: karate.org.thymeleaf.standard.processor.StandardUnlessTagProcessor
[THYMELEAF]             * [* {th:object}] [500]: karate.org.thymeleaf.standard.processor.StandardObjectTagProcessor
[THYMELEAF]             * [* {th:with}] [600]: com.intuit.karate.template.KarateWithTagProcessor
[THYMELEAF]             * [* {th:inline}] [1000]: karate.org.thymeleaf.standard.processor.StandardInlineTextualTagProcessor
[THYMELEAF]             * [* {th:text}] [1300]: karate.org.thymeleaf.standard.processor.StandardTextTagProcessor
[THYMELEAF]             * [* {th:utext}] [1400]: karate.org.thymeleaf.standard.processor.StandardUtextTagProcessor
[THYMELEAF]             * [* {th:assert}] [1550]: karate.org.thymeleaf.standard.processor.StandardAssertTagProcessor
[THYMELEAF]             * [* {th:remove}] [1600]: karate.org.thymeleaf.standard.processor.StandardRemoveTagProcessor
[THYMELEAF]             * [* 100000] [karate.org.thymeleaf.standard.processor.StandardBlockTagProcessor]: {}
[THYMELEAF]             * [{th:block} *] [100000]: karate.org.thymeleaf.standard.processor.StandardBlockTagProcessor
[THYMELEAF]         * Text Processors by [precedence]:
[THYMELEAF]             * [1000]: karate.org.thymeleaf.standard.processor.StandardInliningTextProcessor
[THYMELEAF]     * Processors for Template Mode: JAVASCRIPT
[THYMELEAF]         * Element Tag Processors by [matching element and attribute name] [precedence]:
[THYMELEAF]             * [* {th:insert}] [100]: karate.org.thymeleaf.standard.processor.StandardInsertTagProcessor
[THYMELEAF]             * [* {th:replace}] [100]: karate.org.thymeleaf.standard.processor.StandardReplaceTagProcessor
[THYMELEAF]             * [* {th:each}] [200]: com.intuit.karate.template.KarateEachTagProcessor
[THYMELEAF]             * [* {th:switch}] [250]: karate.org.thymeleaf.standard.processor.StandardSwitchTagProcessor
[THYMELEAF]             * [* {th:case}] [275]: karate.org.thymeleaf.standard.processor.StandardCaseTagProcessor
[THYMELEAF]             * [* {th:if}] [300]: karate.org.thymeleaf.standard.processor.StandardIfTagProcessor
[THYMELEAF]             * [* {th:unless}] [400]: karate.org.thymeleaf.standard.processor.StandardUnlessTagProcessor
[THYMELEAF]             * [* {th:object}] [500]: karate.org.thymeleaf.standard.processor.StandardObjectTagProcessor
[THYMELEAF]             * [* {th:with}] [600]: com.intuit.karate.template.KarateWithTagProcessor
[THYMELEAF]             * [* {th:inline}] [1000]: karate.org.thymeleaf.standard.processor.StandardInlineTextualTagProcessor
[THYMELEAF]             * [* {th:text}] [1300]: karate.org.thymeleaf.standard.processor.StandardTextTagProcessor
[THYMELEAF]             * [* {th:utext}] [1400]: karate.org.thymeleaf.standard.processor.StandardUtextTagProcessor
[THYMELEAF]             * [* {th:assert}] [1550]: karate.org.thymeleaf.standard.processor.StandardAssertTagProcessor
[THYMELEAF]             * [* {th:remove}] [1600]: karate.org.thymeleaf.standard.processor.StandardRemoveTagProcessor
[THYMELEAF]             * [{th:block} *] [100000]: karate.org.thymeleaf.standard.processor.StandardBlockTagProcessor
[THYMELEAF]             * [* 100000] [karate.org.thymeleaf.standard.processor.StandardBlockTagProcessor]: {}
[THYMELEAF]         * Text Processors by [precedence]:
[THYMELEAF]             * [1000]: karate.org.thymeleaf.standard.processor.StandardInliningTextProcessor
[THYMELEAF]     * Processors for Template Mode: CSS
[THYMELEAF]         * Element Tag Processors by [matching element and attribute name] [precedence]:
[THYMELEAF]             * [* {th:insert}] [100]: karate.org.thymeleaf.standard.processor.StandardInsertTagProcessor
[THYMELEAF]             * [* {th:replace}] [100]: karate.org.thymeleaf.standard.processor.StandardReplaceTagProcessor
[THYMELEAF]             * [* {th:each}] [200]: com.intuit.karate.template.KarateEachTagProcessor
[THYMELEAF]             * [* {th:switch}] [250]: karate.org.thymeleaf.standard.processor.StandardSwitchTagProcessor
[THYMELEAF]             * [* {th:case}] [275]: karate.org.thymeleaf.standard.processor.StandardCaseTagProcessor
[THYMELEAF]             * [* {th:if}] [300]: karate.org.thymeleaf.standard.processor.StandardIfTagProcessor
[THYMELEAF]             * [* {th:unless}] [400]: karate.org.thymeleaf.standard.processor.StandardUnlessTagProcessor
[THYMELEAF]             * [* {th:object}] [500]: karate.org.thymeleaf.standard.processor.StandardObjectTagProcessor
[THYMELEAF]             * [* {th:with}] [600]: com.intuit.karate.template.KarateWithTagProcessor
[THYMELEAF]             * [* {th:inline}] [1000]: karate.org.thymeleaf.standard.processor.StandardInlineTextualTagProcessor
[THYMELEAF]             * [* {th:text}] [1300]: karate.org.thymeleaf.standard.processor.StandardTextTagProcessor
[THYMELEAF]             * [* {th:utext}] [1400]: karate.org.thymeleaf.standard.processor.StandardUtextTagProcessor
[THYMELEAF]             * [* {th:assert}] [1550]: karate.org.thymeleaf.standard.processor.StandardAssertTagProcessor
[THYMELEAF]             * [* {th:remove}] [1600]: karate.org.thymeleaf.standard.processor.StandardRemoveTagProcessor
[THYMELEAF]             * [{th:block} *] [100000]: karate.org.thymeleaf.standard.processor.StandardBlockTagProcessor
[THYMELEAF]             * [* 100000] [karate.org.thymeleaf.standard.processor.StandardBlockTagProcessor]: {}
[THYMELEAF]         * Text Processors by [precedence]:
[THYMELEAF]             * [1000]: karate.org.thymeleaf.standard.processor.StandardInliningTextProcessor
[THYMELEAF]     * Expression Objects:
[THYMELEAF]         * #ctx
[THYMELEAF]         * #root
[THYMELEAF]         * #vars
[THYMELEAF]         * #object
[THYMELEAF]         * #locale
[THYMELEAF]         * #request
[THYMELEAF]         * #response
[THYMELEAF]         * #session
[THYMELEAF]         * #servletContext
[THYMELEAF]         * #conversions
[THYMELEAF]         * #uris
[THYMELEAF]         * #calendars
[THYMELEAF]         * #dates
[THYMELEAF]         * #bools
[THYMELEAF]         * #numbers
[THYMELEAF]         * #objects
[THYMELEAF]         * #strings
[THYMELEAF]         * #arrays
[THYMELEAF]         * #lists
[THYMELEAF]         * #sets
[THYMELEAF]         * #maps
[THYMELEAF]         * #aggregates
[THYMELEAF]         * #messages
[THYMELEAF]         * #ids
[THYMELEAF]         * #execInfo
[THYMELEAF]         * #httpServletRequest
[THYMELEAF]         * #httpSession
[THYMELEAF]     * Execution Attributes:
[THYMELEAF]         * "StandardExpressionParser": com.intuit.karate.template.KarateStandardDialect@158d67e6
[THYMELEAF]         * "StandardJavaScriptSerializer": karate.org.thymeleaf.standard.serializer.StandardJavaScriptSerializer@6c14d651
[THYMELEAF]         * "StandardCSSSerializer": karate.org.thymeleaf.standard.serializer.StandardCSSSerializer@732ff564
[THYMELEAF]         * "StandardVariableExpressionEvaluator": com.intuit.karate.template.KarateStandardDialect@158d67e6
[THYMELEAF]         * "StandardConversionService": karate.org.thymeleaf.standard.expression.StandardConversionService@5f2a0196
[THYMELEAF] * Dialect [2 of 2]: karate (com.intuit.karate.template.KarateScriptDialect)
[THYMELEAF]     * Prefix: "ka"
[THYMELEAF]     * Processors for Template Mode: HTML
[THYMELEAF]         * Element Tag Processors by [matching element and attribute name] [precedence]:
[THYMELEAF]             * [* {src}] [1000]: com.intuit.karate.template.KaScriptAttrProcessor
[THYMELEAF]         * Element Model Processors by [matching element and attribute name] [precedence]:
[THYMELEAF]             * [{script} {ka:scope,data-ka-scope}] [1000]: com.intuit.karate.template.KaScriptElemProcessor
[THYMELEAF]             * [* {ka:set,data-ka-set}] [1000]: com.intuit.karate.template.KaSetElemProcessor
[THYMELEAF] TEMPLATE ENGINE CONFIGURED OK
11:39:23.227 [Test worker] DEBUG karate.org.thymeleaf.TemplateEngine - [THYMELEAF] TEMPLATE ENGINE INITIALIZED
11:39:23.283 [Test worker] DEBUG karate.org.thymeleaf.TemplateEngine - [THYMELEAF] INITIALIZING TEMPLATE ENGINE
11:39:23.308 [Test worker] DEBUG karate.org.thymeleaf.TemplateEngine.CONFIG - Initializing Thymeleaf Template engine configuration...
[THYMELEAF] TEMPLATE ENGINE CONFIGURATION:
[THYMELEAF] * Thymeleaf version: 3.0.14.RELEASE (built 2021-12-08T00:45:29+0000)
[THYMELEAF] * Cache Manager implementation: karate.org.thymeleaf.cache.StandardCacheManager
[THYMELEAF] * Template resolvers:
[THYMELEAF]     * [1] com.intuit.karate.template.ResourceHtmlTemplateResolver
[THYMELEAF] * Message resolvers:
[THYMELEAF]     * karate.org.thymeleaf.messageresolver.StandardMessageResolver
[THYMELEAF] * Link builders:
[THYMELEAF]     * karate.org.thymeleaf.linkbuilder.StandardLinkBuilder
[THYMELEAF] * Dialect [1 of 2]: Standard (com.intuit.karate.template.KarateStandardDialect)
[THYMELEAF]     * Prefix: "th"
[THYMELEAF]     * Processors for Template Mode: HTML
[THYMELEAF]         * Element Tag Processors by [matching element and attribute name] [precedence]:
[THYMELEAF]             * [* {th:include,data-th-include}] [100]: karate.org.thymeleaf.standard.processor.StandardIncludeTagProcessor
[THYMELEAF]             * [* {th:insert,data-th-insert}] [100]: karate.org.thymeleaf.standard.processor.StandardInsertTagProcessor
[THYMELEAF]             * [* {th:replace,data-th-replace}] [100]: karate.org.thymeleaf.standard.processor.StandardReplaceTagProcessor
[THYMELEAF]             * [* {th:substituteby,data-th-substituteby}] [100]: karate.org.thymeleaf.standard.processor.StandardSubstituteByTagProcessor
[THYMELEAF]             * [* {th:each,data-th-each}] [200]: com.intuit.karate.template.KarateEachTagProcessor
[THYMELEAF]             * [* {th:switch,data-th-switch}] [250]: karate.org.thymeleaf.standard.processor.StandardSwitchTagProcessor
[THYMELEAF]             * [* {th:case,data-th-case}] [275]: karate.org.thymeleaf.standard.processor.StandardCaseTagProcessor
[THYMELEAF]             * [* {th:if,data-th-if}] [300]: karate.org.thymeleaf.standard.processor.StandardIfTagProcessor
[THYMELEAF]             * [* {th:unless,data-th-unless}] [400]: karate.org.thymeleaf.standard.processor.StandardUnlessTagProcessor
[THYMELEAF]             * [* {th:object,data-th-object}] [500]: karate.org.thymeleaf.standard.processor.StandardObjectTagProcessor
[THYMELEAF]             * [* {th:with,data-th-with}] [600]: com.intuit.karate.template.KarateWithTagProcessor
[THYMELEAF]             * [* {th:attr,data-th-attr}] [700]: com.intuit.karate.template.KarateAttributeTagProcessor.KarateAttrTagProcessor
[THYMELEAF]             * [* {th:attrappend,data-th-attrappend}] [900]: com.intuit.karate.template.KarateAttributeTagProcessor.KarateAttrappendTagProcessor
[THYMELEAF]             * [* {th:attrprepend,data-th-attrprepend}] [900]: com.intuit.karate.template.KarateAttributeTagProcessor.KarateAttrprependTagProcessor
[THYMELEAF]             * [* {th:alt-title,data-th-alt-title}] [990]: karate.org.thymeleaf.standard.processor.StandardAltTitleTagProcessor
[THYMELEAF]             * [* {th:lang-xmllang,data-th-lang-xmllang}] [990]: karate.org.thymeleaf.standard.processor.StandardLangXmlLangTagProcessor
[THYMELEAF]             * [* {th:action,data-th-action}] [1000]: karate.org.thymeleaf.standard.processor.StandardActionTagProcessor
[THYMELEAF]             * [* {th:autoplay,data-th-autoplay}] [1000]: karate.org.thymeleaf.standard.processor.StandardConditionalFixedValueTagProcessor
[THYMELEAF]             * [* {th:pubdate,data-th-pubdate}] [1000]: karate.org.thymeleaf.standard.processor.StandardConditionalFixedValueTagProcessor
[THYMELEAF]             * [* {th:reversed,data-th-reversed}] [1000]: karate.org.thymeleaf.standard.processor.StandardConditionalFixedValueTagProcessor
[THYMELEAF]             * [* {th:controls,data-th-controls}] [1000]: karate.org.thymeleaf.standard.processor.StandardConditionalFixedValueTagProcessor
[THYMELEAF]             * [* {th:open,data-th-open}] [1000]: karate.org.thymeleaf.standard.processor.StandardConditionalFixedValueTagProcessor
[THYMELEAF]             * [* {th:checked,data-th-checked}] [1000]: karate.org.thymeleaf.standard.processor.StandardConditionalFixedValueTagProcessor
[THYMELEAF]             * [* {th:default,data-th-default}] [1000]: karate.org.thymeleaf.standard.processor.StandardConditionalFixedValueTagProcessor
[THYMELEAF]             * [* {th:scoped,data-th-scoped}] [1000]: karate.org.thymeleaf.standard.processor.StandardConditionalFixedValueTagProcessor
[THYMELEAF]             * [* {th:nowrap,data-th-nowrap}] [1000]: karate.org.thymeleaf.standard.processor.StandardConditionalFixedValueTagProcessor
[THYMELEAF]             * [* {th:loop,data-th-loop}] [1000]: karate.org.thymeleaf.standard.processor.StandardConditionalFixedValueTagProcessor
[THYMELEAF]             * [* {th:seamless,data-th-seamless}] [1000]: karate.org.thymeleaf.standard.processor.StandardConditionalFixedValueTagProcessor
[THYMELEAF]             * [* {th:autofocus,data-th-autofocus}] [1000]: karate.org.thymeleaf.standard.processor.StandardConditionalFixedValueTagProcessor
[THYMELEAF]             * [* {th:formnovalidate,data-th-formnovalidate}] [1000]: karate.org.thymeleaf.standard.processor.StandardConditionalFixedValueTagProcessor
[THYMELEAF]             * [* {th:required,data-th-required}] [1000]: karate.org.thymeleaf.standard.processor.StandardConditionalFixedValueTagProcessor
[THYMELEAF]             * [* {th:novalidate,data-th-novalidate}] [1000]: karate.org.thymeleaf.standard.processor.StandardConditionalFixedValueTagProcessor
[THYMELEAF]             * [* {th:defer,data-th-defer}] [1000]: karate.org.thymeleaf.standard.processor.StandardConditionalFixedValueTagProcessor
[THYMELEAF]             * [* {th:disabled,data-th-disabled}] [1000]: karate.org.thymeleaf.standard.processor.StandardConditionalFixedValueTagProcessor
[THYMELEAF]             * [* {th:multiple,data-th-multiple}] [1000]: karate.org.thymeleaf.standard.processor.StandardConditionalFixedValueTagProcessor
[THYMELEAF]             * [* {th:hidden,data-th-hidden}] [1000]: karate.org.thymeleaf.standard.processor.StandardConditionalFixedValueTagProcessor
[THYMELEAF]             * [* {th:readonly,data-th-readonly}] [1000]: karate.org.thymeleaf.standard.processor.StandardConditionalFixedValueTagProcessor
[THYMELEAF]             * [* {th:declare,data-th-declare}] [1000]: karate.org.thymeleaf.standard.processor.StandardConditionalFixedValueTagProcessor
[THYMELEAF]             * [* {th:selected,data-th-selected}] [1000]: karate.org.thymeleaf.standard.processor.StandardConditionalFixedValueTagProcessor
[THYMELEAF]             * [* {th:ismap,data-th-ismap}] [1000]: karate.org.thymeleaf.standard.processor.StandardConditionalFixedValueTagProcessor
[THYMELEAF]             * [* {th:async,data-th-async}] [1000]: karate.org.thymeleaf.standard.processor.StandardConditionalFixedValueTagProcessor
[THYMELEAF]             * [* {th:oncanplay,data-th-oncanplay}] [1000]: karate.org.thymeleaf.standard.processor.StandardDOMEventAttributeTagProcessor
[THYMELEAF]             * [* {th:onloadeddata,data-th-onloadeddata}] [1000]: karate.org.thymeleaf.standard.processor.StandardDOMEventAttributeTagProcessor
[THYMELEAF]             * [* {th:onsubmit,data-th-onsubmit}] [1000]: karate.org.thymeleaf.standard.processor.StandardDOMEventAttributeTagProcessor
[THYMELEAF]             * [* {th:oninvalid,data-th-oninvalid}] [1000]: karate.org.thymeleaf.standard.processor.StandardDOMEventAttributeTagProcessor
[THYMELEAF]             * [* {th:onload,data-th-onload}] [1000]: karate.org.thymeleaf.standard.processor.StandardDOMEventAttributeTagProcessor
[THYMELEAF]             * [* {th:onclick,data-th-onclick}] [1000]: karate.org.thymeleaf.standard.processor.StandardDOMEventAttributeTagProcessor
[THYMELEAF]             * [* {th:onstalled,data-th-onstalled}] [1000]: karate.org.thymeleaf.standard.processor.StandardDOMEventAttributeTagProcessor
[THYMELEAF]             * [* {th:ondblclick,data-th-ondblclick}] [1000]: karate.org.thymeleaf.standard.processor.StandardDOMEventAttributeTagProcessor
[THYMELEAF]             * [* {th:onloadedmetadata,data-th-onloadedmetadata}] [1000]: karate.org.thymeleaf.standard.processor.StandardDOMEventAttributeTagProcessor
[THYMELEAF]             * [* {th:ondragleave,data-th-ondragleave}] [1000]: karate.org.thymeleaf.standard.processor.StandardDOMEventAttributeTagProcessor
[THYMELEAF]             * [* {th:onplay,data-th-onplay}] [1000]: karate.org.thymeleaf.standard.processor.StandardDOMEventAttributeTagProcessor
[THYMELEAF]             * [* {th:onbeforeunload,data-th-onbeforeunload}] [1000]: karate.org.thymeleaf.standard.processor.StandardDOMEventAttributeTagProcessor
[THYMELEAF]             * [* {th:onbeforeprint,data-th-onbeforeprint}] [1000]: karate.org.thymeleaf.standard.processor.StandardDOMEventAttributeTagProcessor
[THYMELEAF]             * [* {th:onkeyup,data-th-onkeyup}] [1000]: karate.org.thymeleaf.standard.processor.StandardDOMEventAttributeTagProcessor
[THYMELEAF]             * [* {th:onratechange,data-th-onratechange}] [1000]: karate.org.thymeleaf.standard.processor.StandardDOMEventAttributeTagProcessor
[THYMELEAF]             * [* {th:onmousedown,data-th-onmousedown}] [1000]: karate.org.thymeleaf.standard.processor.StandardDOMEventAttributeTagProcessor
[THYMELEAF]             * [* {th:onhashchange,data-th-onhashchange}] [1000]: karate.org.thymeleaf.standard.processor.StandardDOMEventAttributeTagProcessor
[THYMELEAF]             * [* {th:onformchange,data-th-onformchange}] [1000]: karate.org.thymeleaf.standard.processor.StandardDOMEventAttributeTagProcessor
[THYMELEAF]             * [* {th:onmousewheel,data-th-onmousewheel}] [1000]: karate.org.thymeleaf.standard.processor.StandardDOMEventAttributeTagProcessor
[THYMELEAF]             * [* {th:onmousemove,data-th-onmousemove}] [1000]: karate.org.thymeleaf.standard.processor.StandardDOMEventAttributeTagProcessor
[THYMELEAF]             * [* {th:onredo,data-th-onredo}] [1000]: karate.org.thymeleaf.standard.processor.StandardDOMEventAttributeTagProcessor
[THYMELEAF]             * [* {th:onscroll,data-th-onscroll}] [1000]: karate.org.thymeleaf.standard.processor.StandardDOMEventAttributeTagProcessor
[THYMELEAF]             * [* {th:onseeked,data-th-onseeked}] [1000]: karate.org.thymeleaf.standard.processor.StandardDOMEventAttributeTagProcessor
[THYMELEAF]             * [* {th:oninput,data-th-oninput}] [1000]: karate.org.thymeleaf.standard.processor.StandardDOMEventAttributeTagProcessor
[THYMELEAF]             * [* {th:ondragstart,data-th-ondragstart}] [1000]: karate.org.thymeleaf.standard.processor.StandardDOMEventAttributeTagProcessor
[THYMELEAF]             * [* {th:onmouseout,data-th-onmouseout}] [1000]: karate.org.thymeleaf.standard.processor.StandardDOMEventAttributeTagProcessor
[THYMELEAF]             * [* {th:ononline,data-th-ononline}] [1000]: karate.org.thymeleaf.standard.processor.StandardDOMEventAttributeTagProcessor
[THYMELEAF]             * [* {th:onblur,data-th-onblur}] [1000]: karate.org.thymeleaf.standard.processor.StandardDOMEventAttributeTagProcessor
[THYMELEAF]             * [* {th:onchange,data-th-onchange}] [1000]: karate.org.thymeleaf.standard.processor.StandardDOMEventAttributeTagProcessor
[THYMELEAF]             * [* {th:oncanplaythrough,data-th-oncanplaythrough}] [1000]: karate.org.thymeleaf.standard.processor.StandardDOMEventAttributeTagProcessor
[THYMELEAF]             * [* {th:onmessage,data-th-onmessage}] [1000]: karate.org.thymeleaf.standard.processor.StandardDOMEventAttributeTagProcessor
[THYMELEAF]             * [* {th:onmouseover,data-th-onmouseover}] [1000]: karate.org.thymeleaf.standard.processor.StandardDOMEventAttributeTagProcessor
[THYMELEAF]             * [* {th:onseeking,data-th-onseeking}] [1000]: karate.org.thymeleaf.standard.processor.StandardDOMEventAttributeTagProcessor
[THYMELEAF]             * [* {th:onfocus,data-th-onfocus}] [1000]: karate.org.thymeleaf.standard.processor.StandardDOMEventAttributeTagProcessor
[THYMELEAF]             * [* {th:onafterprint,data-th-onafterprint}] [1000]: karate.org.thymeleaf.standard.processor.StandardDOMEventAttributeTagProcessor
[THYMELEAF]             * [* {th:onpopstate,data-th-onpopstate}] [1000]: karate.org.thymeleaf.standard.processor.StandardDOMEventAttributeTagProcessor
[THYMELEAF]             * [* {th:onemptied,data-th-onemptied}] [1000]: karate.org.thymeleaf.standard.processor.StandardDOMEventAttributeTagProcessor
[THYMELEAF]             * [* {th:onloadstart,data-th-onloadstart}] [1000]: karate.org.thymeleaf.standard.processor.StandardDOMEventAttributeTagProcessor
[THYMELEAF]             * [* {th:ondragend,data-th-ondragend}] [1000]: karate.org.thymeleaf.standard.processor.StandardDOMEventAttributeTagProcessor
[THYMELEAF]             * [* {th:onresize,data-th-onresize}] [1000]: karate.org.thymeleaf.standard.processor.StandardDOMEventAttributeTagProcessor
[THYMELEAF]             * [* {th:ondrop,data-th-ondrop}] [1000]: karate.org.thymeleaf.standard.processor.StandardDOMEventAttributeTagProcessor
[THYMELEAF]             * [* {th:onended,data-th-onended}] [1000]: karate.org.thymeleaf.standard.processor.StandardDOMEventAttributeTagProcessor
[THYMELEAF]             * [* {th:onerror,data-th-onerror}] [1000]: karate.org.thymeleaf.standard.processor.StandardDOMEventAttributeTagProcessor
[THYMELEAF]             * [* {th:onwaiting,data-th-onwaiting}] [1000]: karate.org.thymeleaf.standard.processor.StandardDOMEventAttributeTagProcessor
[THYMELEAF]             * [* {th:ondrag,data-th-ondrag}] [1000]: karate.org.thymeleaf.standard.processor.StandardDOMEventAttributeTagProcessor
[THYMELEAF]             * [* {th:onplaying,data-th-onplaying}] [1000]: karate.org.thymeleaf.standard.processor.StandardDOMEventAttributeTagProcessor
[THYMELEAF]             * [* {th:onreset,data-th-onreset}] [1000]: karate.org.thymeleaf.standard.processor.StandardDOMEventAttributeTagProcessor
[THYMELEAF]             * [* {th:onreadystatechange,data-th-onreadystatechange}] [1000]: karate.org.thymeleaf.standard.processor.StandardDOMEventAttributeTagProcessor
[THYMELEAF]             * [* {th:ondragenter,data-th-ondragenter}] [1000]: karate.org.thymeleaf.standard.processor.StandardDOMEventAttributeTagProcessor
[THYMELEAF]             * [* {th:onkeydown,data-th-onkeydown}] [1000]: karate.org.thymeleaf.standard.processor.StandardDOMEventAttributeTagProcessor
[THYMELEAF]             * [* {th:onsuspend,data-th-onsuspend}] [1000]: karate.org.thymeleaf.standard.processor.StandardDOMEventAttributeTagProcessor
[THYMELEAF]             * [* {th:onabort,data-th-onabort}] [1000]: karate.org.thymeleaf.standard.processor.StandardDOMEventAttributeTagProcessor
[THYMELEAF]             * [* {th:onunload,data-th-onunload}] [1000]: karate.org.thymeleaf.standard.processor.StandardDOMEventAttributeTagProcessor
[THYMELEAF]             * [* {th:onvolumechange,data-th-onvolumechange}] [1000]: karate.org.thymeleaf.standard.processor.StandardDOMEventAttributeTagProcessor
[THYMELEAF]             * [* {th:onkeypress,data-th-onkeypress}] [1000]: karate.org.thymeleaf.standard.processor.StandardDOMEventAttributeTagProcessor
[THYMELEAF]             * [* {th:ondurationchange,data-th-ondurationchange}] [1000]: karate.org.thymeleaf.standard.processor.StandardDOMEventAttributeTagProcessor
[THYMELEAF]             * [* {th:onprogress,data-th-onprogress}] [1000]: karate.org.thymeleaf.standard.processor.StandardDOMEventAttributeTagProcessor
[THYMELEAF]             * [* {th:onforminput,data-th-onforminput}] [1000]: karate.org.thymeleaf.standard.processor.StandardDOMEventAttributeTagProcessor
[THYMELEAF]             * [* {th:onoffline,data-th-onoffline}] [1000]: karate.org.thymeleaf.standard.processor.StandardDOMEventAttributeTagProcessor
[THYMELEAF]             * [* {th:ondragover,data-th-ondragover}] [1000]: karate.org.thymeleaf.standard.processor.StandardDOMEventAttributeTagProcessor
[THYMELEAF]             * [* {th:onshow,data-th-onshow}] [1000]: karate.org.thymeleaf.standard.processor.StandardDOMEventAttributeTagProcessor
[THYMELEAF]             * [* {th:onpause,data-th-onpause}] [1000]: karate.org.thymeleaf.standard.processor.StandardDOMEventAttributeTagProcessor
[THYMELEAF]             * [* {th:onundo,data-th-onundo}] [1000]: karate.org.thymeleaf.standard.processor.StandardDOMEventAttributeTagProcessor
[THYMELEAF]             * [* {th:ontimeupdate,data-th-ontimeupdate}] [1000]: karate.org.thymeleaf.standard.processor.StandardDOMEventAttributeTagProcessor
[THYMELEAF]             * [* {th:oncontextmenu,data-th-oncontextmenu}] [1000]: karate.org.thymeleaf.standard.processor.StandardDOMEventAttributeTagProcessor
[THYMELEAF]             * [* {th:onmouseup,data-th-onmouseup}] [1000]: karate.org.thymeleaf.standard.processor.StandardDOMEventAttributeTagProcessor
[THYMELEAF]             * [* {th:onstorage,data-th-onstorage}] [1000]: karate.org.thymeleaf.standard.processor.StandardDOMEventAttributeTagProcessor
[THYMELEAF]             * [* {th:onselect,data-th-onselect}] [1000]: karate.org.thymeleaf.standard.processor.StandardDOMEventAttributeTagProcessor
[THYMELEAF]             * [* {th:href,data-th-href}] [1000]: karate.org.thymeleaf.standard.processor.StandardHrefTagProcessor
[THYMELEAF]             * [* {th:inline,data-th-inline}] [1000]: karate.org.thymeleaf.standard.processor.StandardInlineHTMLTagProcessor
[THYMELEAF]             * [* {th:method,data-th-method}] [1000]: karate.org.thymeleaf.standard.processor.StandardMethodTagProcessor
[THYMELEAF]             * [* {th:name,data-th-name}] [1000]: karate.org.thymeleaf.standard.processor.StandardNonRemovableAttributeTagProcessor
[THYMELEAF]             * [* {th:type,data-th-type}] [1000]: karate.org.thymeleaf.standard.processor.StandardNonRemovableAttributeTagProcessor
[THYMELEAF]             * [* {th:cols,data-th-cols}] [1000]: karate.org.thymeleaf.standard.processor.StandardRemovableAttributeTagProcessor
[THYMELEAF]             * [* {th:rev,data-th-rev}] [1000]: karate.org.thymeleaf.standard.processor.StandardRemovableAttributeTagProcessor
[THYMELEAF]             * [* {th:accesskey,data-th-accesskey}] [1000]: karate.org.thymeleaf.standard.processor.StandardRemovableAttributeTagProcessor
[THYMELEAF]             * [* {th:scheme,data-th-scheme}] [1000]: karate.org.thymeleaf.standard.processor.StandardRemovableAttributeTagProcessor
[THYMELEAF]             * [* {th:rowspan,data-th-rowspan}] [1000]: karate.org.thymeleaf.standard.processor.StandardRemovableAttributeTagProcessor
[THYMELEAF]             * [* {th:height,data-th-height}] [1000]: karate.org.thymeleaf.standard.processor.StandardRemovableAttributeTagProcessor
[THYMELEAF]             * [* {th:alt,data-th-alt}] [1000]: karate.org.thymeleaf.standard.processor.StandardRemovableAttributeTagProcessor
[THYMELEAF]             * [* {th:style,data-th-style}] [1000]: karate.org.thymeleaf.standard.processor.StandardRemovableAttributeTagProcessor
[THYMELEAF]             * [* {th:formenctype,data-th-formenctype}] [1000]: karate.org.thymeleaf.standard.processor.StandardRemovableAttributeTagProcessor
[THYMELEAF]             * [* {th:rel,data-th-rel}] [1000]: karate.org.thymeleaf.standard.processor.StandardRemovableAttributeTagProcessor
[THYMELEAF]             * [* {th:rows,data-th-rows}] [1000]: karate.org.thymeleaf.standard.processor.StandardRemovableAttributeTagProcessor
[THYMELEAF]             * [* {th:id,data-th-id}] [1000]: karate.org.thymeleaf.standard.processor.StandardRemovableAttributeTagProcessor
[THYMELEAF]             * [* {th:cellspacing,data-th-cellspacing}] [1000]: karate.org.thymeleaf.standard.processor.StandardRemovableAttributeTagProcessor
[THYMELEAF]             * [* {th:marginheight,data-th-marginheight}] [1000]: karate.org.thymeleaf.standard.processor.StandardRemovableAttributeTagProcessor
[THYMELEAF]             * [* {th:codebase,data-th-codebase}] [1000]: karate.org.thymeleaf.standard.processor.StandardRemovableAttributeTagProcessor
[THYMELEAF]             * [* {th:summary,data-th-summary}] [1000]: karate.org.thymeleaf.standard.processor.StandardRemovableAttributeTagProcessor
[THYMELEAF]             * [* {th:maxlength,data-th-maxlength}] [1000]: karate.org.thymeleaf.standard.processor.StandardRemovableAttributeTagProcessor
[THYMELEAF]             * [* {th:http-equiv,data-th-http-equiv}] [1000]: karate.org.thymeleaf.standard.processor.StandardRemovableAttributeTagProcessor
[THYMELEAF]             * [* {th:scrolling,data-th-scrolling}] [1000]: karate.org.thymeleaf.standard.processor.StandardRemovableAttributeTagProcessor
[THYMELEAF]             * [* {th:for,data-th-for}] [1000]: karate.org.thymeleaf.standard.processor.StandardRemovableAttributeTagProcessor
[THYMELEAF]             * [* {th:media,data-th-media}] [1000]: karate.org.thymeleaf.standard.processor.StandardRemovableAttributeTagProcessor
[THYMELEAF]             * [* {th:contenteditable,data-th-contenteditable}] [1000]: karate.org.thymeleaf.standard.processor.StandardRemovableAttributeTagProcessor
[THYMELEAF]             * [* {th:preload,data-th-preload}] [1000]: karate.org.thymeleaf.standard.processor.StandardRemovableAttributeTagProcessor
[THYMELEAF]             * [* {th:draggable,data-th-draggable}] [1000]: karate.org.thymeleaf.standard.processor.StandardRemovableAttributeTagProcessor
[THYMELEAF]             * [* {th:tabindex,data-th-tabindex}] [1000]: karate.org.thymeleaf.standard.processor.StandardRemovableAttributeTagProcessor
[THYMELEAF]             * [* {th:label,data-th-label}] [1000]: karate.org.thymeleaf.standard.processor.StandardRemovableAttributeTagProcessor
[THYMELEAF]             * [* {th:icon,data-th-icon}] [1000]: karate.org.thymeleaf.standard.processor.StandardRemovableAttributeTagProcessor
[THYMELEAF]             * [* {th:min,data-th-min}] [1000]: karate.org.thymeleaf.standard.processor.StandardRemovableAttributeTagProcessor
[THYMELEAF]             * [* {th:cellpadding,data-th-cellpadding}] [1000]: karate.org.thymeleaf.standard.processor.StandardRemovableAttributeTagProcessor
[THYMELEAF]             * [* {th:formaction,data-th-formaction}] [1000]: karate.org.thymeleaf.standard.processor.StandardRemovableAttributeTagProcessor
[THYMELEAF]             * [* {th:colspan,data-th-colspan}] [1000]: karate.org.thymeleaf.standard.processor.StandardRemovableAttributeTagProcessor
[THYMELEAF]             * [* {th:enctype,data-th-enctype}] [1000]: karate.org.thymeleaf.standard.processor.StandardRemovableAttributeTagProcessor
[THYMELEAF]             * [* {th:autocomplete,data-th-autocomplete}] [1000]: karate.org.thymeleaf.standard.processor.StandardRemovableAttributeTagProcessor
[THYMELEAF]             * [* {th:class,data-th-class}] [1000]: karate.org.thymeleaf.standard.processor.StandardRemovableAttributeTagProcessor
[THYMELEAF]             * [* {th:high,data-th-high}] [1000]: karate.org.thymeleaf.standard.processor.StandardRemovableAttributeTagProcessor
[THYMELEAF]             * [* {th:axis,data-th-axis}] [1000]: karate.org.thymeleaf.standard.processor.StandardRemovableAttributeTagProcessor
[THYMELEAF]             * [* {th:kind,data-th-kind}] [1000]: karate.org.thymeleaf.standard.processor.StandardRemovableAttributeTagProcessor
[THYMELEAF]             * [* {th:placeholder,data-th-placeholder}] [1000]: karate.org.thymeleaf.standard.processor.StandardRemovableAttributeTagProcessor
[THYMELEAF]             * [* {th:headers,data-th-headers}] [1000]: karate.org.thymeleaf.standard.processor.StandardRemovableAttributeTagProcessor
[THYMELEAF]             * [* {th:poster,data-th-poster}] [1000]: karate.org.thymeleaf.standard.processor.StandardRemovableAttributeTagProcessor
[THYMELEAF]             * [* {th:sizes,data-th-sizes}] [1000]: karate.org.thymeleaf.standard.processor.StandardRemovableAttributeTagProcessor
[THYMELEAF]             * [* {th:rules,data-th-rules}] [1000]: karate.org.thymeleaf.standard.processor.StandardRemovableAttributeTagProcessor
[THYMELEAF]             * [* {th:frame,data-th-frame}] [1000]: karate.org.thymeleaf.standard.processor.StandardRemovableAttributeTagProcessor
[THYMELEAF]             * [* {th:target,data-th-target}] [1000]: karate.org.thymeleaf.standard.processor.StandardRemovableAttributeTagProcessor
[THYMELEAF]             * [* {th:srclang,data-th-srclang}] [1000]: karate.org.thymeleaf.standard.processor.StandardRemovableAttributeTagProcessor
[THYMELEAF]             * [* {th:longdesc,data-th-longdesc}] [1000]: karate.org.thymeleaf.standard.processor.StandardRemovableAttributeTagProcessor
[THYMELEAF]             * [* {th:low,data-th-low}] [1000]: karate.org.thymeleaf.standard.processor.StandardRemovableAttributeTagProcessor
[THYMELEAF]             * [* {th:dropzone,data-th-dropzone}] [1000]: karate.org.thymeleaf.standard.processor.StandardRemovableAttributeTagProcessor
[THYMELEAF]             * [* {th:marginwidth,data-th-marginwidth}] [1000]: karate.org.thymeleaf.standard.processor.StandardRemovableAttributeTagProcessor
[THYMELEAF]             * [* {th:optimum,data-th-optimum}] [1000]: karate.org.thymeleaf.standard.processor.StandardRemovableAttributeTagProcessor
[THYMELEAF]             * [* {th:charset,data-th-charset}] [1000]: karate.org.thymeleaf.standard.processor.StandardRemovableAttributeTagProcessor
[THYMELEAF]             * [* {th:dir,data-th-dir}] [1000]: karate.org.thymeleaf.standard.processor.StandardRemovableAttributeTagProcessor
[THYMELEAF]             * [* {th:audio,data-th-audio}] [1000]: karate.org.thymeleaf.standard.processor.StandardRemovableAttributeTagProcessor
[THYMELEAF]             * [* {th:pattern,data-th-pattern}] [1000]: karate.org.thymeleaf.standard.processor.StandardRemovableAttributeTagProcessor
[THYMELEAF]             * [* {th:usemap,data-th-usemap}] [1000]: karate.org.thymeleaf.standard.processor.StandardRemovableAttributeTagProcessor
[THYMELEAF]             * [* {th:formtarget,data-th-formtarget}] [1000]: karate.org.thymeleaf.standard.processor.StandardRemovableAttributeTagProcessor
[THYMELEAF]             * [* {th:hspace,data-th-hspace}] [1000]: karate.org.thymeleaf.standard.processor.StandardRemovableAttributeTagProcessor
[THYMELEAF]             * [* {th:background,data-th-background}] [1000]: karate.org.thymeleaf.standard.processor.StandardRemovableAttributeTagProcessor
[THYMELEAF]             * [* {th:frameborder,data-th-frameborder}] [1000]: karate.org.thymeleaf.standard.processor.StandardRemovableAttributeTagProcessor
[THYMELEAF]             * [* {th:manifest,data-th-manifest}] [1000]: karate.org.thymeleaf.standard.processor.StandardRemovableAttributeTagProcessor
[THYMELEAF]             * [* {th:accept-charset,data-th-accept-charset}] [1000]: karate.org.thymeleaf.standard.processor.StandardRemovableAttributeTagProcessor
[THYMELEAF]             * [* {th:radiogroup,data-th-radiogroup}] [1000]: karate.org.thymeleaf.standard.processor.StandardRemovableAttributeTagProcessor
[THYMELEAF]             * [* {th:lang,data-th-lang}] [1000]: karate.org.thymeleaf.standard.processor.StandardRemovableAttributeTagProcessor
[THYMELEAF]             * [* {th:compact,data-th-compact}] [1000]: karate.org.thymeleaf.standard.processor.StandardRemovableAttributeTagProcessor
[THYMELEAF]             * [* {th:valuetype,data-th-valuetype}] [1000]: karate.org.thymeleaf.standard.processor.StandardRemovableAttributeTagProcessor
[THYMELEAF]             * [* {th:vspace,data-th-vspace}] [1000]: karate.org.thymeleaf.standard.processor.StandardRemovableAttributeTagProcessor
[THYMELEAF]             * [* {th:standby,data-th-standby}] [1000]: karate.org.thymeleaf.standard.processor.StandardRemovableAttributeTagProcessor
[THYMELEAF]             * [* {th:form,data-th-form}] [1000]: karate.org.thymeleaf.standard.processor.StandardRemovableAttributeTagProcessor
[THYMELEAF]             * [* {th:start,data-th-start}] [1000]: karate.org.thymeleaf.standard.processor.StandardRemovableAttributeTagProcessor
[THYMELEAF]             * [* {th:step,data-th-step}] [1000]: karate.org.thymeleaf.standard.processor.StandardRemovableAttributeTagProcessor
[THYMELEAF]             * [* {th:archive,data-th-archive}] [1000]: karate.org.thymeleaf.standard.processor.StandardRemovableAttributeTagProcessor
[THYMELEAF]             * [* {th:formmethod,data-th-formmethod}] [1000]: karate.org.thymeleaf.standard.processor.StandardRemovableAttributeTagProcessor
[THYMELEAF]             * [* {th:challenge,data-th-challenge}] [1000]: karate.org.thymeleaf.standard.processor.StandardRemovableAttributeTagProcessor
[THYMELEAF]             * [* {th:spellcheck,data-th-spellcheck}] [1000]: karate.org.thymeleaf.standard.processor.StandardRemovableAttributeTagProcessor
[THYMELEAF]             * [* {th:content,data-th-content}] [1000]: karate.org.thymeleaf.standard.processor.StandardRemovableAttributeTagProcessor
[THYMELEAF]             * [* {th:width,data-th-width}] [1000]: karate.org.thymeleaf.standard.processor.StandardRemovableAttributeTagProcessor
[THYMELEAF]             * [* {th:classid,data-th-classid}] [1000]: karate.org.thymeleaf.standard.processor.StandardRemovableAttributeTagProcessor
[THYMELEAF]             * [* {th:scope,data-th-scope}] [1000]: karate.org.thymeleaf.standard.processor.StandardRemovableAttributeTagProcessor
[THYMELEAF]             * [* {th:wrap,data-th-wrap}] [1000]: karate.org.thymeleaf.standard.processor.StandardRemovableAttributeTagProcessor
[THYMELEAF]             * [* {th:accept,data-th-accept}] [1000]: karate.org.thymeleaf.standard.processor.StandardRemovableAttributeTagProcessor
[THYMELEAF]             * [* {th:max,data-th-max}] [1000]: karate.org.thymeleaf.standard.processor.StandardRemovableAttributeTagProcessor
[THYMELEAF]             * [* {th:size,data-th-size}] [1000]: karate.org.thymeleaf.standard.processor.StandardRemovableAttributeTagProcessor
[THYMELEAF]             * [* {th:abbr,data-th-abbr}] [1000]: karate.org.thymeleaf.standard.processor.StandardRemovableAttributeTagProcessor
[THYMELEAF]             * [* {th:keytype,data-th-keytype}] [1000]: karate.org.thymeleaf.standard.processor.StandardRemovableAttributeTagProcessor
[THYMELEAF]             * [* {th:codetype,data-th-codetype}] [1000]: karate.org.thymeleaf.standard.processor.StandardRemovableAttributeTagProcessor
[THYMELEAF]             * [* {th:contextmenu,data-th-contextmenu}] [1000]: karate.org.thymeleaf.standard.processor.StandardRemovableAttributeTagProcessor
[THYMELEAF]             * [* {th:border,data-th-border}] [1000]: karate.org.thymeleaf.standard.processor.StandardRemovableAttributeTagProcessor
[THYMELEAF]             * [* {th:title,data-th-title}] [1000]: karate.org.thymeleaf.standard.processor.StandardRemovableAttributeTagProcessor
[THYMELEAF]             * [* {th:span,data-th-span}] [1000]: karate.org.thymeleaf.standard.processor.StandardRemovableAttributeTagProcessor
[THYMELEAF]             * [* {th:hreflang,data-th-hreflang}] [1000]: karate.org.thymeleaf.standard.processor.StandardRemovableAttributeTagProcessor
[THYMELEAF]             * [* {th:cite,data-th-cite}] [1000]: karate.org.thymeleaf.standard.processor.StandardRemovableAttributeTagProcessor
[THYMELEAF]             * [* {th:align,data-th-align}] [1000]: karate.org.thymeleaf.standard.processor.StandardRemovableAttributeTagProcessor
[THYMELEAF]             * [* {th:list,data-th-list}] [1000]: karate.org.thymeleaf.standard.processor.StandardRemovableAttributeTagProcessor
[THYMELEAF]             * [* {th:datetime,data-th-datetime}] [1000]: karate.org.thymeleaf.standard.processor.StandardRemovableAttributeTagProcessor
[THYMELEAF]             * [* {th:data,data-th-data}] [1000]: karate.org.thymeleaf.standard.processor.StandardRemovableAttributeTagProcessor
[THYMELEAF]             * [* {th:sandbox,data-th-sandbox}] [1000]: karate.org.thymeleaf.standard.processor.StandardRemovableAttributeTagProcessor
[THYMELEAF]             * [* {th:bgcolor,data-th-bgcolor}] [1000]: karate.org.thymeleaf.standard.processor.StandardRemovableAttributeTagProcessor
[THYMELEAF]             * [* {th:src,data-th-src}] [1000]: karate.org.thymeleaf.standard.processor.StandardSrcTagProcessor
[THYMELEAF]             * [* {th:value,data-th-value}] [1000]: karate.org.thymeleaf.standard.processor.StandardValueTagProcessor
[THYMELEAF]             * [* {th:xmlbase,data-th-xmlbase}] [1000]: karate.org.thymeleaf.standard.processor.StandardXmlBaseTagProcessor
[THYMELEAF]             * [* {th:xmllang,data-th-xmllang}] [1000]: karate.org.thymeleaf.standard.processor.StandardXmlLangTagProcessor
[THYMELEAF]             * [* {xmlns:th}] [1000]: karate.org.thymeleaf.standard.processor.StandardXmlNsTagProcessor
[THYMELEAF]             * [* {th:xmlspace,data-th-xmlspace}] [1000]: karate.org.thymeleaf.standard.processor.StandardXmlSpaceTagProcessor
[THYMELEAF]             * [* {th:classappend,data-th-classappend}] [1100]: karate.org.thymeleaf.standard.processor.StandardClassappendTagProcessor
[THYMELEAF]             * [* {th:styleappend,data-th-styleappend}] [1100]: karate.org.thymeleaf.standard.processor.StandardStyleappendTagProcessor
[THYMELEAF]             * [* {th:text,data-th-text}] [1300]: karate.org.thymeleaf.standard.processor.StandardTextTagProcessor
[THYMELEAF]             * [* {th:utext,data-th-utext}] [1400]: karate.org.thymeleaf.standard.processor.StandardUtextTagProcessor
[THYMELEAF]             * [* {th:fragment,data-th-fragment}] [1500]: karate.org.thymeleaf.standard.processor.StandardFragmentTagProcessor
[THYMELEAF]             * [* {th:assert,data-th-assert}] [1550]: karate.org.thymeleaf.standard.processor.StandardAssertTagProcessor
[THYMELEAF]             * [* {th:remove,data-th-remove}] [1600]: karate.org.thymeleaf.standard.processor.StandardRemoveTagProcessor
[THYMELEAF]             * [* {th:ref,data-th-ref}] [10000]: karate.org.thymeleaf.standard.processor.StandardRefAttributeTagProcessor
[THYMELEAF]             * [{th:block,th-block} *] [100000]: karate.org.thymeleaf.standard.processor.StandardBlockTagProcessor
[THYMELEAF]             * [* th:*] [2147483647]: karate.org.thymeleaf.standard.processor.StandardDefaultAttributesTagProcessor
[THYMELEAF]         * Text Processors by [precedence]:
[THYMELEAF]             * [1000]: karate.org.thymeleaf.standard.processor.StandardInliningTextProcessor
[THYMELEAF]         * DOCTYPE Processors by [precedence]:
[THYMELEAF]             * [1000]: karate.org.thymeleaf.standard.processor.StandardTranslationDocTypeProcessor
[THYMELEAF]         * CDATA Section Processors by [precedence]:
[THYMELEAF]             * [1000]: karate.org.thymeleaf.standard.processor.StandardInliningCDATASectionProcessor
[THYMELEAF]         * Comment Processors by [precedence]:
[THYMELEAF]             * [1000]: karate.org.thymeleaf.standard.processor.StandardInliningCommentProcessor
[THYMELEAF]             * [1100]: karate.org.thymeleaf.standard.processor.StandardConditionalCommentProcessor
[THYMELEAF]     * Processors for Template Mode: XML
[THYMELEAF]         * Element Tag Processors by [matching element and attribute name] [precedence]:
[THYMELEAF]             * [* {th:include}] [100]: karate.org.thymeleaf.standard.processor.StandardIncludeTagProcessor
[THYMELEAF]             * [* {th:insert}] [100]: karate.org.thymeleaf.standard.processor.StandardInsertTagProcessor
[THYMELEAF]             * [* {th:replace}] [100]: karate.org.thymeleaf.standard.processor.StandardReplaceTagProcessor
[THYMELEAF]             * [* {th:substituteby}] [100]: karate.org.thymeleaf.standard.processor.StandardSubstituteByTagProcessor
[THYMELEAF]             * [* {th:each}] [200]: com.intuit.karate.template.KarateEachTagProcessor
[THYMELEAF]             * [* {th:switch}] [250]: karate.org.thymeleaf.standard.processor.StandardSwitchTagProcessor
[THYMELEAF]             * [* {th:case}] [275]: karate.org.thymeleaf.standard.processor.StandardCaseTagProcessor
[THYMELEAF]             * [* {th:if}] [300]: karate.org.thymeleaf.standard.processor.StandardIfTagProcessor
[THYMELEAF]             * [* {th:unless}] [400]: karate.org.thymeleaf.standard.processor.StandardUnlessTagProcessor
[THYMELEAF]             * [* {th:object}] [500]: karate.org.thymeleaf.standard.processor.StandardObjectTagProcessor
[THYMELEAF]             * [* {th:with}] [600]: com.intuit.karate.template.KarateWithTagProcessor
[THYMELEAF]             * [* {th:attr}] [700]: com.intuit.karate.template.KarateAttributeTagProcessor.KarateAttrTagProcessor
[THYMELEAF]             * [* {th:attrappend}] [900]: com.intuit.karate.template.KarateAttributeTagProcessor.KarateAttrappendTagProcessor
[THYMELEAF]             * [* {th:attrprepend}] [900]: com.intuit.karate.template.KarateAttributeTagProcessor.KarateAttrprependTagProcessor
[THYMELEAF]             * [* {th:inline}] [1000]: karate.org.thymeleaf.standard.processor.StandardInlineXMLTagProcessor
[THYMELEAF]             * [* {xmlns:th}] [1000]: karate.org.thymeleaf.standard.processor.StandardXmlNsTagProcessor
[THYMELEAF]             * [* {th:text}] [1300]: karate.org.thymeleaf.standard.processor.StandardTextTagProcessor
[THYMELEAF]             * [* {th:utext}] [1400]: karate.org.thymeleaf.standard.processor.StandardUtextTagProcessor
[THYMELEAF]             * [* {th:fragment}] [1500]: karate.org.thymeleaf.standard.processor.StandardFragmentTagProcessor
[THYMELEAF]             * [* {th:assert}] [1550]: karate.org.thymeleaf.standard.processor.StandardAssertTagProcessor
[THYMELEAF]             * [* {th:remove}] [1600]: karate.org.thymeleaf.standard.processor.StandardRemoveTagProcessor
[THYMELEAF]             * [* {th:ref}] [10000]: karate.org.thymeleaf.standard.processor.StandardRefAttributeTagProcessor
[THYMELEAF]             * [{th:block} *] [100000]: karate.org.thymeleaf.standard.processor.StandardBlockTagProcessor
[THYMELEAF]             * [* th:*] [2147483647]: karate.org.thymeleaf.standard.processor.StandardDefaultAttributesTagProcessor
[THYMELEAF]         * Text Processors by [precedence]:
[THYMELEAF]             * [1000]: karate.org.thymeleaf.standard.processor.StandardInliningTextProcessor
[THYMELEAF]         * CDATA Section Processors by [precedence]:
[THYMELEAF]             * [1000]: karate.org.thymeleaf.standard.processor.StandardInliningCDATASectionProcessor
[THYMELEAF]         * Comment Processors by [precedence]:
[THYMELEAF]             * [1000]: karate.org.thymeleaf.standard.processor.StandardInliningCommentProcessor
[THYMELEAF]     * Processors for Template Mode: TEXT
[THYMELEAF]         * Element Tag Processors by [matching element and attribute name] [precedence]:
[THYMELEAF]             * [* {th:insert}] [100]: karate.org.thymeleaf.standard.processor.StandardInsertTagProcessor
[THYMELEAF]             * [* {th:replace}] [100]: karate.org.thymeleaf.standard.processor.StandardReplaceTagProcessor
[THYMELEAF]             * [* {th:each}] [200]: com.intuit.karate.template.KarateEachTagProcessor
[THYMELEAF]             * [* {th:switch}] [250]: karate.org.thymeleaf.standard.processor.StandardSwitchTagProcessor
[THYMELEAF]             * [* {th:case}] [275]: karate.org.thymeleaf.standard.processor.StandardCaseTagProcessor
[THYMELEAF]             * [* {th:if}] [300]: karate.org.thymeleaf.standard.processor.StandardIfTagProcessor
[THYMELEAF]             * [* {th:unless}] [400]: karate.org.thymeleaf.standard.processor.StandardUnlessTagProcessor
[THYMELEAF]             * [* {th:object}] [500]: karate.org.thymeleaf.standard.processor.StandardObjectTagProcessor
[THYMELEAF]             * [* {th:with}] [600]: com.intuit.karate.template.KarateWithTagProcessor
[THYMELEAF]             * [* {th:inline}] [1000]: karate.org.thymeleaf.standard.processor.StandardInlineTextualTagProcessor
[THYMELEAF]             * [* {th:text}] [1300]: karate.org.thymeleaf.standard.processor.StandardTextTagProcessor
[THYMELEAF]             * [* {th:utext}] [1400]: karate.org.thymeleaf.standard.processor.StandardUtextTagProcessor
[THYMELEAF]             * [* {th:assert}] [1550]: karate.org.thymeleaf.standard.processor.StandardAssertTagProcessor
[THYMELEAF]             * [* {th:remove}] [1600]: karate.org.thymeleaf.standard.processor.StandardRemoveTagProcessor
[THYMELEAF]             * [{th:block} *] [100000]: karate.org.thymeleaf.standard.processor.StandardBlockTagProcessor
[THYMELEAF]             * [* 100000] [karate.org.thymeleaf.standard.processor.StandardBlockTagProcessor]: {}
[THYMELEAF]         * Text Processors by [precedence]:
[THYMELEAF]             * [1000]: karate.org.thymeleaf.standard.processor.StandardInliningTextProcessor
[THYMELEAF]     * Processors for Template Mode: JAVASCRIPT
[THYMELEAF]         * Element Tag Processors by [matching element and attribute name] [precedence]:
[THYMELEAF]             * [* {th:insert}] [100]: karate.org.thymeleaf.standard.processor.StandardInsertTagProcessor
[THYMELEAF]             * [* {th:replace}] [100]: karate.org.thymeleaf.standard.processor.StandardReplaceTagProcessor
[THYMELEAF]             * [* {th:each}] [200]: com.intuit.karate.template.KarateEachTagProcessor
[THYMELEAF]             * [* {th:switch}] [250]: karate.org.thymeleaf.standard.processor.StandardSwitchTagProcessor
[THYMELEAF]             * [* {th:case}] [275]: karate.org.thymeleaf.standard.processor.StandardCaseTagProcessor
[THYMELEAF]             * [* {th:if}] [300]: karate.org.thymeleaf.standard.processor.StandardIfTagProcessor
[THYMELEAF]             * [* {th:unless}] [400]: karate.org.thymeleaf.standard.processor.StandardUnlessTagProcessor
[THYMELEAF]             * [* {th:object}] [500]: karate.org.thymeleaf.standard.processor.StandardObjectTagProcessor
[THYMELEAF]             * [* {th:with}] [600]: com.intuit.karate.template.KarateWithTagProcessor
[THYMELEAF]             * [* {th:inline}] [1000]: karate.org.thymeleaf.standard.processor.StandardInlineTextualTagProcessor
[THYMELEAF]             * [* {th:text}] [1300]: karate.org.thymeleaf.standard.processor.StandardTextTagProcessor
[THYMELEAF]             * [* {th:utext}] [1400]: karate.org.thymeleaf.standard.processor.StandardUtextTagProcessor
[THYMELEAF]             * [* {th:assert}] [1550]: karate.org.thymeleaf.standard.processor.StandardAssertTagProcessor
[THYMELEAF]             * [* {th:remove}] [1600]: karate.org.thymeleaf.standard.processor.StandardRemoveTagProcessor
[THYMELEAF]             * [* 100000] [karate.org.thymeleaf.standard.processor.StandardBlockTagProcessor]: {}
[THYMELEAF]             * [{th:block} *] [100000]: karate.org.thymeleaf.standard.processor.StandardBlockTagProcessor
[THYMELEAF]         * Text Processors by [precedence]:
[THYMELEAF]             * [1000]: karate.org.thymeleaf.standard.processor.StandardInliningTextProcessor
[THYMELEAF]     * Processors for Template Mode: CSS
[THYMELEAF]         * Element Tag Processors by [matching element and attribute name] [precedence]:
[THYMELEAF]             * [* {th:insert}] [100]: karate.org.thymeleaf.standard.processor.StandardInsertTagProcessor
[THYMELEAF]             * [* {th:replace}] [100]: karate.org.thymeleaf.standard.processor.StandardReplaceTagProcessor
[THYMELEAF]             * [* {th:each}] [200]: com.intuit.karate.template.KarateEachTagProcessor
[THYMELEAF]             * [* {th:switch}] [250]: karate.org.thymeleaf.standard.processor.StandardSwitchTagProcessor
[THYMELEAF]             * [* {th:case}] [275]: karate.org.thymeleaf.standard.processor.StandardCaseTagProcessor
[THYMELEAF]             * [* {th:if}] [300]: karate.org.thymeleaf.standard.processor.StandardIfTagProcessor
[THYMELEAF]             * [* {th:unless}] [400]: karate.org.thymeleaf.standard.processor.StandardUnlessTagProcessor
[THYMELEAF]             * [* {th:object}] [500]: karate.org.thymeleaf.standard.processor.StandardObjectTagProcessor
[THYMELEAF]             * [* {th:with}] [600]: com.intuit.karate.template.KarateWithTagProcessor
[THYMELEAF]             * [* {th:inline}] [1000]: karate.org.thymeleaf.standard.processor.StandardInlineTextualTagProcessor
[THYMELEAF]             * [* {th:text}] [1300]: karate.org.thymeleaf.standard.processor.StandardTextTagProcessor
[THYMELEAF]             * [* {th:utext}] [1400]: karate.org.thymeleaf.standard.processor.StandardUtextTagProcessor
[THYMELEAF]             * [* {th:assert}] [1550]: karate.org.thymeleaf.standard.processor.StandardAssertTagProcessor
[THYMELEAF]             * [* {th:remove}] [1600]: karate.org.thymeleaf.standard.processor.StandardRemoveTagProcessor
[THYMELEAF]             * [{th:block} *] [100000]: karate.org.thymeleaf.standard.processor.StandardBlockTagProcessor
[THYMELEAF]             * [* 100000] [karate.org.thymeleaf.standard.processor.StandardBlockTagProcessor]: {}
[THYMELEAF]         * Text Processors by [precedence]:
[THYMELEAF]             * [1000]: karate.org.thymeleaf.standard.processor.StandardInliningTextProcessor
[THYMELEAF]     * Expression Objects:
[THYMELEAF]         * #ctx
[THYMELEAF]         * #root
[THYMELEAF]         * #vars
[THYMELEAF]         * #object
[THYMELEAF]         * #locale
[THYMELEAF]         * #request
[THYMELEAF]         * #response
[THYMELEAF]         * #session
[THYMELEAF]         * #servletContext
[THYMELEAF]         * #conversions
[THYMELEAF]         * #uris
[THYMELEAF]         * #calendars
[THYMELEAF]         * #dates
[THYMELEAF]         * #bools
[THYMELEAF]         * #numbers
[THYMELEAF]         * #objects
[THYMELEAF]         * #strings
[THYMELEAF]         * #arrays
[THYMELEAF]         * #lists
[THYMELEAF]         * #sets
[THYMELEAF]         * #maps
[THYMELEAF]         * #aggregates
[THYMELEAF]         * #messages
[THYMELEAF]         * #ids
[THYMELEAF]         * #execInfo
[THYMELEAF]         * #httpServletRequest
[THYMELEAF]         * #httpSession
[THYMELEAF]     * Execution Attributes:
[THYMELEAF]         * "StandardExpressionParser": com.intuit.karate.template.KarateStandardDialect@30401b1c
[THYMELEAF]         * "StandardJavaScriptSerializer": karate.org.thymeleaf.standard.serializer.StandardJavaScriptSerializer@25ccbd7
[THYMELEAF]         * "StandardCSSSerializer": karate.org.thymeleaf.standard.serializer.StandardCSSSerializer@3f48510c
[THYMELEAF]         * "StandardVariableExpressionEvaluator": com.intuit.karate.template.KarateStandardDialect@30401b1c
[THYMELEAF]         * "StandardConversionService": karate.org.thymeleaf.standard.expression.StandardConversionService@303031
[THYMELEAF] * Dialect [2 of 2]: karate (com.intuit.karate.template.KarateScriptDialect)
[THYMELEAF]     * Prefix: "ka"
[THYMELEAF]     * Processors for Template Mode: HTML
[THYMELEAF]         * Element Tag Processors by [matching element and attribute name] [precedence]:
[THYMELEAF]             * [* {src}] [1000]: com.intuit.karate.template.KaScriptAttrProcessor
[THYMELEAF]         * Element Model Processors by [matching element and attribute name] [precedence]:
[THYMELEAF]             * [{script} {ka:scope,data-ka-scope}] [1000]: com.intuit.karate.template.KaScriptElemProcessor
[THYMELEAF]             * [* {ka:set,data-ka-set}] [1000]: com.intuit.karate.template.KaSetElemProcessor
[THYMELEAF] TEMPLATE ENGINE CONFIGURED OK
11:39:23.326 [Test worker] DEBUG karate.org.thymeleaf.TemplateEngine - [THYMELEAF] TEMPLATE ENGINE INITIALIZED

HTML report: (paste into browser to view) | Karate version: 1.2.0.RC4
file:///C:/cisaza/Reto%20Enerbit/Back/build/karate-reports/karate-summary.html
===================================================================

]]></system-out>
  <system-err><![CDATA[]]></system-err>
</testsuite>
